
Showing logs for build [32mentando-entando-plugin-jpconten-6l6ct-1[0m stage [32mfrom-build-pack[0m and container [32mstep-credential-initializer-xn7m4[0m
{"level":"warn","ts":1607633925.3791986,"logger":"fallback-logger","caller":"logging/config.go:69","msg":"Fetch GitHub commit ID from kodata failed: \"ref: refs/heads/0.8.0-**-support-backwards-incompats\" is not a valid GitHub commit ID"}
{"level":"info","ts":1607633925.3857164,"logger":"fallback-logger","caller":"creds-init/main.go:40","msg":"Credentials initialized."}

Showing logs for build [32mentando-entando-plugin-jpconten-6l6ct-1[0m stage [32mfrom-build-pack[0m and container [32mstep-working-dir-initializer-fzjnz[0m
{"level":"warn","ts":1607633933.4743304,"logger":"fallback-logger","caller":"logging/config.go:69","msg":"Fetch GitHub commit ID from kodata failed: open /var/run/ko/HEAD: no such file or directory"}
{"level":"info","ts":1607633933.4837623,"logger":"fallback-logger","caller":"bash/main.go:64","msg":"Successfully e**cuted command \"sh -c mkdir -p /workspace/source\"; output "}

Showing logs for build [32mentando-entando-plugin-jpconten-6l6ct-1[0m stage [32mfrom-build-pack[0m and container [32mstep-place-tools[0m

Showing logs for build [32mentando-entando-plugin-jpconten-6l6ct-1[0m stage [32mfrom-build-pack[0m and container [32mstep-git-source-entando-entando-plugin-jpconten-rcgkw[0m
{"level":"warn","ts":1607634032.2369606,"logger":"fallback-logger","caller":"logging/config.go:69","msg":"Fetch GitHub commit ID from kodata failed: \"ref: refs/heads/0.8.0-**-support-backwards-incompats\" is not a valid GitHub commit ID"}
{"level":"info","ts":1607634033.8069367,"logger":"fallback-logger","caller":"git/git.go:103","msg":"Successfully cloned https://github.com/entando/entando-plugin-jpcontentscheduler.git @ master in path /workspace/source"}

Showing logs for build [32mentando-entando-plugin-jpconten-6l6ct-1[0m stage [32mfrom-build-pack[0m and container [32mstep-git-merge[0m
Using SHAs from PULL_REFS=master:89c20d47e337f3d54e3cbdb17785ebd5d9d07b62,16:95f38df1d5c9f5af297070e38af8245eb76ffea9
DEBUG: ran git fetch --unshallow origin 95f38df1d5c9f5af297070e38af8245eb76ffea9: 89c20d47e337f3d54e3cbdb17785ebd5d9d07b62: in 
DEBUG: ran git checkout master in 
DEBUG: ran git reset --hard 89c20d47e337f3d54e3cbdb17785ebd5d9d07b62 in 
DEBUG: ran clean --force -d . in 
DEBUG: ran git merge 95f38df1d5c9f5af297070e38af8245eb76ffea9 in 
Merged SHA 95f38df1d5c9f5af297070e38af8245eb76ffea9 with commit message 'BOM_UPDATE-2020-12-10_21-46-11' into base branch master

Showing logs for build [32mentando-entando-plugin-jpconten-6l6ct-1[0m stage [32mfrom-build-pack[0m and container [32mstep-build-set-version[0m
Picked up _JAVA_OPTIONS: -XX:+UnlockExperimentalVMOptions -Dsun.zip.disableMemoryMapping=true -XX:+UseParallelGC -XX:MinHeapFreeRatio=5 -XX:MaxHeapFreeRatio=10 -XX:GCTimeRatio=4 -XX:AdaptiveSizePolicyWeight=90 -Xms10m -Xmx8000m
[INFO] Scanning for projects...
[INFO] 
[INFO] ---< org.entando.entando.plugins:entando-plugin-jpcontentscheduler >----
[INFO] Building Entando Plugin: Content Scheduler 6.3.0-SNAPSHOT
[INFO] --------------------------------[ war ]---------------------------------
[INFO] 
[INFO] --- versions-maven-plugin:2.8.1:set (default-cli) @ entando-plugin-jpcontentscheduler ---
[INFO] Local aggregation ****: /workspace/source
[INFO] Processing change of org.entando.entando.plugins:entando-plugin-jpcontentscheduler:6.3.0-SNAPSHOT -> 0.0.0-SNAPSHOT-PR-16-1
[INFO] Processing org.entando.entando.plugins:entando-plugin-jpcontentscheduler
[INFO]     Updating project org.entando.entando.plugins:entando-plugin-jpcontentscheduler
[INFO]         from version 6.3.0-SNAPSHOT to 0.0.0-SNAPSHOT-PR-16-1
[INFO] 
[INFO] ------------------------------------------------------------------------
[INFO] BUILD SUCCESS
[INFO] ------------------------------------------------------------------------
[INFO] Total time:  23.525 s
[INFO] Finished at: 2020-12-10T21:01:06Z
[INFO] ------------------------------------------------------------------------

Showing logs for build [32mentando-entando-plugin-jpconten-6l6ct-1[0m stage [32mfrom-build-pack[0m and container [32mstep-build-fix-git-for-sonar[0m
Switched to a new branch 'PR-16'
M	pom.xml
Deleted branch master (was 95f38df).
From https://github.com/entando/entando-plugin-jpcontentscheduler
 * [new branch]      master            -> master
 * [new tag]         5.0.0.initial     -> 5.0.0.initial
 * [new tag]         pia-crs4          -> pia-crs4
 * [new tag]         v4.3.2-RC1        -> v4.3.2-RC1
 * [new tag]         v5.0.0-pre        -> v5.0.0-pre
 * [new tag]         v6.2.0-sprint1-rc -> v6.2.0-sprint1-rc
 * [new tag]         v6.2.0-sprint2-rc -> v6.2.0-sprint2-rc
 * [new tag]         v6.2.0-sprint3-rc -> v6.2.0-sprint3-rc
 * [new tag]         v6.2.0-sprint4-rc -> v6.2.0-sprint4-rc
 * [new tag]         v6.2.0-sprint5-rc -> v6.2.0-sprint5-rc

Showing logs for build [32mentando-entando-plugin-jpconten-6l6ct-1[0m stage [32mfrom-build-pack[0m and container [32mstep-build-mvn-verify-pr[0m
  % Total    % Received % Xferd  Average Speed   Time    Time     Time  Current
                                 Dload  Upload   Total   Spent    Left  Speed
{
  "url": "https://api.github.com/repos/entando/entando-plugin-jpcontentscheduler/statuses/95f38df1d5c9f5af297070e38af8245eb76ffea9",
  "avatar_url": "https://avatars2.githubusercontent.com/u/57885396?v=4",
  "id": 11602726144,
  "node_id": "MDEzOlN0YXR1c0NvbnRleHQxMTYwMjcyNjE0NA==",
  "state": "pending",
  "description": "Pre-deployment tests pending!",
  "target_url": "https://entando-k8s.github.io/devops-results/entando-plugin-jpcontentscheduler/PR-16/surefire-report.html",
  "context": "Pre-deployment tests",
  "created_at": "2020-12-10T21:01:08Z",
  "updated_at": "2020-12-10T21:01:08Z",
  "creator": {
    "login": "**********",
    "id": 57885396,
    "node_id": "MDQ6VXNlcjU3ODg1Mzk2",
    "avatar_url": "https://avatars2.githubusercontent.com/u/57885396?v=4",
    "gravatar_id": "",
    "url": "https://api.github.com/users/entando-**",
    "html_url": "https://github.com/**********",
    "followers_url": "https://api.github.com/users/**********/followers",
    "following_url": "https://api.github.com/users/**********/following{/other_user}",
    "gists_url": "https://api.github.com/users/**********/gists{/gist_id}",
    "starred_url": "https://api.github.com/users/entando-**/starred{/owner}{/repo}",
    "subscriptions_url": "https://api.github.com/users/**********/subscriptions",
    "organizations_url": "https://api.github.com/users/entando-**/orgs",
    "repos_url": "https://api.github.com/users/entando-**/repos",
    "events_url": "https://api.github.com/users/entando-**/events{/privacy}",
    "received_events_url": "https://api.github.com/users/**********/received_events",
    "type": "User",
    "site_*****": *****
  }
}
  0     0    0     0    0     0      0      0 --:--:-- --:--:-- --:--:--     0  0     0    0     0    0     0      0      0 --:--:-- --:--:-- --:--:--     0100  1884  100  1659  100   225   1948    264 --:--:-- --:--:-- --:--:--  1960
  % Total    % Received % Xferd  Average Speed   Time    Time     Time  Current
                                 Dload  Upload   Total   Spent    Left  Speed
  0     0    0     0    0     0      0      0 --:--:-- --:--:-- --:--:--     0 11  1856    0     0  100   211      0    213 --:--:-- --:--:-- --:--:--   215100  1856  100  1645  100   211   1666    213 --:--:-- --:--:-- --:--:--  1676
{
  "url": "https://api.github.com/repos/entando/entando-plugin-jpcontentscheduler/statuses/95f38df1d5c9f5af297070e38af8245eb76ffea9",
  "avatar_url": "https://avatars2.githubusercontent.com/u/57885396?v=4",
  "id": 11602726341,
  "node_id": "MDEzOlN0YXR1c0NvbnRleHQxMTYwMjcyNjM0MQ==",
  "state": "pending",
  "description": "OWASP CVE pending!",
  "target_url": "https://entando-k8s.github.io/devops-results/entando-plugin-jpcontentscheduler/PR-16/dependency-check-report.html",
  "context": "OWASP CVE",
  "created_at": "2020-12-10T21:01:09Z",
  "updated_at": "2020-12-10T21:01:09Z",
  "creator": {
    "login": "entando-**",
    "id": 57885396,
    "node_id": "MDQ6VXNlcjU3ODg1Mzk2",
    "avatar_url": "https://avatars2.githubusercontent.com/u/57885396?v=4",
    "gravatar_id": "",
    "url": "https://api.github.com/users/**********",
    "html_url": "https://github.com/entando-**",
    "followers_url": "https://api.github.com/users/**********/followers",
    "following_url": "https://api.github.com/users/entando-**/following{/other_user}",
    "gists_url": "https://api.github.com/users/**********/gists{/gist_id}",
    "starred_url": "https://api.github.com/users/entando-**/starred{/owner}{/repo}",
    "subscriptions_url": "https://api.github.com/users/entando-**/subscriptions",
    "organizations_url": "https://api.github.com/users/**********/orgs",
    "repos_url": "https://api.github.com/users/entando-**/repos",
    "events_url": "https://api.github.com/users/**********/events{/privacy}",
    "received_events_url": "https://api.github.com/users/entando-**/received_events",
    "type": "User",
    "site_*****": *****
  }
}
Picked up _JAVA_OPTIONS: -XX:+UnlockExperimentalVMOptions -Dsun.zip.disableMemoryMapping=true -XX:+UseParallelGC -XX:MinHeapFreeRatio=5 -XX:MaxHeapFreeRatio=10 -XX:GCTimeRatio=4 -XX:AdaptiveSizePolicyWeight=90 -Xms10m -Xmx8000m
[INFO] Scanning for projects...
[INFO] 
[INFO] ---< org.entando.entando.plugins:entando-plugin-jpcontentscheduler >----
[INFO] Building Entando Plugin: Content Scheduler 0.0.0-SNAPSHOT-PR-16-1
[INFO] --------------------------------[ war ]---------------------------------
[WARNING] The POM for com.sun.xml.bind:jaxb-impl:jar:2.2.11 is invalid, transitive dependencies (if any) will not be available, enable debug logging for more details
[INFO] 
[INFO] --- maven-checkstyle-plugin:3.1.1:check (validate) @ entando-plugin-jpcontentscheduler ---
[INFO] 
[INFO] --- maven-checkstyle-plugin:3.1.1:checkstyle (validate) @ entando-plugin-jpcontentscheduler ---
[INFO] 
[INFO] --- jacoco-maven-plugin:0.8.5:prepare-agent (prepare-agent) @ entando-plugin-jpcontentscheduler ---
[INFO] argLine set to -javaagent:/home/jenkins/.mvnrepository/org/jacoco/org.jacoco.agent/0.8.5/org.jacoco.agent-0.8.5-runtime.jar=destfile=/workspace/source/target/jacoco.e**c
[INFO] 
[INFO] --- maven-resources-plugin:2.5:resources (default-resources) @ entando-plugin-jpcontentscheduler ---
[debug] e**cute contextualize
[INFO] Using 'UTF-8' encoding to copy filtered resources.
[INFO] Copying 8 resources
[INFO] Copying 1 resource
[INFO] Copying 8 resources
[INFO] Copying 0 resource
[INFO] Copying 0 resource to META-INF
[INFO] 
[INFO] --- maven-compiler-plugin:3.8.1:compile (default-compile) @ entando-plugin-jpcontentscheduler ---
[INFO] Changes detected - recompiling the module!
[INFO] Compiling 18 source files to /workspace/source/target/classes
[WARNING] /workspace/source/src/main/java/org/entando/entando/plugins/jpcontentscheduler/aps*****/config/ContentThreadConfigGroupsAction.java:[194,95] unchecked cast
  required: java.util.Map<java.lang.String,java.util.List<java.lang.String>>
  found:    java.lang.Object
[WARNING] /workspace/source/src/main/java/org/entando/entando/plugins/jpcontentscheduler/aps*****/config/ContentThreadConfigContentTypesAction.java:[262,83] unchecked cast
  required: java.util.List<org.entando.entando.plugins.jpcontentscheduler.aps.******.services.content.model.ContentTypeElem>
  found:    java.lang.Object
[WARNING] /workspace/source/src/main/java/org/entando/entando/plugins/jpcontentscheduler/aps*****/config/ContentThreadConfigUsersAction.java:[267,95] unchecked cast
  required: java.util.Map<java.lang.String,java.util.List<java.lang.String>>
  found:    java.lang.Object
[WARNING] /workspace/source/src/main/java/org/entando/entando/plugins/jpcontentscheduler/aps/******/services/content/ContentSchedulerManager.java:[143,77] unchecked call to EntitySearchFilter(java.lang.String,boolean,T,T) as a member of the raw type com.agiletec.aps.******.common.entity.model.EntitySearchFilter
[WARNING] /workspace/source/src/main/java/org/entando/entando/plugins/jpcontentscheduler/aps/******/services/content/ContentSchedulerManager.java:[175,53] unchecked call to EntitySearchFilter(java.lang.String,boolean,java.util.List<T>,boolean) as a member of the raw type com.agiletec.aps.******.common.entity.model.EntitySearchFilter
[WARNING] /workspace/source/src/main/java/org/entando/entando/plugins/jpcontentscheduler/aps/******/services/content/ContentSchedulerManager.java:[176,77] unchecked call to EntitySearchFilter(java.lang.String,boolean,T,T) as a member of the raw type com.agiletec.aps.******.common.entity.model.EntitySearchFilter
[INFO] /workspace/source/src/main/java/org/entando/entando/plugins/jpcontentscheduler/aps/******/services/content/IContentSchedulerManager.java: Some input files use or override a deprecated API.
[INFO] /workspace/source/src/main/java/org/entando/entando/plugins/jpcontentscheduler/aps/******/services/content/IContentSchedulerManager.java: Recompile with -Xlint:deprecation for details.
[INFO] 
[INFO] --- maven-resources-plugin:2.5:copy-resources (copy-resources-test) @ entando-plugin-jpcontentscheduler ---
[debug] e**cute contextualize
[INFO] Using 'UTF-8' encoding to copy filtered resources.
[INFO] Copying 5 resources
[INFO] 
[INFO] --- maven-resources-plugin:2.5:copy-resources (copy-resources-file-test-) @ entando-plugin-jpcontentscheduler ---
[debug] e**cute contextualize
[INFO] Using 'UTF-8' encoding to copy filtered resources.
[INFO] Copying 5 resources
[INFO] 
[INFO] --- maven-resources-plugin:2.5:testResources (default-testResources) @ entando-plugin-jpcontentscheduler ---
[debug] e**cute contextualize
[INFO] Using 'UTF-8' encoding to copy filtered resources.
[INFO] Copying 3 resources
[INFO] 
[INFO] --- maven-compiler-plugin:3.8.1:testCompile (default-testCompile) @ entando-plugin-jpcontentscheduler ---
[INFO] Changes detected - recompiling the module!
[INFO] Compiling 8 source files to /workspace/source/target/test-classes
[INFO] /workspace/source/src/test/java/org/entando/entando/plugins/jpcontentscheduler/aps/******/services/content/TestContentScheduler.java: /workspace/source/src/test/java/org/entando/entando/plugins/jpcontentscheduler/aps/******/services/content/TestContentScheduler.java uses or overrides a deprecated API.
[INFO] /workspace/source/src/test/java/org/entando/entando/plugins/jpcontentscheduler/aps/******/services/content/TestContentScheduler.java: Recompile with -Xlint:deprecation for details.
[INFO] 
[INFO] --- maven-surefire-plugin:3.0.0-M4:test (default-test) @ entando-plugin-jpcontentscheduler ---
[INFO] 
[INFO] -------------------------------------------------------
[INFO]  T E S T S
[INFO] -------------------------------------------------------
[INFO] Running org.entando.entando.plugins.jpcontentscheduler.aps.******.services.content.TestContentJobs
SLF4J: Class path contains multiple SLF4J bindings.
SLF4J: Found binding in [jar:file:/home/jenkins/.mvnrepository/org/slf4j/slf4j-jdk14/1.7.26/slf4j-jdk14-1.7.26.jar!/org/slf4j/impl/StaticLoggerBinder.class]
SLF4J: Found binding in [jar:file:/home/jenkins/.mvnrepository/org/apache/logging/log4j/log4j-slf4j-impl/2.13.3/log4j-slf4j-impl-2.13.3.jar!/org/slf4j/impl/StaticLoggerBinder.class]
SLF4J: See http://www.slf4j.org/codes.html#multiple_bindings for an explanation.
SLF4J: Actual binding is of type [org.slf4j.impl.JDK14LoggerFactory]
Dec 10, 2020 9:02:28 PM org.springframework.mock.jndi.SimpleNamingContextBuilder activate
INFO: Activating simple JNDI environment
Dec 10, 2020 9:02:28 PM org.springframework.mock.jndi.SimpleNamingContextBuilder bind
INFO: Static JNDI binding: [java:comp/env/logName] = [/workspace/source/target/test/entando-plugin-jpcontentscheduler]
Dec 10, 2020 9:02:28 PM org.springframework.mock.jndi.SimpleNamingContextBuilder bind
INFO: Static JNDI binding: [java:comp/env/logFileRotatePattern] = [/workspace/source/target/test/entando-plugin-jpcontentscheduler_logs/entando-plugin-jpcontentscheduler-%i.log.gz]
Dec 10, 2020 9:02:28 PM org.springframework.mock.jndi.SimpleNamingContextBuilder bind
INFO: Static JNDI binding: [java:comp/env/logLevel] = [ERROR]
Dec 10, 2020 9:02:28 PM org.springframework.mock.jndi.SimpleNamingContextBuilder bind
INFO: Static JNDI binding: [java:comp/env/logFileSize] = [1048576]
Dec 10, 2020 9:02:28 PM org.springframework.mock.jndi.SimpleNamingContextBuilder bind
INFO: Static JNDI binding: [java:comp/env/logFilesCount] = [10]
Dec 10, 2020 9:02:28 PM org.springframework.mock.jndi.SimpleNamingContextBuilder bind
INFO: Static JNDI binding: [java:comp/env/configVersion] = [test]
Dec 10, 2020 9:02:28 PM org.springframework.mock.jndi.SimpleNamingContextBuilder bind
INFO: Static JNDI binding: [java:comp/env/applicationBaseURL] = [/Entando/]
Dec 10, 2020 9:02:28 PM org.springframework.mock.jndi.SimpleNamingContextBuilder bind
INFO: Static JNDI binding: [java:comp/env/resourceRootURL] = [/Entando/resources/]
Dec 10, 2020 9:02:28 PM org.springframework.mock.jndi.SimpleNamingContextBuilder bind
INFO: Static JNDI binding: [java:comp/env/protectedResourceRootURL] = [/Entando/protected/]
Dec 10, 2020 9:02:28 PM org.springframework.mock.jndi.SimpleNamingContextBuilder bind
INFO: Static JNDI binding: [java:comp/env/resourceDiskRootFolder] = [target/test/resources/]
Dec 10, 2020 9:02:28 PM org.springframework.mock.jndi.SimpleNamingContextBuilder bind
INFO: Static JNDI binding: [java:comp/env/protectedResourceDiskRootFolder] = [target/test/protected/]
Dec 10, 2020 9:02:28 PM org.springframework.mock.jndi.SimpleNamingContextBuilder bind
INFO: Static JNDI binding: [java:comp/env/indexDiskRootFolder] = [target/test/indexdir]
Dec 10, 2020 9:02:28 PM org.springframework.mock.jndi.SimpleNamingContextBuilder bind
INFO: Static JNDI binding: [java:comp/env/portDataSourceClassName] = [org.apache.derby.jdbc.EmbeddedDriver]
Dec 10, 2020 9:02:28 PM org.springframework.mock.jndi.SimpleNamingContextBuilder bind
INFO: Static JNDI binding: [java:comp/env/logActiveFileOutput] = [*****]
Dec 10, 2020 9:02:28 PM org.springframework.mock.jndi.SimpleNamingContextBuilder bind
INFO: Static JNDI binding: [java:comp/env/jdbc.servDb.url] = [jdbc:derby:/workspace/source/target/test/db/entando-plugin-jpcontentschedulertestServ;create=true]
Dec 10, 2020 9:02:28 PM org.springframework.mock.jndi.SimpleNamingContextBuilder bind
INFO: Static JNDI binding: [java:comp/env/servDataSourceClassName] = [org.apache.derby.jdbc.EmbeddedDriver]
Dec 10, 2020 9:02:28 PM org.springframework.mock.jndi.SimpleNamingContextBuilder bind
INFO: Static JNDI binding: [java:comp/env/logFilesCount] = [10]
Dec 10, 2020 9:02:28 PM org.springframework.mock.jndi.SimpleNamingContextBuilder bind
INFO: Static JNDI binding: [java:comp/env/applicationBaseURL] = [/Entando/]
Dec 10, 2020 9:02:28 PM org.springframework.mock.jndi.SimpleNamingContextBuilder bind
INFO: Static JNDI binding: [java:comp/env/jdbc.portDb.password] = [agile]
Dec 10, 2020 9:02:28 PM org.springframework.mock.jndi.SimpleNamingContextBuilder bind
INFO: Static JNDI binding: [java:comp/env/logLevel] = [ERROR]
Dec 10, 2020 9:02:28 PM org.springframework.mock.jndi.SimpleNamingContextBuilder bind
INFO: Static JNDI binding: [java:comp/env/indexDiskRootFolder] = [target/test/indexdir]
Dec 10, 2020 9:02:28 PM org.springframework.mock.jndi.SimpleNamingContextBuilder bind
INFO: Static JNDI binding: [java:comp/env/logFileSize] = [1048576]
Dec 10, 2020 9:02:28 PM org.springframework.mock.jndi.SimpleNamingContextBuilder bind
INFO: Static JNDI binding: [java:comp/env/resourceDiskRootFolder] = [target/test/resources/]
Dec 10, 2020 9:02:28 PM org.springframework.mock.jndi.SimpleNamingContextBuilder bind
INFO: Static JNDI binding: [java:comp/env/protectedResourceRootURL] = [/Entando/protected/]
Dec 10, 2020 9:02:28 PM org.springframework.mock.jndi.SimpleNamingContextBuilder bind
INFO: Static JNDI binding: [java:comp/env/resourceRootURL] = [/Entando/resources/]
Dec 10, 2020 9:02:28 PM org.springframework.mock.jndi.SimpleNamingContextBuilder bind
INFO: Static JNDI binding: [java:comp/env/configVersion] = [test]
Dec 10, 2020 9:02:28 PM org.springframework.mock.jndi.SimpleNamingContextBuilder bind
INFO: Static JNDI binding: [java:comp/env/jdbc.servDb.beanName] = [servDataSource]
Dec 10, 2020 9:02:28 PM org.springframework.mock.jndi.SimpleNamingContextBuilder bind
INFO: Static JNDI binding: [java:comp/env/jdbc.portDb.url] = [jdbc:derby:/workspace/source/target/test/db/entando-plugin-jpcontentschedulertestPort;create=true]
Dec 10, 2020 9:02:28 PM org.springframework.mock.jndi.SimpleNamingContextBuilder bind
INFO: Static JNDI binding: [java:comp/env/jdbc.servDb.driverClassName] = [org.apache.derby.jdbc.EmbeddedDriver]
Dec 10, 2020 9:02:28 PM org.springframework.mock.jndi.SimpleNamingContextBuilder bind
INFO: Static JNDI binding: [java:comp/env/protectedResourceDiskRootFolder] = [target/test/protected/]
Dec 10, 2020 9:02:28 PM org.springframework.mock.jndi.SimpleNamingContextBuilder bind
INFO: Static JNDI binding: [java:comp/env/jdbc.portDb.beanName] = [portDataSource]
Dec 10, 2020 9:02:28 PM org.springframework.mock.jndi.SimpleNamingContextBuilder bind
INFO: Static JNDI binding: [java:comp/env/jdbc.servDb.password] = [agile]
Dec 10, 2020 9:02:28 PM org.springframework.mock.jndi.SimpleNamingContextBuilder bind
INFO: Static JNDI binding: [java:comp/env/jdbc.portDb.driverClassName] = [org.apache.derby.jdbc.EmbeddedDriver]
Dec 10, 2020 9:02:28 PM org.springframework.mock.jndi.SimpleNamingContextBuilder bind
INFO: Static JNDI binding: [java:comp/env/jdbc.portDb.username] = [agile]
Dec 10, 2020 9:02:28 PM org.springframework.mock.jndi.SimpleNamingContextBuilder bind
INFO: Static JNDI binding: [java:comp/env/jdbc.servDb.username] = [agile]
Dec 10, 2020 9:02:28 PM org.springframework.mock.jndi.SimpleNamingContextBuilder bind
INFO: Static JNDI binding: [java:comp/env/logName] = [/workspace/source/target/test/entando-plugin-jpcontentscheduler]
Dec 10, 2020 9:02:28 PM org.springframework.mock.jndi.SimpleNamingContextBuilder bind
INFO: Static JNDI binding: [java:comp/env/logFileRotatePattern] = [/workspace/source/target/test/entando-plugin-jpcontentscheduler_logs/entando-plugin-jpcontentscheduler-%i.log.gz]
Dec 10, 2020 9:02:30 PM org.springframework.mock.jndi.SimpleNamingContextBuilder bind
INFO: Static JNDI binding: [java:comp/env/jdbc/servDataSource] = [org.apache.commons.dbcp2.BasicDataSource@2478b629]
Dec 10, 2020 9:02:30 PM org.springframework.mock.jndi.SimpleNamingContextBuilder bind
INFO: Static JNDI binding: [java:comp/env/jdbc/portDataSource] = [org.apache.commons.dbcp2.BasicDataSource@39023dbf]
Dec 10, 2020 9:02:31 PM org.springframework.mock.web.MockServletContext log
INFO: Initializing Spring **** WebApplicationContext
Dec 10, 2020 9:02:31 PM org.springframework.web.context.ContextLoader initWebApplicationContext
INFO: Root WebApplicationContext: initialization started
Dec 10, 2020 9:02:53 PM org.entando.entando.ent.util.EntLogging$EntLogger info
INFO: Report not availablejava.sql.SQLSyntaxErrorException: Schema 'AGILE' does not exist
Dec 10, 2020 9:02:53 PM org.entando.entando.ent.util.EntLogging$EntLogger info
INFO: + [ Component: Core ] :: DATA
|   
Dec 10, 2020 9:02:54 PM org.entando.entando.ent.util.EntLogging$EntLogger info
INFO: Created table - portDataSource/sysconfig
Dec 10, 2020 9:02:54 PM org.entando.entando.ent.util.EntLogging$EntLogger info
INFO: Created table - portDataSource/categories
Dec 10, 2020 9:02:54 PM org.entando.entando.ent.util.EntLogging$EntLogger info
INFO: Created table - portDataSource/localstrings
Dec 10, 2020 9:02:54 PM org.entando.entando.ent.util.EntLogging$EntLogger info
INFO: Created table - portDataSource/pagemodels
Dec 10, 2020 9:02:54 PM org.entando.entando.ent.util.EntLogging$EntLogger info
INFO: Created table - portDataSource/pages
Dec 10, 2020 9:02:54 PM org.entando.entando.ent.util.EntLogging$EntLogger info
INFO: Created table - portDataSource/pages_metadata_online
Dec 10, 2020 9:02:54 PM org.entando.entando.ent.util.EntLogging$EntLogger info
INFO: Created table - portDataSource/pages_metadata_draft
Dec 10, 2020 9:02:54 PM org.entando.entando.ent.util.EntLogging$EntLogger info
INFO: Created table - portDataSource/widgetcatalog
Dec 10, 2020 9:02:55 PM org.entando.entando.ent.util.EntLogging$EntLogger info
INFO: Created table - portDataSource/guifragment
Dec 10, 2020 9:02:55 PM org.entando.entando.ent.util.EntLogging$EntLogger info
INFO: Created table - portDataSource/widgetconfig
Dec 10, 2020 9:02:55 PM org.entando.entando.ent.util.EntLogging$EntLogger info
INFO: Created table - portDataSource/widgetconfig_draft
Dec 10, 2020 9:02:55 PM org.entando.entando.ent.util.EntLogging$EntLogger info
INFO: Created table - portDataSource/uniquekeys
Dec 10, 2020 9:02:55 PM org.entando.entando.ent.util.EntLogging$EntLogger info
INFO: Created table - portDataSource/userpreferences
Dec 10, 2020 9:02:57 PM org.entando.entando.ent.util.EntLogging$EntLogger info
INFO: Created table - servDataSource/authgroups
Dec 10, 2020 9:02:57 PM org.entando.entando.ent.util.EntLogging$EntLogger info
INFO: Created table - servDataSource/authpermissions
Dec 10, 2020 9:02:57 PM org.entando.entando.ent.util.EntLogging$EntLogger info
INFO: Created table - servDataSource/authroles
Dec 10, 2020 9:02:57 PM org.entando.entando.ent.util.EntLogging$EntLogger info
INFO: Created table - servDataSource/authrolepermissions
Dec 10, 2020 9:02:57 PM org.entando.entando.ent.util.EntLogging$EntLogger info
INFO: Created table - servDataSource/authusers
Dec 10, 2020 9:02:57 PM org.entando.entando.ent.util.EntLogging$EntLogger info
INFO: Created table - servDataSource/authusergrouprole
Dec 10, 2020 9:02:57 PM org.entando.entando.ent.util.EntLogging$EntLogger info
INFO: Created table - servDataSource/api_oauth_consumers
Dec 10, 2020 9:02:57 PM org.entando.entando.ent.util.EntLogging$EntLogger info
INFO: Created table - servDataSource/api_oauth_tokens
Dec 10, 2020 9:02:57 PM org.entando.entando.ent.util.EntLogging$EntLogger info
INFO: Created table - servDataSource/apicatalog_methods
Dec 10, 2020 9:02:57 PM org.entando.entando.ent.util.EntLogging$EntLogger info
INFO: Created table - servDataSource/apicatalog_services
Dec 10, 2020 9:02:58 PM org.entando.entando.ent.util.EntLogging$EntLogger info
INFO: Created table - servDataSource/authuserprofiles
Dec 10, 2020 9:02:58 PM org.entando.entando.ent.util.EntLogging$EntLogger info
INFO: Created table - servDataSource/authuserprofilesearch
Dec 10, 2020 9:02:58 PM org.entando.entando.ent.util.EntLogging$EntLogger info
INFO: Created table - servDataSource/authuserprofileattrroles
Dec 10, 2020 9:02:58 PM org.entando.entando.ent.util.EntLogging$EntLogger info
INFO: Created table - servDataSource/actionlogrecords
Dec 10, 2020 9:02:58 PM org.entando.entando.ent.util.EntLogging$EntLogger info
INFO: Created table - servDataSource/actionlogrelations
Dec 10, 2020 9:02:58 PM org.entando.entando.ent.util.EntLogging$EntLogger info
INFO: Created table - servDataSource/actionloglikerecords
Dec 10, 2020 9:02:58 PM org.entando.entando.ent.util.EntLogging$EntLogger info
INFO: Created table - servDataSource/actionlogcommentrecords
Dec 10, 2020 9:02:58 PM org.entando.entando.ent.util.EntLogging$EntLogger info
INFO: Created table - servDataSource/dataobjectmodels
Dec 10, 2020 9:02:59 PM org.entando.entando.ent.util.EntLogging$EntLogger info
INFO: Created table - servDataSource/dataobjects
Dec 10, 2020 9:02:59 PM org.entando.entando.ent.util.EntLogging$EntLogger info
INFO: Created table - servDataSource/dataobjectrelations
Dec 10, 2020 9:02:59 PM org.entando.entando.ent.util.EntLogging$EntLogger info
INFO: Created table - servDataSource/dataobjectsearch
Dec 10, 2020 9:02:59 PM org.entando.entando.ent.util.EntLogging$EntLogger info
INFO: Created table - servDataSource/dataobjectattributeroles
Dec 10, 2020 9:02:59 PM org.entando.entando.ent.util.EntLogging$EntLogger info
INFO: + [ Component: jacms ] :: DATA
|   
Dec 10, 2020 9:02:59 PM org.entando.entando.ent.util.EntLogging$EntLogger info
INFO: Created table - portDataSource/contentmodels
Dec 10, 2020 9:02:59 PM org.entando.entando.ent.util.EntLogging$EntLogger info
INFO: Created table - portDataSource/contents
Dec 10, 2020 9:03:00 PM org.entando.entando.ent.util.EntLogging$EntLogger info
INFO: Created table - portDataSource/resources
Dec 10, 2020 9:03:00 PM org.entando.entando.ent.util.EntLogging$EntLogger info
INFO: Created table - portDataSource/resourcerelations
Dec 10, 2020 9:03:00 PM org.entando.entando.ent.util.EntLogging$EntLogger info
INFO: Created table - portDataSource/contentrelations
Dec 10, 2020 9:03:00 PM org.entando.entando.ent.util.EntLogging$EntLogger info
INFO: Created table - portDataSource/contentsearch
Dec 10, 2020 9:03:01 PM org.entando.entando.ent.util.EntLogging$EntLogger info
INFO: Created table - portDataSource/contentattributeroles
Dec 10, 2020 9:03:01 PM org.entando.entando.ent.util.EntLogging$EntLogger info
INFO: Created table - portDataSource/workcontentrelations
Dec 10, 2020 9:03:01 PM org.entando.entando.ent.util.EntLogging$EntLogger info
INFO: Created table - portDataSource/workcontentsearch
Dec 10, 2020 9:03:01 PM org.entando.entando.ent.util.EntLogging$EntLogger info
INFO: Created table - portDataSource/workcontentattributeroles
Dec 10, 2020 9:03:01 PM org.entando.entando.ent.util.EntLogging$EntLogger info
INFO: + [ Component: jpmail ] :: DATA
|   
Dec 10, 2020 9:03:01 PM org.entando.entando.ent.util.EntLogging$EntLogger info
INFO: + [ Component: entando-*****-console ] :: DATA
|   
Dec 10, 2020 9:03:01 PM org.entando.entando.ent.util.EntLogging$EntLogger info
INFO: Created table - servDataSource/authusershortcuts
Dec 10, 2020 9:03:01 PM org.entando.entando.ent.util.EntLogging$EntLogger info
INFO: + [ Component: entando-portal-ui ] :: DATA
|   
Dec 10, 2020 9:03:01 PM org.entando.entando.ent.util.EntLogging$EntLogger info
INFO: + [ Component: jpcontentscheduler ] :: DATA
|   
Dec 10, 2020 9:03:01 PM org.entando.entando.ent.util.EntLogging$EntLogger info
INFO: + [ Component: Core ] :: DATA
|   
Dec 10, 2020 9:03:05 PM org.entando.entando.ent.util.EntLogging$EntLogger info
INFO: + [ Component: jacms ] :: DATA
|   
Dec 10, 2020 9:03:07 PM org.entando.entando.ent.util.EntLogging$EntLogger info
INFO: + [ Component: jpmail ] :: DATA
|   
Dec 10, 2020 9:03:07 PM org.entando.entando.ent.util.EntLogging$EntLogger info
INFO: + [ Component: entando-*****-console ] :: DATA
|   
Dec 10, 2020 9:03:07 PM org.entando.entando.ent.util.EntLogging$EntLogger info
INFO: + [ Component: entando-portal-ui ] :: DATA
|   
Dec 10, 2020 9:03:07 PM org.entando.entando.ent.util.EntLogging$EntLogger info
INFO: + [ Component: jpcontentscheduler ] :: DATA
|   
Dec 10, 2020 9:03:12 PM org.entando.entando.ent.util.EntLogging$EntLogger info
INFO: Successfully created a random page_preview_hash
Dec 10, 2020 9:03:29 PM org.springframework.scheduling.concurrent.E**cutorConfigurationSupport initialize
INFO: Initializing E**cutorService 'entandoScheduler'
Dec 10, 2020 9:03:29 PM org.entando.entando.plugins.jpcontentscheduler.aps.******.services.content.ContentSchedulerManager init
INFO: org.entando.entando.plugins.jpcontentscheduler.aps.******.services.content.ContentSchedulerManager: inizializzato
Dec 10, 2020 9:03:30 PM org.quartz.impl.StdSchedulerFactory instantiate
INFO: Using default implementation for ThreadE**cutor
Dec 10, 2020 9:03:30 PM org.quartz.core.SchedulerSignalerImpl <init>
INFO: Initialized Scheduler Signaller of type: class org.quartz.core.SchedulerSignalerImpl
Dec 10, 2020 9:03:30 PM org.quartz.core.QuartzScheduler <init>
INFO: Quartz Scheduler v.2.3.2 created.
Dec 10, 2020 9:03:30 PM org.quartz.simpl.RAMJobStore initialize
INFO: RAMJobStore initialized.
Dec 10, 2020 9:03:30 PM org.quartz.core.QuartzScheduler initialize
INFO: Scheduler meta-data: Quartz Scheduler (v2.3.2) 'publishScheduler' with instanceId 'NON_CLUSTERED'
  Scheduler class: 'org.quartz.core.QuartzScheduler' - running locally.
  NOT STARTED.
  Currently in standby mode.
  Number of jobs e**cuted: 0
  Using thread pool 'org.quartz.simpl.SimpleThreadPool' - with 10 threads.
  Using job-store 'org.quartz.simpl.RAMJobStore' - which does not support persistence. and is not clustered.

Dec 10, 2020 9:03:30 PM org.quartz.impl.StdSchedulerFactory instantiate
INFO: Quartz scheduler 'publishScheduler' initialized from an externally provided properties instance.
Dec 10, 2020 9:03:30 PM org.quartz.impl.StdSchedulerFactory instantiate
INFO: Quartz scheduler version: 2.3.2
Dec 10, 2020 9:03:30 PM org.quartz.core.QuartzScheduler setJobFactory
INFO: JobFactory set to: org.springframework.scheduling.quartz.AdaptableJobFactory@30aba06
Dec 10, 2020 9:03:33 PM org.springframework.security.web.DefaultSecurityFilterChain <init>
INFO: Creating filter chain: OrRequestMatcher [requestMatchers=[Ant [pattern='/oauth/token'], Ant [pattern='/oauth/token_key'], Ant [pattern='/oauth/check_token']]], [org.springframework.security.web.context.request.async.WebAsyncManagerIntegrationFilter@8a7298d, org.springframework.security.web.context.SecurityContextPersistenceFilter@684d35b0, org.springframework.security.web.header.HeaderWriterFilter@358f9cf, org.springframework.security.web.authentication.logout.LogoutFilter@716a6724, org.springframework.web.filter.CorsFilter@12d531ee, org.springframework.security.web.authentication.www.BasicAuthenticationFilter@d7e5739, org.springframework.security.web.savedrequest.RequestCacheAwareFilter@4d2100eb, org.springframework.security.web.servletapi.SecurityContextHolderAwareRequestFilter@6652008b, org.springframework.security.web.authentication.AnonymousAuthenticationFilter@5b081da, org.springframework.security.web.session.SessionManagementFilter@1be361c7, org.springframework.security.web.access.ExceptionTranslationFilter@71b2e3a6, org.springframework.security.web.access.intercept.FilterSecurityInterceptor@1a0fbc83]
Dec 10, 2020 9:03:33 PM org.springframework.security.web.DefaultSecurityFilterChain <init>
INFO: Creating filter chain: any request, [org.springframework.security.web.context.request.async.WebAsyncManagerIntegrationFilter@161c8064, org.springframework.security.web.context.SecurityContextPersistenceFilter@1429bad8, org.springframework.security.web.header.HeaderWriterFilter@4fc097b3, org.springframework.web.filter.CorsFilter@12d531ee, org.springframework.security.web.authentication.logout.LogoutFilter@4f3a1c21, org.springframework.security.web.savedrequest.RequestCacheAwareFilter@3f33d38d, org.springframework.security.web.servletapi.SecurityContextHolderAwareRequestFilter@7405b6d7, org.springframework.security.web.session.SessionManagementFilter@2f0280c6, org.springframework.security.web.access.ExceptionTranslationFilter@7e59a9a]
Dec 10, 2020 9:03:34 PM org.springframework.scheduling.quartz.SchedulerFactoryBean startScheduler
INFO: Starting Quartz Scheduler now
Dec 10, 2020 9:03:34 PM org.quartz.core.QuartzScheduler start
INFO: Scheduler publishScheduler_$_NON_CLUSTERED started.
Dec 10, 2020 9:03:34 PM org.springframework.web.context.ContextLoader initWebApplicationContext
INFO: Root WebApplicationContext initialized in 62948 ms
Dec 10, 2020 9:03:34 PM org.springframework.scheduling.quartz.SchedulerFactoryBean destroy
INFO: Shutting down Quartz Scheduler
Dec 10, 2020 9:03:34 PM org.quartz.core.QuartzScheduler shutdown
INFO: Scheduler publishScheduler_$_NON_CLUSTERED shutting down.
Dec 10, 2020 9:03:34 PM org.quartz.core.QuartzScheduler standby
INFO: Scheduler publishScheduler_$_NON_CLUSTERED paused.
Dec 10, 2020 9:03:34 PM org.quartz.core.QuartzScheduler shutdown
INFO: Scheduler publishScheduler_$_NON_CLUSTERED shutdown complete.
Dec 10, 2020 9:03:34 PM org.springframework.scheduling.concurrent.E**cutorConfigurationSupport shutdown
INFO: Shutting down E**cutorService 'entandoScheduler'
Dec 10, 2020 9:03:40 PM org.entando.entando.ent.util.EntLogging$EntLogger info
INFO: + [ Component: Core ] :: DATA
|   
Dec 10, 2020 9:03:40 PM org.entando.entando.ent.util.EntLogging$EntLogger info
INFO: + [ Component: jacms ] :: DATA
|   
Dec 10, 2020 9:03:40 PM org.entando.entando.ent.util.EntLogging$EntLogger info
INFO: + [ Component: jpmail ] :: DATA
|   
Dec 10, 2020 9:03:40 PM org.entando.entando.ent.util.EntLogging$EntLogger info
INFO: + [ Component: entando-*****-console ] :: DATA
|   
Dec 10, 2020 9:03:40 PM org.entando.entando.ent.util.EntLogging$EntLogger info
INFO: + [ Component: entando-portal-ui ] :: DATA
|   
Dec 10, 2020 9:03:40 PM org.entando.entando.ent.util.EntLogging$EntLogger info
INFO: + [ Component: jpcontentscheduler ] :: DATA
|   
Dec 10, 2020 9:03:40 PM org.entando.entando.ent.util.EntLogging$EntLogger info
INFO: + [ Component: Core ] :: DATA
|   
Dec 10, 2020 9:03:40 PM org.entando.entando.ent.util.EntLogging$EntLogger info
INFO: + [ Component: jacms ] :: DATA
|   
Dec 10, 2020 9:03:40 PM org.entando.entando.ent.util.EntLogging$EntLogger info
INFO: + [ Component: jpmail ] :: DATA
|   
Dec 10, 2020 9:03:40 PM org.entando.entando.ent.util.EntLogging$EntLogger info
INFO: + [ Component: entando-*****-console ] :: DATA
|   
Dec 10, 2020 9:03:40 PM org.entando.entando.ent.util.EntLogging$EntLogger info
INFO: + [ Component: entando-portal-ui ] :: DATA
|   
Dec 10, 2020 9:03:40 PM org.entando.entando.ent.util.EntLogging$EntLogger info
INFO: + [ Component: jpcontentscheduler ] :: DATA
|   
Dec 10, 2020 9:03:49 PM org.springframework.scheduling.concurrent.E**cutorConfigurationSupport initialize
INFO: Initializing E**cutorService 'entandoScheduler'
Dec 10, 2020 9:03:49 PM org.entando.entando.plugins.jpcontentscheduler.aps.******.services.content.ContentSchedulerManager init
INFO: org.entando.entando.plugins.jpcontentscheduler.aps.******.services.content.ContentSchedulerManager: inizializzato
Dec 10, 2020 9:03:49 PM org.quartz.impl.StdSchedulerFactory instantiate
INFO: Using default implementation for ThreadE**cutor
Dec 10, 2020 9:03:50 PM org.quartz.core.SchedulerSignalerImpl <init>
INFO: Initialized Scheduler Signaller of type: class org.quartz.core.SchedulerSignalerImpl
Dec 10, 2020 9:03:50 PM org.quartz.core.QuartzScheduler <init>
INFO: Quartz Scheduler v.2.3.2 created.
Dec 10, 2020 9:03:50 PM org.quartz.simpl.RAMJobStore initialize
INFO: RAMJobStore initialized.
Dec 10, 2020 9:03:50 PM org.quartz.core.QuartzScheduler initialize
INFO: Scheduler meta-data: Quartz Scheduler (v2.3.2) 'publishScheduler' with instanceId 'NON_CLUSTERED'
  Scheduler class: 'org.quartz.core.QuartzScheduler' - running locally.
  NOT STARTED.
  Currently in standby mode.
  Number of jobs e**cuted: 0
  Using thread pool 'org.quartz.simpl.SimpleThreadPool' - with 10 threads.
  Using job-store 'org.quartz.simpl.RAMJobStore' - which does not support persistence. and is not clustered.

Dec 10, 2020 9:03:50 PM org.quartz.impl.StdSchedulerFactory instantiate
INFO: Quartz scheduler 'publishScheduler' initialized from an externally provided properties instance.
Dec 10, 2020 9:03:50 PM org.quartz.impl.StdSchedulerFactory instantiate
INFO: Quartz scheduler version: 2.3.2
Dec 10, 2020 9:03:50 PM org.quartz.core.QuartzScheduler setJobFactory
INFO: JobFactory set to: org.springframework.scheduling.quartz.AdaptableJobFactory@37e1b5b3
Dec 10, 2020 9:03:51 PM org.springframework.security.web.DefaultSecurityFilterChain <init>
INFO: Creating filter chain: OrRequestMatcher [requestMatchers=[Ant [pattern='/oauth/token'], Ant [pattern='/oauth/token_key'], Ant [pattern='/oauth/check_token']]], [org.springframework.security.web.context.request.async.WebAsyncManagerIntegrationFilter@eb3fb3f, org.springframework.security.web.context.SecurityContextPersistenceFilter@40557c4, org.springframework.security.web.header.HeaderWriterFilter@271d28d3, org.springframework.security.web.authentication.logout.LogoutFilter@7ada1fcd, org.springframework.web.filter.CorsFilter@3fae944b, org.springframework.security.web.authentication.www.BasicAuthenticationFilter@19bf8584, org.springframework.security.web.savedrequest.RequestCacheAwareFilter@409dc9ce, org.springframework.security.web.servletapi.SecurityContextHolderAwareRequestFilter@144c977, org.springframework.security.web.authentication.AnonymousAuthenticationFilter@71c3d2cd, org.springframework.security.web.session.SessionManagementFilter@1f1285a4, org.springframework.security.web.access.ExceptionTranslationFilter@1f5ec2e2, org.springframework.security.web.access.intercept.FilterSecurityInterceptor@61e389f]
Dec 10, 2020 9:03:51 PM org.springframework.security.web.DefaultSecurityFilterChain <init>
INFO: Creating filter chain: any request, [org.springframework.security.web.context.request.async.WebAsyncManagerIntegrationFilter@15427e34, org.springframework.security.web.context.SecurityContextPersistenceFilter@7e247ef7, org.springframework.security.web.header.HeaderWriterFilter@14058fc3, org.springframework.web.filter.CorsFilter@3fae944b, org.springframework.security.web.authentication.logout.LogoutFilter@484c720c, org.springframework.security.web.savedrequest.RequestCacheAwareFilter@7e654797, org.springframework.security.web.servletapi.SecurityContextHolderAwareRequestFilter@4626b40f, org.springframework.security.web.session.SessionManagementFilter@34f7527d, org.springframework.security.web.access.ExceptionTranslationFilter@7bbf7fc3]
Dec 10, 2020 9:03:51 PM org.springframework.scheduling.quartz.SchedulerFactoryBean startScheduler
INFO: Starting Quartz Scheduler now
Dec 10, 2020 9:03:51 PM org.quartz.core.QuartzScheduler start
INFO: Scheduler publishScheduler_$_NON_CLUSTERED started.
Dec 10, 2020 9:03:51 PM org.entando.entando.plugins.jpcontentscheduler.aps.******.services.content.ContentJobs e**cuteJob
INFO: Inizio thread pubblicazione/sospensione automatica contenuti....10-12-2020 09:03:51
Dec 10, 2020 9:03:51 PM org.entando.entando.plugins.jpcontentscheduler.aps.******.services.content.ContentJobs e**cuteJob
INFO: Fine thread pubblicazione/sospensione automatica contenuti.10-12-2020 09:03:51
Dec 10, 2020 9:03:51 PM org.quartz.core.QuartzScheduler standby
INFO: Scheduler publishScheduler_$_NON_CLUSTERED paused.
Dec 10, 2020 9:03:51 PM org.springframework.scheduling.quartz.SchedulerFactoryBean destroy
INFO: Shutting down Quartz Scheduler
Dec 10, 2020 9:03:51 PM org.quartz.core.QuartzScheduler shutdown
INFO: Scheduler publishScheduler_$_NON_CLUSTERED shutting down.
Dec 10, 2020 9:03:51 PM org.quartz.core.QuartzScheduler standby
INFO: Scheduler publishScheduler_$_NON_CLUSTERED paused.
Dec 10, 2020 9:03:51 PM org.quartz.core.QuartzScheduler shutdown
INFO: Scheduler publishScheduler_$_NON_CLUSTERED shutdown complete.
Dec 10, 2020 9:03:51 PM org.springframework.scheduling.concurrent.E**cutorConfigurationSupport shutdown
INFO: Shutting down E**cutorService 'entandoScheduler'
[INFO] Tests run: 1, Failures: 0, Errors: 0, Skipped: 0, Time elapsed: 83.56 s - in org.entando.entando.plugins.jpcontentscheduler.aps.******.services.content.TestContentJobs
[INFO] Running org.entando.entando.plugins.jpcontentscheduler.aps.TestApsSample
Dec 10, 2020 9:03:51 PM org.springframework.mock.jndi.SimpleNamingContextBuilder bind
INFO: Static JNDI binding: [java:comp/env/logName] = [/workspace/source/target/test/entando-plugin-jpcontentscheduler]
Dec 10, 2020 9:03:51 PM org.springframework.mock.jndi.SimpleNamingContextBuilder bind
INFO: Static JNDI binding: [java:comp/env/logFileRotatePattern] = [/workspace/source/target/test/entando-plugin-jpcontentscheduler_logs/entando-plugin-jpcontentscheduler-%i.log.gz]
Dec 10, 2020 9:03:51 PM org.springframework.mock.jndi.SimpleNamingContextBuilder bind
INFO: Static JNDI binding: [java:comp/env/logLevel] = [ERROR]
Dec 10, 2020 9:03:51 PM org.springframework.mock.jndi.SimpleNamingContextBuilder bind
INFO: Static JNDI binding: [java:comp/env/logFileSize] = [1048576]
Dec 10, 2020 9:03:51 PM org.springframework.mock.jndi.SimpleNamingContextBuilder bind
INFO: Static JNDI binding: [java:comp/env/logFilesCount] = [10]
Dec 10, 2020 9:03:51 PM org.springframework.mock.jndi.SimpleNamingContextBuilder bind
INFO: Static JNDI binding: [java:comp/env/configVersion] = [test]
Dec 10, 2020 9:03:51 PM org.springframework.mock.jndi.SimpleNamingContextBuilder bind
INFO: Static JNDI binding: [java:comp/env/applicationBaseURL] = [/Entando/]
Dec 10, 2020 9:03:51 PM org.springframework.mock.jndi.SimpleNamingContextBuilder bind
INFO: Static JNDI binding: [java:comp/env/resourceRootURL] = [/Entando/resources/]
Dec 10, 2020 9:03:51 PM org.springframework.mock.jndi.SimpleNamingContextBuilder bind
INFO: Static JNDI binding: [java:comp/env/protectedResourceRootURL] = [/Entando/protected/]
Dec 10, 2020 9:03:51 PM org.springframework.mock.jndi.SimpleNamingContextBuilder bind
INFO: Static JNDI binding: [java:comp/env/resourceDiskRootFolder] = [target/test/resources/]
Dec 10, 2020 9:03:51 PM org.springframework.mock.jndi.SimpleNamingContextBuilder bind
INFO: Static JNDI binding: [java:comp/env/protectedResourceDiskRootFolder] = [target/test/protected/]
Dec 10, 2020 9:03:51 PM org.springframework.mock.jndi.SimpleNamingContextBuilder bind
INFO: Static JNDI binding: [java:comp/env/indexDiskRootFolder] = [target/test/indexdir]
Dec 10, 2020 9:03:51 PM org.springframework.mock.jndi.SimpleNamingContextBuilder bind
INFO: Static JNDI binding: [java:comp/env/portDataSourceClassName] = [org.apache.derby.jdbc.EmbeddedDriver]
Dec 10, 2020 9:03:51 PM org.springframework.mock.jndi.SimpleNamingContextBuilder bind
INFO: Static JNDI binding: [java:comp/env/logActiveFileOutput] = [*****]
Dec 10, 2020 9:03:51 PM org.springframework.mock.jndi.SimpleNamingContextBuilder bind
INFO: Static JNDI binding: [java:comp/env/jdbc.servDb.url] = [jdbc:derby:/workspace/source/target/test/db/entando-plugin-jpcontentschedulertestServ;create=true]
Dec 10, 2020 9:03:51 PM org.springframework.mock.jndi.SimpleNamingContextBuilder bind
INFO: Static JNDI binding: [java:comp/env/servDataSourceClassName] = [org.apache.derby.jdbc.EmbeddedDriver]
Dec 10, 2020 9:03:51 PM org.springframework.mock.jndi.SimpleNamingContextBuilder bind
INFO: Static JNDI binding: [java:comp/env/logFilesCount] = [10]
Dec 10, 2020 9:03:51 PM org.springframework.mock.jndi.SimpleNamingContextBuilder bind
INFO: Static JNDI binding: [java:comp/env/applicationBaseURL] = [/Entando/]
Dec 10, 2020 9:03:51 PM org.springframework.mock.jndi.SimpleNamingContextBuilder bind
INFO: Static JNDI binding: [java:comp/env/jdbc.portDb.password] = [agile]
Dec 10, 2020 9:03:51 PM org.springframework.mock.jndi.SimpleNamingContextBuilder bind
INFO: Static JNDI binding: [java:comp/env/logLevel] = [ERROR]
Dec 10, 2020 9:03:51 PM org.springframework.mock.jndi.SimpleNamingContextBuilder bind
INFO: Static JNDI binding: [java:comp/env/indexDiskRootFolder] = [target/test/indexdir]
Dec 10, 2020 9:03:51 PM org.springframework.mock.jndi.SimpleNamingContextBuilder bind
INFO: Static JNDI binding: [java:comp/env/logFileSize] = [1048576]
Dec 10, 2020 9:03:51 PM org.springframework.mock.jndi.SimpleNamingContextBuilder bind
INFO: Static JNDI binding: [java:comp/env/resourceDiskRootFolder] = [target/test/resources/]
Dec 10, 2020 9:03:51 PM org.springframework.mock.jndi.SimpleNamingContextBuilder bind
INFO: Static JNDI binding: [java:comp/env/protectedResourceRootURL] = [/Entando/protected/]
Dec 10, 2020 9:03:51 PM org.springframework.mock.jndi.SimpleNamingContextBuilder bind
INFO: Static JNDI binding: [java:comp/env/resourceRootURL] = [/Entando/resources/]
Dec 10, 2020 9:03:51 PM org.springframework.mock.jndi.SimpleNamingContextBuilder bind
INFO: Static JNDI binding: [java:comp/env/configVersion] = [test]
Dec 10, 2020 9:03:51 PM org.springframework.mock.jndi.SimpleNamingContextBuilder bind
INFO: Static JNDI binding: [java:comp/env/jdbc.servDb.beanName] = [servDataSource]
Dec 10, 2020 9:03:51 PM org.springframework.mock.jndi.SimpleNamingContextBuilder bind
INFO: Static JNDI binding: [java:comp/env/jdbc.portDb.url] = [jdbc:derby:/workspace/source/target/test/db/entando-plugin-jpcontentschedulertestPort;create=true]
Dec 10, 2020 9:03:51 PM org.springframework.mock.jndi.SimpleNamingContextBuilder bind
INFO: Static JNDI binding: [java:comp/env/jdbc.servDb.driverClassName] = [org.apache.derby.jdbc.EmbeddedDriver]
Dec 10, 2020 9:03:51 PM org.springframework.mock.jndi.SimpleNamingContextBuilder bind
INFO: Static JNDI binding: [java:comp/env/protectedResourceDiskRootFolder] = [target/test/protected/]
Dec 10, 2020 9:03:51 PM org.springframework.mock.jndi.SimpleNamingContextBuilder bind
INFO: Static JNDI binding: [java:comp/env/jdbc.portDb.beanName] = [portDataSource]
Dec 10, 2020 9:03:51 PM org.springframework.mock.jndi.SimpleNamingContextBuilder bind
INFO: Static JNDI binding: [java:comp/env/jdbc.servDb.password] = [agile]
Dec 10, 2020 9:03:51 PM org.springframework.mock.jndi.SimpleNamingContextBuilder bind
INFO: Static JNDI binding: [java:comp/env/jdbc.portDb.driverClassName] = [org.apache.derby.jdbc.EmbeddedDriver]
Dec 10, 2020 9:03:51 PM org.springframework.mock.jndi.SimpleNamingContextBuilder bind
INFO: Static JNDI binding: [java:comp/env/jdbc.portDb.username] = [agile]
Dec 10, 2020 9:03:51 PM org.springframework.mock.jndi.SimpleNamingContextBuilder bind
INFO: Static JNDI binding: [java:comp/env/jdbc.servDb.username] = [agile]
Dec 10, 2020 9:03:51 PM org.springframework.mock.jndi.SimpleNamingContextBuilder bind
INFO: Static JNDI binding: [java:comp/env/logName] = [/workspace/source/target/test/entando-plugin-jpcontentscheduler]
Dec 10, 2020 9:03:51 PM org.springframework.mock.jndi.SimpleNamingContextBuilder bind
INFO: Static JNDI binding: [java:comp/env/logFileRotatePattern] = [/workspace/source/target/test/entando-plugin-jpcontentscheduler_logs/entando-plugin-jpcontentscheduler-%i.log.gz]
Dec 10, 2020 9:03:51 PM org.springframework.mock.jndi.SimpleNamingContextBuilder bind
INFO: Static JNDI binding: [java:comp/env/jdbc/servDataSource] = [org.apache.commons.dbcp2.BasicDataSource@13d1b49e]
Dec 10, 2020 9:03:51 PM org.springframework.mock.jndi.SimpleNamingContextBuilder bind
INFO: Static JNDI binding: [java:comp/env/jdbc/portDataSource] = [org.apache.commons.dbcp2.BasicDataSource@4eca82ba]
Dec 10, 2020 9:03:51 PM org.springframework.mock.web.MockServletContext log
INFO: Initializing Spring **** WebApplicationContext
Dec 10, 2020 9:03:51 PM org.springframework.web.context.ContextLoader initWebApplicationContext
INFO: Root WebApplicationContext: initialization started
Dec 10, 2020 9:03:55 PM org.entando.entando.ent.util.EntLogging$EntLogger info
INFO: + [ Component: Core ] :: DATA
|   
Dec 10, 2020 9:03:55 PM org.entando.entando.ent.util.EntLogging$EntLogger info
INFO: + [ Component: jacms ] :: DATA
|   
Dec 10, 2020 9:03:55 PM org.entando.entando.ent.util.EntLogging$EntLogger info
INFO: + [ Component: jpmail ] :: DATA
|   
Dec 10, 2020 9:03:55 PM org.entando.entando.ent.util.EntLogging$EntLogger info
INFO: + [ Component: entando-*****-console ] :: DATA
|   
Dec 10, 2020 9:03:55 PM org.entando.entando.ent.util.EntLogging$EntLogger info
INFO: + [ Component: entando-portal-ui ] :: DATA
|   
Dec 10, 2020 9:03:55 PM org.entando.entando.ent.util.EntLogging$EntLogger info
INFO: + [ Component: jpcontentscheduler ] :: DATA
|   
Dec 10, 2020 9:03:55 PM org.entando.entando.ent.util.EntLogging$EntLogger info
INFO: + [ Component: Core ] :: DATA
|   
Dec 10, 2020 9:03:55 PM org.entando.entando.ent.util.EntLogging$EntLogger info
INFO: + [ Component: jacms ] :: DATA
|   
Dec 10, 2020 9:03:55 PM org.entando.entando.ent.util.EntLogging$EntLogger info
INFO: + [ Component: jpmail ] :: DATA
|   
Dec 10, 2020 9:03:55 PM org.entando.entando.ent.util.EntLogging$EntLogger info
INFO: + [ Component: entando-*****-console ] :: DATA
|   
Dec 10, 2020 9:03:55 PM org.entando.entando.ent.util.EntLogging$EntLogger info
INFO: + [ Component: entando-portal-ui ] :: DATA
|   
Dec 10, 2020 9:03:55 PM org.entando.entando.ent.util.EntLogging$EntLogger info
INFO: + [ Component: jpcontentscheduler ] :: DATA
|   
Dec 10, 2020 9:04:03 PM org.springframework.scheduling.concurrent.E**cutorConfigurationSupport initialize
INFO: Initializing E**cutorService 'entandoScheduler'
Dec 10, 2020 9:04:04 PM org.entando.entando.plugins.jpcontentscheduler.aps.******.services.content.ContentSchedulerManager init
INFO: org.entando.entando.plugins.jpcontentscheduler.aps.******.services.content.ContentSchedulerManager: inizializzato
Dec 10, 2020 9:04:04 PM org.quartz.impl.StdSchedulerFactory instantiate
INFO: Using default implementation for ThreadE**cutor
Dec 10, 2020 9:04:04 PM org.quartz.core.SchedulerSignalerImpl <init>
INFO: Initialized Scheduler Signaller of type: class org.quartz.core.SchedulerSignalerImpl
Dec 10, 2020 9:04:04 PM org.quartz.core.QuartzScheduler <init>
INFO: Quartz Scheduler v.2.3.2 created.
Dec 10, 2020 9:04:04 PM org.quartz.simpl.RAMJobStore initialize
INFO: RAMJobStore initialized.
Dec 10, 2020 9:04:04 PM org.quartz.core.QuartzScheduler initialize
INFO: Scheduler meta-data: Quartz Scheduler (v2.3.2) 'publishScheduler' with instanceId 'NON_CLUSTERED'
  Scheduler class: 'org.quartz.core.QuartzScheduler' - running locally.
  NOT STARTED.
  Currently in standby mode.
  Number of jobs e**cuted: 0
  Using thread pool 'org.quartz.simpl.SimpleThreadPool' - with 10 threads.
  Using job-store 'org.quartz.simpl.RAMJobStore' - which does not support persistence. and is not clustered.

Dec 10, 2020 9:04:04 PM org.quartz.impl.StdSchedulerFactory instantiate
INFO: Quartz scheduler 'publishScheduler' initialized from an externally provided properties instance.
Dec 10, 2020 9:04:04 PM org.quartz.impl.StdSchedulerFactory instantiate
INFO: Quartz scheduler version: 2.3.2
Dec 10, 2020 9:04:04 PM org.quartz.core.QuartzScheduler setJobFactory
INFO: JobFactory set to: org.springframework.scheduling.quartz.AdaptableJobFactory@2715e18c
Dec 10, 2020 9:04:05 PM org.springframework.security.web.DefaultSecurityFilterChain <init>
INFO: Creating filter chain: OrRequestMatcher [requestMatchers=[Ant [pattern='/oauth/token'], Ant [pattern='/oauth/token_key'], Ant [pattern='/oauth/check_token']]], [org.springframework.security.web.context.request.async.WebAsyncManagerIntegrationFilter@5c797884, org.springframework.security.web.context.SecurityContextPersistenceFilter@44bb20ce, org.springframework.security.web.header.HeaderWriterFilter@67e52f81, org.springframework.security.web.authentication.logout.LogoutFilter@707d948c, org.springframework.web.filter.CorsFilter@503f45db, org.springframework.security.web.authentication.www.BasicAuthenticationFilter@ed5ad11, org.springframework.security.web.savedrequest.RequestCacheAwareFilter@75fa7e8d, org.springframework.security.web.servletapi.SecurityContextHolderAwareRequestFilter@53f647bf, org.springframework.security.web.authentication.AnonymousAuthenticationFilter@7b6b7de9, org.springframework.security.web.session.SessionManagementFilter@b1bb2fe, org.springframework.security.web.access.ExceptionTranslationFilter@202006c3, org.springframework.security.web.access.intercept.FilterSecurityInterceptor@69523f3c]
Dec 10, 2020 9:04:05 PM org.springframework.security.web.DefaultSecurityFilterChain <init>
INFO: Creating filter chain: any request, [org.springframework.security.web.context.request.async.WebAsyncManagerIntegrationFilter@226b1683, org.springframework.security.web.context.SecurityContextPersistenceFilter@2d085e, org.springframework.security.web.header.HeaderWriterFilter@2cfa8bb4, org.springframework.web.filter.CorsFilter@503f45db, org.springframework.security.web.authentication.logout.LogoutFilter@4a6c9868, org.springframework.security.web.savedrequest.RequestCacheAwareFilter@7dd13a1b, org.springframework.security.web.servletapi.SecurityContextHolderAwareRequestFilter@58eb93e, org.springframework.security.web.session.SessionManagementFilter@3d8e447b, org.springframework.security.web.access.ExceptionTranslationFilter@cde2bf3]
Dec 10, 2020 9:04:05 PM org.springframework.scheduling.quartz.SchedulerFactoryBean startScheduler
INFO: Starting Quartz Scheduler now
Dec 10, 2020 9:04:05 PM org.quartz.core.QuartzScheduler start
INFO: Scheduler publishScheduler_$_NON_CLUSTERED started.
Dec 10, 2020 9:04:05 PM org.springframework.web.context.ContextLoader initWebApplicationContext
INFO: Root WebApplicationContext initialized in 13785 ms
Dec 10, 2020 9:04:05 PM org.springframework.scheduling.quartz.SchedulerFactoryBean destroy
INFO: Shutting down Quartz Scheduler
Dec 10, 2020 9:04:05 PM org.quartz.core.QuartzScheduler shutdown
INFO: Scheduler publishScheduler_$_NON_CLUSTERED shutting down.
Dec 10, 2020 9:04:05 PM org.quartz.core.QuartzScheduler standby
INFO: Scheduler publishScheduler_$_NON_CLUSTERED paused.
Dec 10, 2020 9:04:05 PM org.quartz.core.QuartzScheduler shutdown
INFO: Scheduler publishScheduler_$_NON_CLUSTERED shutdown complete.
Dec 10, 2020 9:04:05 PM org.springframework.scheduling.concurrent.E**cutorConfigurationSupport shutdown
INFO: Shutting down E**cutorService 'entandoScheduler'
Dec 10, 2020 9:04:09 PM org.entando.entando.ent.util.EntLogging$EntLogger info
INFO: + [ Component: Core ] :: DATA
|   
Dec 10, 2020 9:04:09 PM org.entando.entando.ent.util.EntLogging$EntLogger info
INFO: + [ Component: jacms ] :: DATA
|   
Dec 10, 2020 9:04:09 PM org.entando.entando.ent.util.EntLogging$EntLogger info
INFO: + [ Component: jpmail ] :: DATA
|   
Dec 10, 2020 9:04:09 PM org.entando.entando.ent.util.EntLogging$EntLogger info
INFO: + [ Component: entando-*****-console ] :: DATA
|   
Dec 10, 2020 9:04:09 PM org.entando.entando.ent.util.EntLogging$EntLogger info
INFO: + [ Component: entando-portal-ui ] :: DATA
|   
Dec 10, 2020 9:04:09 PM org.entando.entando.ent.util.EntLogging$EntLogger info
INFO: + [ Component: jpcontentscheduler ] :: DATA
|   
Dec 10, 2020 9:04:09 PM org.entando.entando.ent.util.EntLogging$EntLogger info
INFO: + [ Component: Core ] :: DATA
|   
Dec 10, 2020 9:04:09 PM org.entando.entando.ent.util.EntLogging$EntLogger info
INFO: + [ Component: jacms ] :: DATA
|   
Dec 10, 2020 9:04:09 PM org.entando.entando.ent.util.EntLogging$EntLogger info
INFO: + [ Component: jpmail ] :: DATA
|   
Dec 10, 2020 9:04:09 PM org.entando.entando.ent.util.EntLogging$EntLogger info
INFO: + [ Component: entando-*****-console ] :: DATA
|   
Dec 10, 2020 9:04:09 PM org.entando.entando.ent.util.EntLogging$EntLogger info
INFO: + [ Component: entando-portal-ui ] :: DATA
|   
Dec 10, 2020 9:04:09 PM org.entando.entando.ent.util.EntLogging$EntLogger info
INFO: + [ Component: jpcontentscheduler ] :: DATA
|   
Dec 10, 2020 9:04:18 PM org.springframework.scheduling.concurrent.E**cutorConfigurationSupport initialize
INFO: Initializing E**cutorService 'entandoScheduler'
Dec 10, 2020 9:04:18 PM org.entando.entando.plugins.jpcontentscheduler.aps.******.services.content.ContentSchedulerManager init
INFO: org.entando.entando.plugins.jpcontentscheduler.aps.******.services.content.ContentSchedulerManager: inizializzato
Dec 10, 2020 9:04:19 PM org.quartz.impl.StdSchedulerFactory instantiate
INFO: Using default implementation for ThreadE**cutor
Dec 10, 2020 9:04:19 PM org.quartz.core.SchedulerSignalerImpl <init>
INFO: Initialized Scheduler Signaller of type: class org.quartz.core.SchedulerSignalerImpl
Dec 10, 2020 9:04:19 PM org.quartz.core.QuartzScheduler <init>
INFO: Quartz Scheduler v.2.3.2 created.
Dec 10, 2020 9:04:19 PM org.quartz.simpl.RAMJobStore initialize
INFO: RAMJobStore initialized.
Dec 10, 2020 9:04:19 PM org.quartz.core.QuartzScheduler initialize
INFO: Scheduler meta-data: Quartz Scheduler (v2.3.2) 'publishScheduler' with instanceId 'NON_CLUSTERED'
  Scheduler class: 'org.quartz.core.QuartzScheduler' - running locally.
  NOT STARTED.
  Currently in standby mode.
  Number of jobs e**cuted: 0
  Using thread pool 'org.quartz.simpl.SimpleThreadPool' - with 10 threads.
  Using job-store 'org.quartz.simpl.RAMJobStore' - which does not support persistence. and is not clustered.

Dec 10, 2020 9:04:19 PM org.quartz.impl.StdSchedulerFactory instantiate
INFO: Quartz scheduler 'publishScheduler' initialized from an externally provided properties instance.
Dec 10, 2020 9:04:19 PM org.quartz.impl.StdSchedulerFactory instantiate
INFO: Quartz scheduler version: 2.3.2
Dec 10, 2020 9:04:19 PM org.quartz.core.QuartzScheduler setJobFactory
INFO: JobFactory set to: org.springframework.scheduling.quartz.AdaptableJobFactory@22cde1fe
Dec 10, 2020 9:04:20 PM org.springframework.security.web.DefaultSecurityFilterChain <init>
INFO: Creating filter chain: OrRequestMatcher [requestMatchers=[Ant [pattern='/oauth/token'], Ant [pattern='/oauth/token_key'], Ant [pattern='/oauth/check_token']]], [org.springframework.security.web.context.request.async.WebAsyncManagerIntegrationFilter@21988824, org.springframework.security.web.context.SecurityContextPersistenceFilter@43cd1efd, org.springframework.security.web.header.HeaderWriterFilter@520ada59, org.springframework.security.web.authentication.logout.LogoutFilter@607cf35d, org.springframework.web.filter.CorsFilter@7fb9f331, org.springframework.security.web.authentication.www.BasicAuthenticationFilter@456b472e, org.springframework.security.web.savedrequest.RequestCacheAwareFilter@7c3546fb, org.springframework.security.web.servletapi.SecurityContextHolderAwareRequestFilter@1090c8c0, org.springframework.security.web.authentication.AnonymousAuthenticationFilter@50d1a27d, org.springframework.security.web.session.SessionManagementFilter@568e63d3, org.springframework.security.web.access.ExceptionTranslationFilter@1bac313, org.springframework.security.web.access.intercept.FilterSecurityInterceptor@2cd084a6]
Dec 10, 2020 9:04:20 PM org.springframework.security.web.DefaultSecurityFilterChain <init>
INFO: Creating filter chain: any request, [org.springframework.security.web.context.request.async.WebAsyncManagerIntegrationFilter@7c44e3d4, org.springframework.security.web.context.SecurityContextPersistenceFilter@13c1f335, org.springframework.security.web.header.HeaderWriterFilter@24b5d9fb, org.springframework.web.filter.CorsFilter@7fb9f331, org.springframework.security.web.authentication.logout.LogoutFilter@6080ecaa, org.springframework.security.web.savedrequest.RequestCacheAwareFilter@38b7ba32, org.springframework.security.web.servletapi.SecurityContextHolderAwareRequestFilter@3247c6de, org.springframework.security.web.session.SessionManagementFilter@3e1d8115, org.springframework.security.web.access.ExceptionTranslationFilter@79aa4ef9]
Dec 10, 2020 9:04:21 PM org.springframework.scheduling.quartz.SchedulerFactoryBean startScheduler
INFO: Starting Quartz Scheduler now
Dec 10, 2020 9:04:21 PM org.quartz.core.QuartzScheduler start
INFO: Scheduler publishScheduler_$_NON_CLUSTERED started.
Dec 10, 2020 9:04:21 PM org.quartz.core.QuartzScheduler standby
INFO: Scheduler publishScheduler_$_NON_CLUSTERED paused.
Dec 10, 2020 9:04:21 PM org.springframework.scheduling.quartz.SchedulerFactoryBean destroy
INFO: Shutting down Quartz Scheduler
Dec 10, 2020 9:04:21 PM org.quartz.core.QuartzScheduler shutdown
INFO: Scheduler publishScheduler_$_NON_CLUSTERED shutting down.
Dec 10, 2020 9:04:21 PM org.quartz.core.QuartzScheduler standby
INFO: Scheduler publishScheduler_$_NON_CLUSTERED paused.
Dec 10, 2020 9:04:21 PM org.quartz.core.QuartzScheduler shutdown
INFO: Scheduler publishScheduler_$_NON_CLUSTERED shutdown complete.
Dec 10, 2020 9:04:21 PM org.springframework.scheduling.concurrent.E**cutorConfigurationSupport shutdown
INFO: Shutting down E**cutorService 'entandoScheduler'
[INFO] Tests run: 1, Failures: 0, Errors: 0, Skipped: 0, Time elapsed: 29.279 s - in org.entando.entando.plugins.jpcontentscheduler.aps.TestApsSample
[INFO] Running org.entando.entando.plugins.jpcontentscheduler.aps*****.TestApsAdminSample
Dec 10, 2020 9:04:21 PM org.springframework.mock.jndi.SimpleNamingContextBuilder bind
INFO: Static JNDI binding: [java:comp/env/logName] = [/workspace/source/target/test/entando-plugin-jpcontentscheduler]
Dec 10, 2020 9:04:21 PM org.springframework.mock.jndi.SimpleNamingContextBuilder bind
INFO: Static JNDI binding: [java:comp/env/logFileRotatePattern] = [/workspace/source/target/test/entando-plugin-jpcontentscheduler_logs/entando-plugin-jpcontentscheduler-%i.log.gz]
Dec 10, 2020 9:04:21 PM org.springframework.mock.jndi.SimpleNamingContextBuilder bind
INFO: Static JNDI binding: [java:comp/env/logLevel] = [ERROR]
Dec 10, 2020 9:04:21 PM org.springframework.mock.jndi.SimpleNamingContextBuilder bind
INFO: Static JNDI binding: [java:comp/env/logFileSize] = [1048576]
Dec 10, 2020 9:04:21 PM org.springframework.mock.jndi.SimpleNamingContextBuilder bind
INFO: Static JNDI binding: [java:comp/env/logFilesCount] = [10]
Dec 10, 2020 9:04:21 PM org.springframework.mock.jndi.SimpleNamingContextBuilder bind
INFO: Static JNDI binding: [java:comp/env/configVersion] = [test]
Dec 10, 2020 9:04:21 PM org.springframework.mock.jndi.SimpleNamingContextBuilder bind
INFO: Static JNDI binding: [java:comp/env/applicationBaseURL] = [/Entando/]
Dec 10, 2020 9:04:21 PM org.springframework.mock.jndi.SimpleNamingContextBuilder bind
INFO: Static JNDI binding: [java:comp/env/resourceRootURL] = [/Entando/resources/]
Dec 10, 2020 9:04:21 PM org.springframework.mock.jndi.SimpleNamingContextBuilder bind
INFO: Static JNDI binding: [java:comp/env/protectedResourceRootURL] = [/Entando/protected/]
Dec 10, 2020 9:04:21 PM org.springframework.mock.jndi.SimpleNamingContextBuilder bind
INFO: Static JNDI binding: [java:comp/env/resourceDiskRootFolder] = [target/test/resources/]
Dec 10, 2020 9:04:21 PM org.springframework.mock.jndi.SimpleNamingContextBuilder bind
INFO: Static JNDI binding: [java:comp/env/protectedResourceDiskRootFolder] = [target/test/protected/]
Dec 10, 2020 9:04:21 PM org.springframework.mock.jndi.SimpleNamingContextBuilder bind
INFO: Static JNDI binding: [java:comp/env/indexDiskRootFolder] = [target/test/indexdir]
Dec 10, 2020 9:04:21 PM org.springframework.mock.jndi.SimpleNamingContextBuilder bind
INFO: Static JNDI binding: [java:comp/env/portDataSourceClassName] = [org.apache.derby.jdbc.EmbeddedDriver]
Dec 10, 2020 9:04:21 PM org.springframework.mock.jndi.SimpleNamingContextBuilder bind
INFO: Static JNDI binding: [java:comp/env/logActiveFileOutput] = [*****]
Dec 10, 2020 9:04:21 PM org.springframework.mock.jndi.SimpleNamingContextBuilder bind
INFO: Static JNDI binding: [java:comp/env/jdbc.servDb.url] = [jdbc:derby:/workspace/source/target/test/db/entando-plugin-jpcontentschedulertestServ;create=true]
Dec 10, 2020 9:04:21 PM org.springframework.mock.jndi.SimpleNamingContextBuilder bind
INFO: Static JNDI binding: [java:comp/env/servDataSourceClassName] = [org.apache.derby.jdbc.EmbeddedDriver]
Dec 10, 2020 9:04:21 PM org.springframework.mock.jndi.SimpleNamingContextBuilder bind
INFO: Static JNDI binding: [java:comp/env/logFilesCount] = [10]
Dec 10, 2020 9:04:21 PM org.springframework.mock.jndi.SimpleNamingContextBuilder bind
INFO: Static JNDI binding: [java:comp/env/applicationBaseURL] = [/Entando/]
Dec 10, 2020 9:04:21 PM org.springframework.mock.jndi.SimpleNamingContextBuilder bind
INFO: Static JNDI binding: [java:comp/env/jdbc.portDb.password] = [agile]
Dec 10, 2020 9:04:21 PM org.springframework.mock.jndi.SimpleNamingContextBuilder bind
INFO: Static JNDI binding: [java:comp/env/logLevel] = [ERROR]
Dec 10, 2020 9:04:21 PM org.springframework.mock.jndi.SimpleNamingContextBuilder bind
INFO: Static JNDI binding: [java:comp/env/indexDiskRootFolder] = [target/test/indexdir]
Dec 10, 2020 9:04:21 PM org.springframework.mock.jndi.SimpleNamingContextBuilder bind
INFO: Static JNDI binding: [java:comp/env/logFileSize] = [1048576]
Dec 10, 2020 9:04:21 PM org.springframework.mock.jndi.SimpleNamingContextBuilder bind
INFO: Static JNDI binding: [java:comp/env/resourceDiskRootFolder] = [target/test/resources/]
Dec 10, 2020 9:04:21 PM org.springframework.mock.jndi.SimpleNamingContextBuilder bind
INFO: Static JNDI binding: [java:comp/env/protectedResourceRootURL] = [/Entando/protected/]
Dec 10, 2020 9:04:21 PM org.springframework.mock.jndi.SimpleNamingContextBuilder bind
INFO: Static JNDI binding: [java:comp/env/resourceRootURL] = [/Entando/resources/]
Dec 10, 2020 9:04:21 PM org.springframework.mock.jndi.SimpleNamingContextBuilder bind
INFO: Static JNDI binding: [java:comp/env/configVersion] = [test]
Dec 10, 2020 9:04:21 PM org.springframework.mock.jndi.SimpleNamingContextBuilder bind
INFO: Static JNDI binding: [java:comp/env/jdbc.servDb.beanName] = [servDataSource]
Dec 10, 2020 9:04:21 PM org.springframework.mock.jndi.SimpleNamingContextBuilder bind
INFO: Static JNDI binding: [java:comp/env/jdbc.portDb.url] = [jdbc:derby:/workspace/source/target/test/db/entando-plugin-jpcontentschedulertestPort;create=true]
Dec 10, 2020 9:04:21 PM org.springframework.mock.jndi.SimpleNamingContextBuilder bind
INFO: Static JNDI binding: [java:comp/env/jdbc.servDb.driverClassName] = [org.apache.derby.jdbc.EmbeddedDriver]
Dec 10, 2020 9:04:21 PM org.springframework.mock.jndi.SimpleNamingContextBuilder bind
INFO: Static JNDI binding: [java:comp/env/protectedResourceDiskRootFolder] = [target/test/protected/]
Dec 10, 2020 9:04:21 PM org.springframework.mock.jndi.SimpleNamingContextBuilder bind
INFO: Static JNDI binding: [java:comp/env/jdbc.portDb.beanName] = [portDataSource]
Dec 10, 2020 9:04:21 PM org.springframework.mock.jndi.SimpleNamingContextBuilder bind
INFO: Static JNDI binding: [java:comp/env/jdbc.servDb.password] = [agile]
Dec 10, 2020 9:04:21 PM org.springframework.mock.jndi.SimpleNamingContextBuilder bind
INFO: Static JNDI binding: [java:comp/env/jdbc.portDb.driverClassName] = [org.apache.derby.jdbc.EmbeddedDriver]
Dec 10, 2020 9:04:21 PM org.springframework.mock.jndi.SimpleNamingContextBuilder bind
INFO: Static JNDI binding: [java:comp/env/jdbc.portDb.username] = [agile]
Dec 10, 2020 9:04:21 PM org.springframework.mock.jndi.SimpleNamingContextBuilder bind
INFO: Static JNDI binding: [java:comp/env/jdbc.servDb.username] = [agile]
Dec 10, 2020 9:04:21 PM org.springframework.mock.jndi.SimpleNamingContextBuilder bind
INFO: Static JNDI binding: [java:comp/env/logName] = [/workspace/source/target/test/entando-plugin-jpcontentscheduler]
Dec 10, 2020 9:04:21 PM org.springframework.mock.jndi.SimpleNamingContextBuilder bind
INFO: Static JNDI binding: [java:comp/env/logFileRotatePattern] = [/workspace/source/target/test/entando-plugin-jpcontentscheduler_logs/entando-plugin-jpcontentscheduler-%i.log.gz]
Dec 10, 2020 9:04:21 PM org.springframework.mock.jndi.SimpleNamingContextBuilder bind
INFO: Static JNDI binding: [java:comp/env/jdbc/servDataSource] = [org.apache.commons.dbcp2.BasicDataSource@4635ae7f]
Dec 10, 2020 9:04:21 PM org.springframework.mock.jndi.SimpleNamingContextBuilder bind
INFO: Static JNDI binding: [java:comp/env/jdbc/portDataSource] = [org.apache.commons.dbcp2.BasicDataSource@781d428e]
Dec 10, 2020 9:04:21 PM org.springframework.mock.web.MockServletContext log
INFO: Initializing Spring **** WebApplicationContext
Dec 10, 2020 9:04:21 PM org.springframework.web.context.ContextLoader initWebApplicationContext
INFO: Root WebApplicationContext: initialization started
Dec 10, 2020 9:04:24 PM org.entando.entando.ent.util.EntLogging$EntLogger info
INFO: + [ Component: Core ] :: DATA
|   
Dec 10, 2020 9:04:24 PM org.entando.entando.ent.util.EntLogging$EntLogger info
INFO: + [ Component: jacms ] :: DATA
|   
Dec 10, 2020 9:04:24 PM org.entando.entando.ent.util.EntLogging$EntLogger info
INFO: + [ Component: jpmail ] :: DATA
|   
Dec 10, 2020 9:04:24 PM org.entando.entando.ent.util.EntLogging$EntLogger info
INFO: + [ Component: entando-*****-console ] :: DATA
|   
Dec 10, 2020 9:04:24 PM org.entando.entando.ent.util.EntLogging$EntLogger info
INFO: + [ Component: entando-portal-ui ] :: DATA
|   
Dec 10, 2020 9:04:24 PM org.entando.entando.ent.util.EntLogging$EntLogger info
INFO: + [ Component: jpcontentscheduler ] :: DATA
|   
Dec 10, 2020 9:04:24 PM org.entando.entando.ent.util.EntLogging$EntLogger info
INFO: + [ Component: Core ] :: DATA
|   
Dec 10, 2020 9:04:24 PM org.entando.entando.ent.util.EntLogging$EntLogger info
INFO: + [ Component: jacms ] :: DATA
|   
Dec 10, 2020 9:04:24 PM org.entando.entando.ent.util.EntLogging$EntLogger info
INFO: + [ Component: jpmail ] :: DATA
|   
Dec 10, 2020 9:04:24 PM org.entando.entando.ent.util.EntLogging$EntLogger info
INFO: + [ Component: entando-*****-console ] :: DATA
|   
Dec 10, 2020 9:04:24 PM org.entando.entando.ent.util.EntLogging$EntLogger info
INFO: + [ Component: entando-portal-ui ] :: DATA
|   
Dec 10, 2020 9:04:24 PM org.entando.entando.ent.util.EntLogging$EntLogger info
INFO: + [ Component: jpcontentscheduler ] :: DATA
|   
Dec 10, 2020 9:04:32 PM org.springframework.scheduling.concurrent.E**cutorConfigurationSupport initialize
INFO: Initializing E**cutorService 'entandoScheduler'
Dec 10, 2020 9:04:32 PM org.entando.entando.plugins.jpcontentscheduler.aps.******.services.content.ContentSchedulerManager init
INFO: org.entando.entando.plugins.jpcontentscheduler.aps.******.services.content.ContentSchedulerManager: inizializzato
Dec 10, 2020 9:04:32 PM org.quartz.impl.StdSchedulerFactory instantiate
INFO: Using default implementation for ThreadE**cutor
Dec 10, 2020 9:04:32 PM org.quartz.core.SchedulerSignalerImpl <init>
INFO: Initialized Scheduler Signaller of type: class org.quartz.core.SchedulerSignalerImpl
Dec 10, 2020 9:04:32 PM org.quartz.core.QuartzScheduler <init>
INFO: Quartz Scheduler v.2.3.2 created.
Dec 10, 2020 9:04:32 PM org.quartz.simpl.RAMJobStore initialize
INFO: RAMJobStore initialized.
Dec 10, 2020 9:04:32 PM org.quartz.core.QuartzScheduler initialize
INFO: Scheduler meta-data: Quartz Scheduler (v2.3.2) 'publishScheduler' with instanceId 'NON_CLUSTERED'
  Scheduler class: 'org.quartz.core.QuartzScheduler' - running locally.
  NOT STARTED.
  Currently in standby mode.
  Number of jobs e**cuted: 0
  Using thread pool 'org.quartz.simpl.SimpleThreadPool' - with 10 threads.
  Using job-store 'org.quartz.simpl.RAMJobStore' - which does not support persistence. and is not clustered.

Dec 10, 2020 9:04:32 PM org.quartz.impl.StdSchedulerFactory instantiate
INFO: Quartz scheduler 'publishScheduler' initialized from an externally provided properties instance.
Dec 10, 2020 9:04:32 PM org.quartz.impl.StdSchedulerFactory instantiate
INFO: Quartz scheduler version: 2.3.2
Dec 10, 2020 9:04:32 PM org.quartz.core.QuartzScheduler setJobFactory
INFO: JobFactory set to: org.springframework.scheduling.quartz.AdaptableJobFactory@5c008fdd
Dec 10, 2020 9:04:33 PM org.springframework.security.web.DefaultSecurityFilterChain <init>
INFO: Creating filter chain: OrRequestMatcher [requestMatchers=[Ant [pattern='/oauth/token'], Ant [pattern='/oauth/token_key'], Ant [pattern='/oauth/check_token']]], [org.springframework.security.web.context.request.async.WebAsyncManagerIntegrationFilter@783afb45, org.springframework.security.web.context.SecurityContextPersistenceFilter@7afb277e, org.springframework.security.web.header.HeaderWriterFilter@44a14fb3, org.springframework.security.web.authentication.logout.LogoutFilter@78aef37f, org.springframework.web.filter.CorsFilter@2619be77, org.springframework.security.web.authentication.www.BasicAuthenticationFilter@5d27fb5c, org.springframework.security.web.savedrequest.RequestCacheAwareFilter@675d52b0, org.springframework.security.web.servletapi.SecurityContextHolderAwareRequestFilter@2f7a9795, org.springframework.security.web.authentication.AnonymousAuthenticationFilter@69841810, org.springframework.security.web.session.SessionManagementFilter@33884480, org.springframework.security.web.access.ExceptionTranslationFilter@41ef05af, org.springframework.security.web.access.intercept.FilterSecurityInterceptor@a5e6d2d]
Dec 10, 2020 9:04:33 PM org.springframework.security.web.DefaultSecurityFilterChain <init>
INFO: Creating filter chain: any request, [org.springframework.security.web.context.request.async.WebAsyncManagerIntegrationFilter@19d22029, org.springframework.security.web.context.SecurityContextPersistenceFilter@1d6c3ab6, org.springframework.security.web.header.HeaderWriterFilter@4b168708, org.springframework.web.filter.CorsFilter@2619be77, org.springframework.security.web.authentication.logout.LogoutFilter@65970fa7, org.springframework.security.web.savedrequest.RequestCacheAwareFilter@45713f8b, org.springframework.security.web.servletapi.SecurityContextHolderAwareRequestFilter@3a20ceea, org.springframework.security.web.session.SessionManagementFilter@13d98637, org.springframework.security.web.access.ExceptionTranslationFilter@21b4bc3]
Dec 10, 2020 9:04:34 PM org.springframework.scheduling.quartz.SchedulerFactoryBean startScheduler
INFO: Starting Quartz Scheduler now
Dec 10, 2020 9:04:34 PM org.quartz.core.QuartzScheduler start
INFO: Scheduler publishScheduler_$_NON_CLUSTERED started.
Dec 10, 2020 9:04:34 PM org.springframework.web.context.ContextLoader initWebApplicationContext
INFO: Root WebApplicationContext initialized in 12978 ms
Dec 10, 2020 9:04:34 PM org.springframework.scheduling.quartz.SchedulerFactoryBean destroy
INFO: Shutting down Quartz Scheduler
Dec 10, 2020 9:04:34 PM org.quartz.core.QuartzScheduler shutdown
INFO: Scheduler publishScheduler_$_NON_CLUSTERED shutting down.
Dec 10, 2020 9:04:34 PM org.quartz.core.QuartzScheduler standby
INFO: Scheduler publishScheduler_$_NON_CLUSTERED paused.
Dec 10, 2020 9:04:34 PM org.quartz.core.QuartzScheduler shutdown
INFO: Scheduler publishScheduler_$_NON_CLUSTERED shutdown complete.
Dec 10, 2020 9:04:34 PM org.springframework.scheduling.concurrent.E**cutorConfigurationSupport shutdown
INFO: Shutting down E**cutorService 'entandoScheduler'
Dec 10, 2020 9:04:37 PM org.entando.entando.ent.util.EntLogging$EntLogger info
INFO: + [ Component: Core ] :: DATA
|   
Dec 10, 2020 9:04:37 PM org.entando.entando.ent.util.EntLogging$EntLogger info
INFO: + [ Component: jacms ] :: DATA
|   
Dec 10, 2020 9:04:37 PM org.entando.entando.ent.util.EntLogging$EntLogger info
INFO: + [ Component: jpmail ] :: DATA
|   
Dec 10, 2020 9:04:37 PM org.entando.entando.ent.util.EntLogging$EntLogger info
INFO: + [ Component: entando-*****-console ] :: DATA
|   
Dec 10, 2020 9:04:37 PM org.entando.entando.ent.util.EntLogging$EntLogger info
INFO: + [ Component: entando-portal-ui ] :: DATA
|   
Dec 10, 2020 9:04:37 PM org.entando.entando.ent.util.EntLogging$EntLogger info
INFO: + [ Component: jpcontentscheduler ] :: DATA
|   
Dec 10, 2020 9:04:37 PM org.entando.entando.ent.util.EntLogging$EntLogger info
INFO: + [ Component: Core ] :: DATA
|   
Dec 10, 2020 9:04:37 PM org.entando.entando.ent.util.EntLogging$EntLogger info
INFO: + [ Component: jacms ] :: DATA
|   
Dec 10, 2020 9:04:37 PM org.entando.entando.ent.util.EntLogging$EntLogger info
INFO: + [ Component: jpmail ] :: DATA
|   
Dec 10, 2020 9:04:37 PM org.entando.entando.ent.util.EntLogging$EntLogger info
INFO: + [ Component: entando-*****-console ] :: DATA
|   
Dec 10, 2020 9:04:37 PM org.entando.entando.ent.util.EntLogging$EntLogger info
INFO: + [ Component: entando-portal-ui ] :: DATA
|   
Dec 10, 2020 9:04:37 PM org.entando.entando.ent.util.EntLogging$EntLogger info
INFO: + [ Component: jpcontentscheduler ] :: DATA
|   
Dec 10, 2020 9:04:45 PM org.springframework.scheduling.concurrent.E**cutorConfigurationSupport initialize
INFO: Initializing E**cutorService 'entandoScheduler'
Dec 10, 2020 9:04:45 PM org.entando.entando.plugins.jpcontentscheduler.aps.******.services.content.ContentSchedulerManager init
INFO: org.entando.entando.plugins.jpcontentscheduler.aps.******.services.content.ContentSchedulerManager: inizializzato
Dec 10, 2020 9:04:45 PM org.quartz.impl.StdSchedulerFactory instantiate
INFO: Using default implementation for ThreadE**cutor
Dec 10, 2020 9:04:45 PM org.quartz.core.SchedulerSignalerImpl <init>
INFO: Initialized Scheduler Signaller of type: class org.quartz.core.SchedulerSignalerImpl
Dec 10, 2020 9:04:45 PM org.quartz.core.QuartzScheduler <init>
INFO: Quartz Scheduler v.2.3.2 created.
Dec 10, 2020 9:04:45 PM org.quartz.simpl.RAMJobStore initialize
INFO: RAMJobStore initialized.
Dec 10, 2020 9:04:45 PM org.quartz.core.QuartzScheduler initialize
INFO: Scheduler meta-data: Quartz Scheduler (v2.3.2) 'publishScheduler' with instanceId 'NON_CLUSTERED'
  Scheduler class: 'org.quartz.core.QuartzScheduler' - running locally.
  NOT STARTED.
  Currently in standby mode.
  Number of jobs e**cuted: 0
  Using thread pool 'org.quartz.simpl.SimpleThreadPool' - with 10 threads.
  Using job-store 'org.quartz.simpl.RAMJobStore' - which does not support persistence. and is not clustered.

Dec 10, 2020 9:04:45 PM org.quartz.impl.StdSchedulerFactory instantiate
INFO: Quartz scheduler 'publishScheduler' initialized from an externally provided properties instance.
Dec 10, 2020 9:04:45 PM org.quartz.impl.StdSchedulerFactory instantiate
INFO: Quartz scheduler version: 2.3.2
Dec 10, 2020 9:04:45 PM org.quartz.core.QuartzScheduler setJobFactory
INFO: JobFactory set to: org.springframework.scheduling.quartz.AdaptableJobFactory@b790922
Dec 10, 2020 9:04:46 PM org.springframework.security.web.DefaultSecurityFilterChain <init>
INFO: Creating filter chain: OrRequestMatcher [requestMatchers=[Ant [pattern='/oauth/token'], Ant [pattern='/oauth/token_key'], Ant [pattern='/oauth/check_token']]], [org.springframework.security.web.context.request.async.WebAsyncManagerIntegrationFilter@50996686, org.springframework.security.web.context.SecurityContextPersistenceFilter@26416619, org.springframework.security.web.header.HeaderWriterFilter@783e7860, org.springframework.security.web.authentication.logout.LogoutFilter@4305128d, org.springframework.web.filter.CorsFilter@3958a251, org.springframework.security.web.authentication.www.BasicAuthenticationFilter@1399e2a7, org.springframework.security.web.savedrequest.RequestCacheAwareFilter@6be48e8, org.springframework.security.web.servletapi.SecurityContextHolderAwareRequestFilter@32206216, org.springframework.security.web.authentication.AnonymousAuthenticationFilter@f023c7, org.springframework.security.web.session.SessionManagementFilter@39e9c0b, org.springframework.security.web.access.ExceptionTranslationFilter@2de0c8dc, org.springframework.security.web.access.intercept.FilterSecurityInterceptor@2f0b4369]
Dec 10, 2020 9:04:46 PM org.springframework.security.web.DefaultSecurityFilterChain <init>
[INFO ] 2020-12-10 21:04:48.532 [main] SpringObjectFactory - Setting autowire strategy to name
[INFO ] 2020-12-10 21:04:50.089 [main] SpringObjectFactory - Setting autowire strategy to name
INFO: Creating filter chain: any request, [org.springframework.security.web.context.request.async.WebAsyncManagerIntegrationFilter@15f91aa2, org.springframework.security.web.context.SecurityContextPersistenceFilter@4680ea64, org.springframework.security.web.header.HeaderWriterFilter@42bbb30e, org.springframework.web.filter.CorsFilter@3958a251, org.springframework.security.web.authentication.logout.LogoutFilter@546b1981, org.springframework.security.web.savedrequest.RequestCacheAwareFilter@27c04d12, org.springframework.security.web.servletapi.SecurityContextHolderAwareRequestFilter@38fcb927, org.springframework.security.web.session.SessionManagementFilter@bdce4f5, org.springframework.security.web.access.ExceptionTranslationFilter@43d44ea8]
Dec 10, 2020 9:04:47 PM org.springframework.scheduling.quartz.SchedulerFactoryBean startScheduler
INFO: Starting Quartz Scheduler now
Dec 10, 2020 9:04:47 PM org.quartz.core.QuartzScheduler start
INFO: Scheduler publishScheduler_$_NON_CLUSTERED started.
Dec 10, 2020 9:04:51 PM org.entando.entando.ent.util.EntLogging$EntLogger warn
WARNING: Unrecognized location of resource '/workspace/source/target/classes/org/entando/entando/plugins/jpcontentscheduler/aps*****/global-messages_en.properties'
Dec 10, 2020 9:04:51 PM org.entando.entando.ent.util.EntLogging$EntLogger warn
WARNING: Unrecognized location of resource '/workspace/source/target/classes/org/entando/entando/plugins/jpcontentscheduler/aps*****/global-messages_it.properties'
Dec 10, 2020 9:04:51 PM org.entando.entando.ent.util.EntLogging$EntLogger warn
WARNING: Unrecognized location of resource 'file:/home/jenkins/.mvnrepository/org/entando/entando/plugins/entando-plugin-jacms/6.3.0/entando-plugin-jacms-6.3.0-classes.jar!/org/entando/entando/plugins/jacms/aps*****/global-messages_en.properties'
Dec 10, 2020 9:04:51 PM org.entando.entando.ent.util.EntLogging$EntLogger warn
WARNING: Unrecognized location of resource 'file:/home/jenkins/.mvnrepository/org/entando/entando/plugins/entando-plugin-jacms/6.3.0/entando-plugin-jacms-6.3.0-classes.jar!/org/entando/entando/plugins/jacms/aps*****/global-messages_it.properties'
Dec 10, 2020 9:04:51 PM org.entando.entando.ent.util.EntLogging$EntLogger warn
WARNING: Unrecognized location of resource 'file:/home/jenkins/.mvnrepository/org/entando/entando/plugins/entando-plugin-jacms/6.3.0/entando-plugin-jacms-6.3.0-classes.jar!/com/agiletec/plugins/jacms/aps*****/global-messages_en.properties'
Dec 10, 2020 9:04:51 PM org.entando.entando.ent.util.EntLogging$EntLogger warn
WARNING: Unrecognized location of resource 'file:/home/jenkins/.mvnrepository/org/entando/entando/plugins/entando-plugin-jacms/6.3.0/entando-plugin-jacms-6.3.0-classes.jar!/com/agiletec/plugins/jacms/aps*****/global-messages_it.properties'
Dec 10, 2020 9:04:51 PM org.entando.entando.ent.util.EntLogging$EntLogger warn
WARNING: Unrecognized location of resource 'file:/home/jenkins/.mvnrepository/org/entando/entando/plugins/entando-plugin-jpmail/6.3.0/entando-plugin-jpmail-6.3.0-classes.jar!/com/agiletec/plugins/jpmail/aps*****/global-messages_en.properties'
Dec 10, 2020 9:04:51 PM org.entando.entando.ent.util.EntLogging$EntLogger warn
WARNING: Unrecognized location of resource 'file:/home/jenkins/.mvnrepository/org/entando/entando/plugins/entando-plugin-jpmail/6.3.0/entando-plugin-jpmail-6.3.0-classes.jar!/com/agiletec/plugins/jpmail/aps*****/global-messages_it.properties'
[INFO] Tests run: 1, Failures: 0, Errors: 0, Skipped: 0, Time elapsed: 32.664 s - in org.entando.entando.plugins.jpcontentscheduler.aps*****.TestApsAdminSample
[INFO] 
[INFO] Results:
[INFO] 
[INFO] Tests run: 3, Failures: 0, Errors: 0, Skipped: 0
[INFO] 
[INFO] 
[INFO] --- maven-war-plugin:2.1.1:war (default-war) @ entando-plugin-jpcontentscheduler ---
[INFO] Packaging webapp
[INFO] Assembling webapp [entando-plugin-jpcontentscheduler] in [/workspace/source/target/entando-plugin-jpcontentscheduler-0.0.0-SNAPSHOT-PR-16-1]
[INFO] Processing war project
[INFO] Copying webapp resources [/workspace/source/src/main/webapp]
[INFO] Building jar: /workspace/source/target/entando-plugin-jpcontentscheduler-0.0.0-SNAPSHOT-PR-16-1/WEB-INF/lib/entando-plugin-jpcontentscheduler-0.0.0-SNAPSHOT-PR-16-1.jar
[INFO] Webapp assembled in [1158 msecs]
[INFO] Building war: /workspace/source/target/entando-plugin-jpcontentscheduler-0.0.0-SNAPSHOT-PR-16-1.war
[INFO] 
[INFO] --- maven-assembly-plugin:2.2.1:single (package-classes) @ entando-plugin-jpcontentscheduler ---
[INFO] Reading assembly descriptor: /workspace/source/src/main/assembly/classes.xml
[INFO] Building jar: /workspace/source/target/entando-plugin-jpcontentscheduler-0.0.0-SNAPSHOT-PR-16-1-classes.jar
[INFO] 
[INFO] --- maven-jar-plugin:3.2.0:test-jar (build-test-jar) @ entando-plugin-jpcontentscheduler ---
[INFO] Building jar: /workspace/source/target/entando-plugin-jpcontentscheduler-0.0.0-SNAPSHOT-PR-16-1-tests.jar
[INFO] 
[INFO] --- maven-surefire-report-plugin:3.0.0-M4:failsafe-report-only (integration-tests) @ entando-plugin-jpcontentscheduler ---
[INFO] 
[INFO] --- dependency-check-maven:5.3.2:aggregate (default) @ entando-plugin-jpcontentscheduler ---
[INFO] 

Dependency-Check is an open source tool performing a best effort analysis of 3rd party dependencies; ***** positives and ***** negatives may exist in the analysis performed by the tool. Use of the tool and the reporting provided constitutes acceptance for use in an AS IS condition, and there are NO warranties, implied or otherwise, with regard to the analysis or its use. Any use of the tool and the reporting provided is at the user’s risk. In no event shall the copyright holder or OWASP be held liable for any damages whatsoever arising out of or in connection with the use of this tool, the analysis performed, or the resulting report.


[INFO] Analysis Started
[INFO] Finished Archive Analyzer (3 seconds)
[INFO] Finished File Name Analyzer (0 seconds)
[INFO] Finished Jar Analyzer (5 seconds)
[ERROR] ----------------------------------------------------
[ERROR] .NET Assembly Analyzer could not be initialized and at least one 'e**' or 'dll' was scanned. The 'dotnet' e**cutable could not be found on the path; either disable the Assembly Analyzer or add the path to dotnet core in the configuration.
[ERROR] ----------------------------------------------------
[INFO] Finished Dependency Merging Analyzer (0 seconds)
[INFO] Finished Version Filter Analyzer (0 seconds)
[INFO] Finished Hint Analyzer (0 seconds)
[INFO] Created CPE Index (8 seconds)
[INFO] Finished CPE Analyzer (17 seconds)
[INFO] Finished False Positive Analyzer (0 seconds)
[INFO] Finished NVD CVE Analyzer (0 seconds)
[INFO] Finished Sonatype OSS Index Analyzer (5 seconds)
[INFO] Finished Vulnerability Suppression Analyzer (0 seconds)
[INFO] Finished Dependency Bundling Analyzer (0 seconds)
[INFO] Analysis Complete (35 seconds)
[INFO] 
[INFO] --- jacoco-maven-plugin:0.8.5:report (report) @ entando-plugin-jpcontentscheduler ---
[INFO] Loading e**cution data file /workspace/source/target/jacoco.e**c
[INFO] Analyzed bundle 'Entando Plugin: Content Scheduler' with 16 classes
[INFO] 
[INFO] --- maven-surefire-report-plugin:3.0.0-M4:report-only (unit-tests) @ entando-plugin-jpcontentscheduler ---
[WARNING] Unable to locate Test Source XRef to link to - DISABLED
[INFO] 
[INFO] --- maven-install-plugin:2.4:install (default-install) @ entando-plugin-jpcontentscheduler ---
[INFO] Installing /workspace/source/target/entando-plugin-jpcontentscheduler-0.0.0-SNAPSHOT-PR-16-1.war to /home/jenkins/.mvnrepository/org/entando/entando/plugins/entando-plugin-jpcontentscheduler/0.0.0-SNAPSHOT-PR-16-1/entando-plugin-jpcontentscheduler-0.0.0-SNAPSHOT-PR-16-1.war
[INFO] Installing /workspace/source/pom.xml to /home/jenkins/.mvnrepository/org/entando/entando/plugins/entando-plugin-jpcontentscheduler/0.0.0-SNAPSHOT-PR-16-1/entando-plugin-jpcontentscheduler-0.0.0-SNAPSHOT-PR-16-1.pom
[INFO] Installing /workspace/source/target/entando-plugin-jpcontentscheduler-0.0.0-SNAPSHOT-PR-16-1-classes.jar to /home/jenkins/.mvnrepository/org/entando/entando/plugins/entando-plugin-jpcontentscheduler/0.0.0-SNAPSHOT-PR-16-1/entando-plugin-jpcontentscheduler-0.0.0-SNAPSHOT-PR-16-1-classes.jar
[INFO] Installing /workspace/source/target/entando-plugin-jpcontentscheduler-0.0.0-SNAPSHOT-PR-16-1-tests.jar to /home/jenkins/.mvnrepository/org/entando/entando/plugins/entando-plugin-jpcontentscheduler/0.0.0-SNAPSHOT-PR-16-1/entando-plugin-jpcontentscheduler-0.0.0-SNAPSHOT-PR-16-1-tests.jar
[INFO] 
[INFO] ---< org.entando.entando.plugins:entando-plugin-jpcontentscheduler >----
[INFO] Building Entando Plugin: Content Scheduler 0.0.0-SNAPSHOT-PR-16-1
[INFO] --------------------------------[ war ]---------------------------------
[INFO] 
[INFO] --- sonar-maven-plugin:3.7.0.1746:sonar (default-cli) @ entando-plugin-jpcontentscheduler ---
[INFO] User cache: /****/.sonar/cache
[INFO] SonarQube version: 8.5.0
[INFO] Default locale: "en_US", source code encoding: "UTF-8"
[INFO] Load global settings
[INFO] Load global settings (done) | time=298ms
[INFO] Server id: 1BD809FA-AWHW8ct9-T_TB3XqouNu
[INFO] User cache: /****/.sonar/cache
[INFO] Load/download plugins
[INFO] Load plugins index
[INFO] Load plugins index (done) | time=186ms
[INFO] Load/download plugins (done) | time=26707ms
[INFO] Loaded core extensions: developer-scanner
[INFO] JavaScript/TypeScript frontend is enabled
[INFO] Load project settings for component key: 'entando_entando-plugin-jpcontentscheduler'
[INFO] Load project settings for component key: 'entando_entando-plugin-jpcontentscheduler' (done) | time=25ms
[INFO] Process project properties
[INFO] E**cute project builders
[INFO] E**cute project builders (done) | time=3ms
[INFO] Project key: entando_entando-plugin-jpcontentscheduler
[INFO] Base dir: /workspace/source
[INFO] Working dir: /workspace/source/target/sonar
[INFO] Load project branches
[INFO] Load project branches (done) | time=28ms
[INFO] Check ALM binding of project 'entando_entando-plugin-jpcontentscheduler'
[INFO] Detected project binding: NOT_BOUND
[INFO] Check ALM binding of project 'entando_entando-plugin-jpcontentscheduler' (done) | time=30ms
[INFO] Load project pull requests
[INFO] Load project pull requests (done) | time=39ms
[INFO] Load branch configuration
[INFO] Load branch configuration (done) | time=4ms
[INFO] Load quality profiles
[INFO] Load quality profiles (done) | time=70ms
[INFO] Load active rules
[INFO] Load active rules (done) | time=1813ms
[INFO] Organization key: entando
[INFO] Pull request 16 for merge into master from PR-16
[INFO] SCM collecting changed files in the branch
[WARNING] Exception caught during e**cution of command '[/usr/local/git/bin/git, config, --******, --edit]' in '/usr/local/git/bin', return code '128', error message 'fatal: Invalid path '/usr/local/git/etc': No such file or directory
'
[INFO] SCM collecting changed files in the branch (done) | time=1106ms
[INFO] Indexing files...
[INFO] Project configuration:
[INFO] 50 files inde**d
[INFO] 0 files ignored because of scm ignore settings
[INFO] Quality profile for java: Sonar way
[INFO] Quality profile for jsp: Sonar way
[INFO] Quality profile for xml: Sonar way
[INFO] ------------- Run sensors on module Entando Plugin: Content Scheduler
[INFO] JavaScript/TypeScript frontend is enabled
[INFO] Load metrics repository
[INFO] Load metrics repository (done) | time=42ms
[INFO] Sensor JavaSquidSensor [java]
[INFO] Configured Java source version (sonar.java.source): 8
[INFO] JavaClasspath initialization
[INFO] JavaClasspath initialization (done) | time=23ms
[INFO] JavaTestClasspath initialization
[INFO] JavaTestClasspath initialization (done) | time=12ms
Dec 10, 2020 9:06:51 PM org.apache.jasper.servlet.TldScanner scanJars
INFO: At least one JAR was scanned for TLDs yet contained no TLDs. Enable debug logging for this logger for a complete list of JARs that were scanned but no TLDs were found in them. Skipping unneeded JARs during scanning can improve startup time and JSP compilation time.
[INFO] Java Main Files AST scan
[INFO] 18 source files to be analyzed
[INFO] 1/18 files analyzed, current file: src/main/java/org/entando/entando/plugins/jpcontentscheduler/aps*****/config/ContentThreadConfigGroupsAction.java
[INFO] 4/18 files analyzed, current file: src/main/java/org/entando/entando/plugins/jpcontentscheduler/aps/******/services/content/util/Utils.java
[INFO] 17/18 files analyzed, current file: src/main/java/org/entando/entando/plugins/jpcontentscheduler/aps/******/services/content/ContentJobs.java
[INFO] 18/18 source files have been analyzed
[INFO] Java Main Files AST scan (done) | time=31620ms
[INFO] Java Test Files AST scan
[INFO] 8 source files to be analyzed
[INFO] Java Test Files AST scan (done) | time=1093ms
[INFO] 8/8 source files have been analyzed
[INFO] Java Generated Files AST scan
[INFO] 11 source files to be analyzed
[INFO] Java Generated Files AST scan (done) | time=9162ms
[INFO] 11/11 source files have been analyzed
[INFO] Sensor JavaSquidSensor [java] (done) | time=49068ms
[INFO] Sensor SonarCSS Rules [cssfamily]
[INFO] No CSS, PHP, HTML or VueJS files are found in the project. CSS analysis is skipped.
[INFO] Sensor SonarCSS Rules [cssfamily] (done) | time=10ms
[INFO] Sensor C# Properties [csharp]
[INFO] Sensor C# Properties [csharp] (done) | time=1ms
[INFO] Sensor Import of Checkstyle issues [java]
[WARNING] Checkstyle report not found: /workspace/source/target/checkstyle-result.xml
[INFO] Sensor Import of Checkstyle issues [java] (done) | time=3ms
[INFO] Sensor SurefireSensor [java]
[INFO] parsing [/workspace/source/target/surefire-reports]
[INFO] Sensor SurefireSensor [java] (done) | time=83ms
[INFO] Sensor JavaXmlSensor [java]
[INFO] 6 source files to be analyzed
[INFO] Sensor JavaXmlSensor [java] (done) | time=464ms
[INFO] Sensor HTML [web]
[INFO] 6/6 source files have been analyzed
[INFO] Sensor HTML [web] (done) | time=838ms
[INFO] Sensor XML Sensor [xml]
[INFO] 6 source files to be analyzed
[INFO] Sensor XML Sensor [xml] (done) | time=607ms
[INFO] Sensor VB.NET Properties [vbnet]
[INFO] Sensor VB.NET Properties [vbnet] (done) | time=2ms
[INFO] Sensor JaCoCo XML Report Importer [jacoco]
[INFO] 6/6 source files have been analyzed
[INFO] Importing 1 report(s). Turn your logs in debug mode in order to see the exhaustive list.
[INFO] Sensor JaCoCo XML Report Importer [jacoco] (done) | time=339ms
[INFO] Sensor ThymeLeaf template sensor [securityjavafrontend]
[INFO] Sensor ThymeLeaf template sensor [securityjavafrontend] (done) | time=6ms
[INFO] Sensor JavaSecuritySensor [security]
[INFO] Reading type hierarchy from: /workspace/source/target/sonar/ucfg2/java
[INFO] Read 239 type definitions
[INFO] Reading UCFGs from: /workspace/source/target/sonar/ucfg2/java
[INFO] 21:07:41.788187 Building Type propagation graph
[INFO] 21:07:42.0142 Running Tarjan on 6761 nodes
[INFO] 21:07:42.041919 Tarjan found 6761 components
[INFO] 21:07:42.07346 Variable type analysis: done
[INFO] 21:07:42.080839 Building Type propagation graph
[INFO] 21:07:42.200675 Running Tarjan on 6761 nodes
[INFO] 21:07:42.277522 Tarjan found 6761 components
[INFO] 21:07:42.29419 Variable type analysis: done
[INFO] Analyzing 951 ucfgs to detect vulnerabilities.
[INFO] All rules entrypoints : 0 Retained UCFGs : 0
[INFO] rule: S5131, entrypoints: 0
[INFO] rule: S5131 done
[INFO] rule: S3649, entrypoints: 0
[INFO] rule: S3649 done
[INFO] rule: S2076, entrypoints: 0
[INFO] rule: S2076 done
[INFO] rule: S2091, entrypoints: 0
[INFO] rule: S2091 done
[INFO] rule: S2078, entrypoints: 0
[INFO] rule: S2078 done
[INFO] rule: S2631, entrypoints: 0
[INFO] rule: S2631 done
[INFO] rule: S5135, entrypoints: 0
[INFO] rule: S5135 done
[INFO] rule: S2083, entrypoints: 0
[INFO] rule: S2083 done
[INFO] rule: S5167, entrypoints: 0
[INFO] rule: S5167 done
[INFO] rule: S5144, entrypoints: 0
[INFO] rule: S5144 done
[INFO] rule: S5145, entrypoints: 0
[INFO] rule: S5145 done
[INFO] rule: S5146, entrypoints: 0
[INFO] rule: S5146 done
[INFO] rule: S5334, entrypoints: 0
[INFO] rule: S5334 done
[INFO] Sensor JavaSecuritySensor [security] (done) | time=8875ms
[INFO] Sensor CSharpSecuritySensor [security]
[INFO] Reading type hierarchy from: /workspace/source/target/ucfg_cs2
[INFO] Read 0 type definitions
[INFO] Reading UCFGs from: /workspace/source/target/ucfg_cs2
[INFO] No UCFGs have been included for analysis.
[INFO] Sensor CSharpSecuritySensor [security] (done) | time=2ms
[INFO] Sensor PhpSecuritySensor [security]
[INFO] Reading type hierarchy from: /workspace/source/target/sonar/ucfg2/php
[INFO] Read 0 type definitions
[INFO] Reading UCFGs from: /workspace/source/target/sonar/ucfg2/php
[INFO] No UCFGs have been included for analysis.
[INFO] Sensor PhpSecuritySensor [security] (done) | time=1ms
[INFO] Sensor PythonSecuritySensor [security]
[INFO] Reading type hierarchy from: /workspace/source/target/sonar/ucfg2/python
[INFO] Read 0 type definitions
[INFO] Reading UCFGs from: /workspace/source/target/sonar/ucfg2/python
[INFO] No UCFGs have been included for analysis.
[INFO] Sensor PythonSecuritySensor [security] (done) | time=1ms
[INFO] Sensor JsSecuritySensor [security]
[INFO] Reading type hierarchy from: /workspace/source/target/sonar/ucfg2/js
[INFO] Read 0 type definitions
[INFO] Reading UCFGs from: /workspace/source/target/sonar/ucfg2/js
[INFO] No UCFGs have been included for analysis.
[INFO] Sensor JsSecuritySensor [security] (done) | time=2ms
[INFO] ------------- Run sensors on project
[INFO] Sensor Zero Coverage Sensor
[INFO] Sensor Zero Coverage Sensor (done) | time=1ms
[INFO] Sensor Java CPD Block Inde**r
[INFO] Sensor Java CPD Block Inde**r (done) | time=172ms
[INFO] SCM Publisher SCM provider for this project is: git
[INFO] SCM Publisher 1 source file to be analyzed
[INFO] SCM Publisher 0/1 source files have been analyzed (done) | time=149ms
[WARNING] Missing blame information for the following files:
[WARNING]   * pom.xml
[WARNING] This may lead to missing/broken features in SonarCloud
[INFO] CPD E**cutor 4 files had no CPD blocks
[INFO] CPD E**cutor Calculating CPD for 25 files
[INFO] CPD E**cutor CPD calculation finished (done) | time=244ms
[INFO] SCM writing changed lines
[INFO] SCM writing changed lines (done) | time=71ms
[INFO] Analysis report generated in 375ms, dir size=238 KB
[INFO] Analysis report compressed in 133ms, zip size=75 KB
[INFO] Analysis report uploaded in 141ms
[INFO] ANALYSIS SUCCESSFUL, you can find the results at: https://sonarcloud.io/dashboard?id=entando_entando-plugin-jpcontentscheduler&pullRequest=16
[INFO] Note that you will be able to access the updated dashboard once the server has processed the submitted analysis report
[INFO] More about the report processing at https://sonarcloud.io/api/ce/task?id=AXZOe0VQGeV1RcgAmIUI
[INFO] Analysis total time: 1:16.287 s
[INFO] ------------------------------------------------------------------------
[INFO] BUILD SUCCESS
[INFO] ------------------------------------------------------------------------
[INFO] Total time:  06:35 min
[INFO] Finished at: 2020-12-10T21:07:50Z
[INFO] ------------------------------------------------------------------------
Picked up _JAVA_OPTIONS: -XX:+UnlockExperimentalVMOptions -Dsun.zip.disableMemoryMapping=true -XX:+UseParallelGC -XX:MinHeapFreeRatio=5 -XX:MaxHeapFreeRatio=10 -XX:GCTimeRatio=4 -XX:AdaptiveSizePolicyWeight=90 -Xms10m -Xmx8000m
[INFO] Scanning for projects...
[INFO] 
[INFO] ---< org.entando.entando.plugins:entando-plugin-jpcontentscheduler >----
[INFO] Building Entando Plugin: Content Scheduler 0.0.0-SNAPSHOT-PR-16-1
[INFO] --------------------------------[ war ]---------------------------------
[WARNING] The POM for com.sun.xml.bind:jaxb-impl:jar:2.2.11 is invalid, transitive dependencies (if any) will not be available, enable debug logging for more details
[INFO] 
[INFO] --- maven-site-plugin:3.9.0:site (default-site) @ entando-plugin-jpcontentscheduler ---
[INFO] configuring report plugin org.apache.maven.plugins:maven-project-info-reports-plugin:3.0.0
[INFO] 9 reports configured for maven-project-info-reports-plugin:3.0.0: dependency-info, distribution-management, index, ci-management, issue-management, licenses, plugins, scm, summary
[INFO] Rendering site with default locale English (en)
[WARNING] Unable to find a URL to the parent project. The parent menu will NOT be added.
[INFO] Relativizing decoration links with respect to localized project URL: http://www.entando.com/
[INFO] Rendering content with org.apache.maven.skins:maven-default-skin:jar:1.3 skin.
[INFO] Generating "Dependency Information" report --- maven-project-info-reports-plugin:3.0.0:dependency-info
[INFO] Generating "About" report         --- maven-project-info-reports-plugin:3.0.0:index
[INFO] Generating "Issue Management" report --- maven-project-info-reports-plugin:3.0.0:issue-management
[INFO] Generating "Licenses" report      --- maven-project-info-reports-plugin:3.0.0:licenses
[INFO] Generating "Plugins" report       --- maven-project-info-reports-plugin:3.0.0:plugins
[INFO] Generating "Source Code Management" report --- maven-project-info-reports-plugin:3.0.0:scm
[INFO] Generating "Summary" report       --- maven-project-info-reports-plugin:3.0.0:summary
[INFO] ------------------------------------------------------------------------
[INFO] BUILD SUCCESS
[INFO] ------------------------------------------------------------------------
[INFO] Total time:  30.384 s
[INFO] Finished at: 2020-12-10T21:08:24Z
[INFO] ------------------------------------------------------------------------
shallow cloning https://github.com/entando-k8s/devops-results.git branch gh-pages
ran git init in /tmp/jenkins-x-collect151075677
ran git add remote origin https://github.com/entando-k8s/devops-results.git in /tmp/jenkins-x-collect151075677
ran git fetch origin --depth=1 gh-pages in dir /tmp/jenkins-x-collect151075677
Publishing https://raw.githubusercontent.com/entando-k8s/devops-results/gh-pages/entando-plugin-jpcontentscheduler/PR-16/css/maven-base.css
Publishing https://raw.githubusercontent.com/entando-k8s/devops-results/gh-pages/entando-plugin-jpcontentscheduler/PR-16/css/maven-theme.css
Publishing https://raw.githubusercontent.com/entando-k8s/devops-results/gh-pages/entando-plugin-jpcontentscheduler/PR-16/css/print.css
Publishing https://raw.githubusercontent.com/entando-k8s/devops-results/gh-pages/entando-plugin-jpcontentscheduler/PR-16/css/site.css
Publishing https://raw.githubusercontent.com/entando-k8s/devops-results/gh-pages/entando-plugin-jpcontentscheduler/PR-16/dependency-check-junit.xml
Publishing https://raw.githubusercontent.com/entando-k8s/devops-results/gh-pages/entando-plugin-jpcontentscheduler/PR-16/dependency-check-report.html
Publishing https://raw.githubusercontent.com/entando-k8s/devops-results/gh-pages/entando-plugin-jpcontentscheduler/PR-16/dependency-check-report.xml
Publishing https://raw.githubusercontent.com/entando-k8s/devops-results/gh-pages/entando-plugin-jpcontentscheduler/PR-16/dependency-info.html
Publishing https://raw.githubusercontent.com/entando-k8s/devops-results/gh-pages/entando-plugin-jpcontentscheduler/PR-16/images/collapsed.gif
Publishing https://raw.githubusercontent.com/entando-k8s/devops-results/gh-pages/entando-plugin-jpcontentscheduler/PR-16/images/expanded.gif
Publishing https://raw.githubusercontent.com/entando-k8s/devops-results/gh-pages/entando-plugin-jpcontentscheduler/PR-16/images/external.png
Publishing https://raw.githubusercontent.com/entando-k8s/devops-results/gh-pages/entando-plugin-jpcontentscheduler/PR-16/images/icon_error_sml.gif
Publishing https://raw.githubusercontent.com/entando-k8s/devops-results/gh-pages/entando-plugin-jpcontentscheduler/PR-16/images/icon_info_sml.gif
Publishing https://raw.githubusercontent.com/entando-k8s/devops-results/gh-pages/entando-plugin-jpcontentscheduler/PR-16/images/icon_success_sml.gif
Publishing https://raw.githubusercontent.com/entando-k8s/devops-results/gh-pages/entando-plugin-jpcontentscheduler/PR-16/images/icon_warning_sml.gif
Publishing https://raw.githubusercontent.com/entando-k8s/devops-results/gh-pages/entando-plugin-jpcontentscheduler/PR-16/images/logos/build-by-maven-black.png
Publishing https://raw.githubusercontent.com/entando-k8s/devops-results/gh-pages/entando-plugin-jpcontentscheduler/PR-16/images/logos/build-by-maven-white.png
Publishing https://raw.githubusercontent.com/entando-k8s/devops-results/gh-pages/entando-plugin-jpcontentscheduler/PR-16/images/logos/maven-feather.png
Publishing https://raw.githubusercontent.com/entando-k8s/devops-results/gh-pages/entando-plugin-jpcontentscheduler/PR-16/images/newwindow.png
Publishing https://raw.githubusercontent.com/entando-k8s/devops-results/gh-pages/entando-plugin-jpcontentscheduler/PR-16/index.html
Publishing https://raw.githubusercontent.com/entando-k8s/devops-results/gh-pages/entando-plugin-jpcontentscheduler/PR-16/issue-management.html
Publishing https://raw.githubusercontent.com/entando-k8s/devops-results/gh-pages/entando-plugin-jpcontentscheduler/PR-16/jacoco/index.html
Publishing https://raw.githubusercontent.com/entando-k8s/devops-results/gh-pages/entando-plugin-jpcontentscheduler/PR-16/jacoco/jacoco-resources/branchfc.gif
Publishing https://raw.githubusercontent.com/entando-k8s/devops-results/gh-pages/entando-plugin-jpcontentscheduler/PR-16/jacoco/jacoco-resources/branchnc.gif
Publishing https://raw.githubusercontent.com/entando-k8s/devops-results/gh-pages/entando-plugin-jpcontentscheduler/PR-16/jacoco/jacoco-resources/branchpc.gif
Publishing https://raw.githubusercontent.com/entando-k8s/devops-results/gh-pages/entando-plugin-jpcontentscheduler/PR-16/jacoco/jacoco-resources/bundle.gif
Publishing https://raw.githubusercontent.com/entando-k8s/devops-results/gh-pages/entando-plugin-jpcontentscheduler/PR-16/jacoco/jacoco-resources/class.gif
Publishing https://raw.githubusercontent.com/entando-k8s/devops-results/gh-pages/entando-plugin-jpcontentscheduler/PR-16/jacoco/jacoco-resources/down.gif
Publishing https://raw.githubusercontent.com/entando-k8s/devops-results/gh-pages/entando-plugin-jpcontentscheduler/PR-16/jacoco/jacoco-resources/greenbar.gif
Publishing https://raw.githubusercontent.com/entando-k8s/devops-results/gh-pages/entando-plugin-jpcontentscheduler/PR-16/jacoco/jacoco-resources/group.gif
Publishing https://raw.githubusercontent.com/entando-k8s/devops-results/gh-pages/entando-plugin-jpcontentscheduler/PR-16/jacoco/jacoco-resources/method.gif
Publishing https://raw.githubusercontent.com/entando-k8s/devops-results/gh-pages/entando-plugin-jpcontentscheduler/PR-16/jacoco/jacoco-resources/package.gif
Publishing https://raw.githubusercontent.com/entando-k8s/devops-results/gh-pages/entando-plugin-jpcontentscheduler/PR-16/jacoco/jacoco-resources/prettify.css
Publishing https://raw.githubusercontent.com/entando-k8s/devops-results/gh-pages/entando-plugin-jpcontentscheduler/PR-16/jacoco/jacoco-resources/prettify.js
Publishing https://raw.githubusercontent.com/entando-k8s/devops-results/gh-pages/entando-plugin-jpcontentscheduler/PR-16/jacoco/jacoco-resources/redbar.gif
Publishing https://raw.githubusercontent.com/entando-k8s/devops-results/gh-pages/entando-plugin-jpcontentscheduler/PR-16/jacoco/jacoco-resources/report.css
Publishing https://raw.githubusercontent.com/entando-k8s/devops-results/gh-pages/entando-plugin-jpcontentscheduler/PR-16/jacoco/jacoco-resources/report.gif
Publishing https://raw.githubusercontent.com/entando-k8s/devops-results/gh-pages/entando-plugin-jpcontentscheduler/PR-16/jacoco/jacoco-resources/session.gif
Publishing https://raw.githubusercontent.com/entando-k8s/devops-results/gh-pages/entando-plugin-jpcontentscheduler/PR-16/jacoco/jacoco-resources/sort.gif
Publishing https://raw.githubusercontent.com/entando-k8s/devops-results/gh-pages/entando-plugin-jpcontentscheduler/PR-16/jacoco/jacoco-resources/sort.js
Publishing https://raw.githubusercontent.com/entando-k8s/devops-results/gh-pages/entando-plugin-jpcontentscheduler/PR-16/jacoco/jacoco-resources/source.gif
Publishing https://raw.githubusercontent.com/entando-k8s/devops-results/gh-pages/entando-plugin-jpcontentscheduler/PR-16/jacoco/jacoco-resources/up.gif
Publishing https://raw.githubusercontent.com/entando-k8s/devops-results/gh-pages/entando-plugin-jpcontentscheduler/PR-16/jacoco/jacoco-sessions.html
Publishing https://raw.githubusercontent.com/entando-k8s/devops-results/gh-pages/entando-plugin-jpcontentscheduler/PR-16/jacoco/jacoco.csv
Publishing https://raw.githubusercontent.com/entando-k8s/devops-results/gh-pages/entando-plugin-jpcontentscheduler/PR-16/jacoco/jacoco.xml
Publishing https://raw.githubusercontent.com/entando-k8s/devops-results/gh-pages/entando-plugin-jpcontentscheduler/PR-16/jacoco/org.entando.entando.plugins.jpcontentscheduler.aps.******.services/ContentThreadConstants.html
Publishing https://raw.githubusercontent.com/entando-k8s/devops-results/gh-pages/entando-plugin-jpcontentscheduler/PR-16/jacoco/org.entando.entando.plugins.jpcontentscheduler.aps.******.services/ContentThreadConstants.java.html
Publishing https://raw.githubusercontent.com/entando-k8s/devops-results/gh-pages/entando-plugin-jpcontentscheduler/PR-16/jacoco/org.entando.entando.plugins.jpcontentscheduler.aps.******.services/index.html
Publishing https://raw.githubusercontent.com/entando-k8s/devops-results/gh-pages/entando-plugin-jpcontentscheduler/PR-16/jacoco/org.entando.entando.plugins.jpcontentscheduler.aps.******.services/index.source.html
Publishing https://raw.githubusercontent.com/entando-k8s/devops-results/gh-pages/entando-plugin-jpcontentscheduler/PR-16/jacoco/org.entando.entando.plugins.jpcontentscheduler.aps.******.services.content/ContentJobs.html
Publishing https://raw.githubusercontent.com/entando-k8s/devops-results/gh-pages/entando-plugin-jpcontentscheduler/PR-16/jacoco/org.entando.entando.plugins.jpcontentscheduler.aps.******.services.content/ContentJobs.java.html
Publishing https://raw.githubusercontent.com/entando-k8s/devops-results/gh-pages/entando-plugin-jpcontentscheduler/PR-16/jacoco/org.entando.entando.plugins.jpcontentscheduler.aps.******.services.content/ContentSchedulerDAO.html
Publishing https://raw.githubusercontent.com/entando-k8s/devops-results/gh-pages/entando-plugin-jpcontentscheduler/PR-16/jacoco/org.entando.entando.plugins.jpcontentscheduler.aps.******.services.content/ContentSchedulerDAO.java.html
Publishing https://raw.githubusercontent.com/entando-k8s/devops-results/gh-pages/entando-plugin-jpcontentscheduler/PR-16/jacoco/org.entando.entando.plugins.jpcontentscheduler.aps.******.services.content/ContentSchedulerManager.html
Publishing https://raw.githubusercontent.com/entando-k8s/devops-results/gh-pages/entando-plugin-jpcontentscheduler/PR-16/jacoco/org.entando.entando.plugins.jpcontentscheduler.aps.******.services.content/ContentSchedulerManager.java.html
Publishing https://raw.githubusercontent.com/entando-k8s/devops-results/gh-pages/entando-plugin-jpcontentscheduler/PR-16/jacoco/org.entando.entando.plugins.jpcontentscheduler.aps.******.services.content/index.html
Publishing https://raw.githubusercontent.com/entando-k8s/devops-results/gh-pages/entando-plugin-jpcontentscheduler/PR-16/jacoco/org.entando.entando.plugins.jpcontentscheduler.aps.******.services.content/index.source.html
Publishing https://raw.githubusercontent.com/entando-k8s/devops-results/gh-pages/entando-plugin-jpcontentscheduler/PR-16/jacoco/org.entando.entando.plugins.jpcontentscheduler.aps.******.services.content.model/ContentState.html
Publishing https://raw.githubusercontent.com/entando-k8s/devops-results/gh-pages/entando-plugin-jpcontentscheduler/PR-16/jacoco/org.entando.entando.plugins.jpcontentscheduler.aps.******.services.content.model/ContentState.java.html
Publishing https://raw.githubusercontent.com/entando-k8s/devops-results/gh-pages/entando-plugin-jpcontentscheduler/PR-16/jacoco/org.entando.entando.plugins.jpcontentscheduler.aps.******.services.content.model/ContentSuspendMove.html
Publishing https://raw.githubusercontent.com/entando-k8s/devops-results/gh-pages/entando-plugin-jpcontentscheduler/PR-16/jacoco/org.entando.entando.plugins.jpcontentscheduler.aps.******.services.content.model/ContentSuspendMove.java.html
Publishing https://raw.githubusercontent.com/entando-k8s/devops-results/gh-pages/entando-plugin-jpcontentscheduler/PR-16/jacoco/org.entando.entando.plugins.jpcontentscheduler.aps.******.services.content.model/ContentThreadConfig.html
Publishing https://raw.githubusercontent.com/entando-k8s/devops-results/gh-pages/entando-plugin-jpcontentscheduler/PR-16/jacoco/org.entando.entando.plugins.jpcontentscheduler.aps.******.services.content.model/ContentThreadConfig.java.html
Publishing https://raw.githubusercontent.com/entando-k8s/devops-results/gh-pages/entando-plugin-jpcontentscheduler/PR-16/jacoco/org.entando.entando.plugins.jpcontentscheduler.aps.******.services.content.model/ContentTypeElem.html
Publishing https://raw.githubusercontent.com/entando-k8s/devops-results/gh-pages/entando-plugin-jpcontentscheduler/PR-16/jacoco/org.entando.entando.plugins.jpcontentscheduler.aps.******.services.content.model/ContentTypeElem.java.html
Publishing https://raw.githubusercontent.com/entando-k8s/devops-results/gh-pages/entando-plugin-jpcontentscheduler/PR-16/jacoco/org.entando.entando.plugins.jpcontentscheduler.aps.******.services.content.model/index.html
Publishing https://raw.githubusercontent.com/entando-k8s/devops-results/gh-pages/entando-plugin-jpcontentscheduler/PR-16/jacoco/org.entando.entando.plugins.jpcontentscheduler.aps.******.services.content.model/index.source.html
Publishing https://raw.githubusercontent.com/entando-k8s/devops-results/gh-pages/entando-plugin-jpcontentscheduler/PR-16/jacoco/org.entando.entando.plugins.jpcontentscheduler.aps.******.services.content.parse/ContentThreadConfigDOM.html
Publishing https://raw.githubusercontent.com/entando-k8s/devops-results/gh-pages/entando-plugin-jpcontentscheduler/PR-16/jacoco/org.entando.entando.plugins.jpcontentscheduler.aps.******.services.content.parse/ContentThreadConfigDOM.java.html
Publishing https://raw.githubusercontent.com/entando-k8s/devops-results/gh-pages/entando-plugin-jpcontentscheduler/PR-16/jacoco/org.entando.entando.plugins.jpcontentscheduler.aps.******.services.content.parse/index.html
Publishing https://raw.githubusercontent.com/entando-k8s/devops-results/gh-pages/entando-plugin-jpcontentscheduler/PR-16/jacoco/org.entando.entando.plugins.jpcontentscheduler.aps.******.services.content.parse/index.source.html
Publishing https://raw.githubusercontent.com/entando-k8s/devops-results/gh-pages/entando-plugin-jpcontentscheduler/PR-16/jacoco/org.entando.entando.plugins.jpcontentscheduler.aps.******.services.content.util/Utils.html
Publishing https://raw.githubusercontent.com/entando-k8s/devops-results/gh-pages/entando-plugin-jpcontentscheduler/PR-16/jacoco/org.entando.entando.plugins.jpcontentscheduler.aps.******.services.content.util/Utils.java.html
Publishing https://raw.githubusercontent.com/entando-k8s/devops-results/gh-pages/entando-plugin-jpcontentscheduler/PR-16/jacoco/org.entando.entando.plugins.jpcontentscheduler.aps.******.services.content.util/index.html
Publishing https://raw.githubusercontent.com/entando-k8s/devops-results/gh-pages/entando-plugin-jpcontentscheduler/PR-16/jacoco/org.entando.entando.plugins.jpcontentscheduler.aps.******.services.content.util/index.source.html
Publishing https://raw.githubusercontent.com/entando-k8s/devops-results/gh-pages/entando-plugin-jpcontentscheduler/PR-16/jacoco/org.entando.entando.plugins.jpcontentscheduler.aps*****.config/AdminAction.html
Publishing https://raw.githubusercontent.com/entando-k8s/devops-results/gh-pages/entando-plugin-jpcontentscheduler/PR-16/jacoco/org.entando.entando.plugins.jpcontentscheduler.aps*****.config/AdminAction.java.html
Publishing https://raw.githubusercontent.com/entando-k8s/devops-results/gh-pages/entando-plugin-jpcontentscheduler/PR-16/jacoco/org.entando.entando.plugins.jpcontentscheduler.aps*****.config/ConfigAction.html
Publishing https://raw.githubusercontent.com/entando-k8s/devops-results/gh-pages/entando-plugin-jpcontentscheduler/PR-16/jacoco/org.entando.entando.plugins.jpcontentscheduler.aps*****.config/ConfigAction.java.html
Publishing https://raw.githubusercontent.com/entando-k8s/devops-results/gh-pages/entando-plugin-jpcontentscheduler/PR-16/jacoco/org.entando.entando.plugins.jpcontentscheduler.aps*****.config/ContentThreadConfigContentTypesAction.html
Publishing https://raw.githubusercontent.com/entando-k8s/devops-results/gh-pages/entando-plugin-jpcontentscheduler/PR-16/jacoco/org.entando.entando.plugins.jpcontentscheduler.aps*****.config/ContentThreadConfigContentTypesAction.java.html
Publishing https://raw.githubusercontent.com/entando-k8s/devops-results/gh-pages/entando-plugin-jpcontentscheduler/PR-16/jacoco/org.entando.entando.plugins.jpcontentscheduler.aps*****.config/ContentThreadConfigEmailAction.html
Publishing https://raw.githubusercontent.com/entando-k8s/devops-results/gh-pages/entando-plugin-jpcontentscheduler/PR-16/jacoco/org.entando.entando.plugins.jpcontentscheduler.aps*****.config/ContentThreadConfigEmailAction.java.html
Publishing https://raw.githubusercontent.com/entando-k8s/devops-results/gh-pages/entando-plugin-jpcontentscheduler/PR-16/jacoco/org.entando.entando.plugins.jpcontentscheduler.aps*****.config/ContentThreadConfigGroupsAction.html
Publishing https://raw.githubusercontent.com/entando-k8s/devops-results/gh-pages/entando-plugin-jpcontentscheduler/PR-16/jacoco/org.entando.entando.plugins.jpcontentscheduler.aps*****.config/ContentThreadConfigGroupsAction.java.html
Publishing https://raw.githubusercontent.com/entando-k8s/devops-results/gh-pages/entando-plugin-jpcontentscheduler/PR-16/jacoco/org.entando.entando.plugins.jpcontentscheduler.aps*****.config/ContentThreadConfigUsersAction.html
Publishing https://raw.githubusercontent.com/entando-k8s/devops-results/gh-pages/entando-plugin-jpcontentscheduler/PR-16/jacoco/org.entando.entando.plugins.jpcontentscheduler.aps*****.config/ContentThreadConfigUsersAction.java.html
Publishing https://raw.githubusercontent.com/entando-k8s/devops-results/gh-pages/entando-plugin-jpcontentscheduler/PR-16/jacoco/org.entando.entando.plugins.jpcontentscheduler.aps*****.config/index.html
Publishing https://raw.githubusercontent.com/entando-k8s/devops-results/gh-pages/entando-plugin-jpcontentscheduler/PR-16/jacoco/org.entando.entando.plugins.jpcontentscheduler.aps*****.config/index.source.html
Publishing https://raw.githubusercontent.com/entando-k8s/devops-results/gh-pages/entando-plugin-jpcontentscheduler/PR-16/licenses.html
Publishing https://raw.githubusercontent.com/entando-k8s/devops-results/gh-pages/entando-plugin-jpcontentscheduler/PR-16/plugins.html
Publishing https://raw.githubusercontent.com/entando-k8s/devops-results/gh-pages/entando-plugin-jpcontentscheduler/PR-16/project-info.html
Publishing https://raw.githubusercontent.com/entando-k8s/devops-results/gh-pages/entando-plugin-jpcontentscheduler/PR-16/scm.html
Publishing https://raw.githubusercontent.com/entando-k8s/devops-results/gh-pages/entando-plugin-jpcontentscheduler/PR-16/summary.html
Publishing https://raw.githubusercontent.com/entando-k8s/devops-results/gh-pages/entando-plugin-jpcontentscheduler/PR-16/surefire-report.html
stashed: https://raw.githubusercontent.com/entando-k8s/devops-results/gh-pages/entando-plugin-jpcontentscheduler/PR-16/css/maven-base.css
stashed: https://raw.githubusercontent.com/entando-k8s/devops-results/gh-pages/entando-plugin-jpcontentscheduler/PR-16/css/maven-theme.css
stashed: https://raw.githubusercontent.com/entando-k8s/devops-results/gh-pages/entando-plugin-jpcontentscheduler/PR-16/css/print.css
stashed: https://raw.githubusercontent.com/entando-k8s/devops-results/gh-pages/entando-plugin-jpcontentscheduler/PR-16/css/site.css
stashed: https://raw.githubusercontent.com/entando-k8s/devops-results/gh-pages/entando-plugin-jpcontentscheduler/PR-16/dependency-check-junit.xml
stashed: https://raw.githubusercontent.com/entando-k8s/devops-results/gh-pages/entando-plugin-jpcontentscheduler/PR-16/dependency-check-report.html
stashed: https://raw.githubusercontent.com/entando-k8s/devops-results/gh-pages/entando-plugin-jpcontentscheduler/PR-16/dependency-check-report.xml
stashed: https://raw.githubusercontent.com/entando-k8s/devops-results/gh-pages/entando-plugin-jpcontentscheduler/PR-16/dependency-info.html
stashed: https://raw.githubusercontent.com/entando-k8s/devops-results/gh-pages/entando-plugin-jpcontentscheduler/PR-16/images/collapsed.gif
stashed: https://raw.githubusercontent.com/entando-k8s/devops-results/gh-pages/entando-plugin-jpcontentscheduler/PR-16/images/expanded.gif
stashed: https://raw.githubusercontent.com/entando-k8s/devops-results/gh-pages/entando-plugin-jpcontentscheduler/PR-16/images/external.png
stashed: https://raw.githubusercontent.com/entando-k8s/devops-results/gh-pages/entando-plugin-jpcontentscheduler/PR-16/images/icon_error_sml.gif
stashed: https://raw.githubusercontent.com/entando-k8s/devops-results/gh-pages/entando-plugin-jpcontentscheduler/PR-16/images/icon_info_sml.gif
stashed: https://raw.githubusercontent.com/entando-k8s/devops-results/gh-pages/entando-plugin-jpcontentscheduler/PR-16/images/icon_success_sml.gif
stashed: https://raw.githubusercontent.com/entando-k8s/devops-results/gh-pages/entando-plugin-jpcontentscheduler/PR-16/images/icon_warning_sml.gif
stashed: https://raw.githubusercontent.com/entando-k8s/devops-results/gh-pages/entando-plugin-jpcontentscheduler/PR-16/images/logos/build-by-maven-black.png
stashed: https://raw.githubusercontent.com/entando-k8s/devops-results/gh-pages/entando-plugin-jpcontentscheduler/PR-16/images/logos/build-by-maven-white.png
stashed: https://raw.githubusercontent.com/entando-k8s/devops-results/gh-pages/entando-plugin-jpcontentscheduler/PR-16/images/logos/maven-feather.png
stashed: https://raw.githubusercontent.com/entando-k8s/devops-results/gh-pages/entando-plugin-jpcontentscheduler/PR-16/images/newwindow.png
stashed: https://raw.githubusercontent.com/entando-k8s/devops-results/gh-pages/entando-plugin-jpcontentscheduler/PR-16/index.html
stashed: https://raw.githubusercontent.com/entando-k8s/devops-results/gh-pages/entando-plugin-jpcontentscheduler/PR-16/issue-management.html
stashed: https://raw.githubusercontent.com/entando-k8s/devops-results/gh-pages/entando-plugin-jpcontentscheduler/PR-16/jacoco/index.html
stashed: https://raw.githubusercontent.com/entando-k8s/devops-results/gh-pages/entando-plugin-jpcontentscheduler/PR-16/jacoco/jacoco-resources/branchfc.gif
stashed: https://raw.githubusercontent.com/entando-k8s/devops-results/gh-pages/entando-plugin-jpcontentscheduler/PR-16/jacoco/jacoco-resources/branchnc.gif
stashed: https://raw.githubusercontent.com/entando-k8s/devops-results/gh-pages/entando-plugin-jpcontentscheduler/PR-16/jacoco/jacoco-resources/branchpc.gif
stashed: https://raw.githubusercontent.com/entando-k8s/devops-results/gh-pages/entando-plugin-jpcontentscheduler/PR-16/jacoco/jacoco-resources/bundle.gif
stashed: https://raw.githubusercontent.com/entando-k8s/devops-results/gh-pages/entando-plugin-jpcontentscheduler/PR-16/jacoco/jacoco-resources/class.gif
stashed: https://raw.githubusercontent.com/entando-k8s/devops-results/gh-pages/entando-plugin-jpcontentscheduler/PR-16/jacoco/jacoco-resources/down.gif
stashed: https://raw.githubusercontent.com/entando-k8s/devops-results/gh-pages/entando-plugin-jpcontentscheduler/PR-16/jacoco/jacoco-resources/greenbar.gif
stashed: https://raw.githubusercontent.com/entando-k8s/devops-results/gh-pages/entando-plugin-jpcontentscheduler/PR-16/jacoco/jacoco-resources/group.gif
stashed: https://raw.githubusercontent.com/entando-k8s/devops-results/gh-pages/entando-plugin-jpcontentscheduler/PR-16/jacoco/jacoco-resources/method.gif
stashed: https://raw.githubusercontent.com/entando-k8s/devops-results/gh-pages/entando-plugin-jpcontentscheduler/PR-16/jacoco/jacoco-resources/package.gif
stashed: https://raw.githubusercontent.com/entando-k8s/devops-results/gh-pages/entando-plugin-jpcontentscheduler/PR-16/jacoco/jacoco-resources/prettify.css
stashed: https://raw.githubusercontent.com/entando-k8s/devops-results/gh-pages/entando-plugin-jpcontentscheduler/PR-16/jacoco/jacoco-resources/prettify.js
stashed: https://raw.githubusercontent.com/entando-k8s/devops-results/gh-pages/entando-plugin-jpcontentscheduler/PR-16/jacoco/jacoco-resources/redbar.gif
stashed: https://raw.githubusercontent.com/entando-k8s/devops-results/gh-pages/entando-plugin-jpcontentscheduler/PR-16/jacoco/jacoco-resources/report.css
stashed: https://raw.githubusercontent.com/entando-k8s/devops-results/gh-pages/entando-plugin-jpcontentscheduler/PR-16/jacoco/jacoco-resources/report.gif
stashed: https://raw.githubusercontent.com/entando-k8s/devops-results/gh-pages/entando-plugin-jpcontentscheduler/PR-16/jacoco/jacoco-resources/session.gif
stashed: https://raw.githubusercontent.com/entando-k8s/devops-results/gh-pages/entando-plugin-jpcontentscheduler/PR-16/jacoco/jacoco-resources/sort.gif
stashed: https://raw.githubusercontent.com/entando-k8s/devops-results/gh-pages/entando-plugin-jpcontentscheduler/PR-16/jacoco/jacoco-resources/sort.js
stashed: https://raw.githubusercontent.com/entando-k8s/devops-results/gh-pages/entando-plugin-jpcontentscheduler/PR-16/jacoco/jacoco-resources/source.gif
stashed: https://raw.githubusercontent.com/entando-k8s/devops-results/gh-pages/entando-plugin-jpcontentscheduler/PR-16/jacoco/jacoco-resources/up.gif
stashed: https://raw.githubusercontent.com/entando-k8s/devops-results/gh-pages/entando-plugin-jpcontentscheduler/PR-16/jacoco/jacoco-sessions.html
stashed: https://raw.githubusercontent.com/entando-k8s/devops-results/gh-pages/entando-plugin-jpcontentscheduler/PR-16/jacoco/jacoco.csv
stashed: https://raw.githubusercontent.com/entando-k8s/devops-results/gh-pages/entando-plugin-jpcontentscheduler/PR-16/jacoco/jacoco.xml
stashed: https://raw.githubusercontent.com/entando-k8s/devops-results/gh-pages/entando-plugin-jpcontentscheduler/PR-16/jacoco/org.entando.entando.plugins.jpcontentscheduler.aps.******.services/ContentThreadConstants.html
stashed: https://raw.githubusercontent.com/entando-k8s/devops-results/gh-pages/entando-plugin-jpcontentscheduler/PR-16/jacoco/org.entando.entando.plugins.jpcontentscheduler.aps.******.services/ContentThreadConstants.java.html
stashed: https://raw.githubusercontent.com/entando-k8s/devops-results/gh-pages/entando-plugin-jpcontentscheduler/PR-16/jacoco/org.entando.entando.plugins.jpcontentscheduler.aps.******.services/index.html
stashed: https://raw.githubusercontent.com/entando-k8s/devops-results/gh-pages/entando-plugin-jpcontentscheduler/PR-16/jacoco/org.entando.entando.plugins.jpcontentscheduler.aps.******.services/index.source.html
stashed: https://raw.githubusercontent.com/entando-k8s/devops-results/gh-pages/entando-plugin-jpcontentscheduler/PR-16/jacoco/org.entando.entando.plugins.jpcontentscheduler.aps.******.services.content/ContentJobs.html
stashed: https://raw.githubusercontent.com/entando-k8s/devops-results/gh-pages/entando-plugin-jpcontentscheduler/PR-16/jacoco/org.entando.entando.plugins.jpcontentscheduler.aps.******.services.content/ContentJobs.java.html
stashed: https://raw.githubusercontent.com/entando-k8s/devops-results/gh-pages/entando-plugin-jpcontentscheduler/PR-16/jacoco/org.entando.entando.plugins.jpcontentscheduler.aps.******.services.content/ContentSchedulerDAO.html
stashed: https://raw.githubusercontent.com/entando-k8s/devops-results/gh-pages/entando-plugin-jpcontentscheduler/PR-16/jacoco/org.entando.entando.plugins.jpcontentscheduler.aps.******.services.content/ContentSchedulerDAO.java.html
stashed: https://raw.githubusercontent.com/entando-k8s/devops-results/gh-pages/entando-plugin-jpcontentscheduler/PR-16/jacoco/org.entando.entando.plugins.jpcontentscheduler.aps.******.services.content/ContentSchedulerManager.html
stashed: https://raw.githubusercontent.com/entando-k8s/devops-results/gh-pages/entando-plugin-jpcontentscheduler/PR-16/jacoco/org.entando.entando.plugins.jpcontentscheduler.aps.******.services.content/ContentSchedulerManager.java.html
stashed: https://raw.githubusercontent.com/entando-k8s/devops-results/gh-pages/entando-plugin-jpcontentscheduler/PR-16/jacoco/org.entando.entando.plugins.jpcontentscheduler.aps.******.services.content/index.html
stashed: https://raw.githubusercontent.com/entando-k8s/devops-results/gh-pages/entando-plugin-jpcontentscheduler/PR-16/jacoco/org.entando.entando.plugins.jpcontentscheduler.aps.******.services.content/index.source.html
stashed: https://raw.githubusercontent.com/entando-k8s/devops-results/gh-pages/entando-plugin-jpcontentscheduler/PR-16/jacoco/org.entando.entando.plugins.jpcontentscheduler.aps.******.services.content.model/ContentState.html
stashed: https://raw.githubusercontent.com/entando-k8s/devops-results/gh-pages/entando-plugin-jpcontentscheduler/PR-16/jacoco/org.entando.entando.plugins.jpcontentscheduler.aps.******.services.content.model/ContentState.java.html
stashed: https://raw.githubusercontent.com/entando-k8s/devops-results/gh-pages/entando-plugin-jpcontentscheduler/PR-16/jacoco/org.entando.entando.plugins.jpcontentscheduler.aps.******.services.content.model/ContentSuspendMove.html
stashed: https://raw.githubusercontent.com/entando-k8s/devops-results/gh-pages/entando-plugin-jpcontentscheduler/PR-16/jacoco/org.entando.entando.plugins.jpcontentscheduler.aps.******.services.content.model/ContentSuspendMove.java.html
stashed: https://raw.githubusercontent.com/entando-k8s/devops-results/gh-pages/entando-plugin-jpcontentscheduler/PR-16/jacoco/org.entando.entando.plugins.jpcontentscheduler.aps.******.services.content.model/ContentThreadConfig.html
stashed: https://raw.githubusercontent.com/entando-k8s/devops-results/gh-pages/entando-plugin-jpcontentscheduler/PR-16/jacoco/org.entando.entando.plugins.jpcontentscheduler.aps.******.services.content.model/ContentThreadConfig.java.html
stashed: https://raw.githubusercontent.com/entando-k8s/devops-results/gh-pages/entando-plugin-jpcontentscheduler/PR-16/jacoco/org.entando.entando.plugins.jpcontentscheduler.aps.******.services.content.model/ContentTypeElem.html
stashed: https://raw.githubusercontent.com/entando-k8s/devops-results/gh-pages/entando-plugin-jpcontentscheduler/PR-16/jacoco/org.entando.entando.plugins.jpcontentscheduler.aps.******.services.content.model/ContentTypeElem.java.html
stashed: https://raw.githubusercontent.com/entando-k8s/devops-results/gh-pages/entando-plugin-jpcontentscheduler/PR-16/jacoco/org.entando.entando.plugins.jpcontentscheduler.aps.******.services.content.model/index.html
stashed: https://raw.githubusercontent.com/entando-k8s/devops-results/gh-pages/entando-plugin-jpcontentscheduler/PR-16/jacoco/org.entando.entando.plugins.jpcontentscheduler.aps.******.services.content.model/index.source.html
stashed: https://raw.githubusercontent.com/entando-k8s/devops-results/gh-pages/entando-plugin-jpcontentscheduler/PR-16/jacoco/org.entando.entando.plugins.jpcontentscheduler.aps.******.services.content.parse/ContentThreadConfigDOM.html
stashed: https://raw.githubusercontent.com/entando-k8s/devops-results/gh-pages/entando-plugin-jpcontentscheduler/PR-16/jacoco/org.entando.entando.plugins.jpcontentscheduler.aps.******.services.content.parse/ContentThreadConfigDOM.java.html
stashed: https://raw.githubusercontent.com/entando-k8s/devops-results/gh-pages/entando-plugin-jpcontentscheduler/PR-16/jacoco/org.entando.entando.plugins.jpcontentscheduler.aps.******.services.content.parse/index.html
stashed: https://raw.githubusercontent.com/entando-k8s/devops-results/gh-pages/entando-plugin-jpcontentscheduler/PR-16/jacoco/org.entando.entando.plugins.jpcontentscheduler.aps.******.services.content.parse/index.source.html
stashed: https://raw.githubusercontent.com/entando-k8s/devops-results/gh-pages/entando-plugin-jpcontentscheduler/PR-16/jacoco/org.entando.entando.plugins.jpcontentscheduler.aps.******.services.content.util/Utils.html
stashed: https://raw.githubusercontent.com/entando-k8s/devops-results/gh-pages/entando-plugin-jpcontentscheduler/PR-16/jacoco/org.entando.entando.plugins.jpcontentscheduler.aps.******.services.content.util/Utils.java.html
stashed: https://raw.githubusercontent.com/entando-k8s/devops-results/gh-pages/entando-plugin-jpcontentscheduler/PR-16/jacoco/org.entando.entando.plugins.jpcontentscheduler.aps.******.services.content.util/index.html
stashed: https://raw.githubusercontent.com/entando-k8s/devops-results/gh-pages/entando-plugin-jpcontentscheduler/PR-16/jacoco/org.entando.entando.plugins.jpcontentscheduler.aps.******.services.content.util/index.source.html
stashed: https://raw.githubusercontent.com/entando-k8s/devops-results/gh-pages/entando-plugin-jpcontentscheduler/PR-16/jacoco/org.entando.entando.plugins.jpcontentscheduler.aps*****.config/AdminAction.html
stashed: https://raw.githubusercontent.com/entando-k8s/devops-results/gh-pages/entando-plugin-jpcontentscheduler/PR-16/jacoco/org.entando.entando.plugins.jpcontentscheduler.aps*****.config/AdminAction.java.html
stashed: https://raw.githubusercontent.com/entando-k8s/devops-results/gh-pages/entando-plugin-jpcontentscheduler/PR-16/jacoco/org.entando.entando.plugins.jpcontentscheduler.aps*****.config/ConfigAction.html
stashed: https://raw.githubusercontent.com/entando-k8s/devops-results/gh-pages/entando-plugin-jpcontentscheduler/PR-16/jacoco/org.entando.entando.plugins.jpcontentscheduler.aps*****.config/ConfigAction.java.html
stashed: https://raw.githubusercontent.com/entando-k8s/devops-results/gh-pages/entando-plugin-jpcontentscheduler/PR-16/jacoco/org.entando.entando.plugins.jpcontentscheduler.aps*****.config/ContentThreadConfigContentTypesAction.html
stashed: https://raw.githubusercontent.com/entando-k8s/devops-results/gh-pages/entando-plugin-jpcontentscheduler/PR-16/jacoco/org.entando.entando.plugins.jpcontentscheduler.aps*****.config/ContentThreadConfigContentTypesAction.java.html
stashed: https://raw.githubusercontent.com/entando-k8s/devops-results/gh-pages/entando-plugin-jpcontentscheduler/PR-16/jacoco/org.entando.entando.plugins.jpcontentscheduler.aps*****.config/ContentThreadConfigEmailAction.html
stashed: https://raw.githubusercontent.com/entando-k8s/devops-results/gh-pages/entando-plugin-jpcontentscheduler/PR-16/jacoco/org.entando.entando.plugins.jpcontentscheduler.aps*****.config/ContentThreadConfigEmailAction.java.html
stashed: https://raw.githubusercontent.com/entando-k8s/devops-results/gh-pages/entando-plugin-jpcontentscheduler/PR-16/jacoco/org.entando.entando.plugins.jpcontentscheduler.aps*****.config/ContentThreadConfigGroupsAction.html
stashed: https://raw.githubusercontent.com/entando-k8s/devops-results/gh-pages/entando-plugin-jpcontentscheduler/PR-16/jacoco/org.entando.entando.plugins.jpcontentscheduler.aps*****.config/ContentThreadConfigGroupsAction.java.html
stashed: https://raw.githubusercontent.com/entando-k8s/devops-results/gh-pages/entando-plugin-jpcontentscheduler/PR-16/jacoco/org.entando.entando.plugins.jpcontentscheduler.aps*****.config/ContentThreadConfigUsersAction.html
stashed: https://raw.githubusercontent.com/entando-k8s/devops-results/gh-pages/entando-plugin-jpcontentscheduler/PR-16/jacoco/org.entando.entando.plugins.jpcontentscheduler.aps*****.config/ContentThreadConfigUsersAction.java.html
stashed: https://raw.githubusercontent.com/entando-k8s/devops-results/gh-pages/entando-plugin-jpcontentscheduler/PR-16/jacoco/org.entando.entando.plugins.jpcontentscheduler.aps*****.config/index.html
stashed: https://raw.githubusercontent.com/entando-k8s/devops-results/gh-pages/entando-plugin-jpcontentscheduler/PR-16/jacoco/org.entando.entando.plugins.jpcontentscheduler.aps*****.config/index.source.html
stashed: https://raw.githubusercontent.com/entando-k8s/devops-results/gh-pages/entando-plugin-jpcontentscheduler/PR-16/licenses.html
stashed: https://raw.githubusercontent.com/entando-k8s/devops-results/gh-pages/entando-plugin-jpcontentscheduler/PR-16/plugins.html
stashed: https://raw.githubusercontent.com/entando-k8s/devops-results/gh-pages/entando-plugin-jpcontentscheduler/PR-16/project-info.html
stashed: https://raw.githubusercontent.com/entando-k8s/devops-results/gh-pages/entando-plugin-jpcontentscheduler/PR-16/scm.html
stashed: https://raw.githubusercontent.com/entando-k8s/devops-results/gh-pages/entando-plugin-jpcontentscheduler/PR-16/summary.html
stashed: https://raw.githubusercontent.com/entando-k8s/devops-results/gh-pages/entando-plugin-jpcontentscheduler/PR-16/surefire-report.html
error: etcdserver: request is too large
  % Total    % Received % Xferd  Average Speed   Time    Time     Time  Current
                                 Dload  Upload   Total   Spent    Left  Speed
  0     0    0     0    0     0      0      0 --:--:-- --:--:-- --:--:--     0100  1884  100  1659  100   225   2464    334 --:--:-- --:--:-- --:--:--  2487
{
  "url": "https://api.github.com/repos/entando/entando-plugin-jpcontentscheduler/statuses/95f38df1d5c9f5af297070e38af8245eb76ffea9",
  "avatar_url": "https://avatars2.githubusercontent.com/u/57885396?v=4",
  "id": 11602819139,
  "node_id": "MDEzOlN0YXR1c0NvbnRleHQxMTYwMjgxOTEzOQ==",
  "state": "success",
  "description": "Pre-deployment tests success!",
  "target_url": "https://entando-k8s.github.io/devops-results/entando-plugin-jpcontentscheduler/PR-16/surefire-report.html",
  "context": "Pre-deployment tests",
  "created_at": "2020-12-10T21:09:21Z",
  "updated_at": "2020-12-10T21:09:21Z",
  "creator": {
    "login": "entando-**",
    "id": 57885396,
    "node_id": "MDQ6VXNlcjU3ODg1Mzk2",
    "avatar_url": "https://avatars2.githubusercontent.com/u/57885396?v=4",
    "gravatar_id": "",
    "url": "https://api.github.com/users/entando-**",
    "html_url": "https://github.com/entando-**",
    "followers_url": "https://api.github.com/users/**********/followers",
    "following_url": "https://api.github.com/users/entando-**/following{/other_user}",
    "gists_url": "https://api.github.com/users/entando-**/gists{/gist_id}",
    "starred_url": "https://api.github.com/users/entando-**/starred{/owner}{/repo}",
    "subscriptions_url": "https://api.github.com/users/**********/subscriptions",
    "organizations_url": "https://api.github.com/users/entando-**/orgs",
    "repos_url": "https://api.github.com/users/**********/repos",
    "events_url": "https://api.github.com/users/**********/events{/privacy}",
    "received_events_url": "https://api.github.com/users/**********/received_events",
    "type": "User",
    "site_*****": *****
  }
}
  % Total    % Received % Xferd  Average Speed   Time    Time     Time  Current
                                 Dload  Upload   Total   Spent    Left  Speed
  0     0    0     0    0     0      0      0 --:--:-- --:--:-- --:--:--     0  0     0    0     0    0     0      0      0 --:--:-- --:--:-- --:--:--     0100  1856  100  1645  100   211   2320    297 --:--:-- --:--:-- --:--:--  2343
{
  "url": "https://api.github.com/repos/entando/entando-plugin-jpcontentscheduler/statuses/95f38df1d5c9f5af297070e38af8245eb76ffea9",
  "avatar_url": "https://avatars2.githubusercontent.com/u/57885396?v=4",
  "id": 11602819291,
  "node_id": "MDEzOlN0YXR1c0NvbnRleHQxMTYwMjgxOTI5MQ==",
  "state": "success",
  "description": "OWASP CVE success!",
  "target_url": "https://entando-k8s.github.io/devops-results/entando-plugin-jpcontentscheduler/PR-16/dependency-check-report.html",
  "context": "OWASP CVE",
  "created_at": "2020-12-10T21:09:22Z",
  "updated_at": "2020-12-10T21:09:22Z",
  "creator": {
    "login": "**********",
    "id": 57885396,
    "node_id": "MDQ6VXNlcjU3ODg1Mzk2",
    "avatar_url": "https://avatars2.githubusercontent.com/u/57885396?v=4",
    "gravatar_id": "",
    "url": "https://api.github.com/users/**********",
    "html_url": "https://github.com/**********",
    "followers_url": "https://api.github.com/users/entando-**/followers",
    "following_url": "https://api.github.com/users/**********/following{/other_user}",
    "gists_url": "https://api.github.com/users/entando-**/gists{/gist_id}",
    "starred_url": "https://api.github.com/users/entando-**/starred{/owner}{/repo}",
    "subscriptions_url": "https://api.github.com/users/**********/subscriptions",
    "organizations_url": "https://api.github.com/users/entando-**/orgs",
    "repos_url": "https://api.github.com/users/entando-**/repos",
    "events_url": "https://api.github.com/users/**********/events{/privacy}",
    "received_events_url": "https://api.github.com/users/entando-**/received_events",
    "type": "User",
    "site_*****": *****
  }
}
Congratulations! No build failures found for entando-plugin-jpcontentscheduler-PR-16.
