
Showing logs for build [32mentando-entando-keycloak-plugin-6dt6z-18[0m stage [32mfrom-build-pack[0m and container [32mstep-credential-initializer-kr696[0m
{"level":"warn","ts":1610088075.8057659,"logger":"fallback-logger","caller":"logging/config.go:69","msg":"Fetch GitHub commit ID from kodata failed: \"ref: refs/heads/0.8.0-**-support-backwards-incompats\" is not a valid GitHub commit ID"}
{"level":"info","ts":1610088075.8109787,"logger":"fallback-logger","caller":"creds-init/main.go:40","msg":"Credentials initialized."}

Showing logs for build [32mentando-entando-keycloak-plugin-6dt6z-18[0m stage [32mfrom-build-pack[0m and container [32mstep-working-dir-initializer-dm8bw[0m
{"level":"warn","ts":1610088080.7781026,"logger":"fallback-logger","caller":"logging/config.go:69","msg":"Fetch GitHub commit ID from kodata failed: open /var/run/ko/HEAD: no such file or directory"}
{"level":"info","ts":1610088080.7882743,"logger":"fallback-logger","caller":"bash/main.go:64","msg":"Successfully e**cuted command \"sh -c mkdir -p /workspace/source\"; output "}

Showing logs for build [32mentando-entando-keycloak-plugin-6dt6z-18[0m stage [32mfrom-build-pack[0m and container [32mstep-place-tools[0m

Showing logs for build [32mentando-entando-keycloak-plugin-6dt6z-18[0m stage [32mfrom-build-pack[0m and container [32mstep-git-source-entando-entando-keycloak-plugin-2vmrx[0m
{"level":"warn","ts":1610088116.8663087,"logger":"fallback-logger","caller":"logging/config.go:69","msg":"Fetch GitHub commit ID from kodata failed: \"ref: refs/heads/0.8.0-**-support-backwards-incompats\" is not a valid GitHub commit ID"}
{"level":"info","ts":1610088118.4681246,"logger":"fallback-logger","caller":"git/git.go:103","msg":"Successfully cloned https://github.com/entando/entando-keycloak-plugin.git @ v6.3.5 in path /workspace/source"}

Showing logs for build [32mentando-entando-keycloak-plugin-6dt6z-18[0m stage [32mfrom-build-pack[0m and container [32mstep-git-merge[0m
Using SHAs from PULL_REFS=master:0b32f386c7f7264860abc24b0af600c11cf7a6cd
WARNING: no SHAs to merge, falling back to initial cloned commit

Showing logs for build [32mentando-entando-keycloak-plugin-6dt6z-18[0m stage [32mfrom-build-pack[0m and container [32mstep-setup-jx-git-credentials[0m
Generated Git credentials file /workspace/xdg_config/git/credentials

Showing logs for build [32mentando-entando-keycloak-plugin-6dt6z-18[0m stage [32mfrom-build-pack[0m and container [32mstep-build-fetch-history-for-sonar[0m
From https://github.com/entando/entando-keycloak-plugin
 * [new branch]      ENG-1658-add-*****istration-function-to-enable-disable-content-security-policy -> origin/ENG-1658-add-*****istration-function-to-enable-disable-content-security-policy
 * [new branch]      add_prop_ignored_uri_token_auth -> origin/add_prop_ignored_uri_token_auth
 * [new branch]      master     -> origin/master
 * [new branch]      xdev-pom-udpate-2020-12-10_21-49-28 -> origin/xdev-pom-udpate-2020-12-10_21-49-28
 * [new tag]         v6.3.5     -> v6.3.5
 * [new tag]         master-before-**  -> master-before-**
 * [new tag]         v5.1.1            -> v5.1.1
 * [new tag]         v5.1.2            -> v5.1.2
 * [new tag]         v5.1.3            -> v5.1.3
 * [new tag]         v6.2.0-sprint1-rc -> v6.2.0-sprint1-rc
 * [new tag]         v6.2.0-sprint2-rc -> v6.2.0-sprint2-rc
 * [new tag]         v6.2.0-sprint3-rc -> v6.2.0-sprint3-rc
 * [new tag]         v6.2.0-sprint4-rc -> v6.2.0-sprint4-rc
 * [new tag]         v6.2.0-sprint5-rc -> v6.2.0-sprint5-rc
 * [new tag]         v6.2.0-sprint6-rc -> v6.2.0-sprint6-rc

Showing logs for build [32mentando-entando-keycloak-plugin-6dt6z-18[0m stage [32mfrom-build-pack[0m and container [32mstep-build-mvn-deploy-release[0m
Picked up _JAVA_OPTIONS: -XX:+UnlockExperimentalVMOptions -Dsun.zip.disableMemoryMapping=**** -XX:+UseParallelGC -XX:MinHeapFreeRatio=5 -XX:MaxHeapFreeRatio=10 -XX:GCTimeRatio=4 -XX:AdaptiveSizePolicyWeight=90 -Xms10m -Xmx8000m
[INFO] Scanning for projects...
[INFO] 
[INFO] -------------< org.entando.entando:entando-keycloak-auth >--------------
[INFO] Building entando-keycloak-auth 6.3.5
[INFO] --------------------------------[ jar ]---------------------------------
[WARNING] The POM for com.sun.xml.bind:jaxb-impl:jar:2.2.11 is invalid, transitive dependencies (if any) will not be available, enable debug logging for more details
[INFO] 
[INFO] --- maven-clean-plugin:2.5:clean (default-clean) @ entando-keycloak-auth ---
[INFO] 
[INFO] --- maven-checkstyle-plugin:3.1.1:check (validate) @ entando-keycloak-auth ---
[INFO] 
[INFO] --- maven-checkstyle-plugin:3.1.1:checkstyle (validate) @ entando-keycloak-auth ---
[INFO] 
[INFO] --- jacoco-maven-plugin:0.8.5:prepare-agent (prepare-agent) @ entando-keycloak-auth ---
[INFO] argLine set to -javaagent:/home/jenkins/.mvnrepository/org/jacoco/org.jacoco.agent/0.8.5/org.jacoco.agent-0.8.5-runtime.jar=destfile=/workspace/source/target/jacoco.e**c
[INFO] 
[INFO] --- maven-resources-plugin:2.5:resources (default-resources) @ entando-keycloak-auth ---
[debug] e**cute contextualize
[INFO] Using 'UTF-8' encoding to copy filtered resources.
[INFO] Copying 3 resources
[INFO] 
[INFO] --- maven-compiler-plugin:3.8.1:compile (default-compile) @ entando-keycloak-auth ---
[INFO] Changes detected - recompiling the module!
[INFO] Compiling 26 source files to /workspace/source/target/classes
[INFO] 
[INFO] --- maven-resources-plugin:2.5:copy-resources (copy-resources-test) @ entando-keycloak-auth ---
[debug] e**cute contextualize
[INFO] Using 'UTF-8' encoding to copy filtered resources.
[INFO] skip non existing resourceDirectory /workspace/source/src/test/config
[INFO] 
[INFO] --- maven-resources-plugin:2.5:copy-resources (copy-resources-file-test-) @ entando-keycloak-auth ---
[debug] e**cute contextualize
[INFO] Using 'UTF-8' encoding to copy filtered resources.
[INFO] skip non existing resourceDirectory /workspace/source/src/test/config
[INFO] 
[INFO] --- maven-resources-plugin:2.5:testResources (default-testResources) @ entando-keycloak-auth ---
[debug] e**cute contextualize
[INFO] Using 'UTF-8' encoding to copy filtered resources.
[INFO] skip non existing resourceDirectory /workspace/source/src/test/resources
[INFO] 
[INFO] --- maven-compiler-plugin:3.8.1:testCompile (default-testCompile) @ entando-keycloak-auth ---
[INFO] Changes detected - recompiling the module!
[INFO] Compiling 11 source files to /workspace/source/target/test-classes
[INFO] 
[INFO] --- maven-surefire-plugin:3.0.0-M1:test (default-test) @ entando-keycloak-auth ---
[INFO] 
[INFO] -------------------------------------------------------
[INFO]  T E S T S
[INFO] -------------------------------------------------------
[INFO] Running org.entando.entando.aps.servlet.security.KeycloakAuthenticationFilterTest
[INFO] Tests run: 3, Failures: 0, Errors: 0, Skipped: 0, Time elapsed: 4.379 s - in org.entando.entando.aps.servlet.security.KeycloakAuthenticationFilterTest
[INFO] Running org.entando.entando.keycloak.interceptor.KeycloakOauth2InterceptorTest
[INFO] Tests run: 8, Failures: 0, Errors: 0, Skipped: 0, Time elapsed: 0.409 s - in org.entando.entando.keycloak.interceptor.KeycloakOauth2InterceptorTest
[INFO] Running org.entando.entando.keycloak.services.AuthenticationProviderManagerTest
[INFO] Tests run: 4, Failures: 0, Errors: 0, Skipped: 0, Time elapsed: 0.065 s - in org.entando.entando.keycloak.services.AuthenticationProviderManagerTest
[INFO] Running org.entando.entando.keycloak.services.KeycloakAuthorizationManagerTest
[INFO] Tests run: 3, Failures: 0, Errors: 0, Skipped: 0, Time elapsed: 0.487 s - in org.entando.entando.keycloak.services.KeycloakAuthorizationManagerTest
[INFO] 
[INFO] Results:
[INFO] 
[INFO] Tests run: 18, Failures: 0, Errors: 0, Skipped: 0
[INFO] 
[INFO] 
[INFO] --- maven-jar-plugin:3.2.0:jar (default-jar) @ entando-keycloak-auth ---
[INFO] Building jar: /workspace/source/target/entando-keycloak-auth-6.3.5.jar
[INFO] 
[INFO] --- maven-assembly-plugin:2.2.1:single (package-classes) @ entando-keycloak-auth ---
[INFO] Reading assembly descriptor: /workspace/source/src/main/assembly/classes.xml
[INFO] Building jar: /workspace/source/target/entando-keycloak-auth-6.3.5-classes.jar
[INFO] 
[INFO] --- maven-jar-plugin:3.2.0:test-jar (build-test-jar) @ entando-keycloak-auth ---
[INFO] Building jar: /workspace/source/target/entando-keycloak-auth-6.3.5-tests.jar
[INFO] 
[INFO] --- maven-source-plugin:3.2.1:jar-no-fork (attach-sources) @ entando-keycloak-auth ---
[INFO] Building jar: /workspace/source/target/entando-keycloak-auth-6.3.5-sources.jar
[INFO] 
[INFO] >>> maven-source-plugin:3.2.1:test-jar (attach-sources) > generate-sources @ entando-keycloak-auth >>>
[INFO] 
[INFO] --- maven-checkstyle-plugin:3.1.1:check (validate) @ entando-keycloak-auth ---
[INFO] 
[INFO] --- maven-checkstyle-plugin:3.1.1:checkstyle (validate) @ entando-keycloak-auth ---
[INFO] 
[INFO] --- jacoco-maven-plugin:0.8.5:prepare-agent (prepare-agent) @ entando-keycloak-auth ---
[INFO] argLine set to -javaagent:/home/jenkins/.mvnrepository/org/jacoco/org.jacoco.agent/0.8.5/org.jacoco.agent-0.8.5-runtime.jar=destfile=/workspace/source/target/jacoco.e**c
[INFO] 
[INFO] <<< maven-source-plugin:3.2.1:test-jar (attach-sources) < generate-sources @ entando-keycloak-auth <<<
[INFO] 
[INFO] 
[INFO] --- maven-source-plugin:3.2.1:test-jar (attach-sources) @ entando-keycloak-auth ---
[INFO] Building jar: /workspace/source/target/entando-keycloak-auth-6.3.5-test-sources.jar
[INFO] 
[INFO] --- maven-javadoc-plugin:3.2.0:jar (attach-javadocs) @ entando-keycloak-auth ---
[INFO] No previous run data found, generating javadoc.
[INFO] 
Loading source files for package org.entando.entando.aps.servlet.security...
Loading source files for package org.entando.entando...
Loading source files for package org.entando.entando.keycloak.interceptor...
Loading source files for package org.entando.entando.keycloak.services...
Loading source files for package org.entando.entando.keycloak.services.oidc.model...
Loading source files for package org.entando.entando.keycloak.services.oidc.exception...
Loading source files for package org.entando.entando.keycloak.services.oidc...
Loading source files for package org.entando.entando.keycloak.adapter...
Loading source files for package org.entando.entando.keycloak.filter...
Constructing Javadoc information...
Standard Doclet version 11.0.6
Building tree for all the packages and classes...
Generating /workspace/source/target/apidocs/org/entando/entando/KeycloakWiki.html...
Generating /workspace/source/target/apidocs/org/entando/entando/aps/servlet/security/GuestAuthentication.html...
Generating /workspace/source/target/apidocs/org/entando/entando/aps/servlet/security/KeycloakAuthenticationFilter.html...
Generating /workspace/source/target/apidocs/org/entando/entando/aps/servlet/security/KeycloakSecurityConfig.html...
Generating /workspace/source/target/apidocs/org/entando/entando/aps/servlet/security/UserAuthentication.html...
Generating /workspace/source/target/apidocs/org/entando/entando/keycloak/adapter/AuthenticationProviderManagerAdapter.html...
Generating /workspace/source/target/apidocs/org/entando/entando/keycloak/adapter/EntandoOauth2InterceptorAdapter.html...
Generating /workspace/source/target/apidocs/org/entando/entando/keycloak/adapter/UserManagerAdapter.html...
Generating /workspace/source/target/apidocs/org/entando/entando/keycloak/filter/KeycloakFilter.html...
Generating /workspace/source/target/apidocs/org/entando/entando/keycloak/interceptor/KeycloakOauth2Interceptor.html...
Generating /workspace/source/target/apidocs/org/entando/entando/keycloak/services/KeycloakAuthenticationProviderManager.html...
Generating /workspace/source/target/apidocs/org/entando/entando/keycloak/services/KeycloakAuthorizationManager.html...
Generating /workspace/source/target/apidocs/org/entando/entando/keycloak/services/KeycloakConfiguration.html...
Generating /workspace/source/target/apidocs/org/entando/entando/keycloak/services/KeycloakJson.html...
Generating /workspace/source/target/apidocs/org/entando/entando/keycloak/services/KeycloakService.html...
Generating /workspace/source/target/apidocs/org/entando/entando/keycloak/services/KeycloakUserManager.html...
Generating /workspace/source/target/apidocs/org/entando/entando/keycloak/services/oidc/OpenIDConnectService.html...
Generating /workspace/source/target/apidocs/org/entando/entando/keycloak/services/oidc/exception/AccountDisabledException.html...
Generating /workspace/source/target/apidocs/org/entando/entando/keycloak/services/oidc/exception/CredentialsExpiredException.html...
Generating /workspace/source/target/apidocs/org/entando/entando/keycloak/services/oidc/exception/InvalidCredentialsException.html...
Generating /workspace/source/target/apidocs/org/entando/entando/keycloak/services/oidc/exception/OidcException.html...
Generating /workspace/source/target/apidocs/org/entando/entando/keycloak/services/oidc/model/AccessToken.html...
Generating /workspace/source/target/apidocs/org/entando/entando/keycloak/services/oidc/model/AuthResponse.html...
Generating /workspace/source/target/apidocs/org/entando/entando/keycloak/services/oidc/model/TokenRoles.html...
Generating /workspace/source/target/apidocs/org/entando/entando/keycloak/services/oidc/model/UserRepresentation.html...
Generating /workspace/source/target/apidocs/org/entando/entando/package-summary.html...
Generating /workspace/source/target/apidocs/org/entando/entando/package-tree.html...
Generating /workspace/source/target/apidocs/org/entando/entando/aps/servlet/security/package-summary.html...
Generating /workspace/source/target/apidocs/org/entando/entando/aps/servlet/security/package-tree.html...
Generating /workspace/source/target/apidocs/org/entando/entando/keycloak/adapter/package-summary.html...
Generating /workspace/source/target/apidocs/org/entando/entando/keycloak/adapter/package-tree.html...
Generating /workspace/source/target/apidocs/org/entando/entando/keycloak/filter/package-summary.html...
Generating /workspace/source/target/apidocs/org/entando/entando/keycloak/filter/package-tree.html...
Generating /workspace/source/target/apidocs/org/entando/entando/keycloak/interceptor/package-summary.html...
Generating /workspace/source/target/apidocs/org/entando/entando/keycloak/interceptor/package-tree.html...
Generating /workspace/source/target/apidocs/org/entando/entando/keycloak/services/package-summary.html...
Generating /workspace/source/target/apidocs/org/entando/entando/keycloak/services/package-tree.html...
Generating /workspace/source/target/apidocs/org/entando/entando/keycloak/services/oidc/package-summary.html...
Generating /workspace/source/target/apidocs/org/entando/entando/keycloak/services/oidc/package-tree.html...
Generating /workspace/source/target/apidocs/org/entando/entando/keycloak/services/oidc/exception/package-summary.html...
Generating /workspace/source/target/apidocs/org/entando/entando/keycloak/services/oidc/exception/package-tree.html...
Generating /workspace/source/target/apidocs/org/entando/entando/keycloak/services/oidc/model/package-summary.html...
Generating /workspace/source/target/apidocs/org/entando/entando/keycloak/services/oidc/model/package-tree.html...
Generating /workspace/source/target/apidocs/constant-values.html...
Generating /workspace/source/target/apidocs/serialized-form.html...
Generating /workspace/source/target/apidocs/org/entando/entando/aps/servlet/security/class-use/KeycloakAuthenticationFilter.html...
Generating /workspace/source/target/apidocs/org/entando/entando/aps/servlet/security/class-use/KeycloakSecurityConfig.html...
Generating /workspace/source/target/apidocs/org/entando/entando/aps/servlet/security/class-use/GuestAuthentication.html...
Generating /workspace/source/target/apidocs/org/entando/entando/aps/servlet/security/class-use/UserAuthentication.html...
Generating /workspace/source/target/apidocs/org/entando/entando/class-use/KeycloakWiki.html...
Generating /workspace/source/target/apidocs/org/entando/entando/keycloak/interceptor/class-use/KeycloakOauth2Interceptor.html...
Generating /workspace/source/target/apidocs/org/entando/entando/keycloak/services/class-use/KeycloakAuthenticationProviderManager.html...
Generating /workspace/source/target/apidocs/org/entando/entando/keycloak/services/class-use/KeycloakUserManager.html...
Generating /workspace/source/target/apidocs/org/entando/entando/keycloak/services/class-use/KeycloakAuthorizationManager.html...
Generating /workspace/source/target/apidocs/org/entando/entando/keycloak/services/class-use/KeycloakJson.html...
Generating /workspace/source/target/apidocs/org/entando/entando/keycloak/services/class-use/KeycloakConfiguration.html...
Generating /workspace/source/target/apidocs/org/entando/entando/keycloak/services/class-use/KeycloakService.html...
Generating /workspace/source/target/apidocs/org/entando/entando/keycloak/services/oidc/model/class-use/UserRepresentation.html...
Generating /workspace/source/target/apidocs/org/entando/entando/keycloak/services/oidc/model/class-use/AuthResponse.html...
Generating /workspace/source/target/apidocs/org/entando/entando/keycloak/services/oidc/model/class-use/AccessToken.html...
Generating /workspace/source/target/apidocs/org/entando/entando/keycloak/services/oidc/model/class-use/TokenRoles.html...
Generating /workspace/source/target/apidocs/org/entando/entando/keycloak/services/oidc/exception/class-use/CredentialsExpiredException.html...
Generating /workspace/source/target/apidocs/org/entando/entando/keycloak/services/oidc/exception/class-use/AccountDisabledException.html...
Generating /workspace/source/target/apidocs/org/entando/entando/keycloak/services/oidc/exception/class-use/InvalidCredentialsException.html...
Generating /workspace/source/target/apidocs/org/entando/entando/keycloak/services/oidc/exception/class-use/OidcException.html...
Generating /workspace/source/target/apidocs/org/entando/entando/keycloak/services/oidc/class-use/OpenIDConnectService.html...
Generating /workspace/source/target/apidocs/org/entando/entando/keycloak/adapter/class-use/AuthenticationProviderManagerAdapter.html...
Generating /workspace/source/target/apidocs/org/entando/entando/keycloak/adapter/class-use/UserManagerAdapter.html...
Generating /workspace/source/target/apidocs/org/entando/entando/keycloak/adapter/class-use/EntandoOauth2InterceptorAdapter.html...
Generating /workspace/source/target/apidocs/org/entando/entando/keycloak/filter/class-use/KeycloakFilter.html...
Generating /workspace/source/target/apidocs/org/entando/entando/package-use.html...
Generating /workspace/source/target/apidocs/org/entando/entando/aps/servlet/security/package-use.html...
Generating /workspace/source/target/apidocs/org/entando/entando/keycloak/adapter/package-use.html...
Generating /workspace/source/target/apidocs/org/entando/entando/keycloak/filter/package-use.html...
Generating /workspace/source/target/apidocs/org/entando/entando/keycloak/interceptor/package-use.html...
Generating /workspace/source/target/apidocs/org/entando/entando/keycloak/services/package-use.html...
Generating /workspace/source/target/apidocs/org/entando/entando/keycloak/services/oidc/package-use.html...
Generating /workspace/source/target/apidocs/org/entando/entando/keycloak/services/oidc/exception/package-use.html...
Generating /workspace/source/target/apidocs/org/entando/entando/keycloak/services/oidc/model/package-use.html...
Building index for all the packages and classes...
Generating /workspace/source/target/apidocs/overview-tree.html...
Generating /workspace/source/target/apidocs/index-all.html...
Building index for all classes...
Generating /workspace/source/target/apidocs/allclasses-index.html...
Generating /workspace/source/target/apidocs/allpackages-index.html...
Generating /workspace/source/target/apidocs/deprecated-list.html...
Building index for all classes...
Generating /workspace/source/target/apidocs/allclasses.html...
Generating /workspace/source/target/apidocs/allclasses.html...
Generating /workspace/source/target/apidocs/index.html...
Generating /workspace/source/target/apidocs/overview-summary.html...
Generating /workspace/source/target/apidocs/help-doc.html...
[INFO] Building jar: /workspace/source/target/entando-keycloak-auth-6.3.5-javadoc.jar
[INFO] 
[INFO] --- maven-surefire-report-plugin:3.0.0-M4:failsafe-report-only (integration-tests) @ entando-keycloak-auth ---
[INFO] 
[INFO] --- dependency-check-maven:5.3.2:aggregate (default) @ entando-keycloak-auth ---
[INFO] Skipping National Vulnerability Database Report
[INFO] 
[INFO] --- jacoco-maven-plugin:0.8.5:report (report) @ entando-keycloak-auth ---
[INFO] Loading e**cution data file /workspace/source/target/jacoco.e**c
[INFO] Analyzed bundle 'entando-keycloak-auth' with 27 classes
[INFO] 
[INFO] --- maven-gpg-plugin:1.6:sign (sign-artifacts) @ entando-keycloak-auth ---
gpg: WARNING: unsafe permissions on homedir `********************'
gpg: WARNING: unsafe permissions on homedir `********************'
gpg: WARNING: unsafe permissions on homedir `********************'
gpg: WARNING: unsafe permissions on homedir `********************'
gpg: WARNING: unsafe permissions on homedir `********************'
gpg: WARNING: unsafe permissions on homedir `********************'
gpg: WARNING: unsafe permissions on homedir `********************'
[INFO] 
[INFO] --- maven-surefire-report-plugin:3.0.0-M4:report-only (unit-tests) @ entando-keycloak-auth ---
[WARNING] Unable to locate Test Source XRef to link to - DISABLED
[INFO] 
[INFO] --- maven-install-plugin:2.4:install (default-install) @ entando-keycloak-auth ---
[INFO] Installing /workspace/source/target/entando-keycloak-auth-6.3.5.jar to /home/jenkins/.mvnrepository/org/entando/entando/entando-keycloak-auth/6.3.5/entando-keycloak-auth-6.3.5.jar
[INFO] Installing /workspace/source/pom.xml to /home/jenkins/.mvnrepository/org/entando/entando/entando-keycloak-auth/6.3.5/entando-keycloak-auth-6.3.5.pom
[INFO] Installing /workspace/source/target/entando-keycloak-auth-6.3.5-classes.jar to /home/jenkins/.mvnrepository/org/entando/entando/entando-keycloak-auth/6.3.5/entando-keycloak-auth-6.3.5-classes.jar
[INFO] Installing /workspace/source/target/entando-keycloak-auth-6.3.5-tests.jar to /home/jenkins/.mvnrepository/org/entando/entando/entando-keycloak-auth/6.3.5/entando-keycloak-auth-6.3.5-tests.jar
[INFO] Installing /workspace/source/target/entando-keycloak-auth-6.3.5-sources.jar to /home/jenkins/.mvnrepository/org/entando/entando/entando-keycloak-auth/6.3.5/entando-keycloak-auth-6.3.5-sources.jar
[INFO] Installing /workspace/source/target/entando-keycloak-auth-6.3.5-test-sources.jar to /home/jenkins/.mvnrepository/org/entando/entando/entando-keycloak-auth/6.3.5/entando-keycloak-auth-6.3.5-test-sources.jar
[INFO] Installing /workspace/source/target/entando-keycloak-auth-6.3.5-javadoc.jar to /home/jenkins/.mvnrepository/org/entando/entando/entando-keycloak-auth/6.3.5/entando-keycloak-auth-6.3.5-javadoc.jar
[INFO] Installing /workspace/source/target/entando-keycloak-auth-6.3.5.jar.asc to /home/jenkins/.mvnrepository/org/entando/entando/entando-keycloak-auth/6.3.5/entando-keycloak-auth-6.3.5.jar.asc
[INFO] Installing /workspace/source/target/entando-keycloak-auth-6.3.5.pom.asc to /home/jenkins/.mvnrepository/org/entando/entando/entando-keycloak-auth/6.3.5/entando-keycloak-auth-6.3.5.pom.asc
[INFO] Installing /workspace/source/target/entando-keycloak-auth-6.3.5-classes.jar.asc to /home/jenkins/.mvnrepository/org/entando/entando/entando-keycloak-auth/6.3.5/entando-keycloak-auth-6.3.5-classes.jar.asc
[INFO] Installing /workspace/source/target/entando-keycloak-auth-6.3.5-tests.jar.asc to /home/jenkins/.mvnrepository/org/entando/entando/entando-keycloak-auth/6.3.5/entando-keycloak-auth-6.3.5-tests.jar.asc
[INFO] Installing /workspace/source/target/entando-keycloak-auth-6.3.5-sources.jar.asc to /home/jenkins/.mvnrepository/org/entando/entando/entando-keycloak-auth/6.3.5/entando-keycloak-auth-6.3.5-sources.jar.asc
[INFO] Installing /workspace/source/target/entando-keycloak-auth-6.3.5-test-sources.jar.asc to /home/jenkins/.mvnrepository/org/entando/entando/entando-keycloak-auth/6.3.5/entando-keycloak-auth-6.3.5-test-sources.jar.asc
[INFO] Installing /workspace/source/target/entando-keycloak-auth-6.3.5-javadoc.jar.asc to /home/jenkins/.mvnrepository/org/entando/entando/entando-keycloak-auth/6.3.5/entando-keycloak-auth-6.3.5-javadoc.jar.asc
[INFO] 
[INFO] --- maven-deploy-plugin:2.8.2:deploy (default-deploy) @ entando-keycloak-auth ---
[INFO] Using alternate deployment repository local-nexus::default::http://nexus/repository/maven-releases/
[INFO] 
[INFO] --- maven-site-plugin:3.9.0:site (default-site) @ entando-keycloak-auth ---
[INFO] configuring report plugin org.apache.maven.plugins:maven-project-info-reports-plugin:3.0.0
[INFO] 9 reports configured for maven-project-info-reports-plugin:3.0.0: dependency-info, distribution-management, index, ci-management, issue-management, licenses, plugins, scm, summary
[INFO] Rendering site with default locale English (en)
[WARNING] Unable to find a URL to the parent project. The parent menu will NOT be added.
[INFO] Relativizing decoration links with respect to localized project URL: https://central.entando.com/entando-keycloak-auth
[INFO] Rendering content with org.apache.maven.skins:maven-default-skin:jar:1.3 skin.
[INFO] Generating "Dependency Information" report --- maven-project-info-reports-plugin:3.0.0:dependency-info
[INFO] Generating "About" report         --- maven-project-info-reports-plugin:3.0.0:index
[INFO] Generating "Issue Management" report --- maven-project-info-reports-plugin:3.0.0:issue-management
[INFO] Generating "Licenses" report      --- maven-project-info-reports-plugin:3.0.0:licenses
[INFO] Generating "Plugins" report       --- maven-project-info-reports-plugin:3.0.0:plugins
[INFO] Generating "Source Code Management" report --- maven-project-info-reports-plugin:3.0.0:scm
[INFO] Generating "Summary" report       --- maven-project-info-reports-plugin:3.0.0:summary
[INFO] 
[INFO] -------------< org.entando.entando:entando-keycloak-auth >--------------
[INFO] Building entando-keycloak-auth 6.3.5
[INFO] --------------------------------[ jar ]---------------------------------
[INFO] 
[INFO] --- sonar-maven-plugin:3.7.0.1746:sonar (default-cli) @ entando-keycloak-auth ---
[INFO] User cache: /****/.sonar/cache
[INFO] SonarQube version: 8.5.0
[INFO] Default locale: "en", source code encoding: "UTF-8"
[INFO] Load global settings
[INFO] Load global settings (done) | time=206ms
[INFO] Server id: 1BD809FA-AWHW8ct9-T_TB3XqouNu
[INFO] User cache: /****/.sonar/cache
[INFO] Load/download plugins
[INFO] Load plugins index
[INFO] Load plugins index (done) | time=80ms
[INFO] Load/download plugins (done) | time=25436ms
[INFO] Loaded core extensions: developer-scanner
[INFO] JavaScript/TypeScript frontend is enabled
[INFO] Load project settings for component key: 'entando_entando-keycloak-auth'
[INFO] Load project settings for component key: 'entando_entando-keycloak-auth' (done) | time=46ms
[INFO] Process project properties
[INFO] E**cute project builders
[INFO] E**cute project builders (done) | time=3ms
[INFO] Project key: entando_entando-keycloak-auth
[INFO] Base dir: /workspace/source
[INFO] Working dir: /workspace/source/target/sonar
[INFO] Load project branches
[INFO] Load project branches (done) | time=31ms
[INFO] Check ALM binding of project 'entando_entando-keycloak-auth'
[INFO] Detected project binding: NOT_BOUND
[INFO] Check ALM binding of project 'entando_entando-keycloak-auth' (done) | time=23ms
[INFO] Load project pull requests
[INFO] Load project pull requests (done) | time=30ms
[INFO] Load branch configuration
[INFO] Load branch configuration (done) | time=3ms
[INFO] Load quality profiles
[INFO] Load quality profiles (done) | time=76ms
[INFO] Load active rules
[INFO] Load active rules (done) | time=1458ms
[INFO] Organization key: entando
[INFO] Indexing files...
[INFO] Project configuration:
[WARNING] Exception caught during e**cution of command '[/usr/local/git/bin/git, config, --******, --edit]' in '/usr/local/git/bin', return code '128', error message 'fatal: Invalid path '/usr/local/git/etc': No such file or directory
'
[INFO] 38 files inde**d
[INFO] 0 files ignored because of scm ignore settings
[INFO] Quality profile for java: Sonar way
[INFO] Quality profile for xml: Sonar way
[INFO] ------------- Run sensors on module entando-keycloak-auth
[INFO] JavaScript/TypeScript frontend is enabled
[INFO] Load metrics repository
[INFO] Load metrics repository (done) | time=28ms
[INFO] Sensor JavaSquidSensor [java]
[INFO] Configured Java source version (sonar.java.source): 8
[INFO] JavaClasspath initialization
[INFO] JavaClasspath initialization (done) | time=25ms
[INFO] JavaTestClasspath initialization
[INFO] JavaTestClasspath initialization (done) | time=4ms
[INFO] Java Main Files AST scan
[INFO] 26 source files to be analyzed
[INFO] Load project repositories
[INFO] Load project repositories (done) | time=41ms
[INFO] 26/26 source files have been analyzed
[INFO] Java Main Files AST scan (done) | time=8187ms
[INFO] Java Test Files AST scan
[INFO] 11 source files to be analyzed
[INFO] Java Test Files AST scan (done) | time=1305ms
[INFO] 11/11 source files have been analyzed
[INFO] Java Generated Files AST scan
[INFO] 0 source files to be analyzed
[INFO] Java Generated Files AST scan (done) | time=0ms
[INFO] 0/0 source files have been analyzed
[INFO] Sensor JavaSquidSensor [java] (done) | time=10385ms
[INFO] Sensor SonarCSS Rules [cssfamily]
[INFO] No CSS, PHP, HTML or VueJS files are found in the project. CSS analysis is skipped.
[INFO] Sensor SonarCSS Rules [cssfamily] (done) | time=1ms
[INFO] Sensor C# Properties [csharp]
[INFO] Sensor C# Properties [csharp] (done) | time=1ms
[INFO] Sensor Import of Checkstyle issues [java]
[WARNING] Checkstyle report not found: /workspace/source/target/checkstyle-result.xml
[INFO] Sensor Import of Checkstyle issues [java] (done) | time=2ms
[INFO] Sensor SurefireSensor [java]
[INFO] parsing [/workspace/source/target/surefire-reports]
[INFO] Sensor SurefireSensor [java] (done) | time=126ms
[INFO] Sensor JavaXmlSensor [java]
[INFO] 1 source files to be analyzed
[INFO] Sensor JavaXmlSensor [java] (done) | time=188ms
[INFO] 1/1 source files have been analyzed
[INFO] Sensor HTML [web]
[INFO] Sensor HTML [web] (done) | time=5ms
[INFO] Sensor XML Sensor [xml]
[INFO] 1 source files to be analyzed
[INFO] Sensor XML Sensor [xml] (done) | time=157ms
[INFO] 1/1 source files have been analyzed
[INFO] Sensor VB.NET Properties [vbnet]
[INFO] Sensor VB.NET Properties [vbnet] (done) | time=2ms
[INFO] Sensor JaCoCo XML Report Importer [jacoco]
[INFO] Importing 1 report(s). Turn your logs in debug mode in order to see the exhaustive list.
[INFO] Sensor JaCoCo XML Report Importer [jacoco] (done) | time=60ms
[INFO] Sensor ThymeLeaf template sensor [securityjavafrontend]
[INFO] Sensor ThymeLeaf template sensor [securityjavafrontend] (done) | time=4ms
[INFO] Sensor JavaSecuritySensor [security]
[INFO] Reading type hierarchy from: /workspace/source/target/sonar/ucfg2/java
[INFO] Read 174 type definitions
[INFO] Reading UCFGs from: /workspace/source/target/sonar/ucfg2/java
[INFO] 06:43:55.25698 Building Runtime Type propagation graph
[INFO] 06:43:55.291646 Running Tarjan on 805 nodes
[INFO] 06:43:55.299079 Tarjan found 805 components
[INFO] 06:43:55.306692 Variable type analysis: done
[INFO] 06:43:55.345736 Building Runtime Type propagation graph
[INFO] 06:43:55.360085 Running Tarjan on 805 nodes
[INFO] 06:43:55.362616 Tarjan found 805 components
[INFO] 06:43:55.364859 Variable type analysis: done
[INFO] Analyzing 182 ucfgs to detect vulnerabilities.
[INFO] All rules entrypoints : 2 Retained UCFGs : 28
[INFO] rule: S5131, entrypoints: 0
[INFO] rule: S5131 done
[INFO] rule: S3649, entrypoints: 0
[INFO] rule: S3649 done
[INFO] rule: S2076, entrypoints: 0
[INFO] rule: S2076 done
[INFO] rule: S2091, entrypoints: 0
[INFO] rule: S2091 done
[INFO] rule: S2078, entrypoints: 0
[INFO] rule: S2078 done
[INFO] rule: S2631, entrypoints: 0
[INFO] rule: S2631 done
[INFO] rule: S5135, entrypoints: 0
[INFO] rule: S5135 done
[INFO] rule: S2083, entrypoints: 0
[INFO] rule: S2083 done
[INFO] rule: S5167, entrypoints: 0
[INFO] rule: S5167 done
[INFO] rule: S5144, entrypoints: 2
[INFO] Running symbolic analysis
[INFO] rule: S5144 done
[INFO] rule: S5145, entrypoints: 1
[INFO] Running symbolic analysis
[INFO] rule: S5145 done
[INFO] rule: S5146, entrypoints: 1
[INFO] Running symbolic analysis
[INFO] rule: S5146 done
[INFO] rule: S5334, entrypoints: 0
[INFO] rule: S5334 done
[INFO] Sensor JavaSecuritySensor [security] (done) | time=1244ms
[INFO] Sensor CSharpSecuritySensor [security]
[INFO] Reading type hierarchy from: /workspace/source/target/ucfg_cs2
[INFO] Read 0 type definitions
[INFO] Reading UCFGs from: /workspace/source/target/ucfg_cs2
[INFO] No UCFGs have been included for analysis.
[INFO] Sensor CSharpSecuritySensor [security] (done) | time=1ms
[INFO] Sensor PhpSecuritySensor [security]
[INFO] Reading type hierarchy from: /workspace/source/target/sonar/ucfg2/php
[INFO] Read 0 type definitions
[INFO] Reading UCFGs from: /workspace/source/target/sonar/ucfg2/php
[INFO] No UCFGs have been included for analysis.
[INFO] Sensor PhpSecuritySensor [security] (done) | time=1ms
[INFO] Sensor PythonSecuritySensor [security]
[INFO] Reading type hierarchy from: /workspace/source/target/sonar/ucfg2/python
[INFO] Read 0 type definitions
[INFO] Reading UCFGs from: /workspace/source/target/sonar/ucfg2/python
[INFO] No UCFGs have been included for analysis.
[INFO] Sensor PythonSecuritySensor [security] (done) | time=1ms
[INFO] Sensor JsSecuritySensor [security]
[INFO] Reading type hierarchy from: /workspace/source/target/sonar/ucfg2/js
[INFO] Read 0 type definitions
[INFO] Reading UCFGs from: /workspace/source/target/sonar/ucfg2/js
[INFO] No UCFGs have been included for analysis.
[INFO] Sensor JsSecuritySensor [security] (done) | time=2ms
[INFO] ------------- Run sensors on project
[INFO] Sensor Zero Coverage Sensor
[INFO] Sensor Zero Coverage Sensor (done) | time=1ms
[INFO] Sensor Java CPD Block Inde**r
[INFO] Sensor Java CPD Block Inde**r (done) | time=80ms
[INFO] SCM Publisher SCM provider for this project is: git
[INFO] SCM Publisher 38 source files to be analyzed
[WARNING] Shallow clone detected, no blame information will be provided. You can convert to non-shallow with 'git fetch --unshallow'.
[INFO] SCM Publisher 0/38 source files have been analyzed (done) | time=2ms
[WARNING] Missing blame information for the following files:
[WARNING]   * src/test/java/org/entando/entando/keycloak/services/AuthenticationProviderManagerTest.java
[WARNING]   * src/test/java/org/entando/entando/keycloak/interceptor/KeycloakOauth2InterceptorTest.java
[WARNING]   * src/main/java/org/entando/entando/keycloak/services/oidc/exception/AccountDisabledException.java
[WARNING]   * src/main/java/org/entando/entando/keycloak/adapter/EntandoOauth2InterceptorAdapter.java
[WARNING]   * src/main/java/org/entando/entando/KeycloakWiki.java
[WARNING]   * src/test/java/org/entando/entando/assertionHelper/KeycloakAuthenticationFilterAssertionHelper.java
[WARNING]   * pom.xml
[WARNING]   * src/main/java/org/entando/entando/aps/servlet/security/KeycloakAuthenticationFilter.java
[WARNING]   * src/main/java/org/entando/entando/aps/servlet/security/GuestAuthentication.java
[WARNING]   * src/main/java/org/entando/entando/keycloak/services/KeycloakAuthenticationProviderManager.java
[WARNING]   * src/test/java/org/entando/entando/keycloak/services/KeycloakAuthorizationManagerTest.java
[WARNING]   * src/test/java/org/entando/entando/keycloak/AllTests.java
[WARNING]   * src/test/java/org/entando/entando/keycloak/filter/KeycloakFilterTest.java
[WARNING]   * src/main/java/org/entando/entando/keycloak/services/oidc/model/UserRepresentation.java
[WARNING]   * src/main/java/org/entando/entando/keycloak/services/KeycloakAuthorizationManager.java
[WARNING]   * src/main/java/org/entando/entando/keycloak/services/KeycloakService.java
[WARNING]   * src/main/java/org/entando/entando/aps/servlet/security/UserAuthentication.java
[WARNING]   * src/main/java/org/entando/entando/keycloak/services/oidc/OpenIDConnectService.java
[WARNING]   * src/main/java/org/entando/entando/keycloak/adapter/UserManagerAdapter.java
[WARNING]   * src/test/java/org/entando/entando/keycloak/KeycloakTestConfiguration.java
[WARNING]   * src/main/java/org/entando/entando/keycloak/services/KeycloakJson.java
[WARNING]   * src/main/java/org/entando/entando/keycloak/services/KeycloakConfiguration.java
[WARNING]   * src/test/java/org/entando/entando/keycloak/services/OpenIDConnectServiceIT.java
[WARNING]   * src/main/java/org/entando/entando/keycloak/services/oidc/model/AuthResponse.java
[WARNING]   * src/main/java/org/entando/entando/keycloak/adapter/AuthenticationProviderManagerAdapter.java
[WARNING]   * src/main/java/org/entando/entando/keycloak/services/oidc/exception/CredentialsExpiredException.java
[WARNING]   * src/main/java/org/entando/entando/keycloak/filter/KeycloakFilter.java
[WARNING]   * src/main/java/org/entando/entando/keycloak/interceptor/KeycloakOauth2Interceptor.java
[WARNING]   * src/main/java/org/entando/entando/keycloak/services/KeycloakMapper.java
[WARNING]   * src/main/java/org/entando/entando/keycloak/services/oidc/model/TokenRoles.java
[WARNING]   * src/main/java/org/entando/entando/aps/servlet/security/KeycloakSecurityConfig.java
[WARNING]   * src/main/java/org/entando/entando/keycloak/services/oidc/exception/OidcException.java
[WARNING]   * src/main/java/org/entando/entando/keycloak/services/KeycloakUserManager.java
[WARNING]   * src/test/java/org/entando/entando/mockhelper/UserMockHelper.java
[WARNING]   * src/test/java/org/entando/entando/keycloak/services/UserManagerIT.java
[WARNING]   * src/main/java/org/entando/entando/keycloak/services/oidc/model/AccessToken.java
[WARNING]   * src/test/java/org/entando/entando/aps/servlet/security/KeycloakAuthenticationFilterTest.java
[WARNING]   * src/main/java/org/entando/entando/keycloak/services/oidc/exception/InvalidCredentialsException.java
[WARNING] This may lead to missing/broken features in SonarCloud
[INFO] CPD E**cutor 6 files had no CPD blocks
[INFO] CPD E**cutor Calculating CPD for 20 files
[INFO] CPD E**cutor CPD calculation finished (done) | time=23ms
[INFO] Analysis report generated in 295ms, dir size=434 KB
[INFO] Analysis report compressed in 93ms, zip size=150 KB
[INFO] Analysis report uploaded in 126ms
[INFO] ANALYSIS SUCCESSFUL, you can find the results at: https://sonarcloud.io/dashboard?id=entando_entando-keycloak-auth
[INFO] Note that you will be able to access the updated dashboard once the server has processed the submitted analysis report
[INFO] More about the report processing at https://sonarcloud.io/api/ce/task?id=AXbgvMcCtSjojHgeCvaO
[INFO] Analysis total time: 20.328 s
[INFO] ------------------------------------------------------------------------
[INFO] BUILD SUCCESS
[INFO] ------------------------------------------------------------------------
[INFO] Total time:  01:51 min
[INFO] Finished at: 2021-01-08T06:43:56Z
[INFO] ------------------------------------------------------------------------
shallow cloning https://github.com/entando-k8s/devops-results.git branch gh-pages
ran git init in /tmp/jenkins-x-collect683822494
ran git add remote origin https://github.com/entando-k8s/devops-results.git in /tmp/jenkins-x-collect683822494
ran git fetch origin --depth=1 gh-pages in dir /tmp/jenkins-x-collect683822494
Publishing https://raw.githubusercontent.com/entando-k8s/devops-results/gh-pages/entando-keycloak-plugin/master/css/maven-base.css
Publishing https://raw.githubusercontent.com/entando-k8s/devops-results/gh-pages/entando-keycloak-plugin/master/css/maven-theme.css
Publishing https://raw.githubusercontent.com/entando-k8s/devops-results/gh-pages/entando-keycloak-plugin/master/css/print.css
Publishing https://raw.githubusercontent.com/entando-k8s/devops-results/gh-pages/entando-keycloak-plugin/master/css/site.css
Publishing https://raw.githubusercontent.com/entando-k8s/devops-results/gh-pages/entando-keycloak-plugin/master/dependency-info.html
Publishing https://raw.githubusercontent.com/entando-k8s/devops-results/gh-pages/entando-keycloak-plugin/master/images/collapsed.gif
Publishing https://raw.githubusercontent.com/entando-k8s/devops-results/gh-pages/entando-keycloak-plugin/master/images/expanded.gif
Publishing https://raw.githubusercontent.com/entando-k8s/devops-results/gh-pages/entando-keycloak-plugin/master/images/external.png
Publishing https://raw.githubusercontent.com/entando-k8s/devops-results/gh-pages/entando-keycloak-plugin/master/images/icon_error_sml.gif
Publishing https://raw.githubusercontent.com/entando-k8s/devops-results/gh-pages/entando-keycloak-plugin/master/images/icon_info_sml.gif
Publishing https://raw.githubusercontent.com/entando-k8s/devops-results/gh-pages/entando-keycloak-plugin/master/images/icon_success_sml.gif
Publishing https://raw.githubusercontent.com/entando-k8s/devops-results/gh-pages/entando-keycloak-plugin/master/images/icon_warning_sml.gif
Publishing https://raw.githubusercontent.com/entando-k8s/devops-results/gh-pages/entando-keycloak-plugin/master/images/logos/build-by-maven-black.png
Publishing https://raw.githubusercontent.com/entando-k8s/devops-results/gh-pages/entando-keycloak-plugin/master/images/logos/build-by-maven-white.png
Publishing https://raw.githubusercontent.com/entando-k8s/devops-results/gh-pages/entando-keycloak-plugin/master/images/logos/maven-feather.png
Publishing https://raw.githubusercontent.com/entando-k8s/devops-results/gh-pages/entando-keycloak-plugin/master/images/newwindow.png
Publishing https://raw.githubusercontent.com/entando-k8s/devops-results/gh-pages/entando-keycloak-plugin/master/index.html
Publishing https://raw.githubusercontent.com/entando-k8s/devops-results/gh-pages/entando-keycloak-plugin/master/issue-management.html
Publishing https://raw.githubusercontent.com/entando-k8s/devops-results/gh-pages/entando-keycloak-plugin/master/jacoco/index.html
Publishing https://raw.githubusercontent.com/entando-k8s/devops-results/gh-pages/entando-keycloak-plugin/master/jacoco/jacoco-resources/branchfc.gif
Publishing https://raw.githubusercontent.com/entando-k8s/devops-results/gh-pages/entando-keycloak-plugin/master/jacoco/jacoco-resources/branchnc.gif
Publishing https://raw.githubusercontent.com/entando-k8s/devops-results/gh-pages/entando-keycloak-plugin/master/jacoco/jacoco-resources/branchpc.gif
Publishing https://raw.githubusercontent.com/entando-k8s/devops-results/gh-pages/entando-keycloak-plugin/master/jacoco/jacoco-resources/bundle.gif
Publishing https://raw.githubusercontent.com/entando-k8s/devops-results/gh-pages/entando-keycloak-plugin/master/jacoco/jacoco-resources/class.gif
Publishing https://raw.githubusercontent.com/entando-k8s/devops-results/gh-pages/entando-keycloak-plugin/master/jacoco/jacoco-resources/down.gif
Publishing https://raw.githubusercontent.com/entando-k8s/devops-results/gh-pages/entando-keycloak-plugin/master/jacoco/jacoco-resources/greenbar.gif
Publishing https://raw.githubusercontent.com/entando-k8s/devops-results/gh-pages/entando-keycloak-plugin/master/jacoco/jacoco-resources/group.gif
Publishing https://raw.githubusercontent.com/entando-k8s/devops-results/gh-pages/entando-keycloak-plugin/master/jacoco/jacoco-resources/method.gif
Publishing https://raw.githubusercontent.com/entando-k8s/devops-results/gh-pages/entando-keycloak-plugin/master/jacoco/jacoco-resources/package.gif
Publishing https://raw.githubusercontent.com/entando-k8s/devops-results/gh-pages/entando-keycloak-plugin/master/jacoco/jacoco-resources/prettify.css
Publishing https://raw.githubusercontent.com/entando-k8s/devops-results/gh-pages/entando-keycloak-plugin/master/jacoco/jacoco-resources/prettify.js
Publishing https://raw.githubusercontent.com/entando-k8s/devops-results/gh-pages/entando-keycloak-plugin/master/jacoco/jacoco-resources/redbar.gif
Publishing https://raw.githubusercontent.com/entando-k8s/devops-results/gh-pages/entando-keycloak-plugin/master/jacoco/jacoco-resources/report.css
Publishing https://raw.githubusercontent.com/entando-k8s/devops-results/gh-pages/entando-keycloak-plugin/master/jacoco/jacoco-resources/report.gif
Publishing https://raw.githubusercontent.com/entando-k8s/devops-results/gh-pages/entando-keycloak-plugin/master/jacoco/jacoco-resources/session.gif
Publishing https://raw.githubusercontent.com/entando-k8s/devops-results/gh-pages/entando-keycloak-plugin/master/jacoco/jacoco-resources/sort.gif
Publishing https://raw.githubusercontent.com/entando-k8s/devops-results/gh-pages/entando-keycloak-plugin/master/jacoco/jacoco-resources/sort.js
Publishing https://raw.githubusercontent.com/entando-k8s/devops-results/gh-pages/entando-keycloak-plugin/master/jacoco/jacoco-resources/source.gif
Publishing https://raw.githubusercontent.com/entando-k8s/devops-results/gh-pages/entando-keycloak-plugin/master/jacoco/jacoco-resources/up.gif
Publishing https://raw.githubusercontent.com/entando-k8s/devops-results/gh-pages/entando-keycloak-plugin/master/jacoco/jacoco-sessions.html
Publishing https://raw.githubusercontent.com/entando-k8s/devops-results/gh-pages/entando-keycloak-plugin/master/jacoco/jacoco.csv
Publishing https://raw.githubusercontent.com/entando-k8s/devops-results/gh-pages/entando-keycloak-plugin/master/jacoco/jacoco.xml
Publishing https://raw.githubusercontent.com/entando-k8s/devops-results/gh-pages/entando-keycloak-plugin/master/jacoco/org.entando.entando/KeycloakWiki.html
Publishing https://raw.githubusercontent.com/entando-k8s/devops-results/gh-pages/entando-keycloak-plugin/master/jacoco/org.entando.entando/KeycloakWiki.java.html
Publishing https://raw.githubusercontent.com/entando-k8s/devops-results/gh-pages/entando-keycloak-plugin/master/jacoco/org.entando.entando/index.html
Publishing https://raw.githubusercontent.com/entando-k8s/devops-results/gh-pages/entando-keycloak-plugin/master/jacoco/org.entando.entando/index.source.html
Publishing https://raw.githubusercontent.com/entando-k8s/devops-results/gh-pages/entando-keycloak-plugin/master/jacoco/org.entando.entando.aps.servlet.security/GuestAuthentication.html
Publishing https://raw.githubusercontent.com/entando-k8s/devops-results/gh-pages/entando-keycloak-plugin/master/jacoco/org.entando.entando.aps.servlet.security/GuestAuthentication.java.html
Publishing https://raw.githubusercontent.com/entando-k8s/devops-results/gh-pages/entando-keycloak-plugin/master/jacoco/org.entando.entando.aps.servlet.security/KeycloakAuthenticationFilter.html
Publishing https://raw.githubusercontent.com/entando-k8s/devops-results/gh-pages/entando-keycloak-plugin/master/jacoco/org.entando.entando.aps.servlet.security/KeycloakAuthenticationFilter.java.html
Publishing https://raw.githubusercontent.com/entando-k8s/devops-results/gh-pages/entando-keycloak-plugin/master/jacoco/org.entando.entando.aps.servlet.security/KeycloakSecurityConfig.html
Publishing https://raw.githubusercontent.com/entando-k8s/devops-results/gh-pages/entando-keycloak-plugin/master/jacoco/org.entando.entando.aps.servlet.security/KeycloakSecurityConfig.java.html
Publishing https://raw.githubusercontent.com/entando-k8s/devops-results/gh-pages/entando-keycloak-plugin/master/jacoco/org.entando.entando.aps.servlet.security/UserAuthentication.html
Publishing https://raw.githubusercontent.com/entando-k8s/devops-results/gh-pages/entando-keycloak-plugin/master/jacoco/org.entando.entando.aps.servlet.security/UserAuthentication.java.html
Publishing https://raw.githubusercontent.com/entando-k8s/devops-results/gh-pages/entando-keycloak-plugin/master/jacoco/org.entando.entando.aps.servlet.security/index.html
Publishing https://raw.githubusercontent.com/entando-k8s/devops-results/gh-pages/entando-keycloak-plugin/master/jacoco/org.entando.entando.aps.servlet.security/index.source.html
Publishing https://raw.githubusercontent.com/entando-k8s/devops-results/gh-pages/entando-keycloak-plugin/master/jacoco/org.entando.entando.keycloak.adapter/AuthenticationProviderManagerAdapter.html
Publishing https://raw.githubusercontent.com/entando-k8s/devops-results/gh-pages/entando-keycloak-plugin/master/jacoco/org.entando.entando.keycloak.adapter/AuthenticationProviderManagerAdapter.java.html
Publishing https://raw.githubusercontent.com/entando-k8s/devops-results/gh-pages/entando-keycloak-plugin/master/jacoco/org.entando.entando.keycloak.adapter/EntandoOauth2InterceptorAdapter.html
Publishing https://raw.githubusercontent.com/entando-k8s/devops-results/gh-pages/entando-keycloak-plugin/master/jacoco/org.entando.entando.keycloak.adapter/EntandoOauth2InterceptorAdapter.java.html
Publishing https://raw.githubusercontent.com/entando-k8s/devops-results/gh-pages/entando-keycloak-plugin/master/jacoco/org.entando.entando.keycloak.adapter/UserManagerAdapter.html
Publishing https://raw.githubusercontent.com/entando-k8s/devops-results/gh-pages/entando-keycloak-plugin/master/jacoco/org.entando.entando.keycloak.adapter/UserManagerAdapter.java.html
Publishing https://raw.githubusercontent.com/entando-k8s/devops-results/gh-pages/entando-keycloak-plugin/master/jacoco/org.entando.entando.keycloak.adapter/index.html
Publishing https://raw.githubusercontent.com/entando-k8s/devops-results/gh-pages/entando-keycloak-plugin/master/jacoco/org.entando.entando.keycloak.adapter/index.source.html
Publishing https://raw.githubusercontent.com/entando-k8s/devops-results/gh-pages/entando-keycloak-plugin/master/jacoco/org.entando.entando.keycloak.filter/KeycloakFilter.html
Publishing https://raw.githubusercontent.com/entando-k8s/devops-results/gh-pages/entando-keycloak-plugin/master/jacoco/org.entando.entando.keycloak.filter/KeycloakFilter.java.html
Publishing https://raw.githubusercontent.com/entando-k8s/devops-results/gh-pages/entando-keycloak-plugin/master/jacoco/org.entando.entando.keycloak.filter/index.html
Publishing https://raw.githubusercontent.com/entando-k8s/devops-results/gh-pages/entando-keycloak-plugin/master/jacoco/org.entando.entando.keycloak.filter/index.source.html
Publishing https://raw.githubusercontent.com/entando-k8s/devops-results/gh-pages/entando-keycloak-plugin/master/jacoco/org.entando.entando.keycloak.interceptor/KeycloakOauth2Interceptor.html
Publishing https://raw.githubusercontent.com/entando-k8s/devops-results/gh-pages/entando-keycloak-plugin/master/jacoco/org.entando.entando.keycloak.interceptor/KeycloakOauth2Interceptor.java.html
Publishing https://raw.githubusercontent.com/entando-k8s/devops-results/gh-pages/entando-keycloak-plugin/master/jacoco/org.entando.entando.keycloak.interceptor/index.html
Publishing https://raw.githubusercontent.com/entando-k8s/devops-results/gh-pages/entando-keycloak-plugin/master/jacoco/org.entando.entando.keycloak.interceptor/index.source.html
Publishing https://raw.githubusercontent.com/entando-k8s/devops-results/gh-pages/entando-keycloak-plugin/master/jacoco/org.entando.entando.keycloak.services/KeycloakAuthenticationProviderManager.html
Publishing https://raw.githubusercontent.com/entando-k8s/devops-results/gh-pages/entando-keycloak-plugin/master/jacoco/org.entando.entando.keycloak.services/KeycloakAuthenticationProviderManager.java.html
Publishing https://raw.githubusercontent.com/entando-k8s/devops-results/gh-pages/entando-keycloak-plugin/master/jacoco/org.entando.entando.keycloak.services/KeycloakAuthorizationManager.html
Publishing https://raw.githubusercontent.com/entando-k8s/devops-results/gh-pages/entando-keycloak-plugin/master/jacoco/org.entando.entando.keycloak.services/KeycloakAuthorizationManager.java.html
Publishing https://raw.githubusercontent.com/entando-k8s/devops-results/gh-pages/entando-keycloak-plugin/master/jacoco/org.entando.entando.keycloak.services/KeycloakConfiguration.html
Publishing https://raw.githubusercontent.com/entando-k8s/devops-results/gh-pages/entando-keycloak-plugin/master/jacoco/org.entando.entando.keycloak.services/KeycloakConfiguration.java.html
Publishing https://raw.githubusercontent.com/entando-k8s/devops-results/gh-pages/entando-keycloak-plugin/master/jacoco/org.entando.entando.keycloak.services/KeycloakJson.html
Publishing https://raw.githubusercontent.com/entando-k8s/devops-results/gh-pages/entando-keycloak-plugin/master/jacoco/org.entando.entando.keycloak.services/KeycloakJson.java.html
Publishing https://raw.githubusercontent.com/entando-k8s/devops-results/gh-pages/entando-keycloak-plugin/master/jacoco/org.entando.entando.keycloak.services/KeycloakMapper$1.html
Publishing https://raw.githubusercontent.com/entando-k8s/devops-results/gh-pages/entando-keycloak-plugin/master/jacoco/org.entando.entando.keycloak.services/KeycloakMapper.html
Publishing https://raw.githubusercontent.com/entando-k8s/devops-results/gh-pages/entando-keycloak-plugin/master/jacoco/org.entando.entando.keycloak.services/KeycloakMapper.java.html
Publishing https://raw.githubusercontent.com/entando-k8s/devops-results/gh-pages/entando-keycloak-plugin/master/jacoco/org.entando.entando.keycloak.services/KeycloakService.html
Publishing https://raw.githubusercontent.com/entando-k8s/devops-results/gh-pages/entando-keycloak-plugin/master/jacoco/org.entando.entando.keycloak.services/KeycloakService.java.html
Publishing https://raw.githubusercontent.com/entando-k8s/devops-results/gh-pages/entando-keycloak-plugin/master/jacoco/org.entando.entando.keycloak.services/KeycloakUserManager.html
Publishing https://raw.githubusercontent.com/entando-k8s/devops-results/gh-pages/entando-keycloak-plugin/master/jacoco/org.entando.entando.keycloak.services/KeycloakUserManager.java.html
Publishing https://raw.githubusercontent.com/entando-k8s/devops-results/gh-pages/entando-keycloak-plugin/master/jacoco/org.entando.entando.keycloak.services/index.html
Publishing https://raw.githubusercontent.com/entando-k8s/devops-results/gh-pages/entando-keycloak-plugin/master/jacoco/org.entando.entando.keycloak.services/index.source.html
Publishing https://raw.githubusercontent.com/entando-k8s/devops-results/gh-pages/entando-keycloak-plugin/master/jacoco/org.entando.entando.keycloak.services.oidc/OpenIDConnectService.html
Publishing https://raw.githubusercontent.com/entando-k8s/devops-results/gh-pages/entando-keycloak-plugin/master/jacoco/org.entando.entando.keycloak.services.oidc/OpenIDConnectService.java.html
Publishing https://raw.githubusercontent.com/entando-k8s/devops-results/gh-pages/entando-keycloak-plugin/master/jacoco/org.entando.entando.keycloak.services.oidc/index.html
Publishing https://raw.githubusercontent.com/entando-k8s/devops-results/gh-pages/entando-keycloak-plugin/master/jacoco/org.entando.entando.keycloak.services.oidc/index.source.html
Publishing https://raw.githubusercontent.com/entando-k8s/devops-results/gh-pages/entando-keycloak-plugin/master/jacoco/org.entando.entando.keycloak.services.oidc.exception/AccountDisabledException.html
Publishing https://raw.githubusercontent.com/entando-k8s/devops-results/gh-pages/entando-keycloak-plugin/master/jacoco/org.entando.entando.keycloak.services.oidc.exception/AccountDisabledException.java.html
Publishing https://raw.githubusercontent.com/entando-k8s/devops-results/gh-pages/entando-keycloak-plugin/master/jacoco/org.entando.entando.keycloak.services.oidc.exception/CredentialsExpiredException.html
Publishing https://raw.githubusercontent.com/entando-k8s/devops-results/gh-pages/entando-keycloak-plugin/master/jacoco/org.entando.entando.keycloak.services.oidc.exception/CredentialsExpiredException.java.html
Publishing https://raw.githubusercontent.com/entando-k8s/devops-results/gh-pages/entando-keycloak-plugin/master/jacoco/org.entando.entando.keycloak.services.oidc.exception/InvalidCredentialsException.html
Publishing https://raw.githubusercontent.com/entando-k8s/devops-results/gh-pages/entando-keycloak-plugin/master/jacoco/org.entando.entando.keycloak.services.oidc.exception/InvalidCredentialsException.java.html
Publishing https://raw.githubusercontent.com/entando-k8s/devops-results/gh-pages/entando-keycloak-plugin/master/jacoco/org.entando.entando.keycloak.services.oidc.exception/OidcException.html
Publishing https://raw.githubusercontent.com/entando-k8s/devops-results/gh-pages/entando-keycloak-plugin/master/jacoco/org.entando.entando.keycloak.services.oidc.exception/OidcException.java.html
Publishing https://raw.githubusercontent.com/entando-k8s/devops-results/gh-pages/entando-keycloak-plugin/master/jacoco/org.entando.entando.keycloak.services.oidc.exception/index.html
Publishing https://raw.githubusercontent.com/entando-k8s/devops-results/gh-pages/entando-keycloak-plugin/master/jacoco/org.entando.entando.keycloak.services.oidc.exception/index.source.html
Publishing https://raw.githubusercontent.com/entando-k8s/devops-results/gh-pages/entando-keycloak-plugin/master/jacoco/org.entando.entando.keycloak.services.oidc.model/AccessToken.html
Publishing https://raw.githubusercontent.com/entando-k8s/devops-results/gh-pages/entando-keycloak-plugin/master/jacoco/org.entando.entando.keycloak.services.oidc.model/AccessToken.java.html
Publishing https://raw.githubusercontent.com/entando-k8s/devops-results/gh-pages/entando-keycloak-plugin/master/jacoco/org.entando.entando.keycloak.services.oidc.model/AuthResponse.html
Publishing https://raw.githubusercontent.com/entando-k8s/devops-results/gh-pages/entando-keycloak-plugin/master/jacoco/org.entando.entando.keycloak.services.oidc.model/AuthResponse.java.html
Publishing https://raw.githubusercontent.com/entando-k8s/devops-results/gh-pages/entando-keycloak-plugin/master/jacoco/org.entando.entando.keycloak.services.oidc.model/TokenRoles.html
Publishing https://raw.githubusercontent.com/entando-k8s/devops-results/gh-pages/entando-keycloak-plugin/master/jacoco/org.entando.entando.keycloak.services.oidc.model/TokenRoles.java.html
Publishing https://raw.githubusercontent.com/entando-k8s/devops-results/gh-pages/entando-keycloak-plugin/master/jacoco/org.entando.entando.keycloak.services.oidc.model/UserRepresentation.html
Publishing https://raw.githubusercontent.com/entando-k8s/devops-results/gh-pages/entando-keycloak-plugin/master/jacoco/org.entando.entando.keycloak.services.oidc.model/UserRepresentation.java.html
Publishing https://raw.githubusercontent.com/entando-k8s/devops-results/gh-pages/entando-keycloak-plugin/master/jacoco/org.entando.entando.keycloak.services.oidc.model/index.html
Publishing https://raw.githubusercontent.com/entando-k8s/devops-results/gh-pages/entando-keycloak-plugin/master/jacoco/org.entando.entando.keycloak.services.oidc.model/index.source.html
Publishing https://raw.githubusercontent.com/entando-k8s/devops-results/gh-pages/entando-keycloak-plugin/master/licenses.html
Publishing https://raw.githubusercontent.com/entando-k8s/devops-results/gh-pages/entando-keycloak-plugin/master/plugins.html
Publishing https://raw.githubusercontent.com/entando-k8s/devops-results/gh-pages/entando-keycloak-plugin/master/project-info.html
Publishing https://raw.githubusercontent.com/entando-k8s/devops-results/gh-pages/entando-keycloak-plugin/master/scm.html
Publishing https://raw.githubusercontent.com/entando-k8s/devops-results/gh-pages/entando-keycloak-plugin/master/summary.html
Publishing https://raw.githubusercontent.com/entando-k8s/devops-results/gh-pages/entando-keycloak-plugin/master/surefire-report.html
stashed: https://raw.githubusercontent.com/entando-k8s/devops-results/gh-pages/entando-keycloak-plugin/master/css/maven-base.css
stashed: https://raw.githubusercontent.com/entando-k8s/devops-results/gh-pages/entando-keycloak-plugin/master/css/maven-theme.css
stashed: https://raw.githubusercontent.com/entando-k8s/devops-results/gh-pages/entando-keycloak-plugin/master/css/print.css
stashed: https://raw.githubusercontent.com/entando-k8s/devops-results/gh-pages/entando-keycloak-plugin/master/css/site.css
stashed: https://raw.githubusercontent.com/entando-k8s/devops-results/gh-pages/entando-keycloak-plugin/master/dependency-info.html
stashed: https://raw.githubusercontent.com/entando-k8s/devops-results/gh-pages/entando-keycloak-plugin/master/images/collapsed.gif
stashed: https://raw.githubusercontent.com/entando-k8s/devops-results/gh-pages/entando-keycloak-plugin/master/images/expanded.gif
stashed: https://raw.githubusercontent.com/entando-k8s/devops-results/gh-pages/entando-keycloak-plugin/master/images/external.png
stashed: https://raw.githubusercontent.com/entando-k8s/devops-results/gh-pages/entando-keycloak-plugin/master/images/icon_error_sml.gif
stashed: https://raw.githubusercontent.com/entando-k8s/devops-results/gh-pages/entando-keycloak-plugin/master/images/icon_info_sml.gif
stashed: https://raw.githubusercontent.com/entando-k8s/devops-results/gh-pages/entando-keycloak-plugin/master/images/icon_success_sml.gif
stashed: https://raw.githubusercontent.com/entando-k8s/devops-results/gh-pages/entando-keycloak-plugin/master/images/icon_warning_sml.gif
stashed: https://raw.githubusercontent.com/entando-k8s/devops-results/gh-pages/entando-keycloak-plugin/master/images/logos/build-by-maven-black.png
stashed: https://raw.githubusercontent.com/entando-k8s/devops-results/gh-pages/entando-keycloak-plugin/master/images/logos/build-by-maven-white.png
stashed: https://raw.githubusercontent.com/entando-k8s/devops-results/gh-pages/entando-keycloak-plugin/master/images/logos/maven-feather.png
stashed: https://raw.githubusercontent.com/entando-k8s/devops-results/gh-pages/entando-keycloak-plugin/master/images/newwindow.png
stashed: https://raw.githubusercontent.com/entando-k8s/devops-results/gh-pages/entando-keycloak-plugin/master/index.html
stashed: https://raw.githubusercontent.com/entando-k8s/devops-results/gh-pages/entando-keycloak-plugin/master/issue-management.html
stashed: https://raw.githubusercontent.com/entando-k8s/devops-results/gh-pages/entando-keycloak-plugin/master/jacoco/index.html
stashed: https://raw.githubusercontent.com/entando-k8s/devops-results/gh-pages/entando-keycloak-plugin/master/jacoco/jacoco-resources/branchfc.gif
stashed: https://raw.githubusercontent.com/entando-k8s/devops-results/gh-pages/entando-keycloak-plugin/master/jacoco/jacoco-resources/branchnc.gif
stashed: https://raw.githubusercontent.com/entando-k8s/devops-results/gh-pages/entando-keycloak-plugin/master/jacoco/jacoco-resources/branchpc.gif
stashed: https://raw.githubusercontent.com/entando-k8s/devops-results/gh-pages/entando-keycloak-plugin/master/jacoco/jacoco-resources/bundle.gif
stashed: https://raw.githubusercontent.com/entando-k8s/devops-results/gh-pages/entando-keycloak-plugin/master/jacoco/jacoco-resources/class.gif
stashed: https://raw.githubusercontent.com/entando-k8s/devops-results/gh-pages/entando-keycloak-plugin/master/jacoco/jacoco-resources/down.gif
stashed: https://raw.githubusercontent.com/entando-k8s/devops-results/gh-pages/entando-keycloak-plugin/master/jacoco/jacoco-resources/greenbar.gif
stashed: https://raw.githubusercontent.com/entando-k8s/devops-results/gh-pages/entando-keycloak-plugin/master/jacoco/jacoco-resources/group.gif
stashed: https://raw.githubusercontent.com/entando-k8s/devops-results/gh-pages/entando-keycloak-plugin/master/jacoco/jacoco-resources/method.gif
stashed: https://raw.githubusercontent.com/entando-k8s/devops-results/gh-pages/entando-keycloak-plugin/master/jacoco/jacoco-resources/package.gif
stashed: https://raw.githubusercontent.com/entando-k8s/devops-results/gh-pages/entando-keycloak-plugin/master/jacoco/jacoco-resources/prettify.css
stashed: https://raw.githubusercontent.com/entando-k8s/devops-results/gh-pages/entando-keycloak-plugin/master/jacoco/jacoco-resources/prettify.js
stashed: https://raw.githubusercontent.com/entando-k8s/devops-results/gh-pages/entando-keycloak-plugin/master/jacoco/jacoco-resources/redbar.gif
stashed: https://raw.githubusercontent.com/entando-k8s/devops-results/gh-pages/entando-keycloak-plugin/master/jacoco/jacoco-resources/report.css
stashed: https://raw.githubusercontent.com/entando-k8s/devops-results/gh-pages/entando-keycloak-plugin/master/jacoco/jacoco-resources/report.gif
stashed: https://raw.githubusercontent.com/entando-k8s/devops-results/gh-pages/entando-keycloak-plugin/master/jacoco/jacoco-resources/session.gif
stashed: https://raw.githubusercontent.com/entando-k8s/devops-results/gh-pages/entando-keycloak-plugin/master/jacoco/jacoco-resources/sort.gif
stashed: https://raw.githubusercontent.com/entando-k8s/devops-results/gh-pages/entando-keycloak-plugin/master/jacoco/jacoco-resources/sort.js
stashed: https://raw.githubusercontent.com/entando-k8s/devops-results/gh-pages/entando-keycloak-plugin/master/jacoco/jacoco-resources/source.gif
stashed: https://raw.githubusercontent.com/entando-k8s/devops-results/gh-pages/entando-keycloak-plugin/master/jacoco/jacoco-resources/up.gif
stashed: https://raw.githubusercontent.com/entando-k8s/devops-results/gh-pages/entando-keycloak-plugin/master/jacoco/jacoco-sessions.html
stashed: https://raw.githubusercontent.com/entando-k8s/devops-results/gh-pages/entando-keycloak-plugin/master/jacoco/jacoco.csv
stashed: https://raw.githubusercontent.com/entando-k8s/devops-results/gh-pages/entando-keycloak-plugin/master/jacoco/jacoco.xml
stashed: https://raw.githubusercontent.com/entando-k8s/devops-results/gh-pages/entando-keycloak-plugin/master/jacoco/org.entando.entando/KeycloakWiki.html
stashed: https://raw.githubusercontent.com/entando-k8s/devops-results/gh-pages/entando-keycloak-plugin/master/jacoco/org.entando.entando/KeycloakWiki.java.html
stashed: https://raw.githubusercontent.com/entando-k8s/devops-results/gh-pages/entando-keycloak-plugin/master/jacoco/org.entando.entando/index.html
stashed: https://raw.githubusercontent.com/entando-k8s/devops-results/gh-pages/entando-keycloak-plugin/master/jacoco/org.entando.entando/index.source.html
stashed: https://raw.githubusercontent.com/entando-k8s/devops-results/gh-pages/entando-keycloak-plugin/master/jacoco/org.entando.entando.aps.servlet.security/GuestAuthentication.html
stashed: https://raw.githubusercontent.com/entando-k8s/devops-results/gh-pages/entando-keycloak-plugin/master/jacoco/org.entando.entando.aps.servlet.security/GuestAuthentication.java.html
stashed: https://raw.githubusercontent.com/entando-k8s/devops-results/gh-pages/entando-keycloak-plugin/master/jacoco/org.entando.entando.aps.servlet.security/KeycloakAuthenticationFilter.html
stashed: https://raw.githubusercontent.com/entando-k8s/devops-results/gh-pages/entando-keycloak-plugin/master/jacoco/org.entando.entando.aps.servlet.security/KeycloakAuthenticationFilter.java.html
stashed: https://raw.githubusercontent.com/entando-k8s/devops-results/gh-pages/entando-keycloak-plugin/master/jacoco/org.entando.entando.aps.servlet.security/KeycloakSecurityConfig.html
stashed: https://raw.githubusercontent.com/entando-k8s/devops-results/gh-pages/entando-keycloak-plugin/master/jacoco/org.entando.entando.aps.servlet.security/KeycloakSecurityConfig.java.html
stashed: https://raw.githubusercontent.com/entando-k8s/devops-results/gh-pages/entando-keycloak-plugin/master/jacoco/org.entando.entando.aps.servlet.security/UserAuthentication.html
stashed: https://raw.githubusercontent.com/entando-k8s/devops-results/gh-pages/entando-keycloak-plugin/master/jacoco/org.entando.entando.aps.servlet.security/UserAuthentication.java.html
stashed: https://raw.githubusercontent.com/entando-k8s/devops-results/gh-pages/entando-keycloak-plugin/master/jacoco/org.entando.entando.aps.servlet.security/index.html
stashed: https://raw.githubusercontent.com/entando-k8s/devops-results/gh-pages/entando-keycloak-plugin/master/jacoco/org.entando.entando.aps.servlet.security/index.source.html
stashed: https://raw.githubusercontent.com/entando-k8s/devops-results/gh-pages/entando-keycloak-plugin/master/jacoco/org.entando.entando.keycloak.adapter/AuthenticationProviderManagerAdapter.html
stashed: https://raw.githubusercontent.com/entando-k8s/devops-results/gh-pages/entando-keycloak-plugin/master/jacoco/org.entando.entando.keycloak.adapter/AuthenticationProviderManagerAdapter.java.html
stashed: https://raw.githubusercontent.com/entando-k8s/devops-results/gh-pages/entando-keycloak-plugin/master/jacoco/org.entando.entando.keycloak.adapter/EntandoOauth2InterceptorAdapter.html
stashed: https://raw.githubusercontent.com/entando-k8s/devops-results/gh-pages/entando-keycloak-plugin/master/jacoco/org.entando.entando.keycloak.adapter/EntandoOauth2InterceptorAdapter.java.html
stashed: https://raw.githubusercontent.com/entando-k8s/devops-results/gh-pages/entando-keycloak-plugin/master/jacoco/org.entando.entando.keycloak.adapter/UserManagerAdapter.html
stashed: https://raw.githubusercontent.com/entando-k8s/devops-results/gh-pages/entando-keycloak-plugin/master/jacoco/org.entando.entando.keycloak.adapter/UserManagerAdapter.java.html
stashed: https://raw.githubusercontent.com/entando-k8s/devops-results/gh-pages/entando-keycloak-plugin/master/jacoco/org.entando.entando.keycloak.adapter/index.html
stashed: https://raw.githubusercontent.com/entando-k8s/devops-results/gh-pages/entando-keycloak-plugin/master/jacoco/org.entando.entando.keycloak.adapter/index.source.html
stashed: https://raw.githubusercontent.com/entando-k8s/devops-results/gh-pages/entando-keycloak-plugin/master/jacoco/org.entando.entando.keycloak.filter/KeycloakFilter.html
stashed: https://raw.githubusercontent.com/entando-k8s/devops-results/gh-pages/entando-keycloak-plugin/master/jacoco/org.entando.entando.keycloak.filter/KeycloakFilter.java.html
stashed: https://raw.githubusercontent.com/entando-k8s/devops-results/gh-pages/entando-keycloak-plugin/master/jacoco/org.entando.entando.keycloak.filter/index.html
stashed: https://raw.githubusercontent.com/entando-k8s/devops-results/gh-pages/entando-keycloak-plugin/master/jacoco/org.entando.entando.keycloak.filter/index.source.html
stashed: https://raw.githubusercontent.com/entando-k8s/devops-results/gh-pages/entando-keycloak-plugin/master/jacoco/org.entando.entando.keycloak.interceptor/KeycloakOauth2Interceptor.html
stashed: https://raw.githubusercontent.com/entando-k8s/devops-results/gh-pages/entando-keycloak-plugin/master/jacoco/org.entando.entando.keycloak.interceptor/KeycloakOauth2Interceptor.java.html
stashed: https://raw.githubusercontent.com/entando-k8s/devops-results/gh-pages/entando-keycloak-plugin/master/jacoco/org.entando.entando.keycloak.interceptor/index.html
stashed: https://raw.githubusercontent.com/entando-k8s/devops-results/gh-pages/entando-keycloak-plugin/master/jacoco/org.entando.entando.keycloak.interceptor/index.source.html
stashed: https://raw.githubusercontent.com/entando-k8s/devops-results/gh-pages/entando-keycloak-plugin/master/jacoco/org.entando.entando.keycloak.services/KeycloakAuthenticationProviderManager.html
stashed: https://raw.githubusercontent.com/entando-k8s/devops-results/gh-pages/entando-keycloak-plugin/master/jacoco/org.entando.entando.keycloak.services/KeycloakAuthenticationProviderManager.java.html
stashed: https://raw.githubusercontent.com/entando-k8s/devops-results/gh-pages/entando-keycloak-plugin/master/jacoco/org.entando.entando.keycloak.services/KeycloakAuthorizationManager.html
stashed: https://raw.githubusercontent.com/entando-k8s/devops-results/gh-pages/entando-keycloak-plugin/master/jacoco/org.entando.entando.keycloak.services/KeycloakAuthorizationManager.java.html
stashed: https://raw.githubusercontent.com/entando-k8s/devops-results/gh-pages/entando-keycloak-plugin/master/jacoco/org.entando.entando.keycloak.services/KeycloakConfiguration.html
stashed: https://raw.githubusercontent.com/entando-k8s/devops-results/gh-pages/entando-keycloak-plugin/master/jacoco/org.entando.entando.keycloak.services/KeycloakConfiguration.java.html
stashed: https://raw.githubusercontent.com/entando-k8s/devops-results/gh-pages/entando-keycloak-plugin/master/jacoco/org.entando.entando.keycloak.services/KeycloakJson.html
stashed: https://raw.githubusercontent.com/entando-k8s/devops-results/gh-pages/entando-keycloak-plugin/master/jacoco/org.entando.entando.keycloak.services/KeycloakJson.java.html
stashed: https://raw.githubusercontent.com/entando-k8s/devops-results/gh-pages/entando-keycloak-plugin/master/jacoco/org.entando.entando.keycloak.services/KeycloakMapper$1.html
stashed: https://raw.githubusercontent.com/entando-k8s/devops-results/gh-pages/entando-keycloak-plugin/master/jacoco/org.entando.entando.keycloak.services/KeycloakMapper.html
stashed: https://raw.githubusercontent.com/entando-k8s/devops-results/gh-pages/entando-keycloak-plugin/master/jacoco/org.entando.entando.keycloak.services/KeycloakMapper.java.html
stashed: https://raw.githubusercontent.com/entando-k8s/devops-results/gh-pages/entando-keycloak-plugin/master/jacoco/org.entando.entando.keycloak.services/KeycloakService.html
stashed: https://raw.githubusercontent.com/entando-k8s/devops-results/gh-pages/entando-keycloak-plugin/master/jacoco/org.entando.entando.keycloak.services/KeycloakService.java.html
stashed: https://raw.githubusercontent.com/entando-k8s/devops-results/gh-pages/entando-keycloak-plugin/master/jacoco/org.entando.entando.keycloak.services/KeycloakUserManager.html
stashed: https://raw.githubusercontent.com/entando-k8s/devops-results/gh-pages/entando-keycloak-plugin/master/jacoco/org.entando.entando.keycloak.services/KeycloakUserManager.java.html
stashed: https://raw.githubusercontent.com/entando-k8s/devops-results/gh-pages/entando-keycloak-plugin/master/jacoco/org.entando.entando.keycloak.services/index.html
stashed: https://raw.githubusercontent.com/entando-k8s/devops-results/gh-pages/entando-keycloak-plugin/master/jacoco/org.entando.entando.keycloak.services/index.source.html
stashed: https://raw.githubusercontent.com/entando-k8s/devops-results/gh-pages/entando-keycloak-plugin/master/jacoco/org.entando.entando.keycloak.services.oidc/OpenIDConnectService.html
stashed: https://raw.githubusercontent.com/entando-k8s/devops-results/gh-pages/entando-keycloak-plugin/master/jacoco/org.entando.entando.keycloak.services.oidc/OpenIDConnectService.java.html
stashed: https://raw.githubusercontent.com/entando-k8s/devops-results/gh-pages/entando-keycloak-plugin/master/jacoco/org.entando.entando.keycloak.services.oidc/index.html
stashed: https://raw.githubusercontent.com/entando-k8s/devops-results/gh-pages/entando-keycloak-plugin/master/jacoco/org.entando.entando.keycloak.services.oidc/index.source.html
stashed: https://raw.githubusercontent.com/entando-k8s/devops-results/gh-pages/entando-keycloak-plugin/master/jacoco/org.entando.entando.keycloak.services.oidc.exception/AccountDisabledException.html
stashed: https://raw.githubusercontent.com/entando-k8s/devops-results/gh-pages/entando-keycloak-plugin/master/jacoco/org.entando.entando.keycloak.services.oidc.exception/AccountDisabledException.java.html
stashed: https://raw.githubusercontent.com/entando-k8s/devops-results/gh-pages/entando-keycloak-plugin/master/jacoco/org.entando.entando.keycloak.services.oidc.exception/CredentialsExpiredException.html
stashed: https://raw.githubusercontent.com/entando-k8s/devops-results/gh-pages/entando-keycloak-plugin/master/jacoco/org.entando.entando.keycloak.services.oidc.exception/CredentialsExpiredException.java.html
stashed: https://raw.githubusercontent.com/entando-k8s/devops-results/gh-pages/entando-keycloak-plugin/master/jacoco/org.entando.entando.keycloak.services.oidc.exception/InvalidCredentialsException.html
stashed: https://raw.githubusercontent.com/entando-k8s/devops-results/gh-pages/entando-keycloak-plugin/master/jacoco/org.entando.entando.keycloak.services.oidc.exception/InvalidCredentialsException.java.html
stashed: https://raw.githubusercontent.com/entando-k8s/devops-results/gh-pages/entando-keycloak-plugin/master/jacoco/org.entando.entando.keycloak.services.oidc.exception/OidcException.html
stashed: https://raw.githubusercontent.com/entando-k8s/devops-results/gh-pages/entando-keycloak-plugin/master/jacoco/org.entando.entando.keycloak.services.oidc.exception/OidcException.java.html
stashed: https://raw.githubusercontent.com/entando-k8s/devops-results/gh-pages/entando-keycloak-plugin/master/jacoco/org.entando.entando.keycloak.services.oidc.exception/index.html
stashed: https://raw.githubusercontent.com/entando-k8s/devops-results/gh-pages/entando-keycloak-plugin/master/jacoco/org.entando.entando.keycloak.services.oidc.exception/index.source.html
stashed: https://raw.githubusercontent.com/entando-k8s/devops-results/gh-pages/entando-keycloak-plugin/master/jacoco/org.entando.entando.keycloak.services.oidc.model/AccessToken.html
stashed: https://raw.githubusercontent.com/entando-k8s/devops-results/gh-pages/entando-keycloak-plugin/master/jacoco/org.entando.entando.keycloak.services.oidc.model/AccessToken.java.html
stashed: https://raw.githubusercontent.com/entando-k8s/devops-results/gh-pages/entando-keycloak-plugin/master/jacoco/org.entando.entando.keycloak.services.oidc.model/AuthResponse.html
stashed: https://raw.githubusercontent.com/entando-k8s/devops-results/gh-pages/entando-keycloak-plugin/master/jacoco/org.entando.entando.keycloak.services.oidc.model/AuthResponse.java.html
stashed: https://raw.githubusercontent.com/entando-k8s/devops-results/gh-pages/entando-keycloak-plugin/master/jacoco/org.entando.entando.keycloak.services.oidc.model/TokenRoles.html
stashed: https://raw.githubusercontent.com/entando-k8s/devops-results/gh-pages/entando-keycloak-plugin/master/jacoco/org.entando.entando.keycloak.services.oidc.model/TokenRoles.java.html
stashed: https://raw.githubusercontent.com/entando-k8s/devops-results/gh-pages/entando-keycloak-plugin/master/jacoco/org.entando.entando.keycloak.services.oidc.model/UserRepresentation.html
stashed: https://raw.githubusercontent.com/entando-k8s/devops-results/gh-pages/entando-keycloak-plugin/master/jacoco/org.entando.entando.keycloak.services.oidc.model/UserRepresentation.java.html
stashed: https://raw.githubusercontent.com/entando-k8s/devops-results/gh-pages/entando-keycloak-plugin/master/jacoco/org.entando.entando.keycloak.services.oidc.model/index.html
stashed: https://raw.githubusercontent.com/entando-k8s/devops-results/gh-pages/entando-keycloak-plugin/master/jacoco/org.entando.entando.keycloak.services.oidc.model/index.source.html
stashed: https://raw.githubusercontent.com/entando-k8s/devops-results/gh-pages/entando-keycloak-plugin/master/licenses.html
stashed: https://raw.githubusercontent.com/entando-k8s/devops-results/gh-pages/entando-keycloak-plugin/master/plugins.html
stashed: https://raw.githubusercontent.com/entando-k8s/devops-results/gh-pages/entando-keycloak-plugin/master/project-info.html
stashed: https://raw.githubusercontent.com/entando-k8s/devops-results/gh-pages/entando-keycloak-plugin/master/scm.html
stashed: https://raw.githubusercontent.com/entando-k8s/devops-results/gh-pages/entando-keycloak-plugin/master/summary.html
stashed: https://raw.githubusercontent.com/entando-k8s/devops-results/gh-pages/entando-keycloak-plugin/master/surefire-report.html
error: etcdserver: request is too large
Congratulations! No build failures found for entando-keycloak-plugin-master.

Showing logs for build [32mentando-entando-keycloak-plugin-6dt6z-18[0m stage [32mfrom-build-pack[0m and container [32mstep-promote-changelog[0m
Converted /workspace/source to an unshallow repository
Generating change log from git ref 5fa56af4d2f914909b9b4227dc0b985293883afd => 2ccd56f03905fc0d9431c262d2d23ab867e9c3d5
Associating user eugenio-santoboni in users.jenkins.io with email eugenio.santoboni@gmail.com to git GitProvider user with login eugenio-santoboni-0 as emails match
Adding label jenkins.io/git-github-userid=eugenio-santoboni-0 to user eugenio-santoboni in users.jenkins.io
Associating user eugenio-santoboni in users.jenkins.io with email eugenio.santoboni@gmail.com to git GitProvider user with login eugenio-santoboni-0 as emails match
Adding label jenkins.io/git-github-userid=eugenio-santoboni-0 to user eugenio-santoboni in users.jenkins.io
Finding issues in commit messages using git format
Associating user eugenio-santoboni in users.jenkins.io with email eugenio.santoboni@gmail.com to git GitProvider user with login eugenio-santoboni-0 as emails match
Adding label jenkins.io/git-github-userid=eugenio-santoboni-0 to user eugenio-santoboni in users.jenkins.io
Associating user eugenio-santoboni in users.jenkins.io with email eugenio.santoboni@gmail.com to git GitProvider user with login eugenio-santoboni-0 as emails match
Adding label jenkins.io/git-github-userid=eugenio-santoboni-0 to user eugenio-santoboni in users.jenkins.io
Associating user eugenio-santoboni in users.jenkins.io with email eugenio.santoboni@gmail.com to git GitProvider user with login eugenio-santoboni-0 as emails match
Adding label jenkins.io/git-github-userid=eugenio-santoboni-0 to user eugenio-santoboni in users.jenkins.io
Associating user eugenio-santoboni in users.jenkins.io with email eugenio.santoboni@gmail.com to git GitProvider user with login eugenio-santoboni-0 as emails match
Adding label jenkins.io/git-github-userid=eugenio-santoboni-0 to user eugenio-santoboni in users.jenkins.io
Associating user eugenio-santoboni in users.jenkins.io with email eugenio.santoboni@gmail.com to git GitProvider user with login eugenio-santoboni-0 as emails match
Adding label jenkins.io/git-github-userid=eugenio-santoboni-0 to user eugenio-santoboni in users.jenkins.io
Associating user eugenio-santoboni in users.jenkins.io with email eugenio.santoboni@gmail.com to git GitProvider user with login eugenio-santoboni-0 as emails match
Adding label jenkins.io/git-github-userid=eugenio-santoboni-0 to user eugenio-santoboni in users.jenkins.io
Associating user eugenio-santoboni in users.jenkins.io with email eugenio.santoboni@gmail.com to git GitProvider user with login eugenio-santoboni-0 as emails match
Adding label jenkins.io/git-github-userid=eugenio-santoboni-0 to user eugenio-santoboni in users.jenkins.io
Associating user eugenio-santoboni in users.jenkins.io with email eugenio.santoboni@gmail.com to git GitProvider user with login eugenio-santoboni-0 as emails match
Adding label jenkins.io/git-github-userid=eugenio-santoboni-0 to user eugenio-santoboni in users.jenkins.io
WARNING: No release found for entando/entando-keycloak-plugin and tag v6.3.5 so creating a new release
Updated the release information at https://github.com/entando/entando-keycloak-plugin/releases/tag/v6.3.5
generated: /workspace/source/preview/preview-chart/templates/release.yaml
Created Release entando-keycloak-plugin-6-3-5 resource in namespace **
Updating PipelineActivity entando-entando-keycloak-plugin-master-18 with version 6.3.5
Updated PipelineActivities entando-entando-keycloak-plugin-master-18 with release notes URL: https://github.com/entando/entando-keycloak-plugin/releases/tag/v6.3.5
