
Showing logs for build [32mentando-entando-plugin-jpconten-fnppm-15[0m stage [32mfrom-build-pack[0m and container [32mstep-credential-initializer-6lpsk[0m
{"level":"warn","ts":1607635173.2931817,"logger":"fallback-logger","caller":"logging/config.go:69","msg":"Fetch GitHub commit ID from kodata failed: \"ref: refs/heads/0.8.0-**-support-backwards-incompats\" is not a valid GitHub commit ID"}
{"level":"info","ts":1607635173.3051984,"logger":"fallback-logger","caller":"creds-init/main.go:40","msg":"Credentials initialized."}

Showing logs for build [32mentando-entando-plugin-jpconten-fnppm-15[0m stage [32mfrom-build-pack[0m and container [32mstep-working-dir-initializer-qmhr5[0m
{"level":"warn","ts":1607635177.8907058,"logger":"fallback-logger","caller":"logging/config.go:69","msg":"Fetch GitHub commit ID from kodata failed: open /var/run/ko/HEAD: no such file or directory"}
{"level":"info","ts":1607635177.9081385,"logger":"fallback-logger","caller":"bash/main.go:64","msg":"Successfully e**cuted command \"sh -c mkdir -p /workspace/source\"; output "}

Showing logs for build [32mentando-entando-plugin-jpconten-fnppm-15[0m stage [32mfrom-build-pack[0m and container [32mstep-place-tools[0m

Showing logs for build [32mentando-entando-plugin-jpconten-fnppm-15[0m stage [32mfrom-build-pack[0m and container [32mstep-git-source-entando-entando-plugin-jpconten-tt846[0m
{"level":"warn","ts":1607635277.122084,"logger":"fallback-logger","caller":"logging/config.go:69","msg":"Fetch GitHub commit ID from kodata failed: \"ref: refs/heads/0.8.0-**-support-backwards-incompats\" is not a valid GitHub commit ID"}
{"level":"info","ts":1607635278.688837,"logger":"fallback-logger","caller":"git/git.go:103","msg":"Successfully cloned https://github.com/entando/entando-plugin-jpcontentscheduler.git @ v6.3.2 in path /workspace/source"}

Showing logs for build [32mentando-entando-plugin-jpconten-fnppm-15[0m stage [32mfrom-build-pack[0m and container [32mstep-git-merge[0m
Using SHAs from PULL_REFS=master:b1bd136ee7f20f765e1548421a88d99ad4033918
WARNING: no SHAs to merge, falling back to initial cloned commit

Showing logs for build [32mentando-entando-plugin-jpconten-fnppm-15[0m stage [32mfrom-build-pack[0m and container [32mstep-setup-jx-git-credentials[0m
Generated Git credentials file /workspace/xdg_config/git/credentials

Showing logs for build [32mentando-entando-plugin-jpconten-fnppm-15[0m stage [32mfrom-build-pack[0m and container [32mstep-build-fetch-history-for-sonar[0m
From https://github.com/entando/entando-plugin-jpcontentscheduler
 * [new branch]      5.0.3-dev              -> origin/5.0.3-dev
 * [new branch]      5.1.1-dev              -> origin/5.1.1-dev
 * [new branch]      EN-2317                -> origin/EN-2317
 * [new branch]      EN-2403-503-datatable-tasklist-server-side-pagination -> origin/EN-2403-503-datatable-tasklist-server-side-pagination
 * [new branch]      EN-2494                -> origin/EN-2494
 * [new branch]      EN-2539-enhance-pam    -> origin/EN-2539-enhance-pam
 * [new branch]      EN6-206-clone-resource -> origin/EN6-206-clone-resource
 * [new branch]      ENG-128-download-protected-image -> origin/ENG-128-download-protected-image
 * [new branch]      ENG-293-fix-assets     -> origin/ENG-293-fix-assets
 * [new branch]      ENG-293-revert-controller-update-resource -> origin/ENG-293-revert-controller-update-resource
 * [new branch]      ENG-442-adding-crsf-protection -> origin/ENG-442-adding-crsf-protection
 * [new branch]      ENG-531_envForRedis    -> origin/ENG-531_envForRedis
 * [new branch]      ENG-531_envForRedis_master -> origin/ENG-531_envForRedis_master
 * [new branch]      ENG-532-improve-the-pr-that-fi**s-jacms-resource-edit -> origin/ENG-532-improve-the-pr-that-fi**s-jacms-resource-edit
 * [new branch]      ENG-738-updating-cms-permissions -> origin/ENG-738-updating-cms-permissions
 * [new branch]      ENG-773-add-SEO-plugin-in-the-standard-distribution -> origin/ENG-773-add-SEO-plugin-in-the-standard-distribution
 * [new branch]      ENG-827_finalize_pipelines -> origin/ENG-827_finalize_pipelines
 * [new branch]      ENG-842-fix-typo-in-content-template-api-descriptions -> origin/ENG-842-fix-typo-in-content-template-api-descriptions
 * [new branch]      PIA-16                 -> origin/PIA-16
 * [new branch]      PIA-16-DEV             -> origin/PIA-16-DEV
 * [new branch]      dependabot/maven/plugins/entando-plugin-jpcontentscheduler/org.quartz-scheduler-quartz-2.3.2 -> origin/dependabot/maven/plugins/entando-plugin-jpcontentscheduler/org.quartz-scheduler-quartz-2.3.2
 * [new branch]      dependabot/maven/plugins/entando-plugin-jpinfinispan/org.infinispan-infinispan-core-10.0.0.Final -> origin/dependabot/maven/plugins/entando-plugin-jpinfinispan/org.infinispan-infinispan-core-10.0.0.Final
 * [new branch]      dependabot/npm_and_yarn/plugins/entando-plugin-jpkiebpm/app-builder/websocket-extensions-0.1.4 -> origin/dependabot/npm_and_yarn/plugins/entando-plugin-jpkiebpm/app-builder/websocket-extensions-0.1.4
 * [new branch]      dependabot/npm_and_yarn/plugins/entando-plugin-jpkiebpm/react-widgets/bpm-task-details/jquery-3.5.0 -> origin/dependabot/npm_and_yarn/plugins/entando-plugin-jpkiebpm/react-widgets/bpm-task-details/jquery-3.5.0
 * [new branch]      dependabot/npm_and_yarn/plugins/entando-plugin-jpkiebpm/react-widgets/bpm-task-details/websocket-extensions-0.1.4 -> origin/dependabot/npm_and_yarn/plugins/entando-plugin-jpkiebpm/react-widgets/bpm-task-details/websocket-extensions-0.1.4
 * [new branch]      master                 -> origin/master
 * [new branch]      newsletter_fix         -> origin/newsletter_fix
 * [new branch]      paulhinz-patch-1       -> origin/paulhinz-patch-1
 * [new branch]      paulhinz-patch-2       -> origin/paulhinz-patch-2
 * [new branch]      removeApacheCxf        -> origin/removeApacheCxf
 * [new branch]      v5.0.4-dev             -> origin/v5.0.4-dev
 * [new branch]      v5.3.0-dev             -> origin/v5.3.0-dev
 * [new branch]      v6.1.0-release         -> origin/v6.1.0-release
 * [new branch]      v6.1.1-release         -> origin/v6.1.1-release
 * [new branch]      xdev-pom-udpate-2020-12-10_21-46-11 -> origin/xdev-pom-udpate-2020-12-10_21-46-11
 * [new tag]         v5.0.3                 -> v5.0.3
 * [new tag]         v6.1.0                 -> v6.1.0
 * [new tag]         v6.1.1                 -> v6.1.1
 * [new tag]         v6.2.0-sprint1-rc      -> v6.2.0-sprint1-rc
 * [new tag]         v6.2.0-sprint2-rc      -> v6.2.0-sprint2-rc
 * [new tag]         v6.2.0-sprint3-rc      -> v6.2.0-sprint3-rc
 * [new tag]         v6.2.0-sprint4-rc      -> v6.2.0-sprint4-rc
 * [new tag]         v6.2.0-sprint5-rc      -> v6.2.0-sprint5-rc
 * [new tag]         v6.3.2                 -> v6.3.2
 * [new tag]         5.0.0.initial          -> 5.0.0.initial
 * [new tag]         pia-crs4               -> pia-crs4
 * [new tag]         v4.3.2-RC1             -> v4.3.2-RC1
 * [new tag]         v5.0.0-pre             -> v5.0.0-pre
 * [new tag]         v5.0.2                 -> v5.0.2
 * [new tag]         v5.1.0                 -> v5.1.0
 * [new tag]         v5.2.0                 -> v5.2.0
 * [new tag]         v5.3.0-comca           -> v5.3.0-comca

Showing logs for build [32mentando-entando-plugin-jpconten-fnppm-15[0m stage [32mfrom-build-pack[0m and container [32mstep-build-mvn-deploy-release[0m
Picked up _JAVA_OPTIONS: -XX:+UnlockExperimentalVMOptions -Dsun.zip.disableMemoryMapping=true -XX:+UseParallelGC -XX:MinHeapFreeRatio=5 -XX:MaxHeapFreeRatio=10 -XX:GCTimeRatio=4 -XX:AdaptiveSizePolicyWeight=90 -Xms10m -Xmx8000m
[INFO] Scanning for projects...
[INFO] 
[INFO] ---< org.entando.entando.plugins:entando-plugin-jpcontentscheduler >----
[INFO] Building Entando Plugin: Content Scheduler 6.3.2
[INFO] --------------------------------[ war ]---------------------------------
[WARNING] The POM for com.sun.xml.bind:jaxb-impl:jar:2.2.11 is invalid, transitive dependencies (if any) will not be available, enable debug logging for more details
[INFO] 
[INFO] --- maven-clean-plugin:2.5:clean (default-clean) @ entando-plugin-jpcontentscheduler ---
[INFO] 
[INFO] --- maven-checkstyle-plugin:3.1.1:check (validate) @ entando-plugin-jpcontentscheduler ---
[INFO] 
[INFO] --- maven-checkstyle-plugin:3.1.1:checkstyle (validate) @ entando-plugin-jpcontentscheduler ---
[INFO] 
[INFO] --- jacoco-maven-plugin:0.8.5:prepare-agent (prepare-agent) @ entando-plugin-jpcontentscheduler ---
[INFO] argLine set to -javaagent:/home/jenkins/.mvnrepository/org/jacoco/org.jacoco.agent/0.8.5/org.jacoco.agent-0.8.5-runtime.jar=destfile=/workspace/source/target/jacoco.e**c
[INFO] 
[INFO] --- maven-resources-plugin:2.5:resources (default-resources) @ entando-plugin-jpcontentscheduler ---
[debug] e**cute contextualize
[INFO] Using 'UTF-8' encoding to copy filtered resources.
[INFO] Copying 8 resources
[INFO] Copying 1 resource
[INFO] Copying 8 resources
[INFO] Copying 0 resource
[INFO] Copying 0 resource to META-INF
[INFO] 
[INFO] --- maven-compiler-plugin:3.8.1:compile (default-compile) @ entando-plugin-jpcontentscheduler ---
[INFO] Changes detected - recompiling the module!
[INFO] Compiling 18 source files to /workspace/source/target/classes
[WARNING] /workspace/source/src/main/java/org/entando/entando/plugins/jpcontentscheduler/aps*****/config/ContentThreadConfigGroupsAction.java:[194,95] unchecked cast
  required: java.util.Map<java.lang.String,java.util.List<java.lang.String>>
  found:    java.lang.Object
[WARNING] /workspace/source/src/main/java/org/entando/entando/plugins/jpcontentscheduler/aps*****/config/ContentThreadConfigContentTypesAction.java:[262,83] unchecked cast
  required: java.util.List<org.entando.entando.plugins.jpcontentscheduler.aps.******.services.content.model.ContentTypeElem>
  found:    java.lang.Object
[WARNING] /workspace/source/src/main/java/org/entando/entando/plugins/jpcontentscheduler/aps*****/config/ContentThreadConfigUsersAction.java:[267,95] unchecked cast
  required: java.util.Map<java.lang.String,java.util.List<java.lang.String>>
  found:    java.lang.Object
[WARNING] /workspace/source/src/main/java/org/entando/entando/plugins/jpcontentscheduler/aps/******/services/content/ContentSchedulerManager.java:[143,77] unchecked call to EntitySearchFilter(java.lang.String,boolean,T,T) as a member of the raw type com.agiletec.aps.******.common.entity.model.EntitySearchFilter
[WARNING] /workspace/source/src/main/java/org/entando/entando/plugins/jpcontentscheduler/aps/******/services/content/ContentSchedulerManager.java:[175,53] unchecked call to EntitySearchFilter(java.lang.String,boolean,java.util.List<T>,boolean) as a member of the raw type com.agiletec.aps.******.common.entity.model.EntitySearchFilter
[WARNING] /workspace/source/src/main/java/org/entando/entando/plugins/jpcontentscheduler/aps/******/services/content/ContentSchedulerManager.java:[176,77] unchecked call to EntitySearchFilter(java.lang.String,boolean,T,T) as a member of the raw type com.agiletec.aps.******.common.entity.model.EntitySearchFilter
[INFO] /workspace/source/src/main/java/org/entando/entando/plugins/jpcontentscheduler/aps/******/services/content/IContentSchedulerManager.java: Some input files use or override a deprecated API.
[INFO] /workspace/source/src/main/java/org/entando/entando/plugins/jpcontentscheduler/aps/******/services/content/IContentSchedulerManager.java: Recompile with -Xlint:deprecation for details.
[INFO] 
[INFO] --- maven-resources-plugin:2.5:copy-resources (copy-resources-test) @ entando-plugin-jpcontentscheduler ---
[debug] e**cute contextualize
[INFO] Using 'UTF-8' encoding to copy filtered resources.
[INFO] Copying 5 resources
[INFO] 
[INFO] --- maven-resources-plugin:2.5:copy-resources (copy-resources-file-test-) @ entando-plugin-jpcontentscheduler ---
[debug] e**cute contextualize
[INFO] Using 'UTF-8' encoding to copy filtered resources.
[INFO] Copying 5 resources
[INFO] 
[INFO] --- maven-resources-plugin:2.5:testResources (default-testResources) @ entando-plugin-jpcontentscheduler ---
[debug] e**cute contextualize
[INFO] Using 'UTF-8' encoding to copy filtered resources.
[INFO] Copying 3 resources
[INFO] 
[INFO] --- maven-compiler-plugin:3.8.1:testCompile (default-testCompile) @ entando-plugin-jpcontentscheduler ---
[INFO] Changes detected - recompiling the module!
[INFO] Compiling 8 source files to /workspace/source/target/test-classes
[INFO] /workspace/source/src/test/java/org/entando/entando/plugins/jpcontentscheduler/aps/******/services/content/TestContentScheduler.java: /workspace/source/src/test/java/org/entando/entando/plugins/jpcontentscheduler/aps/******/services/content/TestContentScheduler.java uses or overrides a deprecated API.
[INFO] /workspace/source/src/test/java/org/entando/entando/plugins/jpcontentscheduler/aps/******/services/content/TestContentScheduler.java: Recompile with -Xlint:deprecation for details.
[INFO] 
[INFO] --- maven-surefire-plugin:3.0.0-M4:test (default-test) @ entando-plugin-jpcontentscheduler ---
[INFO] 
[INFO] -------------------------------------------------------
[INFO]  T E S T S
[INFO] -------------------------------------------------------
[INFO] Running org.entando.entando.plugins.jpcontentscheduler.aps.******.services.content.TestContentJobs
SLF4J: Class path contains multiple SLF4J bindings.
SLF4J: Found binding in [jar:file:/home/jenkins/.mvnrepository/org/slf4j/slf4j-jdk14/1.7.26/slf4j-jdk14-1.7.26.jar!/org/slf4j/impl/StaticLoggerBinder.class]
SLF4J: Found binding in [jar:file:/home/jenkins/.mvnrepository/org/apache/logging/log4j/log4j-slf4j-impl/2.13.3/log4j-slf4j-impl-2.13.3.jar!/org/slf4j/impl/StaticLoggerBinder.class]
SLF4J: See http://www.slf4j.org/codes.html#multiple_bindings for an explanation.
SLF4J: Actual binding is of type [org.slf4j.impl.JDK14LoggerFactory]
Dec 10, 2020 9:22:19 PM org.springframework.mock.jndi.SimpleNamingContextBuilder activate
INFO: Activating simple JNDI environment
Dec 10, 2020 9:22:19 PM org.springframework.mock.jndi.SimpleNamingContextBuilder bind
INFO: Static JNDI binding: [java:comp/env/logName] = [/workspace/source/target/test/entando-plugin-jpcontentscheduler]
Dec 10, 2020 9:22:19 PM org.springframework.mock.jndi.SimpleNamingContextBuilder bind
INFO: Static JNDI binding: [java:comp/env/logFileRotatePattern] = [/workspace/source/target/test/entando-plugin-jpcontentscheduler_logs/entando-plugin-jpcontentscheduler-%i.log.gz]
Dec 10, 2020 9:22:19 PM org.springframework.mock.jndi.SimpleNamingContextBuilder bind
INFO: Static JNDI binding: [java:comp/env/logLevel] = [ERROR]
Dec 10, 2020 9:22:19 PM org.springframework.mock.jndi.SimpleNamingContextBuilder bind
INFO: Static JNDI binding: [java:comp/env/logFileSize] = [1048576]
Dec 10, 2020 9:22:19 PM org.springframework.mock.jndi.SimpleNamingContextBuilder bind
INFO: Static JNDI binding: [java:comp/env/logFilesCount] = [10]
Dec 10, 2020 9:22:19 PM org.springframework.mock.jndi.SimpleNamingContextBuilder bind
INFO: Static JNDI binding: [java:comp/env/configVersion] = [test]
Dec 10, 2020 9:22:19 PM org.springframework.mock.jndi.SimpleNamingContextBuilder bind
INFO: Static JNDI binding: [java:comp/env/applicationBaseURL] = [/Entando/]
Dec 10, 2020 9:22:19 PM org.springframework.mock.jndi.SimpleNamingContextBuilder bind
INFO: Static JNDI binding: [java:comp/env/resourceRootURL] = [/Entando/resources/]
Dec 10, 2020 9:22:19 PM org.springframework.mock.jndi.SimpleNamingContextBuilder bind
INFO: Static JNDI binding: [java:comp/env/protectedResourceRootURL] = [/Entando/protected/]
Dec 10, 2020 9:22:19 PM org.springframework.mock.jndi.SimpleNamingContextBuilder bind
INFO: Static JNDI binding: [java:comp/env/resourceDiskRootFolder] = [target/test/resources/]
Dec 10, 2020 9:22:19 PM org.springframework.mock.jndi.SimpleNamingContextBuilder bind
INFO: Static JNDI binding: [java:comp/env/protectedResourceDiskRootFolder] = [target/test/protected/]
Dec 10, 2020 9:22:19 PM org.springframework.mock.jndi.SimpleNamingContextBuilder bind
INFO: Static JNDI binding: [java:comp/env/indexDiskRootFolder] = [target/test/indexdir]
Dec 10, 2020 9:22:19 PM org.springframework.mock.jndi.SimpleNamingContextBuilder bind
INFO: Static JNDI binding: [java:comp/env/portDataSourceClassName] = [org.apache.derby.jdbc.EmbeddedDriver]
Dec 10, 2020 9:22:19 PM org.springframework.mock.jndi.SimpleNamingContextBuilder bind
INFO: Static JNDI binding: [java:comp/env/logActiveFileOutput] = [*****]
Dec 10, 2020 9:22:19 PM org.springframework.mock.jndi.SimpleNamingContextBuilder bind
INFO: Static JNDI binding: [java:comp/env/jdbc.servDb.url] = [jdbc:derby:/workspace/source/target/test/db/entando-plugin-jpcontentschedulertestServ;create=true]
Dec 10, 2020 9:22:19 PM org.springframework.mock.jndi.SimpleNamingContextBuilder bind
INFO: Static JNDI binding: [java:comp/env/servDataSourceClassName] = [org.apache.derby.jdbc.EmbeddedDriver]
Dec 10, 2020 9:22:19 PM org.springframework.mock.jndi.SimpleNamingContextBuilder bind
INFO: Static JNDI binding: [java:comp/env/logFilesCount] = [10]
Dec 10, 2020 9:22:19 PM org.springframework.mock.jndi.SimpleNamingContextBuilder bind
INFO: Static JNDI binding: [java:comp/env/applicationBaseURL] = [/Entando/]
Dec 10, 2020 9:22:19 PM org.springframework.mock.jndi.SimpleNamingContextBuilder bind
INFO: Static JNDI binding: [java:comp/env/jdbc.portDb.password] = [agile]
Dec 10, 2020 9:22:19 PM org.springframework.mock.jndi.SimpleNamingContextBuilder bind
INFO: Static JNDI binding: [java:comp/env/logLevel] = [ERROR]
Dec 10, 2020 9:22:19 PM org.springframework.mock.jndi.SimpleNamingContextBuilder bind
INFO: Static JNDI binding: [java:comp/env/indexDiskRootFolder] = [target/test/indexdir]
Dec 10, 2020 9:22:19 PM org.springframework.mock.jndi.SimpleNamingContextBuilder bind
INFO: Static JNDI binding: [java:comp/env/logFileSize] = [1048576]
Dec 10, 2020 9:22:19 PM org.springframework.mock.jndi.SimpleNamingContextBuilder bind
INFO: Static JNDI binding: [java:comp/env/resourceDiskRootFolder] = [target/test/resources/]
Dec 10, 2020 9:22:19 PM org.springframework.mock.jndi.SimpleNamingContextBuilder bind
INFO: Static JNDI binding: [java:comp/env/protectedResourceRootURL] = [/Entando/protected/]
Dec 10, 2020 9:22:19 PM org.springframework.mock.jndi.SimpleNamingContextBuilder bind
INFO: Static JNDI binding: [java:comp/env/resourceRootURL] = [/Entando/resources/]
Dec 10, 2020 9:22:19 PM org.springframework.mock.jndi.SimpleNamingContextBuilder bind
INFO: Static JNDI binding: [java:comp/env/configVersion] = [test]
Dec 10, 2020 9:22:19 PM org.springframework.mock.jndi.SimpleNamingContextBuilder bind
INFO: Static JNDI binding: [java:comp/env/jdbc.servDb.beanName] = [servDataSource]
Dec 10, 2020 9:22:19 PM org.springframework.mock.jndi.SimpleNamingContextBuilder bind
INFO: Static JNDI binding: [java:comp/env/jdbc.portDb.url] = [jdbc:derby:/workspace/source/target/test/db/entando-plugin-jpcontentschedulertestPort;create=true]
Dec 10, 2020 9:22:19 PM org.springframework.mock.jndi.SimpleNamingContextBuilder bind
INFO: Static JNDI binding: [java:comp/env/jdbc.servDb.driverClassName] = [org.apache.derby.jdbc.EmbeddedDriver]
Dec 10, 2020 9:22:19 PM org.springframework.mock.jndi.SimpleNamingContextBuilder bind
INFO: Static JNDI binding: [java:comp/env/protectedResourceDiskRootFolder] = [target/test/protected/]
Dec 10, 2020 9:22:19 PM org.springframework.mock.jndi.SimpleNamingContextBuilder bind
INFO: Static JNDI binding: [java:comp/env/jdbc.portDb.beanName] = [portDataSource]
Dec 10, 2020 9:22:19 PM org.springframework.mock.jndi.SimpleNamingContextBuilder bind
INFO: Static JNDI binding: [java:comp/env/jdbc.servDb.password] = [agile]
Dec 10, 2020 9:22:19 PM org.springframework.mock.jndi.SimpleNamingContextBuilder bind
INFO: Static JNDI binding: [java:comp/env/jdbc.portDb.driverClassName] = [org.apache.derby.jdbc.EmbeddedDriver]
Dec 10, 2020 9:22:19 PM org.springframework.mock.jndi.SimpleNamingContextBuilder bind
INFO: Static JNDI binding: [java:comp/env/jdbc.portDb.username] = [agile]
Dec 10, 2020 9:22:19 PM org.springframework.mock.jndi.SimpleNamingContextBuilder bind
INFO: Static JNDI binding: [java:comp/env/jdbc.servDb.username] = [agile]
Dec 10, 2020 9:22:19 PM org.springframework.mock.jndi.SimpleNamingContextBuilder bind
INFO: Static JNDI binding: [java:comp/env/logName] = [/workspace/source/target/test/entando-plugin-jpcontentscheduler]
Dec 10, 2020 9:22:19 PM org.springframework.mock.jndi.SimpleNamingContextBuilder bind
INFO: Static JNDI binding: [java:comp/env/logFileRotatePattern] = [/workspace/source/target/test/entando-plugin-jpcontentscheduler_logs/entando-plugin-jpcontentscheduler-%i.log.gz]
Dec 10, 2020 9:22:20 PM org.springframework.mock.jndi.SimpleNamingContextBuilder bind
INFO: Static JNDI binding: [java:comp/env/jdbc/servDataSource] = [org.apache.commons.dbcp2.BasicDataSource@570a62a5]
Dec 10, 2020 9:22:20 PM org.springframework.mock.jndi.SimpleNamingContextBuilder bind
INFO: Static JNDI binding: [java:comp/env/jdbc/portDataSource] = [org.apache.commons.dbcp2.BasicDataSource@36224f93]
Dec 10, 2020 9:22:21 PM org.springframework.mock.web.MockServletContext log
INFO: Initializing Spring **** WebApplicationContext
Dec 10, 2020 9:22:21 PM org.springframework.web.context.ContextLoader initWebApplicationContext
INFO: Root WebApplicationContext: initialization started
Dec 10, 2020 9:22:34 PM org.entando.entando.ent.util.EntLogging$EntLogger info
INFO: Report not availablejava.sql.SQLSyntaxErrorException: Schema 'AGILE' does not exist
Dec 10, 2020 9:22:34 PM org.entando.entando.ent.util.EntLogging$EntLogger info
INFO: + [ Component: Core ] :: DATA
|   
Dec 10, 2020 9:22:34 PM org.entando.entando.ent.util.EntLogging$EntLogger info
INFO: Created table - portDataSource/sysconfig
Dec 10, 2020 9:22:34 PM org.entando.entando.ent.util.EntLogging$EntLogger info
INFO: Created table - portDataSource/categories
Dec 10, 2020 9:22:34 PM org.entando.entando.ent.util.EntLogging$EntLogger info
INFO: Created table - portDataSource/localstrings
Dec 10, 2020 9:22:34 PM org.entando.entando.ent.util.EntLogging$EntLogger info
INFO: Created table - portDataSource/pagemodels
Dec 10, 2020 9:22:34 PM org.entando.entando.ent.util.EntLogging$EntLogger info
INFO: Created table - portDataSource/pages
Dec 10, 2020 9:22:34 PM org.entando.entando.ent.util.EntLogging$EntLogger info
INFO: Created table - portDataSource/pages_metadata_online
Dec 10, 2020 9:22:34 PM org.entando.entando.ent.util.EntLogging$EntLogger info
INFO: Created table - portDataSource/pages_metadata_draft
Dec 10, 2020 9:22:35 PM org.entando.entando.ent.util.EntLogging$EntLogger info
INFO: Created table - portDataSource/widgetcatalog
Dec 10, 2020 9:22:35 PM org.entando.entando.ent.util.EntLogging$EntLogger info
INFO: Created table - portDataSource/guifragment
Dec 10, 2020 9:22:35 PM org.entando.entando.ent.util.EntLogging$EntLogger info
INFO: Created table - portDataSource/widgetconfig
Dec 10, 2020 9:22:35 PM org.entando.entando.ent.util.EntLogging$EntLogger info
INFO: Created table - portDataSource/widgetconfig_draft
Dec 10, 2020 9:22:35 PM org.entando.entando.ent.util.EntLogging$EntLogger info
INFO: Created table - portDataSource/uniquekeys
Dec 10, 2020 9:22:35 PM org.entando.entando.ent.util.EntLogging$EntLogger info
INFO: Created table - portDataSource/userpreferences
Dec 10, 2020 9:22:36 PM org.entando.entando.ent.util.EntLogging$EntLogger info
INFO: Created table - servDataSource/authgroups
Dec 10, 2020 9:22:36 PM org.entando.entando.ent.util.EntLogging$EntLogger info
INFO: Created table - servDataSource/authpermissions
Dec 10, 2020 9:22:36 PM org.entando.entando.ent.util.EntLogging$EntLogger info
INFO: Created table - servDataSource/authroles
Dec 10, 2020 9:22:36 PM org.entando.entando.ent.util.EntLogging$EntLogger info
INFO: Created table - servDataSource/authrolepermissions
Dec 10, 2020 9:22:36 PM org.entando.entando.ent.util.EntLogging$EntLogger info
INFO: Created table - servDataSource/authusers
Dec 10, 2020 9:22:36 PM org.entando.entando.ent.util.EntLogging$EntLogger info
INFO: Created table - servDataSource/authusergrouprole
Dec 10, 2020 9:22:36 PM org.entando.entando.ent.util.EntLogging$EntLogger info
INFO: Created table - servDataSource/api_oauth_consumers
Dec 10, 2020 9:22:36 PM org.entando.entando.ent.util.EntLogging$EntLogger info
INFO: Created table - servDataSource/api_oauth_tokens
Dec 10, 2020 9:22:36 PM org.entando.entando.ent.util.EntLogging$EntLogger info
INFO: Created table - servDataSource/apicatalog_methods
Dec 10, 2020 9:22:36 PM org.entando.entando.ent.util.EntLogging$EntLogger info
INFO: Created table - servDataSource/apicatalog_services
Dec 10, 2020 9:22:36 PM org.entando.entando.ent.util.EntLogging$EntLogger info
INFO: Created table - servDataSource/authuserprofiles
Dec 10, 2020 9:22:36 PM org.entando.entando.ent.util.EntLogging$EntLogger info
INFO: Created table - servDataSource/authuserprofilesearch
Dec 10, 2020 9:22:37 PM org.entando.entando.ent.util.EntLogging$EntLogger info
INFO: Created table - servDataSource/authuserprofileattrroles
Dec 10, 2020 9:22:37 PM org.entando.entando.ent.util.EntLogging$EntLogger info
INFO: Created table - servDataSource/actionlogrecords
Dec 10, 2020 9:22:37 PM org.entando.entando.ent.util.EntLogging$EntLogger info
INFO: Created table - servDataSource/actionlogrelations
Dec 10, 2020 9:22:37 PM org.entando.entando.ent.util.EntLogging$EntLogger info
INFO: Created table - servDataSource/actionloglikerecords
Dec 10, 2020 9:22:37 PM org.entando.entando.ent.util.EntLogging$EntLogger info
INFO: Created table - servDataSource/actionlogcommentrecords
Dec 10, 2020 9:22:37 PM org.entando.entando.ent.util.EntLogging$EntLogger info
INFO: Created table - servDataSource/dataobjectmodels
Dec 10, 2020 9:22:37 PM org.entando.entando.ent.util.EntLogging$EntLogger info
INFO: Created table - servDataSource/dataobjects
Dec 10, 2020 9:22:37 PM org.entando.entando.ent.util.EntLogging$EntLogger info
INFO: Created table - servDataSource/dataobjectrelations
Dec 10, 2020 9:22:37 PM org.entando.entando.ent.util.EntLogging$EntLogger info
INFO: Created table - servDataSource/dataobjectsearch
Dec 10, 2020 9:22:37 PM org.entando.entando.ent.util.EntLogging$EntLogger info
INFO: Created table - servDataSource/dataobjectattributeroles
Dec 10, 2020 9:22:37 PM org.entando.entando.ent.util.EntLogging$EntLogger info
INFO: + [ Component: jacms ] :: DATA
|   
Dec 10, 2020 9:22:37 PM org.entando.entando.ent.util.EntLogging$EntLogger info
INFO: Created table - portDataSource/contentmodels
Dec 10, 2020 9:22:38 PM org.entando.entando.ent.util.EntLogging$EntLogger info
INFO: Created table - portDataSource/contents
Dec 10, 2020 9:22:38 PM org.entando.entando.ent.util.EntLogging$EntLogger info
INFO: Created table - portDataSource/resources
Dec 10, 2020 9:22:38 PM org.entando.entando.ent.util.EntLogging$EntLogger info
INFO: Created table - portDataSource/resourcerelations
Dec 10, 2020 9:22:38 PM org.entando.entando.ent.util.EntLogging$EntLogger info
INFO: Created table - portDataSource/contentrelations
Dec 10, 2020 9:22:38 PM org.entando.entando.ent.util.EntLogging$EntLogger info
INFO: Created table - portDataSource/contentsearch
Dec 10, 2020 9:22:38 PM org.entando.entando.ent.util.EntLogging$EntLogger info
INFO: Created table - portDataSource/contentattributeroles
Dec 10, 2020 9:22:38 PM org.entando.entando.ent.util.EntLogging$EntLogger info
INFO: Created table - portDataSource/workcontentrelations
Dec 10, 2020 9:22:38 PM org.entando.entando.ent.util.EntLogging$EntLogger info
INFO: Created table - portDataSource/workcontentsearch
Dec 10, 2020 9:22:38 PM org.entando.entando.ent.util.EntLogging$EntLogger info
INFO: Created table - portDataSource/workcontentattributeroles
Dec 10, 2020 9:22:38 PM org.entando.entando.ent.util.EntLogging$EntLogger info
INFO: + [ Component: jpmail ] :: DATA
|   
Dec 10, 2020 9:22:38 PM org.entando.entando.ent.util.EntLogging$EntLogger info
INFO: + [ Component: entando-*****-console ] :: DATA
|   
Dec 10, 2020 9:22:38 PM org.entando.entando.ent.util.EntLogging$EntLogger info
INFO: Created table - servDataSource/authusershortcuts
Dec 10, 2020 9:22:38 PM org.entando.entando.ent.util.EntLogging$EntLogger info
INFO: + [ Component: entando-portal-ui ] :: DATA
|   
Dec 10, 2020 9:22:38 PM org.entando.entando.ent.util.EntLogging$EntLogger info
INFO: + [ Component: jpcontentscheduler ] :: DATA
|   
Dec 10, 2020 9:22:38 PM org.entando.entando.ent.util.EntLogging$EntLogger info
INFO: + [ Component: Core ] :: DATA
|   
Dec 10, 2020 9:22:41 PM org.entando.entando.ent.util.EntLogging$EntLogger info
INFO: + [ Component: jacms ] :: DATA
|   
Dec 10, 2020 9:22:43 PM org.entando.entando.ent.util.EntLogging$EntLogger info
INFO: + [ Component: jpmail ] :: DATA
|   
Dec 10, 2020 9:22:43 PM org.entando.entando.ent.util.EntLogging$EntLogger info
INFO: + [ Component: entando-*****-console ] :: DATA
|   
Dec 10, 2020 9:22:43 PM org.entando.entando.ent.util.EntLogging$EntLogger info
INFO: + [ Component: entando-portal-ui ] :: DATA
|   
Dec 10, 2020 9:22:43 PM org.entando.entando.ent.util.EntLogging$EntLogger info
INFO: + [ Component: jpcontentscheduler ] :: DATA
|   
Dec 10, 2020 9:22:46 PM org.entando.entando.ent.util.EntLogging$EntLogger info
INFO: Successfully created a random page_preview_hash
Dec 10, 2020 9:22:57 PM org.springframework.scheduling.concurrent.E**cutorConfigurationSupport initialize
INFO: Initializing E**cutorService 'entandoScheduler'
Dec 10, 2020 9:22:58 PM org.entando.entando.plugins.jpcontentscheduler.aps.******.services.content.ContentSchedulerManager init
INFO: org.entando.entando.plugins.jpcontentscheduler.aps.******.services.content.ContentSchedulerManager: inizializzato
Dec 10, 2020 9:22:58 PM org.quartz.impl.StdSchedulerFactory instantiate
INFO: Using default implementation for ThreadE**cutor
Dec 10, 2020 9:22:58 PM org.quartz.core.SchedulerSignalerImpl <init>
INFO: Initialized Scheduler Signaller of type: class org.quartz.core.SchedulerSignalerImpl
Dec 10, 2020 9:22:58 PM org.quartz.core.QuartzScheduler <init>
INFO: Quartz Scheduler v.2.3.2 created.
Dec 10, 2020 9:22:58 PM org.quartz.simpl.RAMJobStore initialize
INFO: RAMJobStore initialized.
Dec 10, 2020 9:22:58 PM org.quartz.core.QuartzScheduler initialize
INFO: Scheduler meta-data: Quartz Scheduler (v2.3.2) 'publishScheduler' with instanceId 'NON_CLUSTERED'
  Scheduler class: 'org.quartz.core.QuartzScheduler' - running locally.
  NOT STARTED.
  Currently in standby mode.
  Number of jobs e**cuted: 0
  Using thread pool 'org.quartz.simpl.SimpleThreadPool' - with 10 threads.
  Using job-store 'org.quartz.simpl.RAMJobStore' - which does not support persistence. and is not clustered.

Dec 10, 2020 9:22:58 PM org.quartz.impl.StdSchedulerFactory instantiate
INFO: Quartz scheduler 'publishScheduler' initialized from an externally provided properties instance.
Dec 10, 2020 9:22:58 PM org.quartz.impl.StdSchedulerFactory instantiate
INFO: Quartz scheduler version: 2.3.2
Dec 10, 2020 9:22:58 PM org.quartz.core.QuartzScheduler setJobFactory
INFO: JobFactory set to: org.springframework.scheduling.quartz.AdaptableJobFactory@40354a6c
Dec 10, 2020 9:23:01 PM org.springframework.security.web.DefaultSecurityFilterChain <init>
INFO: Creating filter chain: OrRequestMatcher [requestMatchers=[Ant [pattern='/oauth/token'], Ant [pattern='/oauth/token_key'], Ant [pattern='/oauth/check_token']]], [org.springframework.security.web.context.request.async.WebAsyncManagerIntegrationFilter@4f3a1c21, org.springframework.security.web.context.SecurityContextPersistenceFilter@373309f1, org.springframework.security.web.header.HeaderWriterFilter@23f2dff2, org.springframework.security.web.authentication.logout.LogoutFilter@1ec78f51, org.springframework.web.filter.CorsFilter@21b046cf, org.springframework.security.web.authentication.www.BasicAuthenticationFilter@779f2c13, org.springframework.security.web.savedrequest.RequestCacheAwareFilter@3902e444, org.springframework.security.web.servletapi.SecurityContextHolderAwareRequestFilter@2f29f3e, org.springframework.security.web.authentication.AnonymousAuthenticationFilter@161c8064, org.springframework.security.web.session.SessionManagementFilter@7546012c, org.springframework.security.web.access.ExceptionTranslationFilter@21f27379, org.springframework.security.web.access.intercept.FilterSecurityInterceptor@124ed188]
Dec 10, 2020 9:23:01 PM org.springframework.security.web.DefaultSecurityFilterChain <init>
INFO: Creating filter chain: any request, [org.springframework.security.web.context.request.async.WebAsyncManagerIntegrationFilter@60db56ba, org.springframework.security.web.context.SecurityContextPersistenceFilter@f3c09b, org.springframework.security.web.header.HeaderWriterFilter@13f67189, org.springframework.web.filter.CorsFilter@21b046cf, org.springframework.security.web.authentication.logout.LogoutFilter@7e32a6ff, org.springframework.security.web.savedrequest.RequestCacheAwareFilter@af64415, org.springframework.security.web.servletapi.SecurityContextHolderAwareRequestFilter@2a2c06fb, org.springframework.security.web.session.SessionManagementFilter@6c370fbe, org.springframework.security.web.access.ExceptionTranslationFilter@1093438b]
Dec 10, 2020 9:23:01 PM org.springframework.scheduling.quartz.SchedulerFactoryBean startScheduler
INFO: Starting Quartz Scheduler now
Dec 10, 2020 9:23:01 PM org.quartz.core.QuartzScheduler start
INFO: Scheduler publishScheduler_$_NON_CLUSTERED started.
Dec 10, 2020 9:23:01 PM org.springframework.web.context.ContextLoader initWebApplicationContext
INFO: Root WebApplicationContext initialized in 40521 ms
Dec 10, 2020 9:23:01 PM org.springframework.scheduling.quartz.SchedulerFactoryBean destroy
INFO: Shutting down Quartz Scheduler
Dec 10, 2020 9:23:01 PM org.quartz.core.QuartzScheduler shutdown
INFO: Scheduler publishScheduler_$_NON_CLUSTERED shutting down.
Dec 10, 2020 9:23:01 PM org.quartz.core.QuartzScheduler standby
INFO: Scheduler publishScheduler_$_NON_CLUSTERED paused.
Dec 10, 2020 9:23:01 PM org.quartz.core.QuartzScheduler shutdown
INFO: Scheduler publishScheduler_$_NON_CLUSTERED shutdown complete.
Dec 10, 2020 9:23:01 PM org.springframework.scheduling.concurrent.E**cutorConfigurationSupport shutdown
INFO: Shutting down E**cutorService 'entandoScheduler'
Dec 10, 2020 9:23:04 PM org.entando.entando.ent.util.EntLogging$EntLogger info
INFO: + [ Component: Core ] :: DATA
|   
Dec 10, 2020 9:23:04 PM org.entando.entando.ent.util.EntLogging$EntLogger info
INFO: + [ Component: jacms ] :: DATA
|   
Dec 10, 2020 9:23:04 PM org.entando.entando.ent.util.EntLogging$EntLogger info
INFO: + [ Component: jpmail ] :: DATA
|   
Dec 10, 2020 9:23:04 PM org.entando.entando.ent.util.EntLogging$EntLogger info
INFO: + [ Component: entando-*****-console ] :: DATA
|   
Dec 10, 2020 9:23:04 PM org.entando.entando.ent.util.EntLogging$EntLogger info
INFO: + [ Component: entando-portal-ui ] :: DATA
|   
Dec 10, 2020 9:23:04 PM org.entando.entando.ent.util.EntLogging$EntLogger info
INFO: + [ Component: jpcontentscheduler ] :: DATA
|   
Dec 10, 2020 9:23:04 PM org.entando.entando.ent.util.EntLogging$EntLogger info
INFO: + [ Component: Core ] :: DATA
|   
Dec 10, 2020 9:23:04 PM org.entando.entando.ent.util.EntLogging$EntLogger info
INFO: + [ Component: jacms ] :: DATA
|   
Dec 10, 2020 9:23:04 PM org.entando.entando.ent.util.EntLogging$EntLogger info
INFO: + [ Component: jpmail ] :: DATA
|   
Dec 10, 2020 9:23:04 PM org.entando.entando.ent.util.EntLogging$EntLogger info
INFO: + [ Component: entando-*****-console ] :: DATA
|   
Dec 10, 2020 9:23:04 PM org.entando.entando.ent.util.EntLogging$EntLogger info
INFO: + [ Component: entando-portal-ui ] :: DATA
|   
Dec 10, 2020 9:23:04 PM org.entando.entando.ent.util.EntLogging$EntLogger info
INFO: + [ Component: jpcontentscheduler ] :: DATA
|   
Dec 10, 2020 9:23:12 PM org.springframework.scheduling.concurrent.E**cutorConfigurationSupport initialize
INFO: Initializing E**cutorService 'entandoScheduler'
Dec 10, 2020 9:23:12 PM org.entando.entando.plugins.jpcontentscheduler.aps.******.services.content.ContentSchedulerManager init
INFO: org.entando.entando.plugins.jpcontentscheduler.aps.******.services.content.ContentSchedulerManager: inizializzato
Dec 10, 2020 9:23:12 PM org.quartz.impl.StdSchedulerFactory instantiate
INFO: Using default implementation for ThreadE**cutor
Dec 10, 2020 9:23:12 PM org.quartz.core.SchedulerSignalerImpl <init>
INFO: Initialized Scheduler Signaller of type: class org.quartz.core.SchedulerSignalerImpl
Dec 10, 2020 9:23:12 PM org.quartz.core.QuartzScheduler <init>
INFO: Quartz Scheduler v.2.3.2 created.
Dec 10, 2020 9:23:12 PM org.quartz.simpl.RAMJobStore initialize
INFO: RAMJobStore initialized.
Dec 10, 2020 9:23:12 PM org.quartz.core.QuartzScheduler initialize
INFO: Scheduler meta-data: Quartz Scheduler (v2.3.2) 'publishScheduler' with instanceId 'NON_CLUSTERED'
  Scheduler class: 'org.quartz.core.QuartzScheduler' - running locally.
  NOT STARTED.
  Currently in standby mode.
  Number of jobs e**cuted: 0
  Using thread pool 'org.quartz.simpl.SimpleThreadPool' - with 10 threads.
  Using job-store 'org.quartz.simpl.RAMJobStore' - which does not support persistence. and is not clustered.

Dec 10, 2020 9:23:12 PM org.quartz.impl.StdSchedulerFactory instantiate
INFO: Quartz scheduler 'publishScheduler' initialized from an externally provided properties instance.
Dec 10, 2020 9:23:12 PM org.quartz.impl.StdSchedulerFactory instantiate
INFO: Quartz scheduler version: 2.3.2
Dec 10, 2020 9:23:12 PM org.quartz.core.QuartzScheduler setJobFactory
INFO: JobFactory set to: org.springframework.scheduling.quartz.AdaptableJobFactory@2b2e7ea8
Dec 10, 2020 9:23:13 PM org.springframework.security.web.DefaultSecurityFilterChain <init>
INFO: Creating filter chain: OrRequestMatcher [requestMatchers=[Ant [pattern='/oauth/token'], Ant [pattern='/oauth/token_key'], Ant [pattern='/oauth/check_token']]], [org.springframework.security.web.context.request.async.WebAsyncManagerIntegrationFilter@32db791, org.springframework.security.web.context.SecurityContextPersistenceFilter@388dd03f, org.springframework.security.web.header.HeaderWriterFilter@ae005a3, org.springframework.security.web.authentication.logout.LogoutFilter@5e364828, org.springframework.web.filter.CorsFilter@788b185d, org.springframework.security.web.authentication.www.BasicAuthenticationFilter@478c07fd, org.springframework.security.web.savedrequest.RequestCacheAwareFilter@393b9e88, org.springframework.security.web.servletapi.SecurityContextHolderAwareRequestFilter@25d8e553, org.springframework.security.web.authentication.AnonymousAuthenticationFilter@57dccd13, org.springframework.security.web.session.SessionManagementFilter@1680cfa6, org.springframework.security.web.access.ExceptionTranslationFilter@5f942787, org.springframework.security.web.access.intercept.FilterSecurityInterceptor@31a02b99]
Dec 10, 2020 9:23:13 PM org.springframework.security.web.DefaultSecurityFilterChain <init>
INFO: Creating filter chain: any request, [org.springframework.security.web.context.request.async.WebAsyncManagerIntegrationFilter@36bc2c15, org.springframework.security.web.context.SecurityContextPersistenceFilter@4a022b10, org.springframework.security.web.header.HeaderWriterFilter@7d8bd4fd, org.springframework.web.filter.CorsFilter@788b185d, org.springframework.security.web.authentication.logout.LogoutFilter@6dbdc019, org.springframework.security.web.savedrequest.RequestCacheAwareFilter@77502116, org.springframework.security.web.servletapi.SecurityContextHolderAwareRequestFilter@54df3f3d, org.springframework.security.web.session.SessionManagementFilter@64ebb601, org.springframework.security.web.access.ExceptionTranslationFilter@4c8e3c2a]
Dec 10, 2020 9:23:14 PM org.springframework.scheduling.quartz.SchedulerFactoryBean startScheduler
INFO: Starting Quartz Scheduler now
Dec 10, 2020 9:23:14 PM org.quartz.core.QuartzScheduler start
INFO: Scheduler publishScheduler_$_NON_CLUSTERED started.
Dec 10, 2020 9:23:14 PM org.entando.entando.plugins.jpcontentscheduler.aps.******.services.content.ContentJobs e**cuteJob
INFO: Inizio thread pubblicazione/sospensione automatica contenuti....10-12-2020 09:23:14
Dec 10, 2020 9:23:14 PM org.entando.entando.plugins.jpcontentscheduler.aps.******.services.content.ContentJobs e**cuteJob
INFO: Fine thread pubblicazione/sospensione automatica contenuti.10-12-2020 09:23:14
Dec 10, 2020 9:23:14 PM org.quartz.core.QuartzScheduler standby
INFO: Scheduler publishScheduler_$_NON_CLUSTERED paused.
Dec 10, 2020 9:23:14 PM org.springframework.scheduling.quartz.SchedulerFactoryBean destroy
INFO: Shutting down Quartz Scheduler
Dec 10, 2020 9:23:14 PM org.quartz.core.QuartzScheduler shutdown
INFO: Scheduler publishScheduler_$_NON_CLUSTERED shutting down.
Dec 10, 2020 9:23:14 PM org.quartz.core.QuartzScheduler standby
INFO: Scheduler publishScheduler_$_NON_CLUSTERED paused.
Dec 10, 2020 9:23:14 PM org.quartz.core.QuartzScheduler shutdown
INFO: Scheduler publishScheduler_$_NON_CLUSTERED shutdown complete.
Dec 10, 2020 9:23:14 PM org.springframework.scheduling.concurrent.E**cutorConfigurationSupport shutdown
INFO: Shutting down E**cutorService 'entandoScheduler'
[INFO] Tests run: 1, Failures: 0, Errors: 0, Skipped: 0, Time elapsed: 55.045 s - in org.entando.entando.plugins.jpcontentscheduler.aps.******.services.content.TestContentJobs
[INFO] Running org.entando.entando.plugins.jpcontentscheduler.aps.TestApsSample
Dec 10, 2020 9:23:14 PM org.springframework.mock.jndi.SimpleNamingContextBuilder bind
INFO: Static JNDI binding: [java:comp/env/logName] = [/workspace/source/target/test/entando-plugin-jpcontentscheduler]
Dec 10, 2020 9:23:14 PM org.springframework.mock.jndi.SimpleNamingContextBuilder bind
INFO: Static JNDI binding: [java:comp/env/logFileRotatePattern] = [/workspace/source/target/test/entando-plugin-jpcontentscheduler_logs/entando-plugin-jpcontentscheduler-%i.log.gz]
Dec 10, 2020 9:23:14 PM org.springframework.mock.jndi.SimpleNamingContextBuilder bind
INFO: Static JNDI binding: [java:comp/env/logLevel] = [ERROR]
Dec 10, 2020 9:23:14 PM org.springframework.mock.jndi.SimpleNamingContextBuilder bind
INFO: Static JNDI binding: [java:comp/env/logFileSize] = [1048576]
Dec 10, 2020 9:23:14 PM org.springframework.mock.jndi.SimpleNamingContextBuilder bind
INFO: Static JNDI binding: [java:comp/env/logFilesCount] = [10]
Dec 10, 2020 9:23:14 PM org.springframework.mock.jndi.SimpleNamingContextBuilder bind
INFO: Static JNDI binding: [java:comp/env/configVersion] = [test]
Dec 10, 2020 9:23:14 PM org.springframework.mock.jndi.SimpleNamingContextBuilder bind
INFO: Static JNDI binding: [java:comp/env/applicationBaseURL] = [/Entando/]
Dec 10, 2020 9:23:14 PM org.springframework.mock.jndi.SimpleNamingContextBuilder bind
INFO: Static JNDI binding: [java:comp/env/resourceRootURL] = [/Entando/resources/]
Dec 10, 2020 9:23:14 PM org.springframework.mock.jndi.SimpleNamingContextBuilder bind
INFO: Static JNDI binding: [java:comp/env/protectedResourceRootURL] = [/Entando/protected/]
Dec 10, 2020 9:23:14 PM org.springframework.mock.jndi.SimpleNamingContextBuilder bind
INFO: Static JNDI binding: [java:comp/env/resourceDiskRootFolder] = [target/test/resources/]
Dec 10, 2020 9:23:14 PM org.springframework.mock.jndi.SimpleNamingContextBuilder bind
INFO: Static JNDI binding: [java:comp/env/protectedResourceDiskRootFolder] = [target/test/protected/]
Dec 10, 2020 9:23:14 PM org.springframework.mock.jndi.SimpleNamingContextBuilder bind
INFO: Static JNDI binding: [java:comp/env/indexDiskRootFolder] = [target/test/indexdir]
Dec 10, 2020 9:23:14 PM org.springframework.mock.jndi.SimpleNamingContextBuilder bind
INFO: Static JNDI binding: [java:comp/env/portDataSourceClassName] = [org.apache.derby.jdbc.EmbeddedDriver]
Dec 10, 2020 9:23:14 PM org.springframework.mock.jndi.SimpleNamingContextBuilder bind
INFO: Static JNDI binding: [java:comp/env/logActiveFileOutput] = [*****]
Dec 10, 2020 9:23:14 PM org.springframework.mock.jndi.SimpleNamingContextBuilder bind
INFO: Static JNDI binding: [java:comp/env/jdbc.servDb.url] = [jdbc:derby:/workspace/source/target/test/db/entando-plugin-jpcontentschedulertestServ;create=true]
Dec 10, 2020 9:23:14 PM org.springframework.mock.jndi.SimpleNamingContextBuilder bind
INFO: Static JNDI binding: [java:comp/env/servDataSourceClassName] = [org.apache.derby.jdbc.EmbeddedDriver]
Dec 10, 2020 9:23:14 PM org.springframework.mock.jndi.SimpleNamingContextBuilder bind
INFO: Static JNDI binding: [java:comp/env/logFilesCount] = [10]
Dec 10, 2020 9:23:14 PM org.springframework.mock.jndi.SimpleNamingContextBuilder bind
INFO: Static JNDI binding: [java:comp/env/applicationBaseURL] = [/Entando/]
Dec 10, 2020 9:23:14 PM org.springframework.mock.jndi.SimpleNamingContextBuilder bind
INFO: Static JNDI binding: [java:comp/env/jdbc.portDb.password] = [agile]
Dec 10, 2020 9:23:14 PM org.springframework.mock.jndi.SimpleNamingContextBuilder bind
INFO: Static JNDI binding: [java:comp/env/logLevel] = [ERROR]
Dec 10, 2020 9:23:14 PM org.springframework.mock.jndi.SimpleNamingContextBuilder bind
INFO: Static JNDI binding: [java:comp/env/indexDiskRootFolder] = [target/test/indexdir]
Dec 10, 2020 9:23:14 PM org.springframework.mock.jndi.SimpleNamingContextBuilder bind
INFO: Static JNDI binding: [java:comp/env/logFileSize] = [1048576]
Dec 10, 2020 9:23:14 PM org.springframework.mock.jndi.SimpleNamingContextBuilder bind
INFO: Static JNDI binding: [java:comp/env/resourceDiskRootFolder] = [target/test/resources/]
Dec 10, 2020 9:23:14 PM org.springframework.mock.jndi.SimpleNamingContextBuilder bind
INFO: Static JNDI binding: [java:comp/env/protectedResourceRootURL] = [/Entando/protected/]
Dec 10, 2020 9:23:14 PM org.springframework.mock.jndi.SimpleNamingContextBuilder bind
INFO: Static JNDI binding: [java:comp/env/resourceRootURL] = [/Entando/resources/]
Dec 10, 2020 9:23:14 PM org.springframework.mock.jndi.SimpleNamingContextBuilder bind
INFO: Static JNDI binding: [java:comp/env/configVersion] = [test]
Dec 10, 2020 9:23:14 PM org.springframework.mock.jndi.SimpleNamingContextBuilder bind
INFO: Static JNDI binding: [java:comp/env/jdbc.servDb.beanName] = [servDataSource]
Dec 10, 2020 9:23:14 PM org.springframework.mock.jndi.SimpleNamingContextBuilder bind
INFO: Static JNDI binding: [java:comp/env/jdbc.portDb.url] = [jdbc:derby:/workspace/source/target/test/db/entando-plugin-jpcontentschedulertestPort;create=true]
Dec 10, 2020 9:23:14 PM org.springframework.mock.jndi.SimpleNamingContextBuilder bind
INFO: Static JNDI binding: [java:comp/env/jdbc.servDb.driverClassName] = [org.apache.derby.jdbc.EmbeddedDriver]
Dec 10, 2020 9:23:14 PM org.springframework.mock.jndi.SimpleNamingContextBuilder bind
INFO: Static JNDI binding: [java:comp/env/protectedResourceDiskRootFolder] = [target/test/protected/]
Dec 10, 2020 9:23:14 PM org.springframework.mock.jndi.SimpleNamingContextBuilder bind
INFO: Static JNDI binding: [java:comp/env/jdbc.portDb.beanName] = [portDataSource]
Dec 10, 2020 9:23:14 PM org.springframework.mock.jndi.SimpleNamingContextBuilder bind
INFO: Static JNDI binding: [java:comp/env/jdbc.servDb.password] = [agile]
Dec 10, 2020 9:23:14 PM org.springframework.mock.jndi.SimpleNamingContextBuilder bind
INFO: Static JNDI binding: [java:comp/env/jdbc.portDb.driverClassName] = [org.apache.derby.jdbc.EmbeddedDriver]
Dec 10, 2020 9:23:14 PM org.springframework.mock.jndi.SimpleNamingContextBuilder bind
INFO: Static JNDI binding: [java:comp/env/jdbc.portDb.username] = [agile]
Dec 10, 2020 9:23:14 PM org.springframework.mock.jndi.SimpleNamingContextBuilder bind
INFO: Static JNDI binding: [java:comp/env/jdbc.servDb.username] = [agile]
Dec 10, 2020 9:23:14 PM org.springframework.mock.jndi.SimpleNamingContextBuilder bind
INFO: Static JNDI binding: [java:comp/env/logName] = [/workspace/source/target/test/entando-plugin-jpcontentscheduler]
Dec 10, 2020 9:23:14 PM org.springframework.mock.jndi.SimpleNamingContextBuilder bind
INFO: Static JNDI binding: [java:comp/env/logFileRotatePattern] = [/workspace/source/target/test/entando-plugin-jpcontentscheduler_logs/entando-plugin-jpcontentscheduler-%i.log.gz]
Dec 10, 2020 9:23:14 PM org.springframework.mock.jndi.SimpleNamingContextBuilder bind
INFO: Static JNDI binding: [java:comp/env/jdbc/servDataSource] = [org.apache.commons.dbcp2.BasicDataSource@23a9fc40]
Dec 10, 2020 9:23:14 PM org.springframework.mock.jndi.SimpleNamingContextBuilder bind
INFO: Static JNDI binding: [java:comp/env/jdbc/portDataSource] = [org.apache.commons.dbcp2.BasicDataSource@4d651bd9]
Dec 10, 2020 9:23:14 PM org.springframework.mock.web.MockServletContext log
INFO: Initializing Spring **** WebApplicationContext
Dec 10, 2020 9:23:14 PM org.springframework.web.context.ContextLoader initWebApplicationContext
INFO: Root WebApplicationContext: initialization started
Dec 10, 2020 9:23:17 PM org.entando.entando.ent.util.EntLogging$EntLogger info
INFO: + [ Component: Core ] :: DATA
|   
Dec 10, 2020 9:23:17 PM org.entando.entando.ent.util.EntLogging$EntLogger info
INFO: + [ Component: jacms ] :: DATA
|   
Dec 10, 2020 9:23:17 PM org.entando.entando.ent.util.EntLogging$EntLogger info
INFO: + [ Component: jpmail ] :: DATA
|   
Dec 10, 2020 9:23:17 PM org.entando.entando.ent.util.EntLogging$EntLogger info
INFO: + [ Component: entando-*****-console ] :: DATA
|   
Dec 10, 2020 9:23:17 PM org.entando.entando.ent.util.EntLogging$EntLogger info
INFO: + [ Component: entando-portal-ui ] :: DATA
|   
Dec 10, 2020 9:23:17 PM org.entando.entando.ent.util.EntLogging$EntLogger info
INFO: + [ Component: jpcontentscheduler ] :: DATA
|   
Dec 10, 2020 9:23:17 PM org.entando.entando.ent.util.EntLogging$EntLogger info
INFO: + [ Component: Core ] :: DATA
|   
Dec 10, 2020 9:23:17 PM org.entando.entando.ent.util.EntLogging$EntLogger info
INFO: + [ Component: jacms ] :: DATA
|   
Dec 10, 2020 9:23:17 PM org.entando.entando.ent.util.EntLogging$EntLogger info
INFO: + [ Component: jpmail ] :: DATA
|   
Dec 10, 2020 9:23:17 PM org.entando.entando.ent.util.EntLogging$EntLogger info
INFO: + [ Component: entando-*****-console ] :: DATA
|   
Dec 10, 2020 9:23:17 PM org.entando.entando.ent.util.EntLogging$EntLogger info
INFO: + [ Component: entando-portal-ui ] :: DATA
|   
Dec 10, 2020 9:23:17 PM org.entando.entando.ent.util.EntLogging$EntLogger info
INFO: + [ Component: jpcontentscheduler ] :: DATA
|   
Dec 10, 2020 9:23:24 PM org.springframework.scheduling.concurrent.E**cutorConfigurationSupport initialize
INFO: Initializing E**cutorService 'entandoScheduler'
Dec 10, 2020 9:23:25 PM org.entando.entando.plugins.jpcontentscheduler.aps.******.services.content.ContentSchedulerManager init
INFO: org.entando.entando.plugins.jpcontentscheduler.aps.******.services.content.ContentSchedulerManager: inizializzato
Dec 10, 2020 9:23:25 PM org.quartz.impl.StdSchedulerFactory instantiate
INFO: Using default implementation for ThreadE**cutor
Dec 10, 2020 9:23:25 PM org.quartz.core.SchedulerSignalerImpl <init>
INFO: Initialized Scheduler Signaller of type: class org.quartz.core.SchedulerSignalerImpl
Dec 10, 2020 9:23:25 PM org.quartz.core.QuartzScheduler <init>
INFO: Quartz Scheduler v.2.3.2 created.
Dec 10, 2020 9:23:25 PM org.quartz.simpl.RAMJobStore initialize
INFO: RAMJobStore initialized.
Dec 10, 2020 9:23:25 PM org.quartz.core.QuartzScheduler initialize
INFO: Scheduler meta-data: Quartz Scheduler (v2.3.2) 'publishScheduler' with instanceId 'NON_CLUSTERED'
  Scheduler class: 'org.quartz.core.QuartzScheduler' - running locally.
  NOT STARTED.
  Currently in standby mode.
  Number of jobs e**cuted: 0
  Using thread pool 'org.quartz.simpl.SimpleThreadPool' - with 10 threads.
  Using job-store 'org.quartz.simpl.RAMJobStore' - which does not support persistence. and is not clustered.

Dec 10, 2020 9:23:25 PM org.quartz.impl.StdSchedulerFactory instantiate
INFO: Quartz scheduler 'publishScheduler' initialized from an externally provided properties instance.
Dec 10, 2020 9:23:25 PM org.quartz.impl.StdSchedulerFactory instantiate
INFO: Quartz scheduler version: 2.3.2
Dec 10, 2020 9:23:25 PM org.quartz.core.QuartzScheduler setJobFactory
INFO: JobFactory set to: org.springframework.scheduling.quartz.AdaptableJobFactory@d4ba86b
Dec 10, 2020 9:23:26 PM org.springframework.security.web.DefaultSecurityFilterChain <init>
INFO: Creating filter chain: OrRequestMatcher [requestMatchers=[Ant [pattern='/oauth/token'], Ant [pattern='/oauth/token_key'], Ant [pattern='/oauth/check_token']]], [org.springframework.security.web.context.request.async.WebAsyncManagerIntegrationFilter@34b06c56, org.springframework.security.web.context.SecurityContextPersistenceFilter@6bb74452, org.springframework.security.web.header.HeaderWriterFilter@678cda65, org.springframework.security.web.authentication.logout.LogoutFilter@2f38de29, org.springframework.web.filter.CorsFilter@3fb81421, org.springframework.security.web.authentication.www.BasicAuthenticationFilter@3e863177, org.springframework.security.web.savedrequest.RequestCacheAwareFilter@2af776cc, org.springframework.security.web.servletapi.SecurityContextHolderAwareRequestFilter@56cbb57e, org.springframework.security.web.authentication.AnonymousAuthenticationFilter@7bc340, org.springframework.security.web.session.SessionManagementFilter@47ffade6, org.springframework.security.web.access.ExceptionTranslationFilter@793fbaf8, org.springframework.security.web.access.intercept.FilterSecurityInterceptor@468a1c9e]
Dec 10, 2020 9:23:26 PM org.springframework.security.web.DefaultSecurityFilterChain <init>
INFO: Creating filter chain: any request, [org.springframework.security.web.context.request.async.WebAsyncManagerIntegrationFilter@3ad0fa0b, org.springframework.security.web.context.SecurityContextPersistenceFilter@5736eabf, org.springframework.security.web.header.HeaderWriterFilter@33c1d29c, org.springframework.web.filter.CorsFilter@3fb81421, org.springframework.security.web.authentication.logout.LogoutFilter@5ad380fc, org.springframework.security.web.savedrequest.RequestCacheAwareFilter@49bb9e84, org.springframework.security.web.servletapi.SecurityContextHolderAwareRequestFilter@74d3f01d, org.springframework.security.web.session.SessionManagementFilter@566f082b, org.springframework.security.web.access.ExceptionTranslationFilter@6dfe7da0]
Dec 10, 2020 9:23:26 PM org.springframework.scheduling.quartz.SchedulerFactoryBean startScheduler
INFO: Starting Quartz Scheduler now
Dec 10, 2020 9:23:26 PM org.quartz.core.QuartzScheduler start
INFO: Scheduler publishScheduler_$_NON_CLUSTERED started.
Dec 10, 2020 9:23:26 PM org.springframework.web.context.ContextLoader initWebApplicationContext
INFO: Root WebApplicationContext initialized in 12418 ms
Dec 10, 2020 9:23:26 PM org.springframework.scheduling.quartz.SchedulerFactoryBean destroy
INFO: Shutting down Quartz Scheduler
Dec 10, 2020 9:23:26 PM org.quartz.core.QuartzScheduler shutdown
INFO: Scheduler publishScheduler_$_NON_CLUSTERED shutting down.
Dec 10, 2020 9:23:26 PM org.quartz.core.QuartzScheduler standby
INFO: Scheduler publishScheduler_$_NON_CLUSTERED paused.
Dec 10, 2020 9:23:26 PM org.quartz.core.QuartzScheduler shutdown
INFO: Scheduler publishScheduler_$_NON_CLUSTERED shutdown complete.
Dec 10, 2020 9:23:26 PM org.springframework.scheduling.concurrent.E**cutorConfigurationSupport shutdown
INFO: Shutting down E**cutorService 'entandoScheduler'
Dec 10, 2020 9:23:29 PM org.entando.entando.ent.util.EntLogging$EntLogger info
INFO: + [ Component: Core ] :: DATA
|   
Dec 10, 2020 9:23:29 PM org.entando.entando.ent.util.EntLogging$EntLogger info
INFO: + [ Component: jacms ] :: DATA
|   
Dec 10, 2020 9:23:29 PM org.entando.entando.ent.util.EntLogging$EntLogger info
INFO: + [ Component: jpmail ] :: DATA
|   
Dec 10, 2020 9:23:29 PM org.entando.entando.ent.util.EntLogging$EntLogger info
INFO: + [ Component: entando-*****-console ] :: DATA
|   
Dec 10, 2020 9:23:29 PM org.entando.entando.ent.util.EntLogging$EntLogger info
INFO: + [ Component: entando-portal-ui ] :: DATA
|   
Dec 10, 2020 9:23:29 PM org.entando.entando.ent.util.EntLogging$EntLogger info
INFO: + [ Component: jpcontentscheduler ] :: DATA
|   
Dec 10, 2020 9:23:29 PM org.entando.entando.ent.util.EntLogging$EntLogger info
INFO: + [ Component: Core ] :: DATA
|   
Dec 10, 2020 9:23:29 PM org.entando.entando.ent.util.EntLogging$EntLogger info
INFO: + [ Component: jacms ] :: DATA
|   
Dec 10, 2020 9:23:29 PM org.entando.entando.ent.util.EntLogging$EntLogger info
INFO: + [ Component: jpmail ] :: DATA
|   
Dec 10, 2020 9:23:29 PM org.entando.entando.ent.util.EntLogging$EntLogger info
INFO: + [ Component: entando-*****-console ] :: DATA
|   
Dec 10, 2020 9:23:29 PM org.entando.entando.ent.util.EntLogging$EntLogger info
INFO: + [ Component: entando-portal-ui ] :: DATA
|   
Dec 10, 2020 9:23:29 PM org.entando.entando.ent.util.EntLogging$EntLogger info
INFO: + [ Component: jpcontentscheduler ] :: DATA
|   
Dec 10, 2020 9:23:36 PM org.springframework.scheduling.concurrent.E**cutorConfigurationSupport initialize
INFO: Initializing E**cutorService 'entandoScheduler'
Dec 10, 2020 9:23:37 PM org.entando.entando.plugins.jpcontentscheduler.aps.******.services.content.ContentSchedulerManager init
INFO: org.entando.entando.plugins.jpcontentscheduler.aps.******.services.content.ContentSchedulerManager: inizializzato
Dec 10, 2020 9:23:37 PM org.quartz.impl.StdSchedulerFactory instantiate
INFO: Using default implementation for ThreadE**cutor
Dec 10, 2020 9:23:37 PM org.quartz.core.SchedulerSignalerImpl <init>
INFO: Initialized Scheduler Signaller of type: class org.quartz.core.SchedulerSignalerImpl
Dec 10, 2020 9:23:37 PM org.quartz.core.QuartzScheduler <init>
INFO: Quartz Scheduler v.2.3.2 created.
Dec 10, 2020 9:23:37 PM org.quartz.simpl.RAMJobStore initialize
INFO: RAMJobStore initialized.
Dec 10, 2020 9:23:37 PM org.quartz.core.QuartzScheduler initialize
INFO: Scheduler meta-data: Quartz Scheduler (v2.3.2) 'publishScheduler' with instanceId 'NON_CLUSTERED'
  Scheduler class: 'org.quartz.core.QuartzScheduler' - running locally.
  NOT STARTED.
  Currently in standby mode.
  Number of jobs e**cuted: 0
  Using thread pool 'org.quartz.simpl.SimpleThreadPool' - with 10 threads.
  Using job-store 'org.quartz.simpl.RAMJobStore' - which does not support persistence. and is not clustered.

Dec 10, 2020 9:23:37 PM org.quartz.impl.StdSchedulerFactory instantiate
INFO: Quartz scheduler 'publishScheduler' initialized from an externally provided properties instance.
Dec 10, 2020 9:23:37 PM org.quartz.impl.StdSchedulerFactory instantiate
INFO: Quartz scheduler version: 2.3.2
Dec 10, 2020 9:23:37 PM org.quartz.core.QuartzScheduler setJobFactory
INFO: JobFactory set to: org.springframework.scheduling.quartz.AdaptableJobFactory@4189e995
Dec 10, 2020 9:23:38 PM org.springframework.security.web.DefaultSecurityFilterChain <init>
INFO: Creating filter chain: OrRequestMatcher [requestMatchers=[Ant [pattern='/oauth/token'], Ant [pattern='/oauth/token_key'], Ant [pattern='/oauth/check_token']]], [org.springframework.security.web.context.request.async.WebAsyncManagerIntegrationFilter@845bd82, org.springframework.security.web.context.SecurityContextPersistenceFilter@2ad15ecd, org.springframework.security.web.header.HeaderWriterFilter@208b5923, org.springframework.security.web.authentication.logout.LogoutFilter@7594a02f, org.springframework.web.filter.CorsFilter@e7bd10a, org.springframework.security.web.authentication.www.BasicAuthenticationFilter@40fc1fb4, org.springframework.security.web.savedrequest.RequestCacheAwareFilter@1804417f, org.springframework.security.web.servletapi.SecurityContextHolderAwareRequestFilter@1b6b1118, org.springframework.security.web.authentication.AnonymousAuthenticationFilter@7609a894, org.springframework.security.web.session.SessionManagementFilter@195c653, org.springframework.security.web.access.ExceptionTranslationFilter@6207f57b, org.springframework.security.web.access.intercept.FilterSecurityInterceptor@39d987c7]
Dec 10, 2020 9:23:38 PM org.springframework.security.web.DefaultSecurityFilterChain <init>
INFO: Creating filter chain: any request, [org.springframework.security.web.context.request.async.WebAsyncManagerIntegrationFilter@40b2f6aa, org.springframework.security.web.context.SecurityContextPersistenceFilter@27c0c784, org.springframework.security.web.header.HeaderWriterFilter@292836ef, org.springframework.web.filter.CorsFilter@e7bd10a, org.springframework.security.web.authentication.logout.LogoutFilter@61eff1f4, org.springframework.security.web.savedrequest.RequestCacheAwareFilter@46f625e5, org.springframework.security.web.servletapi.SecurityContextHolderAwareRequestFilter@2e81ec9a, org.springframework.security.web.session.SessionManagementFilter@3a98107, org.springframework.security.web.access.ExceptionTranslationFilter@125e6138]
Dec 10, 2020 9:23:38 PM org.springframework.scheduling.quartz.SchedulerFactoryBean startScheduler
INFO: Starting Quartz Scheduler now
Dec 10, 2020 9:23:38 PM org.quartz.core.QuartzScheduler start
INFO: Scheduler publishScheduler_$_NON_CLUSTERED started.
Dec 10, 2020 9:23:38 PM org.quartz.core.QuartzScheduler standby
INFO: Scheduler publishScheduler_$_NON_CLUSTERED paused.
Dec 10, 2020 9:23:38 PM org.springframework.scheduling.quartz.SchedulerFactoryBean destroy
INFO: Shutting down Quartz Scheduler
Dec 10, 2020 9:23:38 PM org.quartz.core.QuartzScheduler shutdown
INFO: Scheduler publishScheduler_$_NON_CLUSTERED shutting down.
Dec 10, 2020 9:23:38 PM org.quartz.core.QuartzScheduler standby
INFO: Scheduler publishScheduler_$_NON_CLUSTERED paused.
Dec 10, 2020 9:23:38 PM org.quartz.core.QuartzScheduler shutdown
INFO: Scheduler publishScheduler_$_NON_CLUSTERED shutdown complete.
Dec 10, 2020 9:23:38 PM org.springframework.scheduling.concurrent.E**cutorConfigurationSupport shutdown
INFO: Shutting down E**cutorService 'entandoScheduler'
[INFO] Tests run: 1, Failures: 0, Errors: 0, Skipped: 0, Time elapsed: 24.153 s - in org.entando.entando.plugins.jpcontentscheduler.aps.TestApsSample
Dec 10, 2020 9:23:38 PM org.springframework.mock.jndi.SimpleNamingContextBuilder bind
INFO: Static JNDI binding: [java:comp/env/logName] = [/workspace/source/target/test/entando-plugin-jpcontentscheduler]
Dec 10, 2020 9:23:38 PM org.springframework.mock.jndi.SimpleNamingContextBuilder bind
INFO: Static JNDI binding: [java:comp/env/logFileRotatePattern] = [/workspace/source/target/test/entando-plugin-jpcontentscheduler_logs/entando-plugin-jpcontentscheduler-%i.log.gz]
Dec 10, 2020 9:23:38 PM org.springframework.mock.jndi.SimpleNamingContextBuilder bind
INFO: Static JNDI binding: [java:comp/env/logLevel] = [ERROR]
Dec 10, 2020 9:23:38 PM org.springframework.mock.jndi.SimpleNamingContextBuilder bind
INFO: Static JNDI binding: [java:comp/env/logFileSize] = [1048576]
Dec 10, 2020 9:23:38 PM org.springframework.mock.jndi.SimpleNamingContextBuilder bind
INFO: Static JNDI binding: [java:comp/env/logFilesCount] = [10]
Dec 10, 2020 9:23:38 PM org.springframework.mock.jndi.SimpleNamingContextBuilder bind
INFO: Static JNDI binding: [java:comp/env/configVersion] = [test]
Dec 10, 2020 9:23:38 PM org.springframework.mock.jndi.SimpleNamingContextBuilder bind
INFO: Static JNDI binding: [java:comp/env/applicationBaseURL] = [/Entando/]
Dec 10, 2020 9:23:38 PM org.springframework.mock.jndi.SimpleNamingContextBuilder bind
INFO: Static JNDI binding: [java:comp/env/resourceRootURL] = [/Entando/resources/]
Dec 10, 2020 9:23:38 PM org.springframework.mock.jndi.SimpleNamingContextBuilder bind
INFO: Static JNDI binding: [java:comp/env/protectedResourceRootURL] = [/Entando/protected/]
Dec 10, 2020 9:23:38 PM org.springframework.mock.jndi.SimpleNamingContextBuilder bind
INFO: Static JNDI binding: [java:comp/env/resourceDiskRootFolder] = [target/test/resources/]
Dec 10, 2020 9:23:38 PM org.springframework.mock.jndi.SimpleNamingContextBuilder bind
INFO: Static JNDI binding: [java:comp/env/protectedResourceDiskRootFolder] = [target/test/protected/]
[INFO] Running org.entando.entando.plugins.jpcontentscheduler.aps*****.TestApsAdminSample
Dec 10, 2020 9:23:38 PM org.springframework.mock.jndi.SimpleNamingContextBuilder bind
INFO: Static JNDI binding: [java:comp/env/indexDiskRootFolder] = [target/test/indexdir]
Dec 10, 2020 9:23:38 PM org.springframework.mock.jndi.SimpleNamingContextBuilder bind
INFO: Static JNDI binding: [java:comp/env/portDataSourceClassName] = [org.apache.derby.jdbc.EmbeddedDriver]
Dec 10, 2020 9:23:38 PM org.springframework.mock.jndi.SimpleNamingContextBuilder bind
INFO: Static JNDI binding: [java:comp/env/logActiveFileOutput] = [*****]
Dec 10, 2020 9:23:38 PM org.springframework.mock.jndi.SimpleNamingContextBuilder bind
INFO: Static JNDI binding: [java:comp/env/jdbc.servDb.url] = [jdbc:derby:/workspace/source/target/test/db/entando-plugin-jpcontentschedulertestServ;create=true]
Dec 10, 2020 9:23:38 PM org.springframework.mock.jndi.SimpleNamingContextBuilder bind
INFO: Static JNDI binding: [java:comp/env/servDataSourceClassName] = [org.apache.derby.jdbc.EmbeddedDriver]
Dec 10, 2020 9:23:38 PM org.springframework.mock.jndi.SimpleNamingContextBuilder bind
INFO: Static JNDI binding: [java:comp/env/logFilesCount] = [10]
Dec 10, 2020 9:23:38 PM org.springframework.mock.jndi.SimpleNamingContextBuilder bind
INFO: Static JNDI binding: [java:comp/env/applicationBaseURL] = [/Entando/]
Dec 10, 2020 9:23:38 PM org.springframework.mock.jndi.SimpleNamingContextBuilder bind
INFO: Static JNDI binding: [java:comp/env/jdbc.portDb.password] = [agile]
Dec 10, 2020 9:23:38 PM org.springframework.mock.jndi.SimpleNamingContextBuilder bind
INFO: Static JNDI binding: [java:comp/env/logLevel] = [ERROR]
Dec 10, 2020 9:23:38 PM org.springframework.mock.jndi.SimpleNamingContextBuilder bind
INFO: Static JNDI binding: [java:comp/env/indexDiskRootFolder] = [target/test/indexdir]
Dec 10, 2020 9:23:38 PM org.springframework.mock.jndi.SimpleNamingContextBuilder bind
INFO: Static JNDI binding: [java:comp/env/logFileSize] = [1048576]
Dec 10, 2020 9:23:38 PM org.springframework.mock.jndi.SimpleNamingContextBuilder bind
INFO: Static JNDI binding: [java:comp/env/resourceDiskRootFolder] = [target/test/resources/]
Dec 10, 2020 9:23:38 PM org.springframework.mock.jndi.SimpleNamingContextBuilder bind
INFO: Static JNDI binding: [java:comp/env/protectedResourceRootURL] = [/Entando/protected/]
Dec 10, 2020 9:23:38 PM org.springframework.mock.jndi.SimpleNamingContextBuilder bind
INFO: Static JNDI binding: [java:comp/env/resourceRootURL] = [/Entando/resources/]
Dec 10, 2020 9:23:38 PM org.springframework.mock.jndi.SimpleNamingContextBuilder bind
INFO: Static JNDI binding: [java:comp/env/configVersion] = [test]
Dec 10, 2020 9:23:38 PM org.springframework.mock.jndi.SimpleNamingContextBuilder bind
INFO: Static JNDI binding: [java:comp/env/jdbc.servDb.beanName] = [servDataSource]
Dec 10, 2020 9:23:38 PM org.springframework.mock.jndi.SimpleNamingContextBuilder bind
INFO: Static JNDI binding: [java:comp/env/jdbc.portDb.url] = [jdbc:derby:/workspace/source/target/test/db/entando-plugin-jpcontentschedulertestPort;create=true]
Dec 10, 2020 9:23:38 PM org.springframework.mock.jndi.SimpleNamingContextBuilder bind
INFO: Static JNDI binding: [java:comp/env/jdbc.servDb.driverClassName] = [org.apache.derby.jdbc.EmbeddedDriver]
Dec 10, 2020 9:23:38 PM org.springframework.mock.jndi.SimpleNamingContextBuilder bind
INFO: Static JNDI binding: [java:comp/env/protectedResourceDiskRootFolder] = [target/test/protected/]
Dec 10, 2020 9:23:38 PM org.springframework.mock.jndi.SimpleNamingContextBuilder bind
INFO: Static JNDI binding: [java:comp/env/jdbc.portDb.beanName] = [portDataSource]
Dec 10, 2020 9:23:38 PM org.springframework.mock.jndi.SimpleNamingContextBuilder bind
INFO: Static JNDI binding: [java:comp/env/jdbc.servDb.password] = [agile]
Dec 10, 2020 9:23:38 PM org.springframework.mock.jndi.SimpleNamingContextBuilder bind
INFO: Static JNDI binding: [java:comp/env/jdbc.portDb.driverClassName] = [org.apache.derby.jdbc.EmbeddedDriver]
Dec 10, 2020 9:23:38 PM org.springframework.mock.jndi.SimpleNamingContextBuilder bind
INFO: Static JNDI binding: [java:comp/env/jdbc.portDb.username] = [agile]
Dec 10, 2020 9:23:38 PM org.springframework.mock.jndi.SimpleNamingContextBuilder bind
INFO: Static JNDI binding: [java:comp/env/jdbc.servDb.username] = [agile]
Dec 10, 2020 9:23:38 PM org.springframework.mock.jndi.SimpleNamingContextBuilder bind
INFO: Static JNDI binding: [java:comp/env/logName] = [/workspace/source/target/test/entando-plugin-jpcontentscheduler]
Dec 10, 2020 9:23:38 PM org.springframework.mock.jndi.SimpleNamingContextBuilder bind
INFO: Static JNDI binding: [java:comp/env/logFileRotatePattern] = [/workspace/source/target/test/entando-plugin-jpcontentscheduler_logs/entando-plugin-jpcontentscheduler-%i.log.gz]
Dec 10, 2020 9:23:38 PM org.springframework.mock.jndi.SimpleNamingContextBuilder bind
INFO: Static JNDI binding: [java:comp/env/jdbc/servDataSource] = [org.apache.commons.dbcp2.BasicDataSource@cc11b3f]
Dec 10, 2020 9:23:38 PM org.springframework.mock.jndi.SimpleNamingContextBuilder bind
INFO: Static JNDI binding: [java:comp/env/jdbc/portDataSource] = [org.apache.commons.dbcp2.BasicDataSource@6c335946]
Dec 10, 2020 9:23:38 PM org.springframework.mock.web.MockServletContext log
INFO: Initializing Spring **** WebApplicationContext
Dec 10, 2020 9:23:38 PM org.springframework.web.context.ContextLoader initWebApplicationContext
INFO: Root WebApplicationContext: initialization started
Dec 10, 2020 9:23:40 PM org.entando.entando.ent.util.EntLogging$EntLogger info
INFO: + [ Component: Core ] :: DATA
|   
Dec 10, 2020 9:23:40 PM org.entando.entando.ent.util.EntLogging$EntLogger info
INFO: + [ Component: jacms ] :: DATA
|   
Dec 10, 2020 9:23:40 PM org.entando.entando.ent.util.EntLogging$EntLogger info
INFO: + [ Component: jpmail ] :: DATA
|   
Dec 10, 2020 9:23:40 PM org.entando.entando.ent.util.EntLogging$EntLogger info
INFO: + [ Component: entando-*****-console ] :: DATA
|   
Dec 10, 2020 9:23:40 PM org.entando.entando.ent.util.EntLogging$EntLogger info
INFO: + [ Component: entando-portal-ui ] :: DATA
|   
Dec 10, 2020 9:23:40 PM org.entando.entando.ent.util.EntLogging$EntLogger info
INFO: + [ Component: jpcontentscheduler ] :: DATA
|   
Dec 10, 2020 9:23:40 PM org.entando.entando.ent.util.EntLogging$EntLogger info
INFO: + [ Component: Core ] :: DATA
|   
Dec 10, 2020 9:23:40 PM org.entando.entando.ent.util.EntLogging$EntLogger info
INFO: + [ Component: jacms ] :: DATA
|   
Dec 10, 2020 9:23:40 PM org.entando.entando.ent.util.EntLogging$EntLogger info
INFO: + [ Component: jpmail ] :: DATA
|   
Dec 10, 2020 9:23:40 PM org.entando.entando.ent.util.EntLogging$EntLogger info
INFO: + [ Component: entando-*****-console ] :: DATA
|   
Dec 10, 2020 9:23:40 PM org.entando.entando.ent.util.EntLogging$EntLogger info
INFO: + [ Component: entando-portal-ui ] :: DATA
|   
Dec 10, 2020 9:23:40 PM org.entando.entando.ent.util.EntLogging$EntLogger info
INFO: + [ Component: jpcontentscheduler ] :: DATA
|   
Dec 10, 2020 9:23:48 PM org.springframework.scheduling.concurrent.E**cutorConfigurationSupport initialize
INFO: Initializing E**cutorService 'entandoScheduler'
Dec 10, 2020 9:23:48 PM org.entando.entando.plugins.jpcontentscheduler.aps.******.services.content.ContentSchedulerManager init
INFO: org.entando.entando.plugins.jpcontentscheduler.aps.******.services.content.ContentSchedulerManager: inizializzato
Dec 10, 2020 9:23:48 PM org.quartz.impl.StdSchedulerFactory instantiate
INFO: Using default implementation for ThreadE**cutor
Dec 10, 2020 9:23:48 PM org.quartz.core.SchedulerSignalerImpl <init>
INFO: Initialized Scheduler Signaller of type: class org.quartz.core.SchedulerSignalerImpl
Dec 10, 2020 9:23:48 PM org.quartz.core.QuartzScheduler <init>
INFO: Quartz Scheduler v.2.3.2 created.
Dec 10, 2020 9:23:48 PM org.quartz.simpl.RAMJobStore initialize
INFO: RAMJobStore initialized.
Dec 10, 2020 9:23:48 PM org.quartz.core.QuartzScheduler initialize
INFO: Scheduler meta-data: Quartz Scheduler (v2.3.2) 'publishScheduler' with instanceId 'NON_CLUSTERED'
  Scheduler class: 'org.quartz.core.QuartzScheduler' - running locally.
  NOT STARTED.
  Currently in standby mode.
  Number of jobs e**cuted: 0
  Using thread pool 'org.quartz.simpl.SimpleThreadPool' - with 10 threads.
  Using job-store 'org.quartz.simpl.RAMJobStore' - which does not support persistence. and is not clustered.

Dec 10, 2020 9:23:48 PM org.quartz.impl.StdSchedulerFactory instantiate
INFO: Quartz scheduler 'publishScheduler' initialized from an externally provided properties instance.
Dec 10, 2020 9:23:48 PM org.quartz.impl.StdSchedulerFactory instantiate
INFO: Quartz scheduler version: 2.3.2
Dec 10, 2020 9:23:48 PM org.quartz.core.QuartzScheduler setJobFactory
INFO: JobFactory set to: org.springframework.scheduling.quartz.AdaptableJobFactory@b50f8bd
Dec 10, 2020 9:23:49 PM org.springframework.security.web.DefaultSecurityFilterChain <init>
INFO: Creating filter chain: OrRequestMatcher [requestMatchers=[Ant [pattern='/oauth/token'], Ant [pattern='/oauth/token_key'], Ant [pattern='/oauth/check_token']]], [org.springframework.security.web.context.request.async.WebAsyncManagerIntegrationFilter@3171f745, org.springframework.security.web.context.SecurityContextPersistenceFilter@76b0cdba, org.springframework.security.web.header.HeaderWriterFilter@604db0a6, org.springframework.security.web.authentication.logout.LogoutFilter@7679fb57, org.springframework.web.filter.CorsFilter@7f4e1f38, org.springframework.security.web.authentication.www.BasicAuthenticationFilter@35de5c5a, org.springframework.security.web.savedrequest.RequestCacheAwareFilter@36c8468a, org.springframework.security.web.servletapi.SecurityContextHolderAwareRequestFilter@5c446d13, org.springframework.security.web.authentication.AnonymousAuthenticationFilter@47a19326, org.springframework.security.web.session.SessionManagementFilter@58f2899a, org.springframework.security.web.access.ExceptionTranslationFilter@43a18dd2, org.springframework.security.web.access.intercept.FilterSecurityInterceptor@60c13f13]
Dec 10, 2020 9:23:49 PM org.springframework.security.web.DefaultSecurityFilterChain <init>
INFO: Creating filter chain: any request, [org.springframework.security.web.context.request.async.WebAsyncManagerIntegrationFilter@7b350140, org.springframework.security.web.context.SecurityContextPersistenceFilter@21b5a3c9, org.springframework.security.web.header.HeaderWriterFilter@231055b0, org.springframework.web.filter.CorsFilter@7f4e1f38, org.springframework.security.web.authentication.logout.LogoutFilter@77124f80, org.springframework.security.web.savedrequest.RequestCacheAwareFilter@5739464d, org.springframework.security.web.servletapi.SecurityContextHolderAwareRequestFilter@762534cf, org.springframework.security.web.session.SessionManagementFilter@412803c8, org.springframework.security.web.access.ExceptionTranslationFilter@68e3d329]
Dec 10, 2020 9:23:49 PM org.springframework.scheduling.quartz.SchedulerFactoryBean startScheduler
INFO: Starting Quartz Scheduler now
Dec 10, 2020 9:23:49 PM org.quartz.core.QuartzScheduler start
INFO: Scheduler publishScheduler_$_NON_CLUSTERED started.
Dec 10, 2020 9:23:49 PM org.springframework.web.context.ContextLoader initWebApplicationContext
INFO: Root WebApplicationContext initialized in 11302 ms
Dec 10, 2020 9:23:49 PM org.springframework.scheduling.quartz.SchedulerFactoryBean destroy
INFO: Shutting down Quartz Scheduler
Dec 10, 2020 9:23:49 PM org.quartz.core.QuartzScheduler shutdown
INFO: Scheduler publishScheduler_$_NON_CLUSTERED shutting down.
Dec 10, 2020 9:23:49 PM org.quartz.core.QuartzScheduler standby
INFO: Scheduler publishScheduler_$_NON_CLUSTERED paused.
Dec 10, 2020 9:23:49 PM org.quartz.core.QuartzScheduler shutdown
INFO: Scheduler publishScheduler_$_NON_CLUSTERED shutdown complete.
Dec 10, 2020 9:23:49 PM org.springframework.scheduling.concurrent.E**cutorConfigurationSupport shutdown
INFO: Shutting down E**cutorService 'entandoScheduler'
Dec 10, 2020 9:23:52 PM org.entando.entando.ent.util.EntLogging$EntLogger info
INFO: + [ Component: Core ] :: DATA
|   
Dec 10, 2020 9:23:52 PM org.entando.entando.ent.util.EntLogging$EntLogger info
INFO: + [ Component: jacms ] :: DATA
|   
Dec 10, 2020 9:23:52 PM org.entando.entando.ent.util.EntLogging$EntLogger info
INFO: + [ Component: jpmail ] :: DATA
|   
Dec 10, 2020 9:23:52 PM org.entando.entando.ent.util.EntLogging$EntLogger info
INFO: + [ Component: entando-*****-console ] :: DATA
|   
Dec 10, 2020 9:23:52 PM org.entando.entando.ent.util.EntLogging$EntLogger info
INFO: + [ Component: entando-portal-ui ] :: DATA
|   
Dec 10, 2020 9:23:52 PM org.entando.entando.ent.util.EntLogging$EntLogger info
INFO: + [ Component: jpcontentscheduler ] :: DATA
|   
Dec 10, 2020 9:23:52 PM org.entando.entando.ent.util.EntLogging$EntLogger info
INFO: + [ Component: Core ] :: DATA
|   
Dec 10, 2020 9:23:52 PM org.entando.entando.ent.util.EntLogging$EntLogger info
INFO: + [ Component: jacms ] :: DATA
|   
Dec 10, 2020 9:23:52 PM org.entando.entando.ent.util.EntLogging$EntLogger info
INFO: + [ Component: jpmail ] :: DATA
|   
Dec 10, 2020 9:23:52 PM org.entando.entando.ent.util.EntLogging$EntLogger info
INFO: + [ Component: entando-*****-console ] :: DATA
|   
Dec 10, 2020 9:23:52 PM org.entando.entando.ent.util.EntLogging$EntLogger info
INFO: + [ Component: entando-portal-ui ] :: DATA
|   
Dec 10, 2020 9:23:52 PM org.entando.entando.ent.util.EntLogging$EntLogger info
INFO: + [ Component: jpcontentscheduler ] :: DATA
|   
Dec 10, 2020 9:23:58 PM org.springframework.scheduling.concurrent.E**cutorConfigurationSupport initialize
INFO: Initializing E**cutorService 'entandoScheduler'
Dec 10, 2020 9:23:59 PM org.entando.entando.plugins.jpcontentscheduler.aps.******.services.content.ContentSchedulerManager init
INFO: org.entando.entando.plugins.jpcontentscheduler.aps.******.services.content.ContentSchedulerManager: inizializzato
Dec 10, 2020 9:23:59 PM org.quartz.impl.StdSchedulerFactory instantiate
INFO: Using default implementation for ThreadE**cutor
Dec 10, 2020 9:23:59 PM org.quartz.core.SchedulerSignalerImpl <init>
INFO: Initialized Scheduler Signaller of type: class org.quartz.core.SchedulerSignalerImpl
Dec 10, 2020 9:23:59 PM org.quartz.core.QuartzScheduler <init>
INFO: Quartz Scheduler v.2.3.2 created.
Dec 10, 2020 9:23:59 PM org.quartz.simpl.RAMJobStore initialize
INFO: RAMJobStore initialized.
Dec 10, 2020 9:23:59 PM org.quartz.core.QuartzScheduler initialize
INFO: Scheduler meta-data: Quartz Scheduler (v2.3.2) 'publishScheduler' with instanceId 'NON_CLUSTERED'
  Scheduler class: 'org.quartz.core.QuartzScheduler' - running locally.
  NOT STARTED.
  Currently in standby mode.
  Number of jobs e**cuted: 0
  Using thread pool 'org.quartz.simpl.SimpleThreadPool' - with 10 threads.
  Using job-store 'org.quartz.simpl.RAMJobStore' - which does not support persistence. and is not clustered.

Dec 10, 2020 9:23:59 PM org.quartz.impl.StdSchedulerFactory instantiate
INFO: Quartz scheduler 'publishScheduler' initialized from an externally provided properties instance.
Dec 10, 2020 9:23:59 PM org.quartz.impl.StdSchedulerFactory instantiate
INFO: Quartz scheduler version: 2.3.2
[INFO ] 2020-12-10 21:24:02.283 [main] SpringObjectFactory - Setting autowire strategy to name
[INFO ] 2020-12-10 21:24:04.277 [main] SpringObjectFactory - Setting autowire strategy to name
Dec 10, 2020 9:23:59 PM org.quartz.core.QuartzScheduler setJobFactory
INFO: JobFactory set to: org.springframework.scheduling.quartz.AdaptableJobFactory@1c541a2a
Dec 10, 2020 9:24:00 PM org.springframework.security.web.DefaultSecurityFilterChain <init>
INFO: Creating filter chain: OrRequestMatcher [requestMatchers=[Ant [pattern='/oauth/token'], Ant [pattern='/oauth/token_key'], Ant [pattern='/oauth/check_token']]], [org.springframework.security.web.context.request.async.WebAsyncManagerIntegrationFilter@6edb58f5, org.springframework.security.web.context.SecurityContextPersistenceFilter@59e4092b, org.springframework.security.web.header.HeaderWriterFilter@7fbf2712, org.springframework.security.web.authentication.logout.LogoutFilter@737652d0, org.springframework.web.filter.CorsFilter@70fdfdf8, org.springframework.security.web.authentication.www.BasicAuthenticationFilter@3e5ee125, org.springframework.security.web.savedrequest.RequestCacheAwareFilter@69cb0f0c, org.springframework.security.web.servletapi.SecurityContextHolderAwareRequestFilter@78213e56, org.springframework.security.web.authentication.AnonymousAuthenticationFilter@6fa7a4bd, org.springframework.security.web.session.SessionManagementFilter@7f6900, org.springframework.security.web.access.ExceptionTranslationFilter@513dcea8, org.springframework.security.web.access.intercept.FilterSecurityInterceptor@8865e89]
Dec 10, 2020 9:24:00 PM org.springframework.security.web.DefaultSecurityFilterChain <init>
INFO: Creating filter chain: any request, [org.springframework.security.web.context.request.async.WebAsyncManagerIntegrationFilter@325d4d67, org.springframework.security.web.context.SecurityContextPersistenceFilter@4c2e5662, org.springframework.security.web.header.HeaderWriterFilter@18c47aa8, org.springframework.web.filter.CorsFilter@70fdfdf8, org.springframework.security.web.authentication.logout.LogoutFilter@cfe97dc, org.springframework.security.web.savedrequest.RequestCacheAwareFilter@233dc699, org.springframework.security.web.servletapi.SecurityContextHolderAwareRequestFilter@1817f96c, org.springframework.security.web.session.SessionManagementFilter@50f890b2, org.springframework.security.web.access.ExceptionTranslationFilter@4a14bd1b]
Dec 10, 2020 9:24:00 PM org.springframework.scheduling.quartz.SchedulerFactoryBean startScheduler
INFO: Starting Quartz Scheduler now
Dec 10, 2020 9:24:00 PM org.quartz.core.QuartzScheduler start
INFO: Scheduler publishScheduler_$_NON_CLUSTERED started.
Dec 10, 2020 9:24:05 PM org.entando.entando.ent.util.EntLogging$EntLogger warn
WARNING: Unrecognized location of resource '/workspace/source/target/classes/org/entando/entando/plugins/jpcontentscheduler/aps*****/global-messages_en.properties'
Dec 10, 2020 9:24:05 PM org.entando.entando.ent.util.EntLogging$EntLogger warn
WARNING: Unrecognized location of resource '/workspace/source/target/classes/org/entando/entando/plugins/jpcontentscheduler/aps*****/global-messages_it.properties'
Dec 10, 2020 9:24:05 PM org.entando.entando.ent.util.EntLogging$EntLogger warn
WARNING: Unrecognized location of resource 'file:/home/jenkins/.mvnrepository/org/entando/entando/plugins/entando-plugin-jacms/6.3.0/entando-plugin-jacms-6.3.0-classes.jar!/org/entando/entando/plugins/jacms/aps*****/global-messages_en.properties'
Dec 10, 2020 9:24:05 PM org.entando.entando.ent.util.EntLogging$EntLogger warn
WARNING: Unrecognized location of resource 'file:/home/jenkins/.mvnrepository/org/entando/entando/plugins/entando-plugin-jacms/6.3.0/entando-plugin-jacms-6.3.0-classes.jar!/org/entando/entando/plugins/jacms/aps*****/global-messages_it.properties'
Dec 10, 2020 9:24:05 PM org.entando.entando.ent.util.EntLogging$EntLogger warn
WARNING: Unrecognized location of resource 'file:/home/jenkins/.mvnrepository/org/entando/entando/plugins/entando-plugin-jacms/6.3.0/entando-plugin-jacms-6.3.0-classes.jar!/com/agiletec/plugins/jacms/aps*****/global-messages_en.properties'
Dec 10, 2020 9:24:05 PM org.entando.entando.ent.util.EntLogging$EntLogger warn
WARNING: Unrecognized location of resource 'file:/home/jenkins/.mvnrepository/org/entando/entando/plugins/entando-plugin-jacms/6.3.0/entando-plugin-jacms-6.3.0-classes.jar!/com/agiletec/plugins/jacms/aps*****/global-messages_it.properties'
Dec 10, 2020 9:24:05 PM org.entando.entando.ent.util.EntLogging$EntLogger warn
WARNING: Unrecognized location of resource 'file:/home/jenkins/.mvnrepository/org/entando/entando/plugins/entando-plugin-jpmail/6.3.0/entando-plugin-jpmail-6.3.0-classes.jar!/com/agiletec/plugins/jpmail/aps*****/global-messages_en.properties'
Dec 10, 2020 9:24:05 PM org.entando.entando.ent.util.EntLogging$EntLogger warn
WARNING: Unrecognized location of resource 'file:/home/jenkins/.mvnrepository/org/entando/entando/plugins/entando-plugin-jpmail/6.3.0/entando-plugin-jpmail-6.3.0-classes.jar!/com/agiletec/plugins/jpmail/aps*****/global-messages_it.properties'
[INFO] Tests run: 1, Failures: 0, Errors: 0, Skipped: 0, Time elapsed: 28.651 s - in org.entando.entando.plugins.jpcontentscheduler.aps*****.TestApsAdminSample
[INFO] 
[INFO] Results:
[INFO] 
[INFO] Tests run: 3, Failures: 0, Errors: 0, Skipped: 0
[INFO] 
[INFO] 
[INFO] --- maven-war-plugin:2.1.1:war (default-war) @ entando-plugin-jpcontentscheduler ---
[INFO] Packaging webapp
[INFO] Assembling webapp [entando-plugin-jpcontentscheduler] in [/workspace/source/target/entando-plugin-jpcontentscheduler-6.3.2]
[INFO] Processing war project
[INFO] Copying webapp resources [/workspace/source/src/main/webapp]
[INFO] Building jar: /workspace/source/target/entando-plugin-jpcontentscheduler-6.3.2/WEB-INF/lib/entando-plugin-jpcontentscheduler-6.3.2.jar
[INFO] Webapp assembled in [1511 msecs]
[INFO] Building war: /workspace/source/target/entando-plugin-jpcontentscheduler-6.3.2.war
[INFO] 
[INFO] --- maven-assembly-plugin:2.2.1:single (package-classes) @ entando-plugin-jpcontentscheduler ---
[INFO] Reading assembly descriptor: /workspace/source/src/main/assembly/classes.xml
[INFO] Building jar: /workspace/source/target/entando-plugin-jpcontentscheduler-6.3.2-classes.jar
[INFO] 
[INFO] --- maven-jar-plugin:3.2.0:test-jar (build-test-jar) @ entando-plugin-jpcontentscheduler ---
[INFO] Building jar: /workspace/source/target/entando-plugin-jpcontentscheduler-6.3.2-tests.jar
[INFO] 
[INFO] --- maven-source-plugin:3.2.1:jar-no-fork (attach-sources) @ entando-plugin-jpcontentscheduler ---
[INFO] Building jar: /workspace/source/target/entando-plugin-jpcontentscheduler-6.3.2-sources.jar
[INFO] 
[INFO] >>> maven-source-plugin:3.2.1:test-jar (attach-sources) > generate-sources @ entando-plugin-jpcontentscheduler >>>
[INFO] 
[INFO] --- maven-checkstyle-plugin:3.1.1:check (validate) @ entando-plugin-jpcontentscheduler ---
[INFO] 
[INFO] --- maven-checkstyle-plugin:3.1.1:checkstyle (validate) @ entando-plugin-jpcontentscheduler ---
[INFO] 
[INFO] --- jacoco-maven-plugin:0.8.5:prepare-agent (prepare-agent) @ entando-plugin-jpcontentscheduler ---
[INFO] argLine set to -javaagent:/home/jenkins/.mvnrepository/org/jacoco/org.jacoco.agent/0.8.5/org.jacoco.agent-0.8.5-runtime.jar=destfile=/workspace/source/target/jacoco.e**c
[INFO] 
[INFO] <<< maven-source-plugin:3.2.1:test-jar (attach-sources) < generate-sources @ entando-plugin-jpcontentscheduler <<<
[INFO] 
[INFO] 
[INFO] --- maven-source-plugin:3.2.1:test-jar (attach-sources) @ entando-plugin-jpcontentscheduler ---
[INFO] Building jar: /workspace/source/target/entando-plugin-jpcontentscheduler-6.3.2-test-sources.jar
[INFO] 
[INFO] --- maven-javadoc-plugin:3.2.0:jar (attach-javadocs) @ entando-plugin-jpcontentscheduler ---
[WARNING] '/workspace/source/target/entando-plugin-jpcontentscheduler-6.3.2.war' not allowed on the path, only outputDirectories and jars are accepted
[INFO] No previous run data found, generating javadoc.
[INFO] 
Loading source files for package org.entando.entando.plugins.jpcontentscheduler.aps*****.config...
Loading source files for package org.entando.entando.plugins.jpcontentscheduler.aps.******.services.content...
Loading source files for package org.entando.entando.plugins.jpcontentscheduler.aps.******.services.content.model...
Loading source files for package org.entando.entando.plugins.jpcontentscheduler.aps.******.services.content.parse...
Loading source files for package org.entando.entando.plugins.jpcontentscheduler.aps.******.services.content.util...
Loading source files for package org.entando.entando.plugins.jpcontentscheduler.aps.******.services...
Constructing Javadoc information...
Standard Doclet version 11.0.6
Building tree for all the packages and classes...
Generating /workspace/source/target/apidocs/org/entando/entando/plugins/jpcontentscheduler/aps/******/services/ContentThreadConstants.html...
Generating /workspace/source/target/apidocs/org/entando/entando/plugins/jpcontentscheduler/aps/******/services/content/ContentJobs.html...
Generating /workspace/source/target/apidocs/org/entando/entando/plugins/jpcontentscheduler/aps/******/services/content/ContentSchedulerDAO.html...
Generating /workspace/source/target/apidocs/org/entando/entando/plugins/jpcontentscheduler/aps/******/services/content/ContentSchedulerManager.html...
Generating /workspace/source/target/apidocs/org/entando/entando/plugins/jpcontentscheduler/aps/******/services/content/IContentSchedulerDAO.html...
Generating /workspace/source/target/apidocs/org/entando/entando/plugins/jpcontentscheduler/aps/******/services/content/IContentSchedulerManager.html...
Generating /workspace/source/target/apidocs/org/entando/entando/plugins/jpcontentscheduler/aps/******/services/content/model/ContentState.html...
Generating /workspace/source/target/apidocs/org/entando/entando/plugins/jpcontentscheduler/aps/******/services/content/model/ContentSuspendMove.html...
Generating /workspace/source/target/apidocs/org/entando/entando/plugins/jpcontentscheduler/aps/******/services/content/model/ContentThreadConfig.html...
Generating /workspace/source/target/apidocs/org/entando/entando/plugins/jpcontentscheduler/aps/******/services/content/model/ContentTypeElem.html...
Generating /workspace/source/target/apidocs/org/entando/entando/plugins/jpcontentscheduler/aps/******/services/content/parse/ContentThreadConfigDOM.html...
Generating /workspace/source/target/apidocs/org/entando/entando/plugins/jpcontentscheduler/aps/******/services/content/util/Utils.html...
Generating /workspace/source/target/apidocs/org/entando/entando/plugins/jpcontentscheduler/aps*****/config/AdminAction.html...
Generating /workspace/source/target/apidocs/org/entando/entando/plugins/jpcontentscheduler/aps*****/config/ConfigAction.html...
Generating /workspace/source/target/apidocs/org/entando/entando/plugins/jpcontentscheduler/aps*****/config/ContentThreadConfigContentTypesAction.html...
Generating /workspace/source/target/apidocs/org/entando/entando/plugins/jpcontentscheduler/aps*****/config/ContentThreadConfigEmailAction.html...
Generating /workspace/source/target/apidocs/org/entando/entando/plugins/jpcontentscheduler/aps*****/config/ContentThreadConfigGroupsAction.html...
Generating /workspace/source/target/apidocs/org/entando/entando/plugins/jpcontentscheduler/aps*****/config/ContentThreadConfigUsersAction.html...
Generating /workspace/source/target/apidocs/org/entando/entando/plugins/jpcontentscheduler/aps/******/services/package-summary.html...
Generating /workspace/source/target/apidocs/org/entando/entando/plugins/jpcontentscheduler/aps/******/services/package-tree.html...
Generating /workspace/source/target/apidocs/org/entando/entando/plugins/jpcontentscheduler/aps/******/services/content/package-summary.html...
Generating /workspace/source/target/apidocs/org/entando/entando/plugins/jpcontentscheduler/aps/******/services/content/package-tree.html...
Generating /workspace/source/target/apidocs/org/entando/entando/plugins/jpcontentscheduler/aps/******/services/content/model/package-summary.html...
Generating /workspace/source/target/apidocs/org/entando/entando/plugins/jpcontentscheduler/aps/******/services/content/model/package-tree.html...
Generating /workspace/source/target/apidocs/org/entando/entando/plugins/jpcontentscheduler/aps/******/services/content/parse/package-summary.html...
Generating /workspace/source/target/apidocs/org/entando/entando/plugins/jpcontentscheduler/aps/******/services/content/parse/package-tree.html...
Generating /workspace/source/target/apidocs/org/entando/entando/plugins/jpcontentscheduler/aps/******/services/content/util/package-summary.html...
Generating /workspace/source/target/apidocs/org/entando/entando/plugins/jpcontentscheduler/aps/******/services/content/util/package-tree.html...
Generating /workspace/source/target/apidocs/org/entando/entando/plugins/jpcontentscheduler/aps*****/config/package-summary.html...
Generating /workspace/source/target/apidocs/org/entando/entando/plugins/jpcontentscheduler/aps*****/config/package-tree.html...
Generating /workspace/source/target/apidocs/constant-values.html...
Generating /workspace/source/target/apidocs/serialized-form.html...
Generating /workspace/source/target/apidocs/org/entando/entando/plugins/jpcontentscheduler/aps*****/config/class-use/AdminAction.html...
Generating /workspace/source/target/apidocs/org/entando/entando/plugins/jpcontentscheduler/aps*****/config/class-use/ContentThreadConfigEmailAction.html...
Generating /workspace/source/target/apidocs/org/entando/entando/plugins/jpcontentscheduler/aps*****/config/class-use/ContentThreadConfigUsersAction.html...
Generating /workspace/source/target/apidocs/org/entando/entando/plugins/jpcontentscheduler/aps*****/config/class-use/ContentThreadConfigGroupsAction.html...
Generating /workspace/source/target/apidocs/org/entando/entando/plugins/jpcontentscheduler/aps*****/config/class-use/ContentThreadConfigContentTypesAction.html...
Generating /workspace/source/target/apidocs/org/entando/entando/plugins/jpcontentscheduler/aps*****/config/class-use/ConfigAction.html...
Generating /workspace/source/target/apidocs/org/entando/entando/plugins/jpcontentscheduler/aps/******/services/content/class-use/IContentSchedulerDAO.html...
Generating /workspace/source/target/apidocs/org/entando/entando/plugins/jpcontentscheduler/aps/******/services/content/class-use/ContentSchedulerManager.html...
Generating /workspace/source/target/apidocs/org/entando/entando/plugins/jpcontentscheduler/aps/******/services/content/class-use/IContentSchedulerManager.html...
Generating /workspace/source/target/apidocs/org/entando/entando/plugins/jpcontentscheduler/aps/******/services/content/class-use/ContentSchedulerDAO.html...
Generating /workspace/source/target/apidocs/org/entando/entando/plugins/jpcontentscheduler/aps/******/services/content/class-use/ContentJobs.html...
Generating /workspace/source/target/apidocs/org/entando/entando/plugins/jpcontentscheduler/aps/******/services/content/model/class-use/ContentState.html...
Generating /workspace/source/target/apidocs/org/entando/entando/plugins/jpcontentscheduler/aps/******/services/content/model/class-use/ContentTypeElem.html...
Generating /workspace/source/target/apidocs/org/entando/entando/plugins/jpcontentscheduler/aps/******/services/content/model/class-use/ContentSuspendMove.html...
Generating /workspace/source/target/apidocs/org/entando/entando/plugins/jpcontentscheduler/aps/******/services/content/model/class-use/ContentThreadConfig.html...
Generating /workspace/source/target/apidocs/org/entando/entando/plugins/jpcontentscheduler/aps/******/services/content/parse/class-use/ContentThreadConfigDOM.html...
Generating /workspace/source/target/apidocs/org/entando/entando/plugins/jpcontentscheduler/aps/******/services/content/util/class-use/Utils.html...
Generating /workspace/source/target/apidocs/org/entando/entando/plugins/jpcontentscheduler/aps/******/services/class-use/ContentThreadConstants.html...
Generating /workspace/source/target/apidocs/org/entando/entando/plugins/jpcontentscheduler/aps/******/services/package-use.html...
Generating /workspace/source/target/apidocs/org/entando/entando/plugins/jpcontentscheduler/aps/******/services/content/package-use.html...
Generating /workspace/source/target/apidocs/org/entando/entando/plugins/jpcontentscheduler/aps/******/services/content/model/package-use.html...
Generating /workspace/source/target/apidocs/org/entando/entando/plugins/jpcontentscheduler/aps/******/services/content/parse/package-use.html...
Generating /workspace/source/target/apidocs/org/entando/entando/plugins/jpcontentscheduler/aps/******/services/content/util/package-use.html...
Generating /workspace/source/target/apidocs/org/entando/entando/plugins/jpcontentscheduler/aps*****/config/package-use.html...
Building index for all the packages and classes...
Generating /workspace/source/target/apidocs/overview-tree.html...
Generating /workspace/source/target/apidocs/index-all.html...
Building index for all classes...
Generating /workspace/source/target/apidocs/allclasses-index.html...
Generating /workspace/source/target/apidocs/allpackages-index.html...
Generating /workspace/source/target/apidocs/deprecated-list.html...
Building index for all classes...
Generating /workspace/source/target/apidocs/allclasses.html...
Generating /workspace/source/target/apidocs/allclasses.html...
Generating /workspace/source/target/apidocs/index.html...
Generating /workspace/source/target/apidocs/overview-summary.html...
Generating /workspace/source/target/apidocs/help-doc.html...
[INFO] Building jar: /workspace/source/target/entando-plugin-jpcontentscheduler-6.3.2-javadoc.jar
[INFO] 
[INFO] --- maven-surefire-report-plugin:3.0.0-M4:failsafe-report-only (integration-tests) @ entando-plugin-jpcontentscheduler ---
[INFO] 
[INFO] --- dependency-check-maven:5.3.2:aggregate (default) @ entando-plugin-jpcontentscheduler ---
[INFO] 

Dependency-Check is an open source tool performing a best effort analysis of 3rd party dependencies; ***** positives and ***** negatives may exist in the analysis performed by the tool. Use of the tool and the reporting provided constitutes acceptance for use in an AS IS condition, and there are NO warranties, implied or otherwise, with regard to the analysis or its use. Any use of the tool and the reporting provided is at the user’s risk. In no event shall the copyright holder or OWASP be held liable for any damages whatsoever arising out of or in connection with the use of this tool, the analysis performed, or the resulting report.


[INFO] Analysis Started
[INFO] Finished Archive Analyzer (3 seconds)
[INFO] Finished File Name Analyzer (0 seconds)
[INFO] Finished Jar Analyzer (4 seconds)
[ERROR] ----------------------------------------------------
[ERROR] .NET Assembly Analyzer could not be initialized and at least one 'e**' or 'dll' was scanned. The 'dotnet' e**cutable could not be found on the path; either disable the Assembly Analyzer or add the path to dotnet core in the configuration.
[ERROR] ----------------------------------------------------
[INFO] Finished Dependency Merging Analyzer (0 seconds)
[INFO] Finished Version Filter Analyzer (0 seconds)
[INFO] Finished Hint Analyzer (0 seconds)
[INFO] Created CPE Index (4 seconds)
[INFO] Finished CPE Analyzer (13 seconds)
[INFO] Finished False Positive Analyzer (0 seconds)
[INFO] Finished NVD CVE Analyzer (0 seconds)
[INFO] Finished Sonatype OSS Index Analyzer (5 seconds)
[INFO] Finished Vulnerability Suppression Analyzer (0 seconds)
[INFO] Finished Dependency Bundling Analyzer (0 seconds)
[INFO] Analysis Complete (29 seconds)
[INFO] 
[INFO] --- jacoco-maven-plugin:0.8.5:report (report) @ entando-plugin-jpcontentscheduler ---
[INFO] Loading e**cution data file /workspace/source/target/jacoco.e**c
[INFO] Analyzed bundle 'Entando Plugin: Content Scheduler' with 16 classes
[INFO] 
[INFO] --- maven-gpg-plugin:1.6:sign (sign-artifacts) @ entando-plugin-jpcontentscheduler ---
gpg: WARNING: unsafe permissions on homedir `********************'
gpg: WARNING: unsafe permissions on homedir `********************'
gpg: WARNING: unsafe permissions on homedir `********************'
gpg: WARNING: unsafe permissions on homedir `********************'
gpg: WARNING: unsafe permissions on homedir `********************'
gpg: WARNING: unsafe permissions on homedir `********************'
gpg: WARNING: unsafe permissions on homedir `********************'
[INFO] 
[INFO] --- maven-surefire-report-plugin:3.0.0-M4:report-only (unit-tests) @ entando-plugin-jpcontentscheduler ---
[WARNING] Unable to locate Test Source XRef to link to - DISABLED
[INFO] 
[INFO] --- maven-install-plugin:2.4:install (default-install) @ entando-plugin-jpcontentscheduler ---
[INFO] Installing /workspace/source/target/entando-plugin-jpcontentscheduler-6.3.2.war to /home/jenkins/.mvnrepository/org/entando/entando/plugins/entando-plugin-jpcontentscheduler/6.3.2/entando-plugin-jpcontentscheduler-6.3.2.war
[INFO] Installing /workspace/source/pom.xml to /home/jenkins/.mvnrepository/org/entando/entando/plugins/entando-plugin-jpcontentscheduler/6.3.2/entando-plugin-jpcontentscheduler-6.3.2.pom
[INFO] Installing /workspace/source/target/entando-plugin-jpcontentscheduler-6.3.2-classes.jar to /home/jenkins/.mvnrepository/org/entando/entando/plugins/entando-plugin-jpcontentscheduler/6.3.2/entando-plugin-jpcontentscheduler-6.3.2-classes.jar
[INFO] Installing /workspace/source/target/entando-plugin-jpcontentscheduler-6.3.2-tests.jar to /home/jenkins/.mvnrepository/org/entando/entando/plugins/entando-plugin-jpcontentscheduler/6.3.2/entando-plugin-jpcontentscheduler-6.3.2-tests.jar
[INFO] Installing /workspace/source/target/entando-plugin-jpcontentscheduler-6.3.2-sources.jar to /home/jenkins/.mvnrepository/org/entando/entando/plugins/entando-plugin-jpcontentscheduler/6.3.2/entando-plugin-jpcontentscheduler-6.3.2-sources.jar
[INFO] Installing /workspace/source/target/entando-plugin-jpcontentscheduler-6.3.2-test-sources.jar to /home/jenkins/.mvnrepository/org/entando/entando/plugins/entando-plugin-jpcontentscheduler/6.3.2/entando-plugin-jpcontentscheduler-6.3.2-test-sources.jar
[INFO] Installing /workspace/source/target/entando-plugin-jpcontentscheduler-6.3.2-javadoc.jar to /home/jenkins/.mvnrepository/org/entando/entando/plugins/entando-plugin-jpcontentscheduler/6.3.2/entando-plugin-jpcontentscheduler-6.3.2-javadoc.jar
[INFO] Installing /workspace/source/target/entando-plugin-jpcontentscheduler-6.3.2.war.asc to /home/jenkins/.mvnrepository/org/entando/entando/plugins/entando-plugin-jpcontentscheduler/6.3.2/entando-plugin-jpcontentscheduler-6.3.2.war.asc
[INFO] Installing /workspace/source/target/entando-plugin-jpcontentscheduler-6.3.2.pom.asc to /home/jenkins/.mvnrepository/org/entando/entando/plugins/entando-plugin-jpcontentscheduler/6.3.2/entando-plugin-jpcontentscheduler-6.3.2.pom.asc
[INFO] Installing /workspace/source/target/entando-plugin-jpcontentscheduler-6.3.2-classes.jar.asc to /home/jenkins/.mvnrepository/org/entando/entando/plugins/entando-plugin-jpcontentscheduler/6.3.2/entando-plugin-jpcontentscheduler-6.3.2-classes.jar.asc
[INFO] Installing /workspace/source/target/entando-plugin-jpcontentscheduler-6.3.2-tests.jar.asc to /home/jenkins/.mvnrepository/org/entando/entando/plugins/entando-plugin-jpcontentscheduler/6.3.2/entando-plugin-jpcontentscheduler-6.3.2-tests.jar.asc
[INFO] Installing /workspace/source/target/entando-plugin-jpcontentscheduler-6.3.2-sources.jar.asc to /home/jenkins/.mvnrepository/org/entando/entando/plugins/entando-plugin-jpcontentscheduler/6.3.2/entando-plugin-jpcontentscheduler-6.3.2-sources.jar.asc
[INFO] Installing /workspace/source/target/entando-plugin-jpcontentscheduler-6.3.2-test-sources.jar.asc to /home/jenkins/.mvnrepository/org/entando/entando/plugins/entando-plugin-jpcontentscheduler/6.3.2/entando-plugin-jpcontentscheduler-6.3.2-test-sources.jar.asc
[INFO] Installing /workspace/source/target/entando-plugin-jpcontentscheduler-6.3.2-javadoc.jar.asc to /home/jenkins/.mvnrepository/org/entando/entando/plugins/entando-plugin-jpcontentscheduler/6.3.2/entando-plugin-jpcontentscheduler-6.3.2-javadoc.jar.asc
[INFO] 
[INFO] --- maven-deploy-plugin:2.8.2:deploy (default-deploy) @ entando-plugin-jpcontentscheduler ---
[INFO] Using alternate deployment repository local-nexus::default::http://nexus/repository/maven-releases/
[INFO] 
[INFO] --- maven-site-plugin:3.9.0:site (default-site) @ entando-plugin-jpcontentscheduler ---
[INFO] configuring report plugin org.apache.maven.plugins:maven-project-info-reports-plugin:3.0.0
[INFO] 9 reports configured for maven-project-info-reports-plugin:3.0.0: dependency-info, distribution-management, index, ci-management, issue-management, licenses, plugins, scm, summary
[INFO] Rendering site with default locale English (en)
[WARNING] Unable to find a URL to the parent project. The parent menu will NOT be added.
[INFO] Relativizing decoration links with respect to localized project URL: http://www.entando.com/
[INFO] Rendering content with org.apache.maven.skins:maven-default-skin:jar:1.3 skin.
[INFO] Generating "Dependency Information" report --- maven-project-info-reports-plugin:3.0.0:dependency-info
[INFO] Generating "About" report         --- maven-project-info-reports-plugin:3.0.0:index
[INFO] Generating "Issue Management" report --- maven-project-info-reports-plugin:3.0.0:issue-management
[INFO] Generating "Licenses" report      --- maven-project-info-reports-plugin:3.0.0:licenses
[INFO] Generating "Plugins" report       --- maven-project-info-reports-plugin:3.0.0:plugins
[INFO] Generating "Source Code Management" report --- maven-project-info-reports-plugin:3.0.0:scm
[INFO] Generating "Summary" report       --- maven-project-info-reports-plugin:3.0.0:summary
[INFO] 
[INFO] ---< org.entando.entando.plugins:entando-plugin-jpcontentscheduler >----
[INFO] Building Entando Plugin: Content Scheduler 6.3.2
[INFO] --------------------------------[ war ]---------------------------------
[INFO] 
[INFO] --- sonar-maven-plugin:3.7.0.1746:sonar (default-cli) @ entando-plugin-jpcontentscheduler ---
[INFO] User cache: /****/.sonar/cache
[INFO] SonarQube version: 8.5.0
[INFO] Default locale: "en", source code encoding: "UTF-8"
[INFO] Load global settings
[INFO] Load global settings (done) | time=242ms
[INFO] Server id: 1BD809FA-AWHW8ct9-T_TB3XqouNu
[INFO] User cache: /****/.sonar/cache
[INFO] Load/download plugins
[INFO] Load plugins index
[INFO] Load plugins index (done) | time=67ms
[INFO] Load/download plugins (done) | time=24897ms
[INFO] Loaded core extensions: developer-scanner
[INFO] JavaScript/TypeScript frontend is enabled
[INFO] Load project settings for component key: 'entando_entando-plugin-jpcontentscheduler'
[INFO] Load project settings for component key: 'entando_entando-plugin-jpcontentscheduler' (done) | time=26ms
[INFO] Process project properties
[INFO] E**cute project builders
[INFO] E**cute project builders (done) | time=4ms
[INFO] Project key: entando_entando-plugin-jpcontentscheduler
[INFO] Base dir: /workspace/source
[INFO] Working dir: /workspace/source/target/sonar
[INFO] Load project branches
[INFO] Load project branches (done) | time=23ms
[INFO] Check ALM binding of project 'entando_entando-plugin-jpcontentscheduler'
[INFO] Detected project binding: NOT_BOUND
[INFO] Check ALM binding of project 'entando_entando-plugin-jpcontentscheduler' (done) | time=49ms
[INFO] Load project pull requests
[INFO] Load project pull requests (done) | time=37ms
[INFO] Load branch configuration
[INFO] Load branch configuration (done) | time=2ms
[INFO] Load quality profiles
[INFO] Load quality profiles (done) | time=80ms
[INFO] Load active rules
[INFO] Load active rules (done) | time=1358ms
[INFO] Organization key: entando
[INFO] Indexing files...
[INFO] Project configuration:
[WARNING] Exception caught during e**cution of command '[/usr/local/git/bin/git, config, --******, --edit]' in '/usr/local/git/bin', return code '128', error message 'fatal: Invalid path '/usr/local/git/etc': No such file or directory
'
[INFO] 50 files inde**d
[INFO] 0 files ignored because of scm ignore settings
[INFO] Quality profile for java: Sonar way
[INFO] Quality profile for jsp: Sonar way
[INFO] Quality profile for xml: Sonar way
[INFO] ------------- Run sensors on module Entando Plugin: Content Scheduler
[INFO] JavaScript/TypeScript frontend is enabled
[INFO] Load metrics repository
[INFO] Load metrics repository (done) | time=28ms
[INFO] Sensor JavaSquidSensor [java]
[INFO] Configured Java source version (sonar.java.source): 8
[INFO] JavaClasspath initialization
[INFO] JavaClasspath initialization (done) | time=24ms
[INFO] JavaTestClasspath initialization
[INFO] JavaTestClasspath initialization (done) | time=6ms
Dec 10, 2020 9:26:14 PM org.apache.jasper.servlet.TldScanner scanJars
INFO: At least one JAR was scanned for TLDs yet contained no TLDs. Enable debug logging for this logger for a complete list of JARs that were scanned but no TLDs were found in them. Skipping unneeded JARs during scanning can improve startup time and JSP compilation time.
[INFO] Java Main Files AST scan
[INFO] 18 source files to be analyzed
[INFO] Load project repositories
[INFO] Load project repositories (done) | time=48ms
[INFO] 2/18 files analyzed, current file: src/main/java/org/entando/entando/plugins/jpcontentscheduler/aps/******/services/content/parse/ContentThreadConfigDOM.java
[INFO] Java Main Files AST scan (done) | time=19901ms
[INFO] Java Test Files AST scan
[INFO] 8 source files to be analyzed
[INFO] 18/18 source files have been analyzed
[INFO] Java Test Files AST scan (done) | time=918ms
[INFO] Java Generated Files AST scan
[INFO] 11 source files to be analyzed
[INFO] 8/8 source files have been analyzed
[INFO] Java Generated Files AST scan (done) | time=5642ms
[INFO] 11/11 source files have been analyzed
[INFO] Sensor JavaSquidSensor [java] (done) | time=30151ms
[INFO] Sensor SonarCSS Rules [cssfamily]
[INFO] No CSS, PHP, HTML or VueJS files are found in the project. CSS analysis is skipped.
[INFO] Sensor SonarCSS Rules [cssfamily] (done) | time=2ms
[INFO] Sensor C# Properties [csharp]
[INFO] Sensor C# Properties [csharp] (done) | time=2ms
[INFO] Sensor Import of Checkstyle issues [java]
[WARNING] Checkstyle report not found: /workspace/source/target/checkstyle-result.xml
[INFO] Sensor Import of Checkstyle issues [java] (done) | time=4ms
[INFO] Sensor SurefireSensor [java]
[INFO] parsing [/workspace/source/target/surefire-reports]
[INFO] Sensor SurefireSensor [java] (done) | time=74ms
[INFO] Sensor JavaXmlSensor [java]
[INFO] 6 source files to be analyzed
[INFO] Sensor JavaXmlSensor [java] (done) | time=421ms
[INFO] Sensor HTML [web]
[INFO] 6/6 source files have been analyzed
[INFO] Sensor HTML [web] (done) | time=811ms
[INFO] Sensor XML Sensor [xml]
[INFO] 6 source files to be analyzed
[INFO] Sensor XML Sensor [xml] (done) | time=456ms
[INFO] 6/6 source files have been analyzed
[INFO] Sensor VB.NET Properties [vbnet]
[INFO] Sensor VB.NET Properties [vbnet] (done) | time=2ms
[INFO] Sensor JaCoCo XML Report Importer [jacoco]
[INFO] Importing 1 report(s). Turn your logs in debug mode in order to see the exhaustive list.
[INFO] Sensor JaCoCo XML Report Importer [jacoco] (done) | time=104ms
[INFO] Sensor ThymeLeaf template sensor [securityjavafrontend]
[INFO] Sensor ThymeLeaf template sensor [securityjavafrontend] (done) | time=5ms
[INFO] Sensor JavaSecuritySensor [security]
[INFO] Reading type hierarchy from: /workspace/source/target/sonar/ucfg2/java
[INFO] Read 239 type definitions
[INFO] Reading UCFGs from: /workspace/source/target/sonar/ucfg2/java
[INFO] 21:26:45.372849 Building Type propagation graph
[INFO] 21:26:45.526908 Running Tarjan on 6761 nodes
[INFO] 21:26:45.553037 Tarjan found 6761 components
[INFO] 21:26:45.614534 Variable type analysis: done
[INFO] 21:26:45.623766 Building Type propagation graph
[INFO] 21:26:45.696839 Running Tarjan on 6761 nodes
[INFO] 21:26:45.716243 Tarjan found 6761 components
[INFO] 21:26:45.742145 Variable type analysis: done
[INFO] Analyzing 951 ucfgs to detect vulnerabilities.
[INFO] All rules entrypoints : 0 Retained UCFGs : 0
[INFO] rule: S5131, entrypoints: 0
[INFO] rule: S5131 done
[INFO] rule: S3649, entrypoints: 0
[INFO] rule: S3649 done
[INFO] rule: S2076, entrypoints: 0
[INFO] rule: S2076 done
[INFO] rule: S2091, entrypoints: 0
[INFO] rule: S2091 done
[INFO] rule: S2078, entrypoints: 0
[INFO] rule: S2078 done
[INFO] rule: S2631, entrypoints: 0
[INFO] rule: S2631 done
[INFO] rule: S5135, entrypoints: 0
[INFO] rule: S5135 done
[INFO] rule: S2083, entrypoints: 0
[INFO] rule: S2083 done
[INFO] rule: S5167, entrypoints: 0
[INFO] rule: S5167 done
[INFO] rule: S5144, entrypoints: 0
[INFO] rule: S5144 done
[INFO] rule: S5145, entrypoints: 0
[INFO] rule: S5145 done
[INFO] rule: S5146, entrypoints: 0
[INFO] rule: S5146 done
[INFO] rule: S5334, entrypoints: 0
[INFO] rule: S5334 done
[INFO] Sensor JavaSecuritySensor [security] (done) | time=9322ms
[INFO] Sensor CSharpSecuritySensor [security]
[INFO] Reading type hierarchy from: /workspace/source/target/ucfg_cs2
[INFO] Read 0 type definitions
[INFO] Reading UCFGs from: /workspace/source/target/ucfg_cs2
[INFO] No UCFGs have been included for analysis.
[INFO] Sensor CSharpSecuritySensor [security] (done) | time=1ms
[INFO] Sensor PhpSecuritySensor [security]
[INFO] Reading type hierarchy from: /workspace/source/target/sonar/ucfg2/php
[INFO] Read 0 type definitions
[INFO] Reading UCFGs from: /workspace/source/target/sonar/ucfg2/php
[INFO] No UCFGs have been included for analysis.
[INFO] Sensor PhpSecuritySensor [security] (done) | time=1ms
[INFO] Sensor PythonSecuritySensor [security]
[INFO] Reading type hierarchy from: /workspace/source/target/sonar/ucfg2/python
[INFO] Read 0 type definitions
[INFO] Reading UCFGs from: /workspace/source/target/sonar/ucfg2/python
[INFO] No UCFGs have been included for analysis.
[INFO] Sensor PythonSecuritySensor [security] (done) | time=1ms
[INFO] Sensor JsSecuritySensor [security]
[INFO] Reading type hierarchy from: /workspace/source/target/sonar/ucfg2/js
[INFO] Read 0 type definitions
[INFO] Reading UCFGs from: /workspace/source/target/sonar/ucfg2/js
[INFO] No UCFGs have been included for analysis.
[INFO] Sensor JsSecuritySensor [security] (done) | time=1ms
[INFO] ------------- Run sensors on project
[INFO] Sensor Zero Coverage Sensor
[INFO] Sensor Zero Coverage Sensor (done) | time=1ms
[INFO] Sensor Java CPD Block Inde**r
[INFO] Sensor Java CPD Block Inde**r (done) | time=117ms
[INFO] SCM Publisher SCM provider for this project is: git
[INFO] SCM Publisher 43 source files to be analyzed
[WARNING] Shallow clone detected, no blame information will be provided. You can convert to non-shallow with 'git fetch --unshallow'.
[INFO] SCM Publisher 0/43 source files have been analyzed (done) | time=4ms
[WARNING] Missing blame information for the following files:
[WARNING]   * src/main/webapp/WEB-INF/plugins/jpcontentscheduler/aps*****/jsp/config/viewEmail.jsp
[WARNING]   * src/main/java/org/entando/entando/plugins/jpcontentscheduler/aps*****/config/ContentThreadConfigUsersAction.java
[WARNING]   * src/main/webapp/WEB-INF/plugins/jpcontentscheduler/aps*****/jsp/config/entryContentTypes.jsp
[WARNING]   * src/main/java/org/entando/entando/plugins/jpcontentscheduler/aps*****/config/ConfigAction-validation.xml
[WARNING]   * src/test/java/org/entando/entando/plugins/jpcontentscheduler/aps/ApsPluginBaseTestCase.java
[WARNING]   * src/main/java/org/entando/entando/plugins/jpcontentscheduler/aps*****/config/ContentThreadConfigGroupsAction.java
[WARNING]   * src/main/webapp/WEB-INF/plugins/jpcontentscheduler/aps*****/jsp/config/trashContentTypes.jsp
[WARNING]   * src/main/java/org/entando/entando/plugins/jpcontentscheduler/aps*****/config/ContentThreadConfigEmailAction-validation.xml
[WARNING]   * src/main/webapp/WEB-INF/plugins/jpcontentscheduler/aps*****/jsp/common/template/subMenu.jsp
[WARNING]   * src/main/java/org/entando/entando/plugins/jpcontentscheduler/aps/******/services/content/parse/ContentThreadConfigDOM.java
[WARNING]   * src/main/java/org/entando/entando/plugins/jpcontentscheduler/aps/******/services/content/IContentSchedulerManager.java
[WARNING]   * src/main/java/org/entando/entando/plugins/jpcontentscheduler/aps/******/services/content/util/Utils.java
[WARNING]   * src/main/webapp/WEB-INF/plugins/jpcontentscheduler/aps*****/jsp/config/viewContentTypes.jsp
[WARNING]   * src/main/java/org/entando/entando/plugins/jpcontentscheduler/aps/******/services/ContentThreadConstants.java
[WARNING]   * src/main/java/org/entando/entando/plugins/jpcontentscheduler/aps/******/services/content/IContentSchedulerDAO.java
[WARNING]   * src/main/webapp/WEB-INF/plugins/jpcontentscheduler/aps*****/jsp/config/entryUsers.jsp
[WARNING]   * src/test/java/org/entando/entando/plugins/jpcontentscheduler/PluginConfigTestUtils.java
[WARNING]   * src/main/java/org/entando/entando/plugins/jpcontentscheduler/aps*****/config/config.xml
[WARNING]   * src/main/java/org/entando/entando/plugins/jpcontentscheduler/aps*****/config/AdminAction.java
[WARNING]   * src/main/webapp/WEB-INF/plugins/jpcontentscheduler/aps*****/jsp/config/viewItem.jsp
[WARNING]   * src/test/java/org/entando/entando/plugins/jpcontentscheduler/AllTests.java
[WARNING]   * src/main/java/org/entando/entando/plugins/jpcontentscheduler/aps*****/config/ContentThreadConfigContentTypesAction.java
[WARNING]   * src/test/java/org/entando/entando/plugins/jpcontentscheduler/aps*****/ApsAdminPluginBaseTestCase.java
[WARNING]   * src/main/webapp/WEB-INF/plugins/jpcontentscheduler/aps*****/jsp/config/treeBuilderCategoriesJoin.jsp
[WARNING]   * src/test/java/org/entando/entando/plugins/jpcontentscheduler/aps/TestApsSample.java
[WARNING]   * src/test/java/org/entando/entando/plugins/jpcontentscheduler/aps*****/TestApsAdminSample.java
[WARNING]   * pom.xml
[WARNING]   * src/main/java/org/entando/entando/plugins/jpcontentscheduler/aps/******/services/content/model/ContentThreadConfig.java
[WARNING]   * src/main/webapp/WEB-INF/plugins/jpcontentscheduler/aps*****/jsp/config/viewGroups.jsp
[WARNING]   * src/test/java/org/entando/entando/plugins/jpcontentscheduler/aps/******/services/content/TestContentScheduler.java
[WARNING]   * src/main/java/org/entando/entando/plugins/jpcontentscheduler/aps*****/config/ContentThreadConfigEmailAction.java
[WARNING]   * src/test/java/org/entando/entando/plugins/jpcontentscheduler/aps/******/services/content/TestContentJobs.java
[WARNING]   * src/main/webapp/WEB-INF/plugins/jpcontentscheduler/aps*****/jpcontentscheduler-tiles.xml
[WARNING]   * src/main/java/org/entando/entando/plugins/jpcontentscheduler/aps/******/services/content/model/ContentState.java
[WARNING]   * src/main/java/org/entando/entando/plugins/jpcontentscheduler/aps/******/services/content/model/ContentSuspendMove.java
[WARNING]   * src/main/java/org/entando/entando/plugins/jpcontentscheduler/aps/******/services/content/model/ContentTypeElem.java
[WARNING]   * src/main/java/org/entando/entando/plugins/jpcontentscheduler/aps/******/services/content/ContentSchedulerManager.java
[WARNING]   * src/main/java/org/entando/entando/plugins/jpcontentscheduler/aps*****/config/ConfigAction.java
[WARNING]   * src/main/java/org/entando/entando/plugins/jpcontentscheduler/aps*****/config/ContentThreadConfigContentTypesAction-validation.xml
[WARNING]   * src/main/webapp/WEB-INF/plugins/jpcontentscheduler/aps*****/jsp/config/trashUsers.jsp
[WARNING]   * src/main/java/org/entando/entando/plugins/jpcontentscheduler/aps/******/services/content/ContentSchedulerDAO.java
[WARNING]   * src/main/webapp/WEB-INF/plugins/jpcontentscheduler/aps*****/jsp/config/viewUsers.jsp
[WARNING]   * src/main/java/org/entando/entando/plugins/jpcontentscheduler/aps/******/services/content/ContentJobs.java
[WARNING] This may lead to missing/broken features in SonarCloud
[INFO] CPD E**cutor 4 files had no CPD blocks
[INFO] CPD E**cutor Calculating CPD for 25 files
[INFO] CPD E**cutor CPD calculation finished (done) | time=119ms
[INFO] Analysis report generated in 287ms, dir size=714 KB
[INFO] Analysis report compressed in 90ms, zip size=232 KB
[INFO] Analysis report uploaded in 171ms
[INFO] ANALYSIS SUCCESSFUL, you can find the results at: https://sonarcloud.io/dashboard?id=entando_entando-plugin-jpcontentscheduler
[INFO] Note that you will be able to access the updated dashboard once the server has processed the submitted analysis report
[INFO] More about the report processing at https://sonarcloud.io/api/ce/task?id=AXZOjLuJkbXLIe1RIpRL
[INFO] Analysis total time: 49.876 s
[INFO] ------------------------------------------------------------------------
[INFO] BUILD SUCCESS
[INFO] ------------------------------------------------------------------------
[INFO] Total time:  05:28 min
[INFO] Finished at: 2020-12-10T21:26:54Z
[INFO] ------------------------------------------------------------------------
shallow cloning https://github.com/entando-k8s/devops-results.git branch gh-pages
ran git init in /tmp/jenkins-x-collect935520123
ran git add remote origin https://github.com/entando-k8s/devops-results.git in /tmp/jenkins-x-collect935520123
ran git fetch origin --depth=1 gh-pages in dir /tmp/jenkins-x-collect935520123
Publishing https://raw.githubusercontent.com/entando-k8s/devops-results/gh-pages/entando-plugin-jpcontentscheduler/master/css/maven-base.css
Publishing https://raw.githubusercontent.com/entando-k8s/devops-results/gh-pages/entando-plugin-jpcontentscheduler/master/css/maven-theme.css
Publishing https://raw.githubusercontent.com/entando-k8s/devops-results/gh-pages/entando-plugin-jpcontentscheduler/master/css/print.css
Publishing https://raw.githubusercontent.com/entando-k8s/devops-results/gh-pages/entando-plugin-jpcontentscheduler/master/css/site.css
Publishing https://raw.githubusercontent.com/entando-k8s/devops-results/gh-pages/entando-plugin-jpcontentscheduler/master/dependency-check-junit.xml
Publishing https://raw.githubusercontent.com/entando-k8s/devops-results/gh-pages/entando-plugin-jpcontentscheduler/master/dependency-check-report.html
Publishing https://raw.githubusercontent.com/entando-k8s/devops-results/gh-pages/entando-plugin-jpcontentscheduler/master/dependency-check-report.xml
Publishing https://raw.githubusercontent.com/entando-k8s/devops-results/gh-pages/entando-plugin-jpcontentscheduler/master/dependency-info.html
Publishing https://raw.githubusercontent.com/entando-k8s/devops-results/gh-pages/entando-plugin-jpcontentscheduler/master/images/collapsed.gif
Publishing https://raw.githubusercontent.com/entando-k8s/devops-results/gh-pages/entando-plugin-jpcontentscheduler/master/images/expanded.gif
Publishing https://raw.githubusercontent.com/entando-k8s/devops-results/gh-pages/entando-plugin-jpcontentscheduler/master/images/external.png
Publishing https://raw.githubusercontent.com/entando-k8s/devops-results/gh-pages/entando-plugin-jpcontentscheduler/master/images/icon_error_sml.gif
Publishing https://raw.githubusercontent.com/entando-k8s/devops-results/gh-pages/entando-plugin-jpcontentscheduler/master/images/icon_info_sml.gif
Publishing https://raw.githubusercontent.com/entando-k8s/devops-results/gh-pages/entando-plugin-jpcontentscheduler/master/images/icon_success_sml.gif
Publishing https://raw.githubusercontent.com/entando-k8s/devops-results/gh-pages/entando-plugin-jpcontentscheduler/master/images/icon_warning_sml.gif
Publishing https://raw.githubusercontent.com/entando-k8s/devops-results/gh-pages/entando-plugin-jpcontentscheduler/master/images/logos/build-by-maven-black.png
Publishing https://raw.githubusercontent.com/entando-k8s/devops-results/gh-pages/entando-plugin-jpcontentscheduler/master/images/logos/build-by-maven-white.png
Publishing https://raw.githubusercontent.com/entando-k8s/devops-results/gh-pages/entando-plugin-jpcontentscheduler/master/images/logos/maven-feather.png
Publishing https://raw.githubusercontent.com/entando-k8s/devops-results/gh-pages/entando-plugin-jpcontentscheduler/master/images/newwindow.png
Publishing https://raw.githubusercontent.com/entando-k8s/devops-results/gh-pages/entando-plugin-jpcontentscheduler/master/index.html
Publishing https://raw.githubusercontent.com/entando-k8s/devops-results/gh-pages/entando-plugin-jpcontentscheduler/master/issue-management.html
Publishing https://raw.githubusercontent.com/entando-k8s/devops-results/gh-pages/entando-plugin-jpcontentscheduler/master/jacoco/index.html
Publishing https://raw.githubusercontent.com/entando-k8s/devops-results/gh-pages/entando-plugin-jpcontentscheduler/master/jacoco/jacoco-resources/branchfc.gif
Publishing https://raw.githubusercontent.com/entando-k8s/devops-results/gh-pages/entando-plugin-jpcontentscheduler/master/jacoco/jacoco-resources/branchnc.gif
Publishing https://raw.githubusercontent.com/entando-k8s/devops-results/gh-pages/entando-plugin-jpcontentscheduler/master/jacoco/jacoco-resources/branchpc.gif
Publishing https://raw.githubusercontent.com/entando-k8s/devops-results/gh-pages/entando-plugin-jpcontentscheduler/master/jacoco/jacoco-resources/bundle.gif
Publishing https://raw.githubusercontent.com/entando-k8s/devops-results/gh-pages/entando-plugin-jpcontentscheduler/master/jacoco/jacoco-resources/class.gif
Publishing https://raw.githubusercontent.com/entando-k8s/devops-results/gh-pages/entando-plugin-jpcontentscheduler/master/jacoco/jacoco-resources/down.gif
Publishing https://raw.githubusercontent.com/entando-k8s/devops-results/gh-pages/entando-plugin-jpcontentscheduler/master/jacoco/jacoco-resources/greenbar.gif
Publishing https://raw.githubusercontent.com/entando-k8s/devops-results/gh-pages/entando-plugin-jpcontentscheduler/master/jacoco/jacoco-resources/group.gif
Publishing https://raw.githubusercontent.com/entando-k8s/devops-results/gh-pages/entando-plugin-jpcontentscheduler/master/jacoco/jacoco-resources/method.gif
Publishing https://raw.githubusercontent.com/entando-k8s/devops-results/gh-pages/entando-plugin-jpcontentscheduler/master/jacoco/jacoco-resources/package.gif
Publishing https://raw.githubusercontent.com/entando-k8s/devops-results/gh-pages/entando-plugin-jpcontentscheduler/master/jacoco/jacoco-resources/prettify.css
Publishing https://raw.githubusercontent.com/entando-k8s/devops-results/gh-pages/entando-plugin-jpcontentscheduler/master/jacoco/jacoco-resources/prettify.js
Publishing https://raw.githubusercontent.com/entando-k8s/devops-results/gh-pages/entando-plugin-jpcontentscheduler/master/jacoco/jacoco-resources/redbar.gif
Publishing https://raw.githubusercontent.com/entando-k8s/devops-results/gh-pages/entando-plugin-jpcontentscheduler/master/jacoco/jacoco-resources/report.css
Publishing https://raw.githubusercontent.com/entando-k8s/devops-results/gh-pages/entando-plugin-jpcontentscheduler/master/jacoco/jacoco-resources/report.gif
Publishing https://raw.githubusercontent.com/entando-k8s/devops-results/gh-pages/entando-plugin-jpcontentscheduler/master/jacoco/jacoco-resources/session.gif
Publishing https://raw.githubusercontent.com/entando-k8s/devops-results/gh-pages/entando-plugin-jpcontentscheduler/master/jacoco/jacoco-resources/sort.gif
Publishing https://raw.githubusercontent.com/entando-k8s/devops-results/gh-pages/entando-plugin-jpcontentscheduler/master/jacoco/jacoco-resources/sort.js
Publishing https://raw.githubusercontent.com/entando-k8s/devops-results/gh-pages/entando-plugin-jpcontentscheduler/master/jacoco/jacoco-resources/source.gif
Publishing https://raw.githubusercontent.com/entando-k8s/devops-results/gh-pages/entando-plugin-jpcontentscheduler/master/jacoco/jacoco-resources/up.gif
Publishing https://raw.githubusercontent.com/entando-k8s/devops-results/gh-pages/entando-plugin-jpcontentscheduler/master/jacoco/jacoco-sessions.html
Publishing https://raw.githubusercontent.com/entando-k8s/devops-results/gh-pages/entando-plugin-jpcontentscheduler/master/jacoco/jacoco.csv
Publishing https://raw.githubusercontent.com/entando-k8s/devops-results/gh-pages/entando-plugin-jpcontentscheduler/master/jacoco/jacoco.xml
Publishing https://raw.githubusercontent.com/entando-k8s/devops-results/gh-pages/entando-plugin-jpcontentscheduler/master/jacoco/org.entando.entando.plugins.jpcontentscheduler.aps.******.services/ContentThreadConstants.html
Publishing https://raw.githubusercontent.com/entando-k8s/devops-results/gh-pages/entando-plugin-jpcontentscheduler/master/jacoco/org.entando.entando.plugins.jpcontentscheduler.aps.******.services/ContentThreadConstants.java.html
Publishing https://raw.githubusercontent.com/entando-k8s/devops-results/gh-pages/entando-plugin-jpcontentscheduler/master/jacoco/org.entando.entando.plugins.jpcontentscheduler.aps.******.services/index.html
Publishing https://raw.githubusercontent.com/entando-k8s/devops-results/gh-pages/entando-plugin-jpcontentscheduler/master/jacoco/org.entando.entando.plugins.jpcontentscheduler.aps.******.services/index.source.html
Publishing https://raw.githubusercontent.com/entando-k8s/devops-results/gh-pages/entando-plugin-jpcontentscheduler/master/jacoco/org.entando.entando.plugins.jpcontentscheduler.aps.******.services.content/ContentJobs.html
Publishing https://raw.githubusercontent.com/entando-k8s/devops-results/gh-pages/entando-plugin-jpcontentscheduler/master/jacoco/org.entando.entando.plugins.jpcontentscheduler.aps.******.services.content/ContentJobs.java.html
Publishing https://raw.githubusercontent.com/entando-k8s/devops-results/gh-pages/entando-plugin-jpcontentscheduler/master/jacoco/org.entando.entando.plugins.jpcontentscheduler.aps.******.services.content/ContentSchedulerDAO.html
Publishing https://raw.githubusercontent.com/entando-k8s/devops-results/gh-pages/entando-plugin-jpcontentscheduler/master/jacoco/org.entando.entando.plugins.jpcontentscheduler.aps.******.services.content/ContentSchedulerDAO.java.html
Publishing https://raw.githubusercontent.com/entando-k8s/devops-results/gh-pages/entando-plugin-jpcontentscheduler/master/jacoco/org.entando.entando.plugins.jpcontentscheduler.aps.******.services.content/ContentSchedulerManager.html
Publishing https://raw.githubusercontent.com/entando-k8s/devops-results/gh-pages/entando-plugin-jpcontentscheduler/master/jacoco/org.entando.entando.plugins.jpcontentscheduler.aps.******.services.content/ContentSchedulerManager.java.html
Publishing https://raw.githubusercontent.com/entando-k8s/devops-results/gh-pages/entando-plugin-jpcontentscheduler/master/jacoco/org.entando.entando.plugins.jpcontentscheduler.aps.******.services.content/index.html
Publishing https://raw.githubusercontent.com/entando-k8s/devops-results/gh-pages/entando-plugin-jpcontentscheduler/master/jacoco/org.entando.entando.plugins.jpcontentscheduler.aps.******.services.content/index.source.html
Publishing https://raw.githubusercontent.com/entando-k8s/devops-results/gh-pages/entando-plugin-jpcontentscheduler/master/jacoco/org.entando.entando.plugins.jpcontentscheduler.aps.******.services.content.model/ContentState.html
Publishing https://raw.githubusercontent.com/entando-k8s/devops-results/gh-pages/entando-plugin-jpcontentscheduler/master/jacoco/org.entando.entando.plugins.jpcontentscheduler.aps.******.services.content.model/ContentState.java.html
Publishing https://raw.githubusercontent.com/entando-k8s/devops-results/gh-pages/entando-plugin-jpcontentscheduler/master/jacoco/org.entando.entando.plugins.jpcontentscheduler.aps.******.services.content.model/ContentSuspendMove.html
Publishing https://raw.githubusercontent.com/entando-k8s/devops-results/gh-pages/entando-plugin-jpcontentscheduler/master/jacoco/org.entando.entando.plugins.jpcontentscheduler.aps.******.services.content.model/ContentSuspendMove.java.html
Publishing https://raw.githubusercontent.com/entando-k8s/devops-results/gh-pages/entando-plugin-jpcontentscheduler/master/jacoco/org.entando.entando.plugins.jpcontentscheduler.aps.******.services.content.model/ContentThreadConfig.html
Publishing https://raw.githubusercontent.com/entando-k8s/devops-results/gh-pages/entando-plugin-jpcontentscheduler/master/jacoco/org.entando.entando.plugins.jpcontentscheduler.aps.******.services.content.model/ContentThreadConfig.java.html
Publishing https://raw.githubusercontent.com/entando-k8s/devops-results/gh-pages/entando-plugin-jpcontentscheduler/master/jacoco/org.entando.entando.plugins.jpcontentscheduler.aps.******.services.content.model/ContentTypeElem.html
Publishing https://raw.githubusercontent.com/entando-k8s/devops-results/gh-pages/entando-plugin-jpcontentscheduler/master/jacoco/org.entando.entando.plugins.jpcontentscheduler.aps.******.services.content.model/ContentTypeElem.java.html
Publishing https://raw.githubusercontent.com/entando-k8s/devops-results/gh-pages/entando-plugin-jpcontentscheduler/master/jacoco/org.entando.entando.plugins.jpcontentscheduler.aps.******.services.content.model/index.html
Publishing https://raw.githubusercontent.com/entando-k8s/devops-results/gh-pages/entando-plugin-jpcontentscheduler/master/jacoco/org.entando.entando.plugins.jpcontentscheduler.aps.******.services.content.model/index.source.html
Publishing https://raw.githubusercontent.com/entando-k8s/devops-results/gh-pages/entando-plugin-jpcontentscheduler/master/jacoco/org.entando.entando.plugins.jpcontentscheduler.aps.******.services.content.parse/ContentThreadConfigDOM.html
Publishing https://raw.githubusercontent.com/entando-k8s/devops-results/gh-pages/entando-plugin-jpcontentscheduler/master/jacoco/org.entando.entando.plugins.jpcontentscheduler.aps.******.services.content.parse/ContentThreadConfigDOM.java.html
Publishing https://raw.githubusercontent.com/entando-k8s/devops-results/gh-pages/entando-plugin-jpcontentscheduler/master/jacoco/org.entando.entando.plugins.jpcontentscheduler.aps.******.services.content.parse/index.html
Publishing https://raw.githubusercontent.com/entando-k8s/devops-results/gh-pages/entando-plugin-jpcontentscheduler/master/jacoco/org.entando.entando.plugins.jpcontentscheduler.aps.******.services.content.parse/index.source.html
Publishing https://raw.githubusercontent.com/entando-k8s/devops-results/gh-pages/entando-plugin-jpcontentscheduler/master/jacoco/org.entando.entando.plugins.jpcontentscheduler.aps.******.services.content.util/Utils.html
Publishing https://raw.githubusercontent.com/entando-k8s/devops-results/gh-pages/entando-plugin-jpcontentscheduler/master/jacoco/org.entando.entando.plugins.jpcontentscheduler.aps.******.services.content.util/Utils.java.html
Publishing https://raw.githubusercontent.com/entando-k8s/devops-results/gh-pages/entando-plugin-jpcontentscheduler/master/jacoco/org.entando.entando.plugins.jpcontentscheduler.aps.******.services.content.util/index.html
Publishing https://raw.githubusercontent.com/entando-k8s/devops-results/gh-pages/entando-plugin-jpcontentscheduler/master/jacoco/org.entando.entando.plugins.jpcontentscheduler.aps.******.services.content.util/index.source.html
Publishing https://raw.githubusercontent.com/entando-k8s/devops-results/gh-pages/entando-plugin-jpcontentscheduler/master/jacoco/org.entando.entando.plugins.jpcontentscheduler.aps*****.config/AdminAction.html
Publishing https://raw.githubusercontent.com/entando-k8s/devops-results/gh-pages/entando-plugin-jpcontentscheduler/master/jacoco/org.entando.entando.plugins.jpcontentscheduler.aps*****.config/AdminAction.java.html
Publishing https://raw.githubusercontent.com/entando-k8s/devops-results/gh-pages/entando-plugin-jpcontentscheduler/master/jacoco/org.entando.entando.plugins.jpcontentscheduler.aps*****.config/ConfigAction.html
Publishing https://raw.githubusercontent.com/entando-k8s/devops-results/gh-pages/entando-plugin-jpcontentscheduler/master/jacoco/org.entando.entando.plugins.jpcontentscheduler.aps*****.config/ConfigAction.java.html
Publishing https://raw.githubusercontent.com/entando-k8s/devops-results/gh-pages/entando-plugin-jpcontentscheduler/master/jacoco/org.entando.entando.plugins.jpcontentscheduler.aps*****.config/ContentThreadConfigContentTypesAction.html
Publishing https://raw.githubusercontent.com/entando-k8s/devops-results/gh-pages/entando-plugin-jpcontentscheduler/master/jacoco/org.entando.entando.plugins.jpcontentscheduler.aps*****.config/ContentThreadConfigContentTypesAction.java.html
Publishing https://raw.githubusercontent.com/entando-k8s/devops-results/gh-pages/entando-plugin-jpcontentscheduler/master/jacoco/org.entando.entando.plugins.jpcontentscheduler.aps*****.config/ContentThreadConfigEmailAction.html
Publishing https://raw.githubusercontent.com/entando-k8s/devops-results/gh-pages/entando-plugin-jpcontentscheduler/master/jacoco/org.entando.entando.plugins.jpcontentscheduler.aps*****.config/ContentThreadConfigEmailAction.java.html
Publishing https://raw.githubusercontent.com/entando-k8s/devops-results/gh-pages/entando-plugin-jpcontentscheduler/master/jacoco/org.entando.entando.plugins.jpcontentscheduler.aps*****.config/ContentThreadConfigGroupsAction.html
Publishing https://raw.githubusercontent.com/entando-k8s/devops-results/gh-pages/entando-plugin-jpcontentscheduler/master/jacoco/org.entando.entando.plugins.jpcontentscheduler.aps*****.config/ContentThreadConfigGroupsAction.java.html
Publishing https://raw.githubusercontent.com/entando-k8s/devops-results/gh-pages/entando-plugin-jpcontentscheduler/master/jacoco/org.entando.entando.plugins.jpcontentscheduler.aps*****.config/ContentThreadConfigUsersAction.html
Publishing https://raw.githubusercontent.com/entando-k8s/devops-results/gh-pages/entando-plugin-jpcontentscheduler/master/jacoco/org.entando.entando.plugins.jpcontentscheduler.aps*****.config/ContentThreadConfigUsersAction.java.html
Publishing https://raw.githubusercontent.com/entando-k8s/devops-results/gh-pages/entando-plugin-jpcontentscheduler/master/jacoco/org.entando.entando.plugins.jpcontentscheduler.aps*****.config/index.html
Publishing https://raw.githubusercontent.com/entando-k8s/devops-results/gh-pages/entando-plugin-jpcontentscheduler/master/jacoco/org.entando.entando.plugins.jpcontentscheduler.aps*****.config/index.source.html
Publishing https://raw.githubusercontent.com/entando-k8s/devops-results/gh-pages/entando-plugin-jpcontentscheduler/master/licenses.html
Publishing https://raw.githubusercontent.com/entando-k8s/devops-results/gh-pages/entando-plugin-jpcontentscheduler/master/plugins.html
Publishing https://raw.githubusercontent.com/entando-k8s/devops-results/gh-pages/entando-plugin-jpcontentscheduler/master/project-info.html
Publishing https://raw.githubusercontent.com/entando-k8s/devops-results/gh-pages/entando-plugin-jpcontentscheduler/master/scm.html
Publishing https://raw.githubusercontent.com/entando-k8s/devops-results/gh-pages/entando-plugin-jpcontentscheduler/master/summary.html
Publishing https://raw.githubusercontent.com/entando-k8s/devops-results/gh-pages/entando-plugin-jpcontentscheduler/master/surefire-report.html
stashed: https://raw.githubusercontent.com/entando-k8s/devops-results/gh-pages/entando-plugin-jpcontentscheduler/master/css/maven-base.css
stashed: https://raw.githubusercontent.com/entando-k8s/devops-results/gh-pages/entando-plugin-jpcontentscheduler/master/css/maven-theme.css
stashed: https://raw.githubusercontent.com/entando-k8s/devops-results/gh-pages/entando-plugin-jpcontentscheduler/master/css/print.css
stashed: https://raw.githubusercontent.com/entando-k8s/devops-results/gh-pages/entando-plugin-jpcontentscheduler/master/css/site.css
stashed: https://raw.githubusercontent.com/entando-k8s/devops-results/gh-pages/entando-plugin-jpcontentscheduler/master/dependency-check-junit.xml
stashed: https://raw.githubusercontent.com/entando-k8s/devops-results/gh-pages/entando-plugin-jpcontentscheduler/master/dependency-check-report.html
stashed: https://raw.githubusercontent.com/entando-k8s/devops-results/gh-pages/entando-plugin-jpcontentscheduler/master/dependency-check-report.xml
stashed: https://raw.githubusercontent.com/entando-k8s/devops-results/gh-pages/entando-plugin-jpcontentscheduler/master/dependency-info.html
stashed: https://raw.githubusercontent.com/entando-k8s/devops-results/gh-pages/entando-plugin-jpcontentscheduler/master/images/collapsed.gif
stashed: https://raw.githubusercontent.com/entando-k8s/devops-results/gh-pages/entando-plugin-jpcontentscheduler/master/images/expanded.gif
stashed: https://raw.githubusercontent.com/entando-k8s/devops-results/gh-pages/entando-plugin-jpcontentscheduler/master/images/external.png
stashed: https://raw.githubusercontent.com/entando-k8s/devops-results/gh-pages/entando-plugin-jpcontentscheduler/master/images/icon_error_sml.gif
stashed: https://raw.githubusercontent.com/entando-k8s/devops-results/gh-pages/entando-plugin-jpcontentscheduler/master/images/icon_info_sml.gif
stashed: https://raw.githubusercontent.com/entando-k8s/devops-results/gh-pages/entando-plugin-jpcontentscheduler/master/images/icon_success_sml.gif
stashed: https://raw.githubusercontent.com/entando-k8s/devops-results/gh-pages/entando-plugin-jpcontentscheduler/master/images/icon_warning_sml.gif
stashed: https://raw.githubusercontent.com/entando-k8s/devops-results/gh-pages/entando-plugin-jpcontentscheduler/master/images/logos/build-by-maven-black.png
stashed: https://raw.githubusercontent.com/entando-k8s/devops-results/gh-pages/entando-plugin-jpcontentscheduler/master/images/logos/build-by-maven-white.png
stashed: https://raw.githubusercontent.com/entando-k8s/devops-results/gh-pages/entando-plugin-jpcontentscheduler/master/images/logos/maven-feather.png
stashed: https://raw.githubusercontent.com/entando-k8s/devops-results/gh-pages/entando-plugin-jpcontentscheduler/master/images/newwindow.png
stashed: https://raw.githubusercontent.com/entando-k8s/devops-results/gh-pages/entando-plugin-jpcontentscheduler/master/index.html
stashed: https://raw.githubusercontent.com/entando-k8s/devops-results/gh-pages/entando-plugin-jpcontentscheduler/master/issue-management.html
stashed: https://raw.githubusercontent.com/entando-k8s/devops-results/gh-pages/entando-plugin-jpcontentscheduler/master/jacoco/index.html
stashed: https://raw.githubusercontent.com/entando-k8s/devops-results/gh-pages/entando-plugin-jpcontentscheduler/master/jacoco/jacoco-resources/branchfc.gif
stashed: https://raw.githubusercontent.com/entando-k8s/devops-results/gh-pages/entando-plugin-jpcontentscheduler/master/jacoco/jacoco-resources/branchnc.gif
stashed: https://raw.githubusercontent.com/entando-k8s/devops-results/gh-pages/entando-plugin-jpcontentscheduler/master/jacoco/jacoco-resources/branchpc.gif
stashed: https://raw.githubusercontent.com/entando-k8s/devops-results/gh-pages/entando-plugin-jpcontentscheduler/master/jacoco/jacoco-resources/bundle.gif
stashed: https://raw.githubusercontent.com/entando-k8s/devops-results/gh-pages/entando-plugin-jpcontentscheduler/master/jacoco/jacoco-resources/class.gif
stashed: https://raw.githubusercontent.com/entando-k8s/devops-results/gh-pages/entando-plugin-jpcontentscheduler/master/jacoco/jacoco-resources/down.gif
stashed: https://raw.githubusercontent.com/entando-k8s/devops-results/gh-pages/entando-plugin-jpcontentscheduler/master/jacoco/jacoco-resources/greenbar.gif
stashed: https://raw.githubusercontent.com/entando-k8s/devops-results/gh-pages/entando-plugin-jpcontentscheduler/master/jacoco/jacoco-resources/group.gif
stashed: https://raw.githubusercontent.com/entando-k8s/devops-results/gh-pages/entando-plugin-jpcontentscheduler/master/jacoco/jacoco-resources/method.gif
stashed: https://raw.githubusercontent.com/entando-k8s/devops-results/gh-pages/entando-plugin-jpcontentscheduler/master/jacoco/jacoco-resources/package.gif
stashed: https://raw.githubusercontent.com/entando-k8s/devops-results/gh-pages/entando-plugin-jpcontentscheduler/master/jacoco/jacoco-resources/prettify.css
stashed: https://raw.githubusercontent.com/entando-k8s/devops-results/gh-pages/entando-plugin-jpcontentscheduler/master/jacoco/jacoco-resources/prettify.js
stashed: https://raw.githubusercontent.com/entando-k8s/devops-results/gh-pages/entando-plugin-jpcontentscheduler/master/jacoco/jacoco-resources/redbar.gif
stashed: https://raw.githubusercontent.com/entando-k8s/devops-results/gh-pages/entando-plugin-jpcontentscheduler/master/jacoco/jacoco-resources/report.css
stashed: https://raw.githubusercontent.com/entando-k8s/devops-results/gh-pages/entando-plugin-jpcontentscheduler/master/jacoco/jacoco-resources/report.gif
stashed: https://raw.githubusercontent.com/entando-k8s/devops-results/gh-pages/entando-plugin-jpcontentscheduler/master/jacoco/jacoco-resources/session.gif
stashed: https://raw.githubusercontent.com/entando-k8s/devops-results/gh-pages/entando-plugin-jpcontentscheduler/master/jacoco/jacoco-resources/sort.gif
stashed: https://raw.githubusercontent.com/entando-k8s/devops-results/gh-pages/entando-plugin-jpcontentscheduler/master/jacoco/jacoco-resources/sort.js
stashed: https://raw.githubusercontent.com/entando-k8s/devops-results/gh-pages/entando-plugin-jpcontentscheduler/master/jacoco/jacoco-resources/source.gif
stashed: https://raw.githubusercontent.com/entando-k8s/devops-results/gh-pages/entando-plugin-jpcontentscheduler/master/jacoco/jacoco-resources/up.gif
stashed: https://raw.githubusercontent.com/entando-k8s/devops-results/gh-pages/entando-plugin-jpcontentscheduler/master/jacoco/jacoco-sessions.html
stashed: https://raw.githubusercontent.com/entando-k8s/devops-results/gh-pages/entando-plugin-jpcontentscheduler/master/jacoco/jacoco.csv
stashed: https://raw.githubusercontent.com/entando-k8s/devops-results/gh-pages/entando-plugin-jpcontentscheduler/master/jacoco/jacoco.xml
stashed: https://raw.githubusercontent.com/entando-k8s/devops-results/gh-pages/entando-plugin-jpcontentscheduler/master/jacoco/org.entando.entando.plugins.jpcontentscheduler.aps.******.services/ContentThreadConstants.html
stashed: https://raw.githubusercontent.com/entando-k8s/devops-results/gh-pages/entando-plugin-jpcontentscheduler/master/jacoco/org.entando.entando.plugins.jpcontentscheduler.aps.******.services/ContentThreadConstants.java.html
stashed: https://raw.githubusercontent.com/entando-k8s/devops-results/gh-pages/entando-plugin-jpcontentscheduler/master/jacoco/org.entando.entando.plugins.jpcontentscheduler.aps.******.services/index.html
stashed: https://raw.githubusercontent.com/entando-k8s/devops-results/gh-pages/entando-plugin-jpcontentscheduler/master/jacoco/org.entando.entando.plugins.jpcontentscheduler.aps.******.services/index.source.html
stashed: https://raw.githubusercontent.com/entando-k8s/devops-results/gh-pages/entando-plugin-jpcontentscheduler/master/jacoco/org.entando.entando.plugins.jpcontentscheduler.aps.******.services.content/ContentJobs.html
stashed: https://raw.githubusercontent.com/entando-k8s/devops-results/gh-pages/entando-plugin-jpcontentscheduler/master/jacoco/org.entando.entando.plugins.jpcontentscheduler.aps.******.services.content/ContentJobs.java.html
stashed: https://raw.githubusercontent.com/entando-k8s/devops-results/gh-pages/entando-plugin-jpcontentscheduler/master/jacoco/org.entando.entando.plugins.jpcontentscheduler.aps.******.services.content/ContentSchedulerDAO.html
stashed: https://raw.githubusercontent.com/entando-k8s/devops-results/gh-pages/entando-plugin-jpcontentscheduler/master/jacoco/org.entando.entando.plugins.jpcontentscheduler.aps.******.services.content/ContentSchedulerDAO.java.html
stashed: https://raw.githubusercontent.com/entando-k8s/devops-results/gh-pages/entando-plugin-jpcontentscheduler/master/jacoco/org.entando.entando.plugins.jpcontentscheduler.aps.******.services.content/ContentSchedulerManager.html
stashed: https://raw.githubusercontent.com/entando-k8s/devops-results/gh-pages/entando-plugin-jpcontentscheduler/master/jacoco/org.entando.entando.plugins.jpcontentscheduler.aps.******.services.content/ContentSchedulerManager.java.html
stashed: https://raw.githubusercontent.com/entando-k8s/devops-results/gh-pages/entando-plugin-jpcontentscheduler/master/jacoco/org.entando.entando.plugins.jpcontentscheduler.aps.******.services.content/index.html
stashed: https://raw.githubusercontent.com/entando-k8s/devops-results/gh-pages/entando-plugin-jpcontentscheduler/master/jacoco/org.entando.entando.plugins.jpcontentscheduler.aps.******.services.content/index.source.html
stashed: https://raw.githubusercontent.com/entando-k8s/devops-results/gh-pages/entando-plugin-jpcontentscheduler/master/jacoco/org.entando.entando.plugins.jpcontentscheduler.aps.******.services.content.model/ContentState.html
stashed: https://raw.githubusercontent.com/entando-k8s/devops-results/gh-pages/entando-plugin-jpcontentscheduler/master/jacoco/org.entando.entando.plugins.jpcontentscheduler.aps.******.services.content.model/ContentState.java.html
stashed: https://raw.githubusercontent.com/entando-k8s/devops-results/gh-pages/entando-plugin-jpcontentscheduler/master/jacoco/org.entando.entando.plugins.jpcontentscheduler.aps.******.services.content.model/ContentSuspendMove.html
stashed: https://raw.githubusercontent.com/entando-k8s/devops-results/gh-pages/entando-plugin-jpcontentscheduler/master/jacoco/org.entando.entando.plugins.jpcontentscheduler.aps.******.services.content.model/ContentSuspendMove.java.html
stashed: https://raw.githubusercontent.com/entando-k8s/devops-results/gh-pages/entando-plugin-jpcontentscheduler/master/jacoco/org.entando.entando.plugins.jpcontentscheduler.aps.******.services.content.model/ContentThreadConfig.html
stashed: https://raw.githubusercontent.com/entando-k8s/devops-results/gh-pages/entando-plugin-jpcontentscheduler/master/jacoco/org.entando.entando.plugins.jpcontentscheduler.aps.******.services.content.model/ContentThreadConfig.java.html
stashed: https://raw.githubusercontent.com/entando-k8s/devops-results/gh-pages/entando-plugin-jpcontentscheduler/master/jacoco/org.entando.entando.plugins.jpcontentscheduler.aps.******.services.content.model/ContentTypeElem.html
stashed: https://raw.githubusercontent.com/entando-k8s/devops-results/gh-pages/entando-plugin-jpcontentscheduler/master/jacoco/org.entando.entando.plugins.jpcontentscheduler.aps.******.services.content.model/ContentTypeElem.java.html
stashed: https://raw.githubusercontent.com/entando-k8s/devops-results/gh-pages/entando-plugin-jpcontentscheduler/master/jacoco/org.entando.entando.plugins.jpcontentscheduler.aps.******.services.content.model/index.html
stashed: https://raw.githubusercontent.com/entando-k8s/devops-results/gh-pages/entando-plugin-jpcontentscheduler/master/jacoco/org.entando.entando.plugins.jpcontentscheduler.aps.******.services.content.model/index.source.html
stashed: https://raw.githubusercontent.com/entando-k8s/devops-results/gh-pages/entando-plugin-jpcontentscheduler/master/jacoco/org.entando.entando.plugins.jpcontentscheduler.aps.******.services.content.parse/ContentThreadConfigDOM.html
stashed: https://raw.githubusercontent.com/entando-k8s/devops-results/gh-pages/entando-plugin-jpcontentscheduler/master/jacoco/org.entando.entando.plugins.jpcontentscheduler.aps.******.services.content.parse/ContentThreadConfigDOM.java.html
stashed: https://raw.githubusercontent.com/entando-k8s/devops-results/gh-pages/entando-plugin-jpcontentscheduler/master/jacoco/org.entando.entando.plugins.jpcontentscheduler.aps.******.services.content.parse/index.html
stashed: https://raw.githubusercontent.com/entando-k8s/devops-results/gh-pages/entando-plugin-jpcontentscheduler/master/jacoco/org.entando.entando.plugins.jpcontentscheduler.aps.******.services.content.parse/index.source.html
stashed: https://raw.githubusercontent.com/entando-k8s/devops-results/gh-pages/entando-plugin-jpcontentscheduler/master/jacoco/org.entando.entando.plugins.jpcontentscheduler.aps.******.services.content.util/Utils.html
stashed: https://raw.githubusercontent.com/entando-k8s/devops-results/gh-pages/entando-plugin-jpcontentscheduler/master/jacoco/org.entando.entando.plugins.jpcontentscheduler.aps.******.services.content.util/Utils.java.html
stashed: https://raw.githubusercontent.com/entando-k8s/devops-results/gh-pages/entando-plugin-jpcontentscheduler/master/jacoco/org.entando.entando.plugins.jpcontentscheduler.aps.******.services.content.util/index.html
stashed: https://raw.githubusercontent.com/entando-k8s/devops-results/gh-pages/entando-plugin-jpcontentscheduler/master/jacoco/org.entando.entando.plugins.jpcontentscheduler.aps.******.services.content.util/index.source.html
stashed: https://raw.githubusercontent.com/entando-k8s/devops-results/gh-pages/entando-plugin-jpcontentscheduler/master/jacoco/org.entando.entando.plugins.jpcontentscheduler.aps*****.config/AdminAction.html
stashed: https://raw.githubusercontent.com/entando-k8s/devops-results/gh-pages/entando-plugin-jpcontentscheduler/master/jacoco/org.entando.entando.plugins.jpcontentscheduler.aps*****.config/AdminAction.java.html
stashed: https://raw.githubusercontent.com/entando-k8s/devops-results/gh-pages/entando-plugin-jpcontentscheduler/master/jacoco/org.entando.entando.plugins.jpcontentscheduler.aps*****.config/ConfigAction.html
stashed: https://raw.githubusercontent.com/entando-k8s/devops-results/gh-pages/entando-plugin-jpcontentscheduler/master/jacoco/org.entando.entando.plugins.jpcontentscheduler.aps*****.config/ConfigAction.java.html
stashed: https://raw.githubusercontent.com/entando-k8s/devops-results/gh-pages/entando-plugin-jpcontentscheduler/master/jacoco/org.entando.entando.plugins.jpcontentscheduler.aps*****.config/ContentThreadConfigContentTypesAction.html
stashed: https://raw.githubusercontent.com/entando-k8s/devops-results/gh-pages/entando-plugin-jpcontentscheduler/master/jacoco/org.entando.entando.plugins.jpcontentscheduler.aps*****.config/ContentThreadConfigContentTypesAction.java.html
stashed: https://raw.githubusercontent.com/entando-k8s/devops-results/gh-pages/entando-plugin-jpcontentscheduler/master/jacoco/org.entando.entando.plugins.jpcontentscheduler.aps*****.config/ContentThreadConfigEmailAction.html
stashed: https://raw.githubusercontent.com/entando-k8s/devops-results/gh-pages/entando-plugin-jpcontentscheduler/master/jacoco/org.entando.entando.plugins.jpcontentscheduler.aps*****.config/ContentThreadConfigEmailAction.java.html
stashed: https://raw.githubusercontent.com/entando-k8s/devops-results/gh-pages/entando-plugin-jpcontentscheduler/master/jacoco/org.entando.entando.plugins.jpcontentscheduler.aps*****.config/ContentThreadConfigGroupsAction.html
stashed: https://raw.githubusercontent.com/entando-k8s/devops-results/gh-pages/entando-plugin-jpcontentscheduler/master/jacoco/org.entando.entando.plugins.jpcontentscheduler.aps*****.config/ContentThreadConfigGroupsAction.java.html
stashed: https://raw.githubusercontent.com/entando-k8s/devops-results/gh-pages/entando-plugin-jpcontentscheduler/master/jacoco/org.entando.entando.plugins.jpcontentscheduler.aps*****.config/ContentThreadConfigUsersAction.html
stashed: https://raw.githubusercontent.com/entando-k8s/devops-results/gh-pages/entando-plugin-jpcontentscheduler/master/jacoco/org.entando.entando.plugins.jpcontentscheduler.aps*****.config/ContentThreadConfigUsersAction.java.html
stashed: https://raw.githubusercontent.com/entando-k8s/devops-results/gh-pages/entando-plugin-jpcontentscheduler/master/jacoco/org.entando.entando.plugins.jpcontentscheduler.aps*****.config/index.html
stashed: https://raw.githubusercontent.com/entando-k8s/devops-results/gh-pages/entando-plugin-jpcontentscheduler/master/jacoco/org.entando.entando.plugins.jpcontentscheduler.aps*****.config/index.source.html
stashed: https://raw.githubusercontent.com/entando-k8s/devops-results/gh-pages/entando-plugin-jpcontentscheduler/master/licenses.html
stashed: https://raw.githubusercontent.com/entando-k8s/devops-results/gh-pages/entando-plugin-jpcontentscheduler/master/plugins.html
stashed: https://raw.githubusercontent.com/entando-k8s/devops-results/gh-pages/entando-plugin-jpcontentscheduler/master/project-info.html
stashed: https://raw.githubusercontent.com/entando-k8s/devops-results/gh-pages/entando-plugin-jpcontentscheduler/master/scm.html
stashed: https://raw.githubusercontent.com/entando-k8s/devops-results/gh-pages/entando-plugin-jpcontentscheduler/master/summary.html
stashed: https://raw.githubusercontent.com/entando-k8s/devops-results/gh-pages/entando-plugin-jpcontentscheduler/master/surefire-report.html
Congratulations! No build failures found for entando-plugin-jpcontentscheduler-master.

Showing logs for build [32mentando-entando-plugin-jpconten-fnppm-15[0m stage [32mfrom-build-pack[0m and container [32mstep-promote-changelog[0m
Converted /workspace/source to an unshallow repository
Generating change log from git ref 68d2fa915bf060d2256e5448733a13360cac6b4e => a3826924cb8d6030a3fa8fd7fc00664122226dcc
Associating user w-caffiero-entando-0 in users.jenkins.io with email w.caffiero@entando.com to git GitProvider user with login walter-caffiero-0 as emails match
Adding label jenkins.io/git-github-userid=walter-caffiero-0 to user w-caffiero-entando-0 in users.jenkins.io
Associating user w-caffiero-entando-0 in users.jenkins.io with email w.caffiero@entando.com to git GitProvider user with login walter-caffiero-0 as emails match
Adding label jenkins.io/git-github-userid=walter-caffiero-0 to user w-caffiero-entando-0 in users.jenkins.io
Finding issues in commit messages using git format
WARNING: No release found for entando/entando-plugin-jpcontentscheduler and tag v6.3.2 so creating a new release
Updated the release information at https://github.com/entando/entando-plugin-jpcontentscheduler/releases/tag/v6.3.2
generated: /workspace/source/templates/release.yaml
Created Release entando-plugin-jpcontentscheduler-6-3-2 resource in namespace **
Updating PipelineActivity entando-entando-plugin-jpcontentscheduler-master-15 with version 6.3.2
Updated PipelineActivities entando-entando-plugin-jpcontentscheduler-master-15 with release notes URL: https://github.com/entando/entando-plugin-jpcontentscheduler/releases/tag/v6.3.2

Showing logs for build [32mentando-entando-plugin-jpconten-fnppm-15[0m stage [32mfrom-build-pack[0m and container [32mstep-promote-update-bom[0m
/tmp /workspace/source
Cloning into 'entando-core-bom'...
/tmp/entando-core-bom /tmp /workspace/source
[master aaf805d] Bumped entando-plugin-jpcontentscheduler to 6.3.2
 1 file changed, 1 insertion(+), 1 deletion(-)
To https://github.com/entando/entando-core-bom.git
   793c47c..aaf805d  master -> master
/tmp /workspace/source
/workspace/source
