
Showing logs for build [32mentando-k8s-entando-k8s-control-ldnlz-73[0m stage [32mfrom-build-pack[0m and container [32mstep-credential-initializer-5844h[0m
Unable to retrieve container logs for docker://7b067f36ea390d523522e94c7b14d9171ce3a7f9c7b6e8352aa1e1ade389830b

Showing logs for build [32mentando-k8s-entando-k8s-control-ldnlz-73[0m stage [32mfrom-build-pack[0m and container [32mstep-working-dir-initializer-kpkp4[0m
Unable to retrieve container logs for docker://db73591f7c3c1d0f82eef4a8e6f1467bf59ad2454d9427f7afc84ed11e651786

Showing logs for build [32mentando-k8s-entando-k8s-control-ldnlz-73[0m stage [32mfrom-build-pack[0m and container [32mstep-place-tools[0m
Unable to retrieve container logs for docker://7252b3625d39444de7dfbdc779bb5a4f7ff5278c6131ef33aeae9d363f78da28

Showing logs for build [32mentando-k8s-entando-k8s-control-ldnlz-73[0m stage [32mfrom-build-pack[0m and container [32mstep-git-source-entando-k8s-entando-k8s-control-r99lj[0m
{"level":"warn","ts":1605677534.4945664,"logger":"fallback-logger","caller":"logging/config.go:69","msg":"Fetch GitHub commit ID from kodata failed: \"ref: refs/heads/0.8.0-**-support-backwards-incompats\" is not a valid GitHub commit ID"}
{"level":"info","ts":1605677535.889277,"logger":"fallback-logger","caller":"git/git.go:103","msg":"Successfully cloned https://github.com/entando-k8s/entando-k8s-controller-coordinator.git @ v6.2.17 in path /workspace/source"}

Showing logs for build [32mentando-k8s-entando-k8s-control-ldnlz-73[0m stage [32mfrom-build-pack[0m and container [32mstep-git-merge[0m
Using SHAs from PULL_REFS=master:dd6718eebb24c7d3f99115611ae1d7ed8c58db21
WARNING: no SHAs to merge, falling back to initial cloned commit

Showing logs for build [32mentando-k8s-entando-k8s-control-ldnlz-73[0m stage [32mfrom-build-pack[0m and container [32mstep-setup-jx-git-credentials[0m
Generated Git credentials file /workspace/xdg_config/git/credentials

Showing logs for build [32mentando-k8s-entando-k8s-control-ldnlz-73[0m stage [32mfrom-build-pack[0m and container [32mstep-build-fetch-history-for-sonar[0m
From https://github.com/entando-k8s/entando-k8s-controller-coordinator
 * [new branch]      ENG-1020_keycloak_11    -> origin/ENG-1020_keycloak_11
 * [new branch]      ENG-872_bumped_to_latest -> origin/ENG-872_bumped_to_latest
 * [new branch]      Sprint-rc-update        -> origin/Sprint-rc-update
 * [new branch]      ecr-patch-it-validation -> origin/ecr-patch-it-validation
 * [new branch]      fix-chart-roles-for-minikube -> origin/fix-chart-roles-for-minikube
 * [new branch]      master                  -> origin/master
 * [new branch]      poste                   -> origin/poste
 * [new branch]      pr-test                 -> origin/pr-test
 * [new branch]      release-6.2.0-sprint-6-rc -> origin/release-6.2.0-sprint-6-rc
 * [new branch]      sprint-5-rc             -> origin/sprint-5-rc
 * [new branch]      sprint-rc-image-update  -> origin/sprint-rc-image-update
 * [new branch]      sprint3-rc              -> origin/sprint3-rc
 * [new branch]      v6.2.0-sprint4-rc       -> origin/v6.2.0-sprint4-rc
 * [new branch]      w-re-release-6-2-0      -> origin/w-re-release-6-2-0
 * [new tag]         v6.2.17                 -> v6.2.17
 * [new tag]         Entando6.2.1-pre-test01 -> Entando6.2.1-pre-test01

Showing logs for build [32mentando-k8s-entando-k8s-control-ldnlz-73[0m stage [32mfrom-build-pack[0m and container [32mstep-build-mvn-deploy-release[0m
Picked up _JAVA_OPTIONS: -XX:+UnlockExperimentalVMOptions -Dsun.zip.disableMemoryMapping=true -XX:+UseParallelGC -XX:MinHeapFreeRatio=5 -XX:MaxHeapFreeRatio=10 -XX:GCTimeRatio=4 -XX:AdaptiveSizePolicyWeight=90 -Xms1000m -Xmx12000m
[INFO] Scanning for projects...
[WARNING] 
[WARNING] Some problems were encountered while building the effective model for org.entando:entando-k8s-controller-coordinator:jar:6.2.17
[WARNING] 'dependencyManagement.dependencies.dependency.(groupId:artifactId:type:classifier)' must be unique: org.yaml:snakeyaml:jar -> version 1.27 vs ${snakeyaml.version} @ org.entando:entando-quarkus-parent:6.2.6, /home/jenkins/.mvnrepository/org/entando/entando-quarkus-parent/6.2.6/entando-quarkus-parent-6.2.6.pom, line 283, column 25
[WARNING] 
[WARNING] It is highly recommended to fix these problems because they threaten the stability of your build.
[WARNING] 
[WARNING] For this reason, future Maven versions might no longer support building such malformed projects.
[WARNING] 
[INFO] 
[INFO] -----------< org.entando:entando-k8s-controller-coordinator >-----------
[INFO] Building Entando K8S Controller Coordinator 6.2.17
[INFO] --------------------------------[ jar ]---------------------------------
[INFO] 
[INFO] --- maven-clean-plugin:2.5:clean (default-clean) @ entando-k8s-controller-coordinator ---
[INFO] 
[INFO] --- maven-checkstyle-plugin:3.1.1:check (validate) @ entando-k8s-controller-coordinator ---
[INFO] Starting audit...
Audit done.
[INFO] You have 0 Checkstyle violations.
[INFO] 
[INFO] --- maven-checkstyle-plugin:3.1.1:checkstyle (validate) @ entando-k8s-controller-coordinator ---
[INFO] Starting audit...
Audit done.
[INFO] 
[INFO] --- jacoco-maven-plugin:0.8.5:prepare-agent (prepare-agent) @ entando-k8s-controller-coordinator ---
[INFO] argLine set to -javaagent:/home/jenkins/.mvnrepository/org/jacoco/org.jacoco.agent/0.8.5/org.jacoco.agent-0.8.5-runtime.jar=destfile=/workspace/source/target/jacoco.e**c
[INFO] 
[INFO] --- maven-resources-plugin:2.6:resources (default-resources) @ entando-k8s-controller-coordinator ---
[INFO] Using 'UTF-8' encoding to copy filtered resources.
[INFO] Copying 3 resources
[INFO] 
[INFO] --- maven-compiler-plugin:3.8.1:compile (default-compile) @ entando-k8s-controller-coordinator ---
[INFO] Changes detected - recompiling the module!
[INFO] Compiling 4 source files to /workspace/source/target/classes
[INFO] 
[INFO] --- maven-resources-plugin:2.6:testResources (default-testResources) @ entando-k8s-controller-coordinator ---
[INFO] Using 'UTF-8' encoding to copy filtered resources.
[INFO] Copying 6 resources
[INFO] 
[INFO] --- maven-compiler-plugin:3.8.1:testCompile (default-testCompile) @ entando-k8s-controller-coordinator ---
[INFO] Changes detected - recompiling the module!
[INFO] Compiling 7 source files to /workspace/source/target/test-classes
[INFO] 
[INFO] --- maven-surefire-plugin:3.0.0-M1:test (default-test) @ entando-k8s-controller-coordinator ---
[INFO] 
[INFO] -------------------------------------------------------
[INFO]  T E S T S
[INFO] -------------------------------------------------------
[INFO] Running org.entando.kubernetes.controller.coordinator.inprocesstests.EntandoOperatorMatcherTest
Nov 18, 2020 5:32:51 AM org.entando.kubernetes.controller.coordinator.EntandoOperatorMatcher matchesThisOperator
WARNING: Operator ID mismatch. Ignoring resource EntandoApp:null/null
Nov 18, 2020 5:32:51 AM org.entando.kubernetes.controller.coordinator.EntandoOperatorMatcher matchesThisOperator
WARNING: Operator version mismatch. Ignoring resource EntandoApp:null/null
Nov 18, 2020 5:32:51 AM org.entando.kubernetes.controller.coordinator.EntandoOperatorMatcher matchesThisOperator
WARNING: Operator ID mismatch. Ignoring resource EntandoApp:null/null
Nov 18, 2020 5:32:51 AM org.entando.kubernetes.controller.coordinator.EntandoOperatorMatcher matchesThisOperator
WARNING: Operator ID mismatch. Ignoring resource EntandoApp:null/null
[INFO] Tests run: 7, Failures: 0, Errors: 0, Skipped: 0, Time elapsed: 0.191 s - in org.entando.kubernetes.controller.coordinator.inprocesstests.EntandoOperatorMatcherTest
[INFO] Running org.entando.kubernetes.controller.coordinator.inprocesstests.ControllerCoordinatorEdgeConditionsTest
Nov 18, 2020 5:32:53 AM okhttp3.mockwebserver.MockWebServer$2 e**cute
INFO: MockWebServer[37358] starting to accept connections
Nov 18, 2020 5:32:53 AM okhttp3.mockwebserver.MockWebServer$3 processOneRequest
INFO: MockWebServer[37358] received request: GET /api/v1/namespaces/entando-k8s-controller-coordinator-carcms73 HTTP/1.1 and responded: HTTP/1.1 404 Client Error
Nov 18, 2020 5:32:53 AM okhttp3.mockwebserver.MockWebServer$3 processOneRequest
INFO: MockWebServer[37358] received request: POST /api/v1/namespaces HTTP/1.1 and responded: HTTP/1.1 202 OK
Nov 18, 2020 5:32:53 AM okhttp3.mockwebserver.MockWebServer$3 processOneRequest
INFO: MockWebServer[37358] received request: GET /apis/apiextensions.k8s.io/v1beta1/customresourcedefinitions/entandokeycloakservers.entando.org HTTP/1.1 and responded: HTTP/1.1 404 Client Error
Nov 18, 2020 5:32:54 AM okhttp3.mockwebserver.MockWebServer$3 processOneRequest
INFO: MockWebServer[37358] received request: POST /apis/apiextensions.k8s.io/v1beta1/customresourcedefinitions HTTP/1.1 and responded: HTTP/1.1 202 OK
Nov 18, 2020 5:32:54 AM okhttp3.mockwebserver.MockWebServer$3 processOneRequest
INFO: MockWebServer[37358] received request: GET /api/v1/namespaces/entando-k8s-controller-coordinator-carcms73 HTTP/1.1 and responded: HTTP/1.1 200 OK
Nov 18, 2020 5:32:54 AM okhttp3.mockwebserver.MockWebServer$3 processOneRequest
INFO: MockWebServer[37358] received request: GET /apis/entando.org/v1/namespaces/entando-k8s-controller-coordinator-carcms73/entandokeycloakservers HTTP/1.1 and responded: HTTP/1.1 200 OK
Nov 18, 2020 5:32:54 AM okhttp3.mockwebserver.MockWebServer$3 processOneRequest
INFO: MockWebServer[37358] received request: GET /api/v1/namespaces/entando-k8s-controller-coordinator-carcms73 HTTP/1.1 and responded: HTTP/1.1 200 OK
Nov 18, 2020 5:32:54 AM okhttp3.mockwebserver.MockWebServer$3 processOneRequest
INFO: MockWebServer[37358] received request: GET /apis/entando.org/v1/namespaces/entando-k8s-controller-coordinator-carcms73/entandokeycloakservers HTTP/1.1 and responded: HTTP/1.1 200 OK
Nov 18, 2020 5:32:54 AM okhttp3.mockwebserver.MockWebServer$3 processOneRequest
INFO: MockWebServer[37358] received request: GET /apis/entando.org/v1/namespaces/entando-k8s-controller-coordinator-carcms73/entandokeycloakservers HTTP/1.1 and responded: HTTP/1.1 200 OK
Nov 18, 2020 5:32:54 AM okhttp3.mockwebserver.MockWebServer$3 processOneRequest
INFO: MockWebServer[37358] received request: GET /apis/entando.org/v1/namespaces/entando-k8s-controller-coordinator-carcms73/entandokeycloakservers?watch=true HTTP/1.1 and responded: HTTP/1.1 200 OK
Nov 18, 2020 5:32:54 AM okhttp3.mockwebserver.MockWebServer$3 processOneRequest
INFO: MockWebServer[37358] received request: GET /apis/entando.org/v1/namespaces/entando-k8s-controller-coordinator-carcms73/entandokeycloakservers?watch=true HTTP/1.1 and responded: HTTP/1.1 200 OK
Nov 18, 2020 5:32:54 AM okhttp3.mockwebserver.MockWebServer$3 processOneRequest
INFO: MockWebServer[37358] received request: GET /apis/apiextensions.k8s.io/v1beta1/customresourcedefinitions/entandoclusterinfrastructures.entando.org HTTP/1.1 and responded: HTTP/1.1 404 Client Error
Nov 18, 2020 5:32:54 AM io.fabric8.kubernetes.client.dsl.internal.WatchHTTPManager$1 onResponse
INFO: Watch terminated unexpectedly. reason: \n not found: limit=46 content=7b2261706956657273696f6e223a227631222c226b696e64223a224c69737422â€¦
Nov 18, 2020 5:32:54 AM okhttp3.mockwebserver.MockWebServer$3 processOneRequest
INFO: MockWebServer[37358] received request: POST /apis/apiextensions.k8s.io/v1beta1/customresourcedefinitions HTTP/1.1 and responded: HTTP/1.1 202 OK
Nov 18, 2020 5:32:54 AM okhttp3.mockwebserver.MockWebServer$3 processOneRequest
INFO: MockWebServer[37358] received request: GET /api/v1/namespaces/entando-k8s-controller-coordinator-carcms73 HTTP/1.1 and responded: HTTP/1.1 200 OK
Nov 18, 2020 5:32:54 AM okhttp3.mockwebserver.MockWebServer$3 processOneRequest
INFO: MockWebServer[37358] received request: GET /apis/entando.org/v1/namespaces/entando-k8s-controller-coordinator-carcms73/entandoclusterinfrastructures HTTP/1.1 and responded: HTTP/1.1 200 OK
Nov 18, 2020 5:32:55 AM okhttp3.mockwebserver.MockWebServer$3 processOneRequest
INFO: MockWebServer[37358] received request: GET /api/v1/namespaces/entando-k8s-controller-coordinator-carcms73 HTTP/1.1 and responded: HTTP/1.1 200 OK
Nov 18, 2020 5:32:55 AM okhttp3.mockwebserver.MockWebServer$3 processOneRequest
INFO: MockWebServer[37358] received request: GET /apis/entando.org/v1/namespaces/entando-k8s-controller-coordinator-carcms73/entandoclusterinfrastructures HTTP/1.1 and responded: HTTP/1.1 200 OK
Nov 18, 2020 5:32:55 AM okhttp3.mockwebserver.MockWebServer$3 processOneRequest
INFO: MockWebServer[37358] received request: GET /apis/entando.org/v1/namespaces/entando-k8s-controller-coordinator-carcms73/entandoclusterinfrastructures HTTP/1.1 and responded: HTTP/1.1 200 OK
Nov 18, 2020 5:32:55 AM okhttp3.mockwebserver.MockWebServer$3 processOneRequest
INFO: MockWebServer[37358] received request: GET /apis/entando.org/v1/namespaces/entando-k8s-controller-coordinator-carcms73/entandoclusterinfrastructures?watch=true HTTP/1.1 and responded: HTTP/1.1 200 OK
Nov 18, 2020 5:32:55 AM okhttp3.mockwebserver.MockWebServer$3 processOneRequest
INFO: MockWebServer[37358] received request: GET /apis/entando.org/v1/namespaces/entando-k8s-controller-coordinator-carcms73/entandoclusterinfrastructures?watch=true HTTP/1.1 and responded: HTTP/1.1 200 OK
Nov 18, 2020 5:32:55 AM okhttp3.mockwebserver.MockWebServer$3 processOneRequest
INFO: MockWebServer[37358] received request: GET /apis/apiextensions.k8s.io/v1beta1/customresourcedefinitions/entandoapps.entando.org HTTP/1.1 and responded: HTTP/1.1 404 Client Error
Nov 18, 2020 5:32:55 AM io.fabric8.kubernetes.client.dsl.internal.WatchHTTPManager$1 onResponse
INFO: Watch terminated unexpectedly. reason: \n not found: limit=46 content=7b2261706956657273696f6e223a227631222c226b696e64223a224c69737422â€¦
Nov 18, 2020 5:32:55 AM okhttp3.mockwebserver.MockWebServer$3 processOneRequest
INFO: MockWebServer[37358] received request: POST /apis/apiextensions.k8s.io/v1beta1/customresourcedefinitions HTTP/1.1 and responded: HTTP/1.1 202 OK
Nov 18, 2020 5:32:55 AM okhttp3.mockwebserver.MockWebServer$3 processOneRequest
INFO: MockWebServer[37358] received request: GET /api/v1/namespaces/entando-k8s-controller-coordinator-carcms73 HTTP/1.1 and responded: HTTP/1.1 200 OK
Nov 18, 2020 5:32:55 AM okhttp3.mockwebserver.MockWebServer$3 processOneRequest
INFO: MockWebServer[37358] received request: GET /apis/entando.org/v1/namespaces/entando-k8s-controller-coordinator-carcms73/entandoapps HTTP/1.1 and responded: HTTP/1.1 200 OK
Nov 18, 2020 5:32:55 AM okhttp3.mockwebserver.MockWebServer$3 processOneRequest
INFO: MockWebServer[37358] received request: GET /api/v1/namespaces/entando-k8s-controller-coordinator-carcms73 HTTP/1.1 and responded: HTTP/1.1 200 OK
Nov 18, 2020 5:32:55 AM okhttp3.mockwebserver.MockWebServer$3 processOneRequest
INFO: MockWebServer[37358] received request: GET /apis/entando.org/v1/namespaces/entando-k8s-controller-coordinator-carcms73/entandoapps HTTP/1.1 and responded: HTTP/1.1 200 OK
Nov 18, 2020 5:32:55 AM io.fabric8.kubernetes.client.dsl.internal.WatchHTTPManager$1 onResponse
INFO: Watch terminated unexpectedly. reason: \n not found: limit=46 content=7b2261706956657273696f6e223a227631222c226b696e64223a224c69737422â€¦
Nov 18, 2020 5:32:55 AM okhttp3.mockwebserver.MockWebServer$3 processOneRequest
INFO: MockWebServer[37358] received request: GET /apis/entando.org/v1/namespaces/entando-k8s-controller-coordinator-carcms73/entandokeycloakservers?watch=true HTTP/1.1 and responded: HTTP/1.1 200 OK
Nov 18, 2020 5:32:55 AM okhttp3.mockwebserver.MockWebServer$3 processOneRequest
INFO: MockWebServer[37358] received request: GET /apis/entando.org/v1/namespaces/entando-k8s-controller-coordinator-carcms73/entandoapps HTTP/1.1 and responded: HTTP/1.1 200 OK
Nov 18, 2020 5:32:55 AM okhttp3.mockwebserver.MockWebServer$3 processOneRequest
INFO: MockWebServer[37358] received request: GET /apis/entando.org/v1/namespaces/entando-k8s-controller-coordinator-carcms73/entandoapps?watch=true HTTP/1.1 and responded: HTTP/1.1 200 OK
Nov 18, 2020 5:32:56 AM okhttp3.mockwebserver.MockWebServer$3 processOneRequest
INFO: MockWebServer[37358] received request: GET /apis/entando.org/v1/namespaces/entando-k8s-controller-coordinator-carcms73/entandoapps?watch=true HTTP/1.1 and responded: HTTP/1.1 200 OK
Nov 18, 2020 5:32:56 AM okhttp3.mockwebserver.MockWebServer$3 processOneRequest
INFO: MockWebServer[37358] received request: GET /apis/apiextensions.k8s.io/v1beta1/customresourcedefinitions/entandoplugins.entando.org HTTP/1.1 and responded: HTTP/1.1 404 Client Error
Nov 18, 2020 5:32:56 AM io.fabric8.kubernetes.client.dsl.internal.WatchHTTPManager$1 onResponse
INFO: Watch terminated unexpectedly. reason: \n not found: limit=46 content=7b2261706956657273696f6e223a227631222c226b696e64223a224c69737422â€¦
Nov 18, 2020 5:32:56 AM okhttp3.mockwebserver.MockWebServer$3 processOneRequest
INFO: MockWebServer[37358] received request: POST /apis/apiextensions.k8s.io/v1beta1/customresourcedefinitions HTTP/1.1 and responded: HTTP/1.1 202 OK
Nov 18, 2020 5:32:56 AM okhttp3.mockwebserver.MockWebServer$3 processOneRequest
INFO: MockWebServer[37358] received request: GET /api/v1/namespaces/entando-k8s-controller-coordinator-carcms73 HTTP/1.1 and responded: HTTP/1.1 200 OK
Nov 18, 2020 5:32:56 AM okhttp3.mockwebserver.MockWebServer$3 processOneRequest
INFO: MockWebServer[37358] received request: GET /apis/entando.org/v1/namespaces/entando-k8s-controller-coordinator-carcms73/entandoplugins HTTP/1.1 and responded: HTTP/1.1 200 OK
Nov 18, 2020 5:32:56 AM okhttp3.mockwebserver.MockWebServer$3 processOneRequest
INFO: MockWebServer[37358] received request: GET /api/v1/namespaces/entando-k8s-controller-coordinator-carcms73 HTTP/1.1 and responded: HTTP/1.1 200 OK
Nov 18, 2020 5:32:56 AM okhttp3.mockwebserver.MockWebServer$3 processOneRequest
INFO: MockWebServer[37358] received request: GET /apis/entando.org/v1/namespaces/entando-k8s-controller-coordinator-carcms73/entandoplugins HTTP/1.1 and responded: HTTP/1.1 200 OK
Nov 18, 2020 5:32:56 AM okhttp3.mockwebserver.MockWebServer$3 processOneRequest
INFO: MockWebServer[37358] received request: GET /apis/entando.org/v1/namespaces/entando-k8s-controller-coordinator-carcms73/entandoclusterinfrastructures?watch=true HTTP/1.1 and responded: HTTP/1.1 200 OK
Nov 18, 2020 5:32:56 AM io.fabric8.kubernetes.client.dsl.internal.WatchHTTPManager$1 onResponse
INFO: Watch terminated unexpectedly. reason: \n not found: limit=46 content=7b2261706956657273696f6e223a227631222c226b696e64223a224c69737422â€¦
Nov 18, 2020 5:32:56 AM okhttp3.mockwebserver.MockWebServer$3 processOneRequest
INFO: MockWebServer[37358] received request: GET /apis/entando.org/v1/namespaces/entando-k8s-controller-coordinator-carcms73/entandoplugins HTTP/1.1 and responded: HTTP/1.1 200 OK
Nov 18, 2020 5:32:56 AM okhttp3.mockwebserver.MockWebServer$3 processOneRequest
INFO: MockWebServer[37358] received request: GET /apis/entando.org/v1/namespaces/entando-k8s-controller-coordinator-carcms73/entandoplugins?watch=true HTTP/1.1 and responded: HTTP/1.1 200 OK
Nov 18, 2020 5:32:56 AM okhttp3.mockwebserver.MockWebServer$3 processOneRequest
INFO: MockWebServer[37358] received request: GET /apis/entando.org/v1/namespaces/entando-k8s-controller-coordinator-carcms73/entandoplugins?watch=true HTTP/1.1 and responded: HTTP/1.1 200 OK
Nov 18, 2020 5:32:56 AM okhttp3.mockwebserver.MockWebServer$3 processOneRequest
INFO: MockWebServer[37358] received request: GET /apis/apiextensions.k8s.io/v1beta1/customresourcedefinitions/entandoapppluginlinks.entando.org HTTP/1.1 and responded: HTTP/1.1 404 Client Error
Nov 18, 2020 5:32:56 AM io.fabric8.kubernetes.client.dsl.internal.WatchHTTPManager$1 onResponse
INFO: Watch terminated unexpectedly. reason: \n not found: limit=46 content=7b2261706956657273696f6e223a227631222c226b696e64223a224c69737422â€¦
Nov 18, 2020 5:32:56 AM okhttp3.mockwebserver.MockWebServer$3 processOneRequest
INFO: MockWebServer[37358] received request: POST /apis/apiextensions.k8s.io/v1beta1/customresourcedefinitions HTTP/1.1 and responded: HTTP/1.1 202 OK
Nov 18, 2020 5:32:56 AM okhttp3.mockwebserver.MockWebServer$3 processOneRequest
INFO: MockWebServer[37358] received request: GET /api/v1/namespaces/entando-k8s-controller-coordinator-carcms73 HTTP/1.1 and responded: HTTP/1.1 200 OK
Nov 18, 2020 5:32:56 AM okhttp3.mockwebserver.MockWebServer$3 processOneRequest
INFO: MockWebServer[37358] received request: GET /apis/entando.org/v1/namespaces/entando-k8s-controller-coordinator-carcms73/entandoapppluginlinks HTTP/1.1 and responded: HTTP/1.1 200 OK
Nov 18, 2020 5:32:57 AM okhttp3.mockwebserver.MockWebServer$3 processOneRequest
INFO: MockWebServer[37358] received request: GET /api/v1/namespaces/entando-k8s-controller-coordinator-carcms73 HTTP/1.1 and responded: HTTP/1.1 200 OK
Nov 18, 2020 5:32:57 AM okhttp3.mockwebserver.MockWebServer$3 processOneRequest
INFO: MockWebServer[37358] received request: GET /apis/entando.org/v1/namespaces/entando-k8s-controller-coordinator-carcms73/entandoapppluginlinks HTTP/1.1 and responded: HTTP/1.1 200 OK
Nov 18, 2020 5:32:57 AM okhttp3.mockwebserver.MockWebServer$3 processOneRequest
INFO: MockWebServer[37358] received request: GET /apis/entando.org/v1/namespaces/entando-k8s-controller-coordinator-carcms73/entandoapps?watch=true HTTP/1.1 and responded: HTTP/1.1 200 OK
Nov 18, 2020 5:32:57 AM io.fabric8.kubernetes.client.dsl.internal.WatchHTTPManager$1 onResponse
INFO: Watch terminated unexpectedly. reason: \n not found: limit=46 content=7b2261706956657273696f6e223a227631222c226b696e64223a224c69737422â€¦
Nov 18, 2020 5:32:57 AM okhttp3.mockwebserver.MockWebServer$3 processOneRequest
INFO: MockWebServer[37358] received request: GET /apis/entando.org/v1/namespaces/entando-k8s-controller-coordinator-carcms73/entandoapppluginlinks HTTP/1.1 and responded: HTTP/1.1 200 OK
Nov 18, 2020 5:32:57 AM okhttp3.mockwebserver.MockWebServer$3 processOneRequest
INFO: MockWebServer[37358] received request: GET /apis/entando.org/v1/namespaces/entando-k8s-controller-coordinator-carcms73/entandoapppluginlinks?watch=true HTTP/1.1 and responded: HTTP/1.1 200 OK
Nov 18, 2020 5:32:57 AM okhttp3.mockwebserver.MockWebServer$3 processOneRequest
INFO: MockWebServer[37358] received request: GET /apis/entando.org/v1/namespaces/entando-k8s-controller-coordinator-carcms73/entandoapppluginlinks?watch=true HTTP/1.1 and responded: HTTP/1.1 200 OK
Nov 18, 2020 5:32:57 AM okhttp3.mockwebserver.MockWebServer$3 processOneRequest
INFO: MockWebServer[37358] received request: GET /apis/apiextensions.k8s.io/v1beta1/customresourcedefinitions/entandocompositeapps.entando.org HTTP/1.1 and responded: HTTP/1.1 404 Client Error
Nov 18, 2020 5:32:57 AM io.fabric8.kubernetes.client.dsl.internal.WatchHTTPManager$1 onResponse
INFO: Watch terminated unexpectedly. reason: \n not found: limit=46 content=7b2261706956657273696f6e223a227631222c226b696e64223a224c69737422â€¦
Nov 18, 2020 5:32:57 AM okhttp3.mockwebserver.MockWebServer$3 processOneRequest
INFO: MockWebServer[37358] received request: POST /apis/apiextensions.k8s.io/v1beta1/customresourcedefinitions HTTP/1.1 and responded: HTTP/1.1 202 OK
Nov 18, 2020 5:32:57 AM okhttp3.mockwebserver.MockWebServer$3 processOneRequest
INFO: MockWebServer[37358] received request: GET /api/v1/namespaces/entando-k8s-controller-coordinator-carcms73 HTTP/1.1 and responded: HTTP/1.1 200 OK
Nov 18, 2020 5:32:57 AM okhttp3.mockwebserver.MockWebServer$3 processOneRequest
INFO: MockWebServer[37358] received request: GET /apis/entando.org/v1/namespaces/entando-k8s-controller-coordinator-carcms73/entandocompositeapps HTTP/1.1 and responded: HTTP/1.1 200 OK
Nov 18, 2020 5:32:57 AM okhttp3.mockwebserver.MockWebServer$3 processOneRequest
INFO: MockWebServer[37358] received request: GET /api/v1/namespaces/entando-k8s-controller-coordinator-carcms73 HTTP/1.1 and responded: HTTP/1.1 200 OK
Nov 18, 2020 5:32:57 AM okhttp3.mockwebserver.MockWebServer$3 processOneRequest
INFO: MockWebServer[37358] received request: GET /apis/entando.org/v1/namespaces/entando-k8s-controller-coordinator-carcms73/entandocompositeapps HTTP/1.1 and responded: HTTP/1.1 200 OK
Nov 18, 2020 5:32:57 AM okhttp3.mockwebserver.MockWebServer$3 processOneRequest
INFO: MockWebServer[37358] received request: GET /apis/entando.org/v1/namespaces/entando-k8s-controller-coordinator-carcms73/entandocompositeapps HTTP/1.1 and responded: HTTP/1.1 200 OK
Nov 18, 2020 5:32:57 AM io.fabric8.kubernetes.client.dsl.internal.WatchHTTPManager$1 onResponse
INFO: Watch terminated unexpectedly. reason: \n not found: limit=46 content=7b2261706956657273696f6e223a227631222c226b696e64223a224c69737422â€¦
Nov 18, 2020 5:32:57 AM okhttp3.mockwebserver.MockWebServer$3 processOneRequest
INFO: MockWebServer[37358] received request: GET /apis/entando.org/v1/namespaces/entando-k8s-controller-coordinator-carcms73/entandoplugins?watch=true HTTP/1.1 and responded: HTTP/1.1 200 OK
Nov 18, 2020 5:32:57 AM okhttp3.mockwebserver.MockWebServer$3 processOneRequest
INFO: MockWebServer[37358] received request: GET /apis/entando.org/v1/namespaces/entando-k8s-controller-coordinator-carcms73/entandocompositeapps?watch=true HTTP/1.1 and responded: HTTP/1.1 200 OK
Nov 18, 2020 5:32:57 AM okhttp3.mockwebserver.MockWebServer$3 processOneRequest
INFO: MockWebServer[37358] received request: GET /apis/entando.org/v1/namespaces/entando-k8s-controller-coordinator-carcms73/entandokeycloakservers?watch=true HTTP/1.1 and responded: HTTP/1.1 200 OK
Nov 18, 2020 5:32:57 AM io.fabric8.kubernetes.client.dsl.internal.WatchHTTPManager$1 onResponse
INFO: Watch terminated unexpectedly. reason: \n not found: limit=46 content=7b2261706956657273696f6e223a227631222c226b696e64223a224c69737422â€¦
Nov 18, 2020 5:32:57 AM okhttp3.mockwebserver.MockWebServer$3 processOneRequest
INFO: MockWebServer[37358] received request: GET /apis/entando.org/v1/namespaces/entando-k8s-controller-coordinator-carcms73/entandocompositeapps?watch=true HTTP/1.1 and responded: HTTP/1.1 200 OK
Nov 18, 2020 5:32:57 AM okhttp3.mockwebserver.MockWebServer$3 processOneRequest
INFO: MockWebServer[37358] received request: GET /apis/apiextensions.k8s.io/v1beta1/customresourcedefinitions/entandodatabaseservices.entando.org HTTP/1.1 and responded: HTTP/1.1 404 Client Error
Nov 18, 2020 5:32:58 AM io.fabric8.kubernetes.client.dsl.internal.WatchHTTPManager$1 onResponse
INFO: Watch terminated unexpectedly. reason: \n not found: limit=46 content=7b2261706956657273696f6e223a227631222c226b696e64223a224c69737422â€¦
Nov 18, 2020 5:32:58 AM okhttp3.mockwebserver.MockWebServer$3 processOneRequest
INFO: MockWebServer[37358] received request: POST /apis/apiextensions.k8s.io/v1beta1/customresourcedefinitions HTTP/1.1 and responded: HTTP/1.1 202 OK
Nov 18, 2020 5:32:58 AM okhttp3.mockwebserver.MockWebServer$3 processOneRequest
INFO: MockWebServer[37358] received request: GET /api/v1/namespaces/entando-k8s-controller-coordinator-carcms73 HTTP/1.1 and responded: HTTP/1.1 200 OK
Nov 18, 2020 5:32:58 AM okhttp3.mockwebserver.MockWebServer$3 processOneRequest
INFO: MockWebServer[37358] received request: GET /apis/entando.org/v1/namespaces/entando-k8s-controller-coordinator-carcms73/entandodatabaseservices HTTP/1.1 and responded: HTTP/1.1 200 OK
Nov 18, 2020 5:32:58 AM okhttp3.mockwebserver.MockWebServer$3 processOneRequest
INFO: MockWebServer[37358] received request: GET /api/v1/namespaces/entando-k8s-controller-coordinator-carcms73 HTTP/1.1 and responded: HTTP/1.1 200 OK
Nov 18, 2020 5:32:58 AM okhttp3.mockwebserver.MockWebServer$3 processOneRequest
INFO: MockWebServer[37358] received request: GET /apis/entando.org/v1/namespaces/entando-k8s-controller-coordinator-carcms73/entandodatabaseservices HTTP/1.1 and responded: HTTP/1.1 200 OK
Nov 18, 2020 5:32:58 AM okhttp3.mockwebserver.MockWebServer$3 processOneRequest
INFO: MockWebServer[37358] received request: GET /apis/entando.org/v1/namespaces/entando-k8s-controller-coordinator-carcms73/entandodatabaseservices HTTP/1.1 and responded: HTTP/1.1 200 OK
Nov 18, 2020 5:32:58 AM io.fabric8.kubernetes.client.dsl.internal.WatchHTTPManager$1 onResponse
INFO: Watch terminated unexpectedly. reason: \n not found: limit=46 content=7b2261706956657273696f6e223a227631222c226b696e64223a224c69737422â€¦
Nov 18, 2020 5:32:58 AM okhttp3.mockwebserver.MockWebServer$3 processOneRequest
INFO: MockWebServer[37358] received request: GET /apis/entando.org/v1/namespaces/entando-k8s-controller-coordinator-carcms73/entandoapppluginlinks?watch=true HTTP/1.1 and responded: HTTP/1.1 200 OK
Nov 18, 2020 5:32:58 AM okhttp3.mockwebserver.MockWebServer$3 processOneRequest
INFO: MockWebServer[37358] received request: GET /apis/entando.org/v1/namespaces/entando-k8s-controller-coordinator-carcms73/entandodatabaseservices?watch=true HTTP/1.1 and responded: HTTP/1.1 200 OK
Nov 18, 2020 5:32:58 AM io.fabric8.kubernetes.client.dsl.internal.WatchHTTPManager$1 onResponse
INFO: Watch terminated unexpectedly. reason: \n not found: limit=46 content=7b2261706956657273696f6e223a227631222c226b696e64223a224c69737422â€¦
Nov 18, 2020 5:32:58 AM okhttp3.mockwebserver.MockWebServer$3 processOneRequest
INFO: MockWebServer[37358] received request: GET /apis/entando.org/v1/namespaces/entando-k8s-controller-coordinator-carcms73/entandoclusterinfrastructures?watch=true HTTP/1.1 and responded: HTTP/1.1 200 OK
Nov 18, 2020 5:32:58 AM okhttp3.mockwebserver.MockWebServer$3 processOneRequest
INFO: MockWebServer[37358] received request: GET /apis/entando.org/v1/namespaces/entando-k8s-controller-coordinator-carcms73/entandodatabaseservices?watch=true HTTP/1.1 and responded: HTTP/1.1 200 OK
Nov 18, 2020 5:32:58 AM io.fabric8.kubernetes.client.dsl.internal.WatchHTTPManager$1 onResponse
INFO: Watch terminated unexpectedly. reason: \n not found: limit=46 content=7b2261706956657273696f6e223a227631222c226b696e64223a224c69737422â€¦
Nov 18, 2020 5:32:58 AM okhttp3.mockwebserver.MockWebServer$3 processOneRequest
INFO: MockWebServer[37358] received request: POST /api/v1/namespaces/entando/configmaps HTTP/1.1 and responded: HTTP/1.1 202 OK
Nov 18, 2020 5:32:58 AM okhttp3.mockwebserver.MockWebServer$3 processOneRequest
INFO: MockWebServer[37358] received request: GET /api/v1/namespaces/entando-k8s-controller-coordinator-carcms73 HTTP/1.1 and responded: HTTP/1.1 200 OK
Nov 18, 2020 5:32:58 AM okhttp3.mockwebserver.MockWebServer$3 processOneRequest
INFO: MockWebServer[37358] received request: GET /apis/entando.org/v1/namespaces/entando-k8s-controller-coordinator-carcms73/entandokeycloakservers HTTP/1.1 and responded: HTTP/1.1 200 OK
Nov 18, 2020 5:32:58 AM okhttp3.mockwebserver.MockWebServer$3 processOneRequest
INFO: MockWebServer[37358] received request: GET /api/v1/namespaces/entando-k8s-controller-coordinator-carcms73 HTTP/1.1 and responded: HTTP/1.1 200 OK
Nov 18, 2020 5:32:58 AM okhttp3.mockwebserver.MockWebServer$3 processOneRequest
INFO: MockWebServer[37358] received request: GET /apis/entando.org/v1/namespaces/entando-k8s-controller-coordinator-carcms73/entandokeycloakservers HTTP/1.1 and responded: HTTP/1.1 200 OK
Nov 18, 2020 5:32:59 AM okhttp3.mockwebserver.MockWebServer$3 processOneRequest
INFO: MockWebServer[37358] received request: GET /apis/entando.org/v1/namespaces/entando-k8s-controller-coordinator-carcms73/entandocompositeapps?watch=true HTTP/1.1 and responded: HTTP/1.1 200 OK
Nov 18, 2020 5:32:59 AM okhttp3.mockwebserver.MockWebServer$3 processOneRequest
INFO: MockWebServer[37358] received request: POST /apis/entando.org/v1/namespaces/entando-k8s-controller-coordinator-carcms73/entandokeycloakservers HTTP/1.1 and responded: HTTP/1.1 202 OK
Nov 18, 2020 5:32:59 AM org.entando.kubernetes.controller.coordinator.EntandoResourceObserver logAction
INFO: Received ADDED for resource EntandoKeycloakServer entando-k8s-controller-coordinator-carcms73/test-keycloak
Nov 18, 2020 5:32:59 AM io.fabric8.kubernetes.client.dsl.internal.WatchHTTPManager$1 onResponse
INFO: Watch terminated unexpectedly. reason: \n not found: limit=46 content=7b2261706956657273696f6e223a227631222c226b696e64223a224c69737422â€¦
Nov 18, 2020 5:32:59 AM okhttp3.mockwebserver.MockWebServer$3 processOneRequest
INFO: MockWebServer[37358] received request: GET /api/v1/namespaces/entando/configmaps/entando-docker-image-info-v6.1 HTTP/1.1 and responded: HTTP/1.1 200 OK
Nov 18, 2020 5:32:59 AM okhttp3.mockwebserver.MockWebServer$3 processOneRequest
INFO: MockWebServer[37358] received request: GET /apis/entando.org/v1/namespaces/entando-k8s-controller-coordinator-carcms73/entandoapps?watch=true HTTP/1.1 and responded: HTTP/1.1 200 OK
Nov 18, 2020 5:32:59 AM io.fabric8.kubernetes.client.dsl.internal.WatchHTTPManager$1 onResponse
INFO: Watch terminated unexpectedly. reason: \n not found: limit=46 content=7b2261706956657273696f6e223a227631222c226b696e64223a224c69737422â€¦
Nov 18, 2020 5:32:59 AM okhttp3.mockwebserver.MockWebServer$3 processOneRequest
INFO: MockWebServer[37358] received request: GET /api/v1/namespaces/entando-k8s-controller-coordinator-carcms73/pods?labelSelector=EntandoResourceNamespace%3Dentando-k8s-controller-coordinator-carcms73%2CEntandoResourceKind%3DEntandoKeycloakServer%2CEntandoKeycloakServer%3Dtest-keycloak HTTP/1.1 and responded: HTTP/1.1 200 OK
Nov 18, 2020 5:32:59 AM okhttp3.mockwebserver.MockWebServer$3 processOneRequest
INFO: MockWebServer[37358] received request: GET /api/v1/namespaces/entando-k8s-controller-coordinator-carcms73/pods?labelSelector=EntandoResourceKind%3DEntandoKeycloakServer HTTP/1.1 and responded: HTTP/1.1 200 OK
Nov 18, 2020 5:32:59 AM okhttp3.mockwebserver.MockWebServer$3 processOneRequest
INFO: MockWebServer[37358] received request: GET /api/v1/namespaces/entando-k8s-controller-coordinator-carcms73/pods?labelSelector=EntandoResourceNamespace%3Dentando-k8s-controller-coordinator-carcms73%2CEntandoResourceKind%3DEntandoKeycloakServer%2CEntandoKeycloakServer%3Dtest-keycloak&watch=true HTTP/1.1 and responded: HTTP/1.1 200 OK
Nov 18, 2020 5:32:59 AM okhttp3.mockwebserver.MockWebServer$3 processOneRequest
INFO: MockWebServer[37358] received request: GET /api/v1/namespaces/entando-k8s-controller-coordinator-carcms73/pods?labelSelector=EntandoResourceNamespace%3Dentando-k8s-controller-coordinator-carcms73%2CEntandoResourceKind%3DEntandoKeycloakServer%2CEntandoKeycloakServer%3Dtest-keycloak&watch=true HTTP/1.1 and responded: HTTP/1.1 200 OK
Nov 18, 2020 5:32:59 AM okhttp3.mockwebserver.MockWebServer$3 processOneRequest
INFO: MockWebServer[37358] received request: GET /api/v1/namespaces/entando-k8s-controller-coordinator-carcms73/pods?labelSelector=EntandoResourceNamespace%3Dentando-k8s-controller-coordinator-carcms73%2CEntandoResourceKind%3DEntandoKeycloakServer%2CEntandoKeycloakServer%3Dtest-keycloak HTTP/1.1 and responded: HTTP/1.1 200 OK
Nov 18, 2020 5:32:59 AM io.fabric8.kubernetes.client.dsl.internal.WatchHTTPManager$1 onResponse
INFO: Watch terminated unexpectedly. reason: \n not found: limit=46 content=7b2261706956657273696f6e223a227631222c226b696e64223a224c69737422â€¦
Nov 18, 2020 5:32:59 AM okhttp3.mockwebserver.MockWebServer$3 processOneRequest
INFO: MockWebServer[37358] received request: GET /api/v1/namespaces/entando-k8s-controller-coordinator-carcms73/pods?labelSelector=EntandoResourceKind%3DEntandoKeycloakServer HTTP/1.1 and responded: HTTP/1.1 200 OK
Nov 18, 2020 5:32:59 AM okhttp3.mockwebserver.MockWebServer$3 processOneRequest
INFO: MockWebServer[37358] received request: GET /api/v1/namespaces/entando-k8s-controller-coordinator-carcms73/pods?labelSelector=EntandoResourceNamespace%3Dentando-k8s-controller-coordinator-carcms73%2CEntandoResourceKind%3DEntandoKeycloakServer%2CEntandoKeycloakServer%3Dtest-keycloak HTTP/1.1 and responded: HTTP/1.1 200 OK
Nov 18, 2020 5:32:59 AM okhttp3.mockwebserver.MockWebServer$3 processOneRequest
INFO: MockWebServer[37358] received request: GET /apis/entando.org/v1/namespaces/entando-k8s-controller-coordinator-carcms73/entandodatabaseservices?watch=true HTTP/1.1 and responded: HTTP/1.1 200 OK
Nov 18, 2020 5:32:59 AM io.fabric8.kubernetes.client.dsl.internal.WatchHTTPManager$1 onResponse
INFO: Watch terminated unexpectedly. reason: \n not found: limit=46 content=7b2261706956657273696f6e223a227631222c226b696e64223a224c69737422â€¦
Nov 18, 2020 5:32:59 AM okhttp3.mockwebserver.MockWebServer$3 processOneRequest
INFO: MockWebServer[37358] received request: GET /api/v1/namespaces/entando-k8s-controller-coordinator-carcms73/pods?labelSelector=EntandoResourceKind%3DEntandoKeycloakServer HTTP/1.1 and responded: HTTP/1.1 200 OK
Nov 18, 2020 5:32:59 AM okhttp3.mockwebserver.MockWebServer$3 processOneRequest
INFO: MockWebServer[37358] received request: GET /apis/entando.org/v1/namespaces/entando-k8s-controller-coordinator-carcms73/entandoplugins?watch=true HTTP/1.1 and responded: HTTP/1.1 200 OK
Nov 18, 2020 5:32:59 AM io.fabric8.kubernetes.client.dsl.internal.WatchHTTPManager$1 onResponse
INFO: Watch terminated unexpectedly. reason: \n not found: limit=46 content=7b2261706956657273696f6e223a227631222c226b696e64223a224c69737422â€¦
Nov 18, 2020 5:32:59 AM okhttp3.mockwebserver.MockWebServer$3 processOneRequest
INFO: MockWebServer[37358] received request: GET /api/v1/namespaces/entando-k8s-controller-coordinator-carcms73/pods?labelSelector=EntandoResourceKind%3DEntandoKeycloakServer HTTP/1.1 and responded: HTTP/1.1 200 OK
Nov 18, 2020 5:33:00 AM okhttp3.mockwebserver.MockWebServer$3 processOneRequest
INFO: MockWebServer[37358] received request: GET /api/v1/namespaces/entando-k8s-controller-coordinator-carcms73/pods?labelSelector=EntandoResourceKind%3DEntandoKeycloakServer HTTP/1.1 and responded: HTTP/1.1 200 OK
Nov 18, 2020 5:33:00 AM okhttp3.mockwebserver.MockWebServer$3 processOneRequest
INFO: MockWebServer[37358] received request: GET /api/v1/namespaces/entando-k8s-controller-coordinator-carcms73/pods?labelSelector=EntandoResourceKind%3DEntandoKeycloakServer HTTP/1.1 and responded: HTTP/1.1 200 OK
Nov 18, 2020 5:33:00 AM okhttp3.mockwebserver.MockWebServer$3 processOneRequest
INFO: MockWebServer[37358] received request: GET /api/v1/namespaces/entando-k8s-controller-coordinator-carcms73/pods?labelSelector=EntandoResourceKind%3DEntandoKeycloakServer HTTP/1.1 and responded: HTTP/1.1 200 OK
Nov 18, 2020 5:33:00 AM okhttp3.mockwebserver.MockWebServer$3 processOneRequest
INFO: MockWebServer[37358] received request: GET /apis/entando.org/v1/namespaces/entando-k8s-controller-coordinator-carcms73/entandoapppluginlinks?watch=true HTTP/1.1 and responded: HTTP/1.1 200 OK
Nov 18, 2020 5:33:00 AM io.fabric8.kubernetes.client.dsl.internal.WatchHTTPManager$1 onResponse
INFO: Watch terminated unexpectedly. reason: \n not found: limit=46 content=7b2261706956657273696f6e223a227631222c226b696e64223a224c69737422â€¦
Nov 18, 2020 5:33:00 AM okhttp3.mockwebserver.MockWebServer$3 processOneRequest
INFO: MockWebServer[37358] received request: GET /api/v1/namespaces/entando-k8s-controller-coordinator-carcms73/pods?labelSelector=EntandoResourceKind%3DEntandoKeycloakServer HTTP/1.1 and responded: HTTP/1.1 200 OK
Nov 18, 2020 5:33:00 AM io.fabric8.kubernetes.client.dsl.internal.WatchHTTPManager$1 onResponse
INFO: Watch terminated unexpectedly. reason: \n not found: limit=46 content=7b2261706956657273696f6e223a227631222c226b696e64223a224c69737422â€¦
Nov 18, 2020 5:33:00 AM io.fabric8.kubernetes.client.dsl.internal.WatchHTTPManager scheduleReconnect
WARN: Ignoring error for already closed/closing connection
Nov 18, 2020 5:33:00 AM okhttp3.mockwebserver.MockWebServer$3 processOneRequest
INFO: MockWebServer[37358] received request: GET /api/v1/namespaces/entando-k8s-controller-coordinator-carcms73/pods?labelSelector=EntandoResourceNamespace%3Dentando-k8s-controller-coordinator-carcms73%2CEntandoResourceKind%3DEntandoKeycloakServer%2CEntandoKeycloakServer%3Dtest-keycloak&watch=true HTTP/1.1 and responded: HTTP/1.1 200 OK
Nov 18, 2020 5:33:00 AM okhttp3.mockwebserver.MockWebServer$3 processOneRequest
INFO: MockWebServer[37358] received request: GET /api/v1/namespaces/entando-k8s-controller-coordinator-carcms73/pods?labelSelector=EntandoResourceKind%3DEntandoKeycloakServer HTTP/1.1 and responded: HTTP/1.1 200 OK
Nov 18, 2020 5:33:00 AM okhttp3.mockwebserver.MockWebServer$3 processOneRequest
INFO: MockWebServer[37358] received request: GET /api/v1/namespaces/entando-k8s-controller-coordinator-carcms73/secrets/test-keycloak-controller-ca-cert-secret HTTP/1.1 and responded: HTTP/1.1 404 Client Error
Nov 18, 2020 5:33:01 AM okhttp3.mockwebserver.MockWebServer$3 processOneRequest
INFO: MockWebServer[37358] received request: POST /api/v1/namespaces/entando-k8s-controller-coordinator-carcms73/secrets HTTP/1.1 and responded: HTTP/1.1 202 OK
Nov 18, 2020 5:33:01 AM okhttp3.mockwebserver.MockWebServer$3 processOneRequest
INFO: MockWebServer[37358] received request: GET /api/v1/namespaces/entando-k8s-controller-coordinator-carcms73/pods?labelSelector=EntandoResourceKind%3DEntandoKeycloakServer HTTP/1.1 and responded: HTTP/1.1 200 OK
Nov 18, 2020 5:33:01 AM okhttp3.mockwebserver.MockWebServer$3 processOneRequest
INFO: MockWebServer[37358] received request: GET /apis/entando.org/v1/namespaces/entando-k8s-controller-coordinator-carcms73/entandocompositeapps?watch=true HTTP/1.1 and responded: HTTP/1.1 200 OK
Nov 18, 2020 5:33:01 AM okhttp3.mockwebserver.MockWebServer$3 processOneRequest
INFO: MockWebServer[37358] received request: POST /api/v1/namespaces/entando-k8s-controller-coordinator-carcms73/pods HTTP/1.1 and responded: HTTP/1.1 202 OK
Nov 18, 2020 5:33:01 AM io.fabric8.kubernetes.client.dsl.internal.WatchHTTPManager$1 onResponse
INFO: Watch terminated unexpectedly. reason: \n not found: limit=46 content=7b2261706956657273696f6e223a227631222c226b696e64223a224c69737422â€¦
Nov 18, 2020 5:33:01 AM okhttp3.mockwebserver.MockWebServer$3 processOneRequest
INFO: MockWebServer[37358] received request: GET /api/v1/namespaces/entando-k8s-controller-coordinator-carcms73/pods?labelSelector=EntandoResourceKind%3DEntandoKeycloakServer HTTP/1.1 and responded: HTTP/1.1 200 OK
Nov 18, 2020 5:33:01 AM okhttp3.mockwebserver.MockWebServer$3 processOneRequest
INFO: MockWebServer[37358] received request: GET /api/v1/namespaces/entando-k8s-controller-coordinator-carcms73 HTTP/1.1 and responded: HTTP/1.1 200 OK
Nov 18, 2020 5:33:01 AM okhttp3.mockwebserver.MockWebServer$3 processOneRequest
INFO: MockWebServer[37358] received request: GET /apis/entando.org/v1/namespaces/entando-k8s-controller-coordinator-carcms73/entandokeycloakservers HTTP/1.1 and responded: HTTP/1.1 200 OK
Nov 18, 2020 5:33:01 AM okhttp3.mockwebserver.MockWebServer$3 processOneRequest
INFO: MockWebServer[37358] received request: GET /api/v1/namespaces/entando-k8s-controller-coordinator-carcms73 HTTP/1.1 and responded: HTTP/1.1 200 OK
Nov 18, 2020 5:33:01 AM okhttp3.mockwebserver.MockWebServer$3 processOneRequest
INFO: MockWebServer[37358] received request: GET /apis/entando.org/v1/namespaces/entando-k8s-controller-coordinator-carcms73/entandokeycloakservers HTTP/1.1 and responded: HTTP/1.1 200 OK
Nov 18, 2020 5:33:01 AM okhttp3.mockwebserver.MockWebServer$3 processOneRequest
INFO: MockWebServer[37358] received request: GET /apis/entando.org/v1/namespaces/entando-k8s-controller-coordinator-carcms73/entandokeycloakservers/test-keycloak HTTP/1.1 and responded: HTTP/1.1 200 OK
Nov 18, 2020 5:33:01 AM io.fabric8.kubernetes.client.dsl.internal.WatchHTTPManager$1 onResponse
INFO: Watch terminated unexpectedly. reason: \n not found: limit=46 content=7b2261706956657273696f6e223a227631222c226b696e64223a224c69737422â€¦
Nov 18, 2020 5:33:01 AM okhttp3.mockwebserver.MockWebServer$3 processOneRequest
INFO: MockWebServer[37358] received request: GET /apis/entando.org/v1/namespaces/entando-k8s-controller-coordinator-carcms73/entandodatabaseservices?watch=true HTTP/1.1 and responded: HTTP/1.1 200 OK
Nov 18, 2020 5:33:01 AM okhttp3.mockwebserver.MockWebServer$3 processOneRequest
INFO: MockWebServer[37358] received request: GET /api/v1/namespaces/entando-k8s-controller-coordinator-carcms73/pods?labelSelector=EntandoResourceKind%3DEntandoKeycloakServer HTTP/1.1 and responded: HTTP/1.1 200 OK
Nov 18, 2020 5:33:01 AM okhttp3.mockwebserver.MockWebServer$3 processOneRequest
INFO: MockWebServer[37358] received request: GET /api/v1/namespaces/entando-k8s-controller-coordinator-carcms73/pods?labelSelector=EntandoResourceKind%3DEntandoKeycloakServer HTTP/1.1 and responded: HTTP/1.1 200 OK
Nov 18, 2020 5:33:02 AM io.fabric8.kubernetes.client.dsl.internal.WatchHTTPManager$1 onResponse
INFO: Watch terminated unexpectedly. reason: \n not found: limit=325 content=7b2261706956657273696f6e223a227631222c226b696e64223a224c69737422â€¦
Nov 18, 2020 5:33:02 AM okhttp3.mockwebserver.MockWebServer$3 processOneRequest
INFO: MockWebServer[37358] received request: GET /apis/entando.org/v1/namespaces/entando-k8s-controller-coordinator-carcms73/entandokeycloakservers?watch=true HTTP/1.1 and responded: HTTP/1.1 200 OK
Nov 18, 2020 5:33:02 AM okhttp3.mockwebserver.MockWebServer$3 processOneRequest
INFO: MockWebServer[37358] received request: GET /api/v1/namespaces/entando-k8s-controller-coordinator-carcms73/pods?labelSelector=EntandoResourceKind%3DEntandoKeycloakServer HTTP/1.1 and responded: HTTP/1.1 200 OK
Nov 18, 2020 5:33:02 AM okhttp3.mockwebserver.MockWebServer$3 processOneRequest
INFO: MockWebServer[37358] received request: GET /api/v1/namespaces/entando-k8s-controller-coordinator-carcms73/pods?labelSelector=EntandoResourceKind%3DEntandoKeycloakServer HTTP/1.1 and responded: HTTP/1.1 200 OK
Nov 18, 2020 5:33:02 AM okhttp3.mockwebserver.MockWebServer$3 processOneRequest
INFO: MockWebServer[37358] received request: GET /api/v1/namespaces/entando-k8s-controller-coordinator-carcms73/pods?labelSelector=EntandoResourceKind%3DEntandoKeycloakServer HTTP/1.1 and responded: HTTP/1.1 200 OK
Nov 18, 2020 5:33:02 AM okhttp3.mockwebserver.MockWebServer$3 processOneRequest
INFO: MockWebServer[37358] received request: GET /api/v1/namespaces/entando-k8s-controller-coordinator-carcms73/pods?labelSelector=EntandoResourceKind%3DEntandoKeycloakServer HTTP/1.1 and responded: HTTP/1.1 200 OK
Nov 18, 2020 5:33:02 AM io.fabric8.kubernetes.client.dsl.internal.WatchHTTPManager$1 onResponse
INFO: Watch terminated unexpectedly. reason: \n not found: limit=46 content=7b2261706956657273696f6e223a227631222c226b696e64223a224c69737422â€¦
Nov 18, 2020 5:33:02 AM okhttp3.mockwebserver.MockWebServer$3 processOneRequest
INFO: MockWebServer[37358] received request: GET /apis/entando.org/v1/namespaces/entando-k8s-controller-coordinator-carcms73/entandoclusterinfrastructures?watch=true HTTP/1.1 and responded: HTTP/1.1 200 OK
Nov 18, 2020 5:33:02 AM okhttp3.mockwebserver.MockWebServer$3 processOneRequest
INFO: MockWebServer[37358] received request: GET /api/v1/namespaces/entando-k8s-controller-coordinator-carcms73/pods?labelSelector=EntandoResourceKind%3DEntandoKeycloakServer HTTP/1.1 and responded: HTTP/1.1 200 OK
Nov 18, 2020 5:33:02 AM okhttp3.mockwebserver.MockWebServer$3 processOneRequest
INFO: MockWebServer[37358] received request: GET /api/v1/namespaces/entando-k8s-controller-coordinator-carcms73/pods?labelSelector=EntandoResourceKind%3DEntandoKeycloakServer HTTP/1.1 and responded: HTTP/1.1 200 OK
Nov 18, 2020 5:33:03 AM okhttp3.mockwebserver.MockWebServer$3 processOneRequest
INFO: MockWebServer[37358] received request: GET /api/v1/namespaces/entando-k8s-controller-coordinator-carcms73/pods?labelSelector=EntandoResourceKind%3DEntandoKeycloakServer HTTP/1.1 and responded: HTTP/1.1 200 OK
Nov 18, 2020 5:33:03 AM okhttp3.mockwebserver.MockWebServer$3 processOneRequest
INFO: MockWebServer[37358] received request: GET /api/v1/namespaces/entando-k8s-controller-coordinator-carcms73/pods?labelSelector=EntandoResourceKind%3DEntandoKeycloakServer HTTP/1.1 and responded: HTTP/1.1 200 OK
Nov 18, 2020 5:33:03 AM io.fabric8.kubernetes.client.dsl.internal.WatchHTTPManager$1 onResponse
INFO: Watch terminated unexpectedly. reason: \n not found: limit=46 content=7b2261706956657273696f6e223a227631222c226b696e64223a224c69737422â€¦
Nov 18, 2020 5:33:03 AM okhttp3.mockwebserver.MockWebServer$3 processOneRequest
INFO: MockWebServer[37358] received request: GET /apis/entando.org/v1/namespaces/entando-k8s-controller-coordinator-carcms73/entandoapps?watch=true HTTP/1.1 and responded: HTTP/1.1 200 OK
Nov 18, 2020 5:33:03 AM okhttp3.mockwebserver.MockWebServer$3 processOneRequest
INFO: MockWebServer[37358] received request: GET /api/v1/namespaces/entando-k8s-controller-coordinator-carcms73/pods?labelSelector=EntandoResourceKind%3DEntandoKeycloakServer HTTP/1.1 and responded: HTTP/1.1 200 OK
Nov 18, 2020 5:33:03 AM okhttp3.mockwebserver.MockWebServer$3 processOneRequest
INFO: MockWebServer[37358] received request: GET /api/v1/namespaces/entando-k8s-controller-coordinator-carcms73/pods?labelSelector=EntandoResourceKind%3DEntandoKeycloakServer HTTP/1.1 and responded: HTTP/1.1 200 OK
Nov 18, 2020 5:33:03 AM okhttp3.mockwebserver.MockWebServer$3 processOneRequest
INFO: MockWebServer[37358] received request: GET /api/v1/namespaces/entando-k8s-controller-coordinator-carcms73/pods?labelSelector=EntandoResourceKind%3DEntandoKeycloakServer HTTP/1.1 and responded: HTTP/1.1 200 OK
Nov 18, 2020 5:33:03 AM okhttp3.mockwebserver.MockWebServer$3 processOneRequest
INFO: MockWebServer[37358] received request: GET /api/v1/namespaces/entando-k8s-controller-coordinator-carcms73/pods?labelSelector=EntandoResourceKind%3DEntandoKeycloakServer HTTP/1.1 and responded: HTTP/1.1 200 OK
Nov 18, 2020 5:33:03 AM okhttp3.mockwebserver.MockWebServer$3 processOneRequest
INFO: MockWebServer[37358] received request: GET /api/v1/namespaces/entando-k8s-controller-coordinator-carcms73/pods?labelSelector=EntandoResourceKind%3DEntandoKeycloakServer HTTP/1.1 and responded: HTTP/1.1 200 OK
Nov 18, 2020 5:33:03 AM io.fabric8.kubernetes.client.dsl.internal.WatchHTTPManager$1 onResponse
INFO: Watch terminated unexpectedly. reason: \n not found: limit=46 content=7b2261706956657273696f6e223a227631222c226b696e64223a224c69737422â€¦
Nov 18, 2020 5:33:03 AM okhttp3.mockwebserver.MockWebServer$3 processOneRequest
INFO: MockWebServer[37358] received request: GET /apis/entando.org/v1/namespaces/entando-k8s-controller-coordinator-carcms73/entandoplugins?watch=true HTTP/1.1 and responded: HTTP/1.1 200 OK
Nov 18, 2020 5:33:04 AM okhttp3.mockwebserver.MockWebServer$3 processOneRequest
INFO: MockWebServer[37358] received request: GET /api/v1/namespaces/entando-k8s-controller-coordinator-carcms73/pods?labelSelector=EntandoResourceKind%3DEntandoKeycloakServer HTTP/1.1 and responded: HTTP/1.1 200 OK
Nov 18, 2020 5:33:04 AM okhttp3.mockwebserver.MockWebServer$3 processOneRequest
INFO: MockWebServer[37358] received request: GET /api/v1/namespaces/entando-k8s-controller-coordinator-carcms73/pods?labelSelector=EntandoResourceKind%3DEntandoKeycloakServer HTTP/1.1 and responded: HTTP/1.1 200 OK
Nov 18, 2020 5:33:04 AM okhttp3.mockwebserver.MockWebServer$3 processOneRequest
INFO: MockWebServer[37358] received request: GET /api/v1/namespaces/entando-k8s-controller-coordinator-carcms73/pods?labelSelector=EntandoResourceKind%3DEntandoKeycloakServer HTTP/1.1 and responded: HTTP/1.1 200 OK
Nov 18, 2020 5:33:04 AM okhttp3.mockwebserver.MockWebServer$3 processOneRequest
INFO: MockWebServer[37358] received request: GET /api/v1/namespaces/entando-k8s-controller-coordinator-carcms73/pods?labelSelector=EntandoResourceKind%3DEntandoKeycloakServer HTTP/1.1 and responded: HTTP/1.1 200 OK
Nov 18, 2020 5:33:04 AM okhttp3.mockwebserver.MockWebServer$3 processOneRequest
INFO: MockWebServer[37358] received request: GET /apis/entando.org/v1/namespaces/entando-k8s-controller-coordinator-carcms73/entandoapppluginlinks?watch=true HTTP/1.1 and responded: HTTP/1.1 200 OK
Nov 18, 2020 5:33:04 AM io.fabric8.kubernetes.client.dsl.internal.WatchHTTPManager$1 onResponse
INFO: Watch terminated unexpectedly. reason: \n not found: limit=46 content=7b2261706956657273696f6e223a227631222c226b696e64223a224c69737422â€¦
Nov 18, 2020 5:33:04 AM okhttp3.mockwebserver.MockWebServer$3 processOneRequest
INFO: MockWebServer[37358] received request: GET /api/v1/namespaces/entando-k8s-controller-coordinator-carcms73/pods?labelSelector=EntandoResourceKind%3DEntandoKeycloakServer HTTP/1.1 and responded: HTTP/1.1 200 OK
Nov 18, 2020 5:33:04 AM okhttp3.mockwebserver.MockWebServer$3 processOneRequest
INFO: MockWebServer[37358] received request: GET /api/v1/namespaces/entando-k8s-controller-coordinator-carcms73/pods?labelSelector=EntandoResourceKind%3DEntandoKeycloakServer HTTP/1.1 and responded: HTTP/1.1 200 OK
Nov 18, 2020 5:33:05 AM okhttp3.mockwebserver.MockWebServer$3 processOneRequest
INFO: MockWebServer[37358] received request: GET /api/v1/namespaces/entando-k8s-controller-coordinator-carcms73/pods?labelSelector=EntandoResourceKind%3DEntandoKeycloakServer HTTP/1.1 and responded: HTTP/1.1 200 OK
Nov 18, 2020 5:33:05 AM okhttp3.mockwebserver.MockWebServer$3 processOneRequest
INFO: MockWebServer[37358] received request: GET /api/v1/namespaces/entando-k8s-controller-coordinator-carcms73/pods?labelSelector=EntandoResourceKind%3DEntandoKeycloakServer HTTP/1.1 and responded: HTTP/1.1 200 OK
Nov 18, 2020 5:33:05 AM io.fabric8.kubernetes.client.dsl.internal.WatchHTTPManager$1 onResponse
INFO: Watch terminated unexpectedly. reason: \n not found: limit=46 content=7b2261706956657273696f6e223a227631222c226b696e64223a224c69737422â€¦
Nov 18, 2020 5:33:05 AM okhttp3.mockwebserver.MockWebServer$3 processOneRequest
INFO: MockWebServer[37358] received request: GET /apis/entando.org/v1/namespaces/entando-k8s-controller-coordinator-carcms73/entandocompositeapps?watch=true HTTP/1.1 and responded: HTTP/1.1 200 OK
Nov 18, 2020 5:33:05 AM okhttp3.mockwebserver.MockWebServer$3 processOneRequest
INFO: MockWebServer[37358] received request: GET /api/v1/namespaces/entando-k8s-controller-coordinator-carcms73/pods?labelSelector=EntandoResourceKind%3DEntandoKeycloakServer HTTP/1.1 and responded: HTTP/1.1 200 OK
Nov 18, 2020 5:33:05 AM okhttp3.mockwebserver.MockWebServer$3 processOneRequest
INFO: MockWebServer[37358] received request: GET /api/v1/namespaces/entando-k8s-controller-coordinator-carcms73/pods?labelSelector=EntandoResourceKind%3DEntandoKeycloakServer HTTP/1.1 and responded: HTTP/1.1 200 OK
Nov 18, 2020 5:33:05 AM okhttp3.mockwebserver.MockWebServer$3 processOneRequest
INFO: MockWebServer[37358] received request: GET /api/v1/namespaces/entando-k8s-controller-coordinator-carcms73/pods?labelSelector=EntandoResourceKind%3DEntandoKeycloakServer HTTP/1.1 and responded: HTTP/1.1 200 OK
Nov 18, 2020 5:33:05 AM okhttp3.mockwebserver.MockWebServer$3 processOneRequest
INFO: MockWebServer[37358] received request: GET /api/v1/namespaces/entando-k8s-controller-coordinator-carcms73/pods?labelSelector=EntandoResourceKind%3DEntandoKeycloakServer HTTP/1.1 and responded: HTTP/1.1 200 OK
Nov 18, 2020 5:33:05 AM okhttp3.mockwebserver.MockWebServer$3 processOneRequest
INFO: MockWebServer[37358] received request: GET /apis/entando.org/v1/namespaces/entando-k8s-controller-coordinator-carcms73/entandodatabaseservices?watch=true HTTP/1.1 and responded: HTTP/1.1 200 OK
Nov 18, 2020 5:33:05 AM io.fabric8.kubernetes.client.dsl.internal.WatchHTTPManager$1 onResponse
INFO: Watch terminated unexpectedly. reason: \n not found: limit=46 content=7b2261706956657273696f6e223a227631222c226b696e64223a224c69737422â€¦
Nov 18, 2020 5:33:05 AM okhttp3.mockwebserver.MockWebServer$3 processOneRequest
INFO: MockWebServer[37358] received request: GET /api/v1/namespaces/entando-k8s-controller-coordinator-carcms73/pods?labelSelector=EntandoResourceKind%3DEntandoKeycloakServer HTTP/1.1 and responded: HTTP/1.1 200 OK
Nov 18, 2020 5:33:06 AM okhttp3.mockwebserver.MockWebServer$3 processOneRequest
INFO: MockWebServer[37358] received request: GET /api/v1/namespaces/entando-k8s-controller-coordinator-carcms73/pods?labelSelector=EntandoResourceKind%3DEntandoKeycloakServer HTTP/1.1 and responded: HTTP/1.1 200 OK
Nov 18, 2020 5:33:06 AM okhttp3.mockwebserver.MockWebServer$3 processOneRequest
INFO: MockWebServer[37358] received request: GET /api/v1/namespaces/entando-k8s-controller-coordinator-carcms73/pods?labelSelector=EntandoResourceKind%3DEntandoKeycloakServer HTTP/1.1 and responded: HTTP/1.1 200 OK
Nov 18, 2020 5:33:06 AM okhttp3.mockwebserver.MockWebServer$3 processOneRequest
INFO: MockWebServer[37358] received request: GET /api/v1/namespaces/entando-k8s-controller-coordinator-carcms73/pods?labelSelector=EntandoResourceKind%3DEntandoKeycloakServer HTTP/1.1 and responded: HTTP/1.1 200 OK
Nov 18, 2020 5:33:06 AM okhttp3.mockwebserver.MockWebServer$3 processOneRequest
INFO: MockWebServer[37358] received request: GET /api/v1/namespaces/entando-k8s-controller-coordinator-carcms73/pods?labelSelector=EntandoResourceKind%3DEntandoKeycloakServer HTTP/1.1 and responded: HTTP/1.1 200 OK
Nov 18, 2020 5:33:06 AM okhttp3.mockwebserver.MockWebServer$3 processOneRequest
INFO: MockWebServer[37358] received request: GET /api/v1/namespaces/entando-k8s-controller-coordinator-carcms73/pods?labelSelector=EntandoResourceKind%3DEntandoKeycloakServer HTTP/1.1 and responded: HTTP/1.1 200 OK
Nov 18, 2020 5:33:06 AM okhttp3.mockwebserver.MockWebServer$2 acceptConnections
INFO: MockWebServer[37358] done accepting connections: Socket closed
Nov 18, 2020 5:33:06 AM okhttp3.mockwebserver.MockWebServer$2 e**cute
INFO: MockWebServer[34482] starting to accept connections
Nov 18, 2020 5:33:06 AM okhttp3.mockwebserver.MockWebServer$3 processOneRequest
INFO: MockWebServer[34482] received request: GET /api/v1/namespaces/entando-k8s-controller-coordinator-carcms73 HTTP/1.1 and responded: HTTP/1.1 404 Client Error
Nov 18, 2020 5:33:07 AM okhttp3.mockwebserver.MockWebServer$3 processOneRequest
INFO: MockWebServer[34482] received request: POST /api/v1/namespaces HTTP/1.1 and responded: HTTP/1.1 202 OK
Nov 18, 2020 5:33:07 AM okhttp3.mockwebserver.MockWebServer$3 processOneRequest
INFO: MockWebServer[34482] received request: POST /api/v1/namespaces/entando/configmaps HTTP/1.1 and responded: HTTP/1.1 202 OK
Nov 18, 2020 5:33:07 AM okhttp3.mockwebserver.MockWebServer$3 processOneRequest
INFO: MockWebServer[34482] received request: GET /api/v1/namespaces/entando-k8s-controller-coordinator-carcms73 HTTP/1.1 and responded: HTTP/1.1 200 OK
Nov 18, 2020 5:33:07 AM okhttp3.mockwebserver.MockWebServer$3 processOneRequest
INFO: MockWebServer[34482] received request: GET /apis/entando.org/v1/namespaces/entando-k8s-controller-coordinator-carcms73/entandokeycloakservers HTTP/1.1 and responded: HTTP/1.1 200 OK
Nov 18, 2020 5:33:07 AM okhttp3.mockwebserver.MockWebServer$3 processOneRequest
INFO: MockWebServer[34482] received request: GET /api/v1/namespaces/entando-k8s-controller-coordinator-carcms73 HTTP/1.1 and responded: HTTP/1.1 200 OK
Nov 18, 2020 5:33:07 AM okhttp3.mockwebserver.MockWebServer$3 processOneRequest
INFO: MockWebServer[34482] received request: GET /apis/entando.org/v1/namespaces/entando-k8s-controller-coordinator-carcms73/entandokeycloakservers HTTP/1.1 and responded: HTTP/1.1 200 OK
Nov 18, 2020 5:33:07 AM okhttp3.mockwebserver.MockWebServer$3 processOneRequest
INFO: MockWebServer[34482] received request: POST /apis/entando.org/v1/namespaces/entando-k8s-controller-coordinator-carcms73/entandokeycloakservers HTTP/1.1 and responded: HTTP/1.1 202 OK
Nov 18, 2020 5:33:07 AM okhttp3.mockwebserver.MockWebServer$3 processOneRequest
INFO: MockWebServer[34482] received request: GET /api/v1/namespaces/entando-k8s-controller-coordinator-carcms73/pods?labelSelector=EntandoResourceKind%3DEntandoKeycloakServer HTTP/1.1 and responded: HTTP/1.1 200 OK
Nov 18, 2020 5:33:07 AM okhttp3.mockwebserver.MockWebServer$3 processOneRequest
INFO: MockWebServer[34482] received request: GET /api/v1/namespaces/entando-k8s-controller-coordinator-carcms73/pods?labelSelector=EntandoResourceKind%3DEntandoKeycloakServer HTTP/1.1 and responded: HTTP/1.1 200 OK
Nov 18, 2020 5:33:07 AM okhttp3.mockwebserver.MockWebServer$3 processOneRequest
INFO: MockWebServer[34482] received request: GET /api/v1/namespaces/entando-k8s-controller-coordinator-carcms73/pods?labelSelector=EntandoResourceKind%3DEntandoKeycloakServer HTTP/1.1 and responded: HTTP/1.1 200 OK
Nov 18, 2020 5:33:08 AM okhttp3.mockwebserver.MockWebServer$3 processOneRequest
INFO: MockWebServer[34482] received request: GET /api/v1/namespaces/entando-k8s-controller-coordinator-carcms73/pods?labelSelector=EntandoResourceKind%3DEntandoKeycloakServer HTTP/1.1 and responded: HTTP/1.1 200 OK
Nov 18, 2020 5:33:08 AM okhttp3.mockwebserver.MockWebServer$3 processOneRequest
INFO: MockWebServer[34482] received request: GET /api/v1/namespaces/entando-k8s-controller-coordinator-carcms73/pods?labelSelector=EntandoResourceKind%3DEntandoKeycloakServer HTTP/1.1 and responded: HTTP/1.1 200 OK
Nov 18, 2020 5:33:08 AM okhttp3.mockwebserver.MockWebServer$3 processOneRequest
INFO: MockWebServer[34482] received request: GET /api/v1/namespaces/entando-k8s-controller-coordinator-carcms73/pods?labelSelector=EntandoResourceKind%3DEntandoKeycloakServer HTTP/1.1 and responded: HTTP/1.1 200 OK
Nov 18, 2020 5:33:08 AM okhttp3.mockwebserver.MockWebServer$3 processOneRequest
INFO: MockWebServer[34482] received request: GET /api/v1/namespaces/entando-k8s-controller-coordinator-carcms73/pods?labelSelector=EntandoResourceKind%3DEntandoKeycloakServer HTTP/1.1 and responded: HTTP/1.1 200 OK
Nov 18, 2020 5:33:08 AM okhttp3.mockwebserver.MockWebServer$3 processOneRequest
INFO: MockWebServer[34482] received request: GET /api/v1/namespaces/entando-k8s-controller-coordinator-carcms73/pods?labelSelector=EntandoResourceKind%3DEntandoKeycloakServer HTTP/1.1 and responded: HTTP/1.1 200 OK
Nov 18, 2020 5:33:08 AM okhttp3.mockwebserver.MockWebServer$3 processOneRequest
INFO: MockWebServer[34482] received request: GET /api/v1/namespaces/entando-k8s-controller-coordinator-carcms73/pods?labelSelector=EntandoResourceKind%3DEntandoKeycloakServer HTTP/1.1 and responded: HTTP/1.1 200 OK
Nov 18, 2020 5:33:08 AM okhttp3.mockwebserver.MockWebServer$3 processOneRequest
INFO: MockWebServer[34482] received request: GET /api/v1/namespaces/entando-k8s-controller-coordinator-carcms73/pods?labelSelector=EntandoResourceKind%3DEntandoKeycloakServer HTTP/1.1 and responded: HTTP/1.1 200 OK
Nov 18, 2020 5:33:09 AM okhttp3.mockwebserver.MockWebServer$3 processOneRequest
INFO: MockWebServer[34482] received request: GET /api/v1/namespaces/entando-k8s-controller-coordinator-carcms73/pods?labelSelector=EntandoResourceKind%3DEntandoKeycloakServer HTTP/1.1 and responded: HTTP/1.1 200 OK
Nov 18, 2020 5:33:09 AM okhttp3.mockwebserver.MockWebServer$3 processOneRequest
INFO: MockWebServer[34482] received request: GET /api/v1/namespaces/entando-k8s-controller-coordinator-carcms73/pods?labelSelector=EntandoResourceKind%3DEntandoKeycloakServer HTTP/1.1 and responded: HTTP/1.1 200 OK
Nov 18, 2020 5:33:09 AM okhttp3.mockwebserver.MockWebServer$3 processOneRequest
INFO: MockWebServer[34482] received request: GET /api/v1/namespaces/entando-k8s-controller-coordinator-carcms73/pods?labelSelector=EntandoResourceKind%3DEntandoKeycloakServer HTTP/1.1 and responded: HTTP/1.1 200 OK
Nov 18, 2020 5:33:09 AM okhttp3.mockwebserver.MockWebServer$3 processOneRequest
INFO: MockWebServer[34482] received request: GET /api/v1/namespaces/entando-k8s-controller-coordinator-carcms73/pods?labelSelector=EntandoResourceKind%3DEntandoKeycloakServer HTTP/1.1 and responded: HTTP/1.1 200 OK
Nov 18, 2020 5:33:09 AM okhttp3.mockwebserver.MockWebServer$3 processOneRequest
INFO: MockWebServer[34482] received request: GET /api/v1/namespaces/entando-k8s-controller-coordinator-carcms73/pods?labelSelector=EntandoResourceKind%3DEntandoKeycloakServer HTTP/1.1 and responded: HTTP/1.1 200 OK
Nov 18, 2020 5:33:09 AM okhttp3.mockwebserver.MockWebServer$3 processOneRequest
INFO: MockWebServer[34482] received request: GET /api/v1/namespaces/entando-k8s-controller-coordinator-carcms73/pods?labelSelector=EntandoResourceKind%3DEntandoKeycloakServer HTTP/1.1 and responded: HTTP/1.1 200 OK
Nov 18, 2020 5:33:10 AM io.fabric8.kubernetes.client.dsl.internal.WatchHTTPManager$1 onFailure
INFO: Watch connection failed. reason: e**cutor rejected
Nov 18, 2020 5:33:10 AM okhttp3.mockwebserver.MockWebServer$3 processOneRequest
INFO: MockWebServer[34482] received request: GET /api/v1/namespaces/entando-k8s-controller-coordinator-carcms73/pods?labelSelector=EntandoResourceKind%3DEntandoKeycloakServer HTTP/1.1 and responded: HTTP/1.1 200 OK
Nov 18, 2020 5:33:10 AM okhttp3.mockwebserver.MockWebServer$3 processOneRequest
INFO: MockWebServer[34482] received request: GET /api/v1/namespaces/entando-k8s-controller-coordinator-carcms73/pods?labelSelector=EntandoResourceKind%3DEntandoKeycloakServer HTTP/1.1 and responded: HTTP/1.1 200 OK
Nov 18, 2020 5:33:10 AM okhttp3.mockwebserver.MockWebServer$3 processOneRequest
INFO: MockWebServer[34482] received request: GET /api/v1/namespaces/entando-k8s-controller-coordinator-carcms73/pods?labelSelector=EntandoResourceKind%3DEntandoKeycloakServer HTTP/1.1 and responded: HTTP/1.1 200 OK
Nov 18, 2020 5:33:10 AM okhttp3.mockwebserver.MockWebServer$3 processOneRequest
INFO: MockWebServer[34482] received request: GET /api/v1/namespaces/entando-k8s-controller-coordinator-carcms73/pods?labelSelector=EntandoResourceKind%3DEntandoKeycloakServer HTTP/1.1 and responded: HTTP/1.1 200 OK
Nov 18, 2020 5:33:10 AM okhttp3.mockwebserver.MockWebServer$3 processOneRequest
INFO: MockWebServer[34482] received request: GET /api/v1/namespaces/entando-k8s-controller-coordinator-carcms73/pods?labelSelector=EntandoResourceKind%3DEntandoKeycloakServer HTTP/1.1 and responded: HTTP/1.1 200 OK
Nov 18, 2020 5:33:10 AM io.fabric8.kubernetes.client.dsl.internal.WatchHTTPManager$1 onFailure
INFO: Watch connection failed. reason: e**cutor rejected
Nov 18, 2020 5:33:10 AM okhttp3.mockwebserver.MockWebServer$3 processOneRequest
INFO: MockWebServer[34482] received request: GET /api/v1/namespaces/entando-k8s-controller-coordinator-carcms73/pods?labelSelector=EntandoResourceKind%3DEntandoKeycloakServer HTTP/1.1 and responded: HTTP/1.1 200 OK
Nov 18, 2020 5:33:10 AM okhttp3.mockwebserver.MockWebServer$3 processOneRequest
INFO: MockWebServer[34482] received request: GET /api/v1/namespaces/entando-k8s-controller-coordinator-carcms73/pods?labelSelector=EntandoResourceKind%3DEntandoKeycloakServer HTTP/1.1 and responded: HTTP/1.1 200 OK
Nov 18, 2020 5:33:11 AM okhttp3.mockwebserver.MockWebServer$3 processOneRequest
INFO: MockWebServer[34482] received request: GET /api/v1/namespaces/entando-k8s-controller-coordinator-carcms73/pods?labelSelector=EntandoResourceKind%3DEntandoKeycloakServer HTTP/1.1 and responded: HTTP/1.1 200 OK
Nov 18, 2020 5:33:11 AM okhttp3.mockwebserver.MockWebServer$3 processOneRequest
INFO: MockWebServer[34482] received request: GET /api/v1/namespaces/entando-k8s-controller-coordinator-carcms73/pods?labelSelector=EntandoResourceKind%3DEntandoKeycloakServer HTTP/1.1 and responded: HTTP/1.1 200 OK
Nov 18, 2020 5:33:11 AM io.fabric8.kubernetes.client.dsl.internal.WatchHTTPManager$1 onFailure
INFO: Watch connection failed. reason: e**cutor rejected
Nov 18, 2020 5:33:11 AM okhttp3.mockwebserver.MockWebServer$3 processOneRequest
INFO: MockWebServer[34482] received request: GET /api/v1/namespaces/entando-k8s-controller-coordinator-carcms73/pods?labelSelector=EntandoResourceKind%3DEntandoKeycloakServer HTTP/1.1 and responded: HTTP/1.1 200 OK
Nov 18, 2020 5:33:11 AM okhttp3.mockwebserver.MockWebServer$3 processOneRequest
INFO: MockWebServer[34482] received request: GET /api/v1/namespaces/entando-k8s-controller-coordinator-carcms73/pods?labelSelector=EntandoResourceKind%3DEntandoKeycloakServer HTTP/1.1 and responded: HTTP/1.1 200 OK
Nov 18, 2020 5:33:11 AM okhttp3.mockwebserver.MockWebServer$3 processOneRequest
INFO: MockWebServer[34482] received request: GET /api/v1/namespaces/entando-k8s-controller-coordinator-carcms73/pods?labelSelector=EntandoResourceKind%3DEntandoKeycloakServer HTTP/1.1 and responded: HTTP/1.1 200 OK
Nov 18, 2020 5:33:11 AM okhttp3.mockwebserver.MockWebServer$3 processOneRequest
INFO: MockWebServer[34482] received request: GET /api/v1/namespaces/entando-k8s-controller-coordinator-carcms73/pods?labelSelector=EntandoResourceKind%3DEntandoKeycloakServer HTTP/1.1 and responded: HTTP/1.1 200 OK
Nov 18, 2020 5:33:11 AM okhttp3.mockwebserver.MockWebServer$3 processOneRequest
INFO: MockWebServer[34482] received request: GET /api/v1/namespaces/entando-k8s-controller-coordinator-carcms73/pods?labelSelector=EntandoResourceKind%3DEntandoKeycloakServer HTTP/1.1 and responded: HTTP/1.1 200 OK
Nov 18, 2020 5:33:11 AM io.fabric8.kubernetes.client.dsl.internal.WatchHTTPManager$1 onFailure
INFO: Watch connection failed. reason: e**cutor rejected
Nov 18, 2020 5:33:12 AM okhttp3.mockwebserver.MockWebServer$3 processOneRequest
INFO: MockWebServer[34482] received request: GET /api/v1/namespaces/entando-k8s-controller-coordinator-carcms73/pods?labelSelector=EntandoResourceKind%3DEntandoKeycloakServer HTTP/1.1 and responded: HTTP/1.1 200 OK
Nov 18, 2020 5:33:12 AM okhttp3.mockwebserver.MockWebServer$3 processOneRequest
INFO: MockWebServer[34482] received request: GET /api/v1/namespaces/entando-k8s-controller-coordinator-carcms73/pods?labelSelector=EntandoResourceKind%3DEntandoKeycloakServer HTTP/1.1 and responded: HTTP/1.1 200 OK
Nov 18, 2020 5:33:12 AM okhttp3.mockwebserver.MockWebServer$3 processOneRequest
INFO: MockWebServer[34482] received request: GET /api/v1/namespaces/entando-k8s-controller-coordinator-carcms73/pods?labelSelector=EntandoResourceKind%3DEntandoKeycloakServer HTTP/1.1 and responded: HTTP/1.1 200 OK
Nov 18, 2020 5:33:12 AM okhttp3.mockwebserver.MockWebServer$3 processOneRequest
INFO: MockWebServer[34482] received request: GET /api/v1/namespaces/entando-k8s-controller-coordinator-carcms73/pods?labelSelector=EntandoResourceKind%3DEntandoKeycloakServer HTTP/1.1 and responded: HTTP/1.1 200 OK
Nov 18, 2020 5:33:12 AM okhttp3.mockwebserver.MockWebServer$3 processOneRequest
INFO: MockWebServer[34482] received request: GET /api/v1/namespaces/entando-k8s-controller-coordinator-carcms73/pods?labelSelector=EntandoResourceKind%3DEntandoKeycloakServer HTTP/1.1 and responded: HTTP/1.1 200 OK
Nov 18, 2020 5:33:12 AM io.fabric8.kubernetes.client.dsl.internal.WatchHTTPManager$1 onFailure
INFO: Watch connection failed. reason: e**cutor rejected
Nov 18, 2020 5:33:12 AM okhttp3.mockwebserver.MockWebServer$3 processOneRequest
INFO: MockWebServer[34482] received request: GET /api/v1/namespaces/entando-k8s-controller-coordinator-carcms73 HTTP/1.1 and responded: HTTP/1.1 200 OK
Nov 18, 2020 5:33:12 AM okhttp3.mockwebserver.MockWebServer$3 processOneRequest
INFO: MockWebServer[34482] received request: GET /apis/entando.org/v1/namespaces/entando-k8s-controller-coordinator-carcms73/entandokeycloakservers HTTP/1.1 and responded: HTTP/1.1 200 OK
Nov 18, 2020 5:33:12 AM okhttp3.mockwebserver.MockWebServer$3 processOneRequest
INFO: MockWebServer[34482] received request: GET /api/v1/namespaces/entando-k8s-controller-coordinator-carcms73 HTTP/1.1 and responded: HTTP/1.1 200 OK
Nov 18, 2020 5:33:12 AM okhttp3.mockwebserver.MockWebServer$3 processOneRequest
INFO: MockWebServer[34482] received request: GET /apis/entando.org/v1/namespaces/entando-k8s-controller-coordinator-carcms73/entandokeycloakservers HTTP/1.1 and responded: HTTP/1.1 200 OK
Nov 18, 2020 5:33:13 AM okhttp3.mockwebserver.MockWebServer$3 processOneRequest
INFO: MockWebServer[34482] received request: GET /apis/entando.org/v1/namespaces/entando-k8s-controller-coordinator-carcms73/entandokeycloakservers HTTP/1.1 and responded: HTTP/1.1 200 OK
Nov 18, 2020 5:33:13 AM org.entando.kubernetes.controller.coordinator.EntandoResourceObserver logAction
INFO: Received ADDED for resource EntandoKeycloakServer entando-k8s-controller-coordinator-carcms73/test-keycloak
Nov 18, 2020 5:33:13 AM okhttp3.mockwebserver.MockWebServer$3 processOneRequest
INFO: MockWebServer[34482] received request: GET /apis/entando.org/v1/namespaces/entando-k8s-controller-coordinator-carcms73/entandokeycloakservers/test-keycloak?watch=true HTTP/1.1 and responded: HTTP/1.1 200 OK
Nov 18, 2020 5:33:13 AM okhttp3.mockwebserver.MockWebServer$3 processOneRequest
INFO: MockWebServer[34482] received request: GET /api/v1/namespaces/entando/configmaps/entando-docker-image-info-v6.1 HTTP/1.1 and responded: HTTP/1.1 200 OK
Nov 18, 2020 5:33:13 AM okhttp3.mockwebserver.MockWebServer$3 processOneRequest
INFO: MockWebServer[34482] received request: GET /apis/entando.org/v1/namespaces/entando-k8s-controller-coordinator-carcms73/entandokeycloakservers/test-keycloak?watch=true HTTP/1.1 and responded: HTTP/1.1 200 OK
Nov 18, 2020 5:33:13 AM io.fabric8.kubernetes.client.dsl.internal.WatchHTTPManager$1 onFailure
INFO: Watch connection failed. reason: e**cutor rejected
Nov 18, 2020 5:33:13 AM okhttp3.mockwebserver.MockWebServer$3 processOneRequest
INFO: MockWebServer[34482] received request: GET /apis/entando.org/v1/namespaces/entando-k8s-controller-coordinator-carcms73/entandokeycloakservers/test-keycloak HTTP/1.1 and responded: HTTP/1.1 200 OK
Nov 18, 2020 5:33:13 AM okhttp3.mockwebserver.MockWebServer$3 processOneRequest
INFO: MockWebServer[34482] received request: GET /api/v1/namespaces/entando-k8s-controller-coordinator-carcms73/pods?labelSelector=EntandoResourceNamespace%3Dentando-k8s-controller-coordinator-carcms73%2CEntandoResourceKind%3DEntandoKeycloakServer%2CEntandoKeycloakServer%3Dtest-keycloak HTTP/1.1 and responded: HTTP/1.1 200 OK
Nov 18, 2020 5:33:13 AM io.fabric8.kubernetes.client.dsl.internal.WatchHTTPManager$1 onResponse
INFO: Watch terminated unexpectedly. reason: \n not found: limit=279 content=7b226b696e64223a22456e74616e646f4b6579636c6f616b536572766572222câ€¦
Nov 18, 2020 5:33:13 AM okhttp3.mockwebserver.MockWebServer$3 processOneRequest
INFO: MockWebServer[34482] received request: GET /api/v1/namespaces/entando-k8s-controller-coordinator-carcms73 HTTP/1.1 and responded: HTTP/1.1 200 OK
Nov 18, 2020 5:33:13 AM okhttp3.mockwebserver.MockWebServer$3 processOneRequest
INFO: MockWebServer[34482] received request: GET /api/v1/namespaces/entando-k8s-controller-coordinator-carcms73/pods?labelSelector=EntandoResourceNamespace%3Dentando-k8s-controller-coordinator-carcms73%2CEntandoResourceKind%3DEntandoKeycloakServer%2CEntandoKeycloakServer%3Dtest-keycloak&watch=true HTTP/1.1 and responded: HTTP/1.1 200 OK
Nov 18, 2020 5:33:13 AM okhttp3.mockwebserver.MockWebServer$3 processOneRequest
INFO: MockWebServer[34482] received request: GET /apis/entando.org/v1/namespaces/entando-k8s-controller-coordinator-carcms73/entandokeycloakservers HTTP/1.1 and responded: HTTP/1.1 200 OK
Nov 18, 2020 5:33:13 AM okhttp3.mockwebserver.MockWebServer$3 processOneRequest
INFO: MockWebServer[34482] received request: GET /api/v1/namespaces/entando-k8s-controller-coordinator-carcms73/pods?labelSelector=EntandoResourceNamespace%3Dentando-k8s-controller-coordinator-carcms73%2CEntandoResourceKind%3DEntandoKeycloakServer%2CEntandoKeycloakServer%3Dtest-keycloak&watch=true HTTP/1.1 and responded: HTTP/1.1 200 OK
Nov 18, 2020 5:33:13 AM okhttp3.mockwebserver.MockWebServer$3 processOneRequest
INFO: MockWebServer[34482] received request: GET /api/v1/namespaces/entando-k8s-controller-coordinator-carcms73/pods?labelSelector=EntandoResourceNamespace%3Dentando-k8s-controller-coordinator-carcms73%2CEntandoResourceKind%3DEntandoKeycloakServer%2CEntandoKeycloakServer%3Dtest-keycloak HTTP/1.1 and responded: HTTP/1.1 200 OK
Nov 18, 2020 5:33:13 AM okhttp3.mockwebserver.MockWebServer$3 processOneRequest
INFO: MockWebServer[34482] received request: GET /api/v1/namespaces/entando-k8s-controller-coordinator-carcms73 HTTP/1.1 and responded: HTTP/1.1 200 OK
Nov 18, 2020 5:33:13 AM io.fabric8.kubernetes.client.dsl.internal.WatchHTTPManager$1 onResponse
INFO: Watch terminated unexpectedly. reason: \n not found: limit=46 content=7b2261706956657273696f6e223a227631222c226b696e64223a224c69737422â€¦
Nov 18, 2020 5:33:13 AM okhttp3.mockwebserver.MockWebServer$3 processOneRequest
INFO: MockWebServer[34482] received request: GET /api/v1/namespaces/entando-k8s-controller-coordinator-carcms73/pods?labelSelector=EntandoResourceNamespace%3Dentando-k8s-controller-coordinator-carcms73%2CEntandoResourceKind%3DEntandoKeycloakServer%2CEntandoKeycloakServer%3Dtest-keycloak HTTP/1.1 and responded: HTTP/1.1 200 OK
Nov 18, 2020 5:33:13 AM okhttp3.mockwebserver.MockWebServer$3 processOneRequest
INFO: MockWebServer[34482] received request: GET /apis/entando.org/v1/namespaces/entando-k8s-controller-coordinator-carcms73/entandokeycloakservers HTTP/1.1 and responded: HTTP/1.1 200 OK
Nov 18, 2020 5:33:13 AM okhttp3.mockwebserver.MockWebServer$3 processOneRequest
INFO: MockWebServer[34482] received request: GET /apis/entando.org/v1/namespaces/entando-k8s-controller-coordinator-carcms73/entandokeycloakservers/test-keycloak HTTP/1.1 and responded: HTTP/1.1 200 OK
Nov 18, 2020 5:33:13 AM okhttp3.mockwebserver.MockWebServer$3 processOneRequest
INFO: MockWebServer[34482] received request: GET /apis/entando.org/v1/namespaces/entando-k8s-controller-coordinator-carcms73/entandokeycloakservers/test-keycloak HTTP/1.1 and responded: HTTP/1.1 200 OK
Nov 18, 2020 5:33:13 AM okhttp3.mockwebserver.MockWebServer$3 processOneRequest
INFO: MockWebServer[34482] received request: PATCH /apis/entando.org/v1/namespaces/entando-k8s-controller-coordinator-carcms73/entandokeycloakservers/test-keycloak HTTP/1.1 and responded: HTTP/1.1 202 OK
Nov 18, 2020 5:33:13 AM io.fabric8.kubernetes.client.dsl.internal.WatchHTTPManager$1 onFailure
INFO: Watch connection failed. reason: e**cutor rejected
Nov 18, 2020 5:33:14 AM io.fabric8.kubernetes.client.dsl.internal.WatchHTTPManager$1 onResponse
INFO: Watch terminated unexpectedly. reason: \n not found: limit=332 content=7b226b696e64223a22456e74616e646f4b6579636c6f616b536572766572222câ€¦
Nov 18, 2020 5:33:14 AM okhttp3.mockwebserver.MockWebServer$3 processOneRequest
INFO: MockWebServer[34482] received request: GET /apis/entando.org/v1/namespaces/entando-k8s-controller-coordinator-carcms73/entandokeycloakservers/test-keycloak?watch=true HTTP/1.1 and responded: HTTP/1.1 200 OK
Nov 18, 2020 5:33:14 AM io.fabric8.kubernetes.client.dsl.internal.WatchHTTPManager$1 onResponse
INFO: Watch terminated unexpectedly. reason: \n not found: limit=46 content=7b2261706956657273696f6e223a227631222c226b696e64223a224c69737422â€¦
Nov 18, 2020 5:33:14 AM io.fabric8.kubernetes.client.dsl.internal.WatchHTTPManager scheduleReconnect
WARN: Ignoring error for already closed/closing connection
Nov 18, 2020 5:33:14 AM okhttp3.mockwebserver.MockWebServer$3 processOneRequest
INFO: MockWebServer[34482] received request: GET /api/v1/namespaces/entando-k8s-controller-coordinator-carcms73/pods?labelSelector=EntandoResourceNamespace%3Dentando-k8s-controller-coordinator-carcms73%2CEntandoResourceKind%3DEntandoKeycloakServer%2CEntandoKeycloakServer%3Dtest-keycloak&watch=true HTTP/1.1 and responded: HTTP/1.1 200 OK
Nov 18, 2020 5:33:14 AM okhttp3.mockwebserver.MockWebServer$3 processOneRequest
INFO: MockWebServer[34482] received request: GET /api/v1/namespaces/entando-k8s-controller-coordinator-carcms73/secrets/test-keycloak-controller-ca-cert-secret HTTP/1.1 and responded: HTTP/1.1 404 Client Error
Nov 18, 2020 5:33:14 AM okhttp3.mockwebserver.MockWebServer$3 processOneRequest
INFO: MockWebServer[34482] received request: POST /api/v1/namespaces/entando-k8s-controller-coordinator-carcms73/secrets HTTP/1.1 and responded: HTTP/1.1 202 OK
Nov 18, 2020 5:33:14 AM okhttp3.mockwebserver.MockWebServer$3 processOneRequest
INFO: MockWebServer[34482] received request: POST /api/v1/namespaces/entando-k8s-controller-coordinator-carcms73/pods HTTP/1.1 and responded: HTTP/1.1 202 OK
Nov 18, 2020 5:33:16 AM io.fabric8.kubernetes.client.dsl.internal.WatchHTTPManager$1 onResponse
INFO: Watch terminated unexpectedly. reason: \n not found: limit=332 content=7b226b696e64223a22456e74616e646f4b6579636c6f616b536572766572222câ€¦
Nov 18, 2020 5:33:16 AM okhttp3.mockwebserver.MockWebServer$3 processOneRequest
INFO: MockWebServer[34482] received request: GET /apis/entando.org/v1/namespaces/entando-k8s-controller-coordinator-carcms73/entandokeycloakservers/test-keycloak?watch=true HTTP/1.1 and responded: HTTP/1.1 200 OK
Nov 18, 2020 5:33:18 AM okhttp3.mockwebserver.MockWebServer$3 processOneRequest
INFO: MockWebServer[34482] received request: GET /apis/entando.org/v1/namespaces/entando-k8s-controller-coordinator-carcms73/entandokeycloakservers/test-keycloak HTTP/1.1 and responded: HTTP/1.1 200 OK
Nov 18, 2020 5:33:19 AM io.fabric8.kubernetes.client.dsl.internal.WatchHTTPManager close
WARN: E**cutor didn't terminate in time after shutdown in close(), killing it in: io.fabric8.kubernetes.client.dsl.internal.WatchHTTPManager@53031aba
Nov 18, 2020 5:33:19 AM okhttp3.mockwebserver.MockWebServer$3 processOneRequest
INFO: MockWebServer[34482] received request: GET /apis/entando.org/v1/namespaces/entando-k8s-controller-coordinator-carcms73/entandokeycloakservers?watch=true HTTP/1.1 and responded: HTTP/1.1 200 OK
Nov 18, 2020 5:33:19 AM okhttp3.mockwebserver.MockWebServer$3 processOneRequest
INFO: MockWebServer[34482] received request: GET /apis/entando.org/v1/namespaces/entando-k8s-controller-coordinator-carcms73/entandokeycloakservers?watch=true HTTP/1.1 and responded: HTTP/1.1 200 OK
Nov 18, 2020 5:33:19 AM okhttp3.mockwebserver.MockWebServer$3 processOneRequest
INFO: MockWebServer[34482] received request: GET /api/v1/namespaces/entando-k8s-controller-coordinator-carcms73 HTTP/1.1 and responded: HTTP/1.1 200 OK
Nov 18, 2020 5:33:19 AM io.fabric8.kubernetes.client.dsl.internal.WatchHTTPManager$1 onResponse
INFO: Watch terminated unexpectedly. reason: \n not found: limit=378 content=7b2261706956657273696f6e223a227631222c226b696e64223a224c69737422â€¦
Nov 18, 2020 5:33:19 AM okhttp3.mockwebserver.MockWebServer$3 processOneRequest
INFO: MockWebServer[34482] received request: GET /apis/entando.org/v1/namespaces/entando-k8s-controller-coordinator-carcms73/entandoclusterinfrastructures HTTP/1.1 and responded: HTTP/1.1 200 OK
Nov 18, 2020 5:33:19 AM okhttp3.mockwebserver.MockWebServer$3 processOneRequest
INFO: MockWebServer[34482] received request: GET /api/v1/namespaces/entando-k8s-controller-coordinator-carcms73 HTTP/1.1 and responded: HTTP/1.1 200 OK
Nov 18, 2020 5:33:19 AM okhttp3.mockwebserver.MockWebServer$3 processOneRequest
INFO: MockWebServer[34482] received request: GET /apis/entando.org/v1/namespaces/entando-k8s-controller-coordinator-carcms73/entandoclusterinfrastructures HTTP/1.1 and responded: HTTP/1.1 200 OK
Nov 18, 2020 5:33:19 AM okhttp3.mockwebserver.MockWebServer$3 processOneRequest
INFO: MockWebServer[34482] received request: GET /apis/entando.org/v1/namespaces/entando-k8s-controller-coordinator-carcms73/entandoclusterinfrastructures HTTP/1.1 and responded: HTTP/1.1 200 OK
Nov 18, 2020 5:33:19 AM okhttp3.mockwebserver.MockWebServer$3 processOneRequest
INFO: MockWebServer[34482] received request: GET /apis/entando.org/v1/namespaces/entando-k8s-controller-coordinator-carcms73/entandoclusterinfrastructures?watch=true HTTP/1.1 and responded: HTTP/1.1 200 OK
Nov 18, 2020 5:33:19 AM okhttp3.mockwebserver.MockWebServer$3 processOneRequest
INFO: MockWebServer[34482] received request: GET /apis/entando.org/v1/namespaces/entando-k8s-controller-coordinator-carcms73/entandoclusterinfrastructures?watch=true HTTP/1.1 and responded: HTTP/1.1 200 OK
Nov 18, 2020 5:33:19 AM okhttp3.mockwebserver.MockWebServer$3 processOneRequest
INFO: MockWebServer[34482] received request: GET /api/v1/namespaces/entando-k8s-controller-coordinator-carcms73 HTTP/1.1 and responded: HTTP/1.1 200 OK
Nov 18, 2020 5:33:19 AM io.fabric8.kubernetes.client.dsl.internal.WatchHTTPManager$1 onResponse
INFO: Watch terminated unexpectedly. reason: \n not found: limit=46 content=7b2261706956657273696f6e223a227631222c226b696e64223a224c69737422â€¦
Nov 18, 2020 5:33:19 AM okhttp3.mockwebserver.MockWebServer$3 processOneRequest
INFO: MockWebServer[34482] received request: GET /apis/entando.org/v1/namespaces/entando-k8s-controller-coordinator-carcms73/entandoapps HTTP/1.1 and responded: HTTP/1.1 200 OK
Nov 18, 2020 5:33:19 AM okhttp3.mockwebserver.MockWebServer$3 processOneRequest
INFO: MockWebServer[34482] received request: GET /api/v1/namespaces/entando-k8s-controller-coordinator-carcms73 HTTP/1.1 and responded: HTTP/1.1 200 OK
Nov 18, 2020 5:33:20 AM okhttp3.mockwebserver.MockWebServer$3 processOneRequest
INFO: MockWebServer[34482] received request: GET /apis/entando.org/v1/namespaces/entando-k8s-controller-coordinator-carcms73/entandoapps HTTP/1.1 and responded: HTTP/1.1 200 OK
Nov 18, 2020 5:33:20 AM okhttp3.mockwebserver.MockWebServer$3 processOneRequest
INFO: MockWebServer[34482] received request: GET /apis/entando.org/v1/namespaces/entando-k8s-controller-coordinator-carcms73/entandoapps HTTP/1.1 and responded: HTTP/1.1 200 OK
Nov 18, 2020 5:33:20 AM okhttp3.mockwebserver.MockWebServer$3 processOneRequest
INFO: MockWebServer[34482] received request: GET /apis/entando.org/v1/namespaces/entando-k8s-controller-coordinator-carcms73/entandoapps?watch=true HTTP/1.1 and responded: HTTP/1.1 200 OK
Nov 18, 2020 5:33:20 AM okhttp3.mockwebserver.MockWebServer$3 processOneRequest
INFO: MockWebServer[34482] received request: GET /apis/entando.org/v1/namespaces/entando-k8s-controller-coordinator-carcms73/entandoapps?watch=true HTTP/1.1 and responded: HTTP/1.1 200 OK
Nov 18, 2020 5:33:20 AM okhttp3.mockwebserver.MockWebServer$3 processOneRequest
INFO: MockWebServer[34482] received request: GET /api/v1/namespaces/entando-k8s-controller-coordinator-carcms73 HTTP/1.1 and responded: HTTP/1.1 200 OK
Nov 18, 2020 5:33:20 AM io.fabric8.kubernetes.client.dsl.internal.WatchHTTPManager$1 onResponse
INFO: Watch terminated unexpectedly. reason: \n not found: limit=46 content=7b2261706956657273696f6e223a227631222c226b696e64223a224c69737422â€¦
Nov 18, 2020 5:33:20 AM okhttp3.mockwebserver.MockWebServer$3 processOneRequest
INFO: MockWebServer[34482] received request: GET /apis/entando.org/v1/namespaces/entando-k8s-controller-coordinator-carcms73/entandoplugins HTTP/1.1 and responded: HTTP/1.1 200 OK
Nov 18, 2020 5:33:20 AM okhttp3.mockwebserver.MockWebServer$3 processOneRequest
INFO: MockWebServer[34482] received request: GET /api/v1/namespaces/entando-k8s-controller-coordinator-carcms73 HTTP/1.1 and responded: HTTP/1.1 200 OK
Nov 18, 2020 5:33:20 AM okhttp3.mockwebserver.MockWebServer$3 processOneRequest
INFO: MockWebServer[34482] received request: GET /apis/entando.org/v1/namespaces/entando-k8s-controller-coordinator-carcms73/entandoplugins HTTP/1.1 and responded: HTTP/1.1 200 OK
Nov 18, 2020 5:33:20 AM io.fabric8.kubernetes.client.dsl.internal.WatchHTTPManager$1 onResponse
INFO: Watch terminated unexpectedly. reason: \n not found: limit=378 content=7b2261706956657273696f6e223a227631222c226b696e64223a224c69737422â€¦
Nov 18, 2020 5:33:20 AM okhttp3.mockwebserver.MockWebServer$3 processOneRequest
INFO: MockWebServer[34482] received request: GET /apis/entando.org/v1/namespaces/entando-k8s-controller-coordinator-carcms73/entandokeycloakservers?watch=true HTTP/1.1 and responded: HTTP/1.1 200 OK
Nov 18, 2020 5:33:20 AM okhttp3.mockwebserver.MockWebServer$3 processOneRequest
INFO: MockWebServer[34482] received request: GET /apis/entando.org/v1/namespaces/entando-k8s-controller-coordinator-carcms73/entandoplugins HTTP/1.1 and responded: HTTP/1.1 200 OK
Nov 18, 2020 5:33:20 AM okhttp3.mockwebserver.MockWebServer$3 processOneRequest
INFO: MockWebServer[34482] received request: GET /apis/entando.org/v1/namespaces/entando-k8s-controller-coordinator-carcms73/entandoplugins?watch=true HTTP/1.1 and responded: HTTP/1.1 200 OK
Nov 18, 2020 5:33:20 AM okhttp3.mockwebserver.MockWebServer$3 processOneRequest
INFO: MockWebServer[34482] received request: GET /apis/entando.org/v1/namespaces/entando-k8s-controller-coordinator-carcms73/entandoplugins?watch=true HTTP/1.1 and responded: HTTP/1.1 200 OK
Nov 18, 2020 5:33:20 AM okhttp3.mockwebserver.MockWebServer$3 processOneRequest
INFO: MockWebServer[34482] received request: GET /api/v1/namespaces/entando-k8s-controller-coordinator-carcms73 HTTP/1.1 and responded: HTTP/1.1 200 OK
Nov 18, 2020 5:33:20 AM io.fabric8.kubernetes.client.dsl.internal.WatchHTTPManager$1 onResponse
INFO: Watch terminated unexpectedly. reason: \n not found: limit=46 content=7b2261706956657273696f6e223a227631222c226b696e64223a224c69737422â€¦
Nov 18, 2020 5:33:20 AM okhttp3.mockwebserver.MockWebServer$3 processOneRequest
INFO: MockWebServer[34482] received request: GET /apis/entando.org/v1/namespaces/entando-k8s-controller-coordinator-carcms73/entandoapppluginlinks HTTP/1.1 and responded: HTTP/1.1 200 OK
Nov 18, 2020 5:33:20 AM okhttp3.mockwebserver.MockWebServer$3 processOneRequest
INFO: MockWebServer[34482] received request: GET /api/v1/namespaces/entando-k8s-controller-coordinator-carcms73 HTTP/1.1 and responded: HTTP/1.1 200 OK
Nov 18, 2020 5:33:20 AM okhttp3.mockwebserver.MockWebServer$3 processOneRequest
INFO: MockWebServer[34482] received request: GET /apis/entando.org/v1/namespaces/entando-k8s-controller-coordinator-carcms73/entandoapppluginlinks HTTP/1.1 and responded: HTTP/1.1 200 OK
Nov 18, 2020 5:33:20 AM okhttp3.mockwebserver.MockWebServer$3 processOneRequest
INFO: MockWebServer[34482] received request: GET /apis/entando.org/v1/namespaces/entando-k8s-controller-coordinator-carcms73/entandoclusterinfrastructures?watch=true HTTP/1.1 and responded: HTTP/1.1 200 OK
Nov 18, 2020 5:33:20 AM io.fabric8.kubernetes.client.dsl.internal.WatchHTTPManager$1 onResponse
INFO: Watch terminated unexpectedly. reason: \n not found: limit=46 content=7b2261706956657273696f6e223a227631222c226b696e64223a224c69737422â€¦
Nov 18, 2020 5:33:20 AM okhttp3.mockwebserver.MockWebServer$3 processOneRequest
INFO: MockWebServer[34482] received request: GET /apis/entando.org/v1/namespaces/entando-k8s-controller-coordinator-carcms73/entandoapppluginlinks HTTP/1.1 and responded: HTTP/1.1 200 OK
Nov 18, 2020 5:33:21 AM okhttp3.mockwebserver.MockWebServer$3 processOneRequest
INFO: MockWebServer[34482] received request: GET /apis/entando.org/v1/namespaces/entando-k8s-controller-coordinator-carcms73/entandoapppluginlinks?watch=true HTTP/1.1 and responded: HTTP/1.1 200 OK
Nov 18, 2020 5:33:21 AM okhttp3.mockwebserver.MockWebServer$3 processOneRequest
INFO: MockWebServer[34482] received request: GET /apis/entando.org/v1/namespaces/entando-k8s-controller-coordinator-carcms73/entandoapppluginlinks?watch=true HTTP/1.1 and responded: HTTP/1.1 200 OK
Nov 18, 2020 5:33:21 AM okhttp3.mockwebserver.MockWebServer$3 processOneRequest
INFO: MockWebServer[34482] received request: GET /api/v1/namespaces/entando-k8s-controller-coordinator-carcms73 HTTP/1.1 and responded: HTTP/1.1 200 OK
Nov 18, 2020 5:33:21 AM io.fabric8.kubernetes.client.dsl.internal.WatchHTTPManager$1 onResponse
INFO: Watch terminated unexpectedly. reason: \n not found: limit=46 content=7b2261706956657273696f6e223a227631222c226b696e64223a224c69737422â€¦
Nov 18, 2020 5:33:21 AM okhttp3.mockwebserver.MockWebServer$3 processOneRequest
INFO: MockWebServer[34482] received request: GET /apis/entando.org/v1/namespaces/entando-k8s-controller-coordinator-carcms73/entandocompositeapps HTTP/1.1 and responded: HTTP/1.1 200 OK
Nov 18, 2020 5:33:21 AM okhttp3.mockwebserver.MockWebServer$3 processOneRequest
INFO: MockWebServer[34482] received request: GET /api/v1/namespaces/entando-k8s-controller-coordinator-carcms73 HTTP/1.1 and responded: HTTP/1.1 200 OK
Nov 18, 2020 5:33:21 AM okhttp3.mockwebserver.MockWebServer$3 processOneRequest
INFO: MockWebServer[34482] received request: GET /apis/entando.org/v1/namespaces/entando-k8s-controller-coordinator-carcms73/entandocompositeapps HTTP/1.1 and responded: HTTP/1.1 200 OK
Nov 18, 2020 5:33:21 AM okhttp3.mockwebserver.MockWebServer$3 processOneRequest
INFO: MockWebServer[34482] received request: GET /apis/entando.org/v1/namespaces/entando-k8s-controller-coordinator-carcms73/entandoapps?watch=true HTTP/1.1 and responded: HTTP/1.1 200 OK
Nov 18, 2020 5:33:21 AM io.fabric8.kubernetes.client.dsl.internal.WatchHTTPManager$1 onResponse
INFO: Watch terminated unexpectedly. reason: \n not found: limit=46 content=7b2261706956657273696f6e223a227631222c226b696e64223a224c69737422â€¦
Nov 18, 2020 5:33:21 AM okhttp3.mockwebserver.MockWebServer$3 processOneRequest
INFO: MockWebServer[34482] received request: GET /apis/entando.org/v1/namespaces/entando-k8s-controller-coordinator-carcms73/entandocompositeapps HTTP/1.1 and responded: HTTP/1.1 200 OK
Nov 18, 2020 5:33:21 AM okhttp3.mockwebserver.MockWebServer$3 processOneRequest
INFO: MockWebServer[34482] received request: GET /apis/entando.org/v1/namespaces/entando-k8s-controller-coordinator-carcms73/entandocompositeapps?watch=true HTTP/1.1 and responded: HTTP/1.1 200 OK
Nov 18, 2020 5:33:21 AM okhttp3.mockwebserver.MockWebServer$3 processOneRequest
INFO: MockWebServer[34482] received request: GET /api/v1/namespaces/entando-k8s-controller-coordinator-carcms73 HTTP/1.1 and responded: HTTP/1.1 200 OK
Nov 18, 2020 5:33:21 AM okhttp3.mockwebserver.MockWebServer$3 processOneRequest
INFO: MockWebServer[34482] received request: GET /apis/entando.org/v1/namespaces/entando-k8s-controller-coordinator-carcms73/entandocompositeapps?watch=true HTTP/1.1 and responded: HTTP/1.1 200 OK
Nov 18, 2020 5:33:21 AM io.fabric8.kubernetes.client.dsl.internal.WatchHTTPManager$1 onResponse
INFO: Watch terminated unexpectedly. reason: \n not found: limit=46 content=7b2261706956657273696f6e223a227631222c226b696e64223a224c69737422â€¦
Nov 18, 2020 5:33:21 AM okhttp3.mockwebserver.MockWebServer$3 processOneRequest
INFO: MockWebServer[34482] received request: GET /apis/entando.org/v1/namespaces/entando-k8s-controller-coordinator-carcms73/entandodatabaseservices HTTP/1.1 and responded: HTTP/1.1 200 OK
Nov 18, 2020 5:33:21 AM okhttp3.mockwebserver.MockWebServer$3 processOneRequest
INFO: MockWebServer[34482] received request: GET /api/v1/namespaces/entando-k8s-controller-coordinator-carcms73 HTTP/1.1 and responded: HTTP/1.1 200 OK
Nov 18, 2020 5:33:21 AM okhttp3.mockwebserver.MockWebServer$3 processOneRequest
INFO: MockWebServer[34482] received request: GET /apis/entando.org/v1/namespaces/entando-k8s-controller-coordinator-carcms73/entandodatabaseservices HTTP/1.1 and responded: HTTP/1.1 200 OK
Nov 18, 2020 5:33:21 AM okhttp3.mockwebserver.MockWebServer$3 processOneRequest
INFO: MockWebServer[34482] received request: GET /apis/entando.org/v1/namespaces/entando-k8s-controller-coordinator-carcms73/entandoplugins?watch=true HTTP/1.1 and responded: HTTP/1.1 200 OK
Nov 18, 2020 5:33:21 AM io.fabric8.kubernetes.client.dsl.internal.WatchHTTPManager$1 onResponse
INFO: Watch terminated unexpectedly. reason: \n not found: limit=46 content=7b2261706956657273696f6e223a227631222c226b696e64223a224c69737422â€¦
Nov 18, 2020 5:33:21 AM okhttp3.mockwebserver.MockWebServer$3 processOneRequest
INFO: MockWebServer[34482] received request: GET /apis/entando.org/v1/namespaces/entando-k8s-controller-coordinator-carcms73/entandodatabaseservices HTTP/1.1 and responded: HTTP/1.1 200 OK
Nov 18, 2020 5:33:21 AM okhttp3.mockwebserver.MockWebServer$3 processOneRequest
INFO: MockWebServer[34482] received request: GET /apis/entando.org/v1/namespaces/entando-k8s-controller-coordinator-carcms73/entandodatabaseservices?watch=true HTTP/1.1 and responded: HTTP/1.1 200 OK
Nov 18, 2020 5:33:21 AM okhttp3.mockwebserver.MockWebServer$3 processOneRequest
INFO: MockWebServer[34482] received request: GET /apis/entando.org/v1/namespaces/entando-k8s-controller-coordinator-carcms73/entandodatabaseservices?watch=true HTTP/1.1 and responded: HTTP/1.1 200 OK
Nov 18, 2020 5:33:22 AM io.fabric8.kubernetes.client.dsl.internal.WatchHTTPManager$1 onResponse
INFO: Watch terminated unexpectedly. reason: \n not found: limit=46 content=7b2261706956657273696f6e223a227631222c226b696e64223a224c69737422â€¦
Nov 18, 2020 5:33:22 AM okhttp3.mockwebserver.MockWebServer$3 processOneRequest
INFO: MockWebServer[34482] received request: GET /api/v1/namespaces/entando-k8s-controller-coordinator-carcms73/pods?labelSelector=EntandoResourceKind%3DEntandoKeycloakServer HTTP/1.1 and responded: HTTP/1.1 200 OK
Nov 18, 2020 5:33:22 AM okhttp3.mockwebserver.MockWebServer$2 acceptConnections
INFO: MockWebServer[34482] done accepting connections: Socket closed
[INFO] Tests run: 2, Failures: 0, Errors: 0, Skipped: 0, Time elapsed: 30.246 s - in org.entando.kubernetes.controller.coordinator.inprocesstests.ControllerCoordinatorEdgeConditionsTest
[INFO] Running org.entando.kubernetes.controller.coordinator.inprocesstests.DeploymentPhaseWatcherTest
Nov 18, 2020 5:33:22 AM okhttp3.mockwebserver.MockWebServer$2 e**cute
INFO: MockWebServer[54635] starting to accept connections
Nov 18, 2020 5:33:22 AM io.fabric8.kubernetes.client.dsl.internal.WatchHTTPManager$1 onFailure
INFO: Watch connection failed. reason: e**cutor rejected
Nov 18, 2020 5:33:22 AM okhttp3.mockwebserver.MockWebServer$3 processOneRequest
INFO: MockWebServer[54635] received request: GET /api/v1/namespaces/test HTTP/1.1 and responded: HTTP/1.1 404 Client Error
Nov 18, 2020 5:33:22 AM okhttp3.mockwebserver.MockWebServer$3 processOneRequest
INFO: MockWebServer[54635] received request: GET /apis/entando.org/v1/namespaces/default/entandoapps HTTP/1.1 and responded: HTTP/1.1 200 OK
Nov 18, 2020 5:33:22 AM okhttp3.mockwebserver.MockWebServer$3 processOneRequest
INFO: MockWebServer[54635] received request: GET /api/v1/namespaces/test HTTP/1.1 and responded: HTTP/1.1 404 Client Error
Nov 18, 2020 5:33:22 AM okhttp3.mockwebserver.MockWebServer$3 processOneRequest
INFO: MockWebServer[54635] received request: GET /apis/entando.org/v1/namespaces/default/entandoapps HTTP/1.1 and responded: HTTP/1.1 200 OK
Nov 18, 2020 5:33:22 AM io.fabric8.kubernetes.client.dsl.internal.WatchHTTPManager$1 onFailure
INFO: Watch connection failed. reason: e**cutor rejected
Nov 18, 2020 5:33:22 AM okhttp3.mockwebserver.MockWebServer$3 processOneRequest
INFO: MockWebServer[54635] received request: POST /apis/entando.org/v1/namespaces/test/entandoapps HTTP/1.1 and responded: HTTP/1.1 202 OK
Nov 18, 2020 5:33:22 AM io.fabric8.kubernetes.client.dsl.internal.WatchHTTPManager$1 onFailure
INFO: Watch connection failed. reason: e**cutor rejected
Nov 18, 2020 5:33:22 AM okhttp3.mockwebserver.MockWebServer$3 processOneRequest
INFO: MockWebServer[54635] received request: GET /apis/entando.org/v1/namespaces/test/entandoapps/test-app?watch=true HTTP/1.1 and responded: HTTP/1.1 200 OK
Nov 18, 2020 5:33:22 AM okhttp3.mockwebserver.MockWebServer$3 processOneRequest
INFO: MockWebServer[54635] received request: GET /apis/entando.org/v1/namespaces/test/entandoapps/test-app?watch=true HTTP/1.1 and responded: HTTP/1.1 200 OK
Nov 18, 2020 5:33:22 AM okhttp3.mockwebserver.MockWebServer$3 processOneRequest
INFO: MockWebServer[54635] received request: GET /apis/entando.org/v1/namespaces/test/entandoapps/test-app HTTP/1.1 and responded: HTTP/1.1 200 OK
Nov 18, 2020 5:33:22 AM io.fabric8.kubernetes.client.dsl.internal.WatchHTTPManager$1 onResponse
INFO: Watch terminated unexpectedly. reason: \n not found: limit=220 content=7b226b696e64223a22456e74616e646f417070222c2261706956657273696f6eâ€¦
Nov 18, 2020 5:33:22 AM io.fabric8.kubernetes.client.dsl.internal.WatchHTTPManager$1 onFailure
INFO: Watch connection failed. reason: e**cutor rejected
Nov 18, 2020 5:33:23 AM io.fabric8.kubernetes.client.dsl.internal.WatchHTTPManager$1 onFailure
INFO: Watch connection failed. reason: e**cutor rejected
Nov 18, 2020 5:33:23 AM okhttp3.mockwebserver.MockWebServer$3 processOneRequest
INFO: MockWebServer[54635] received request: GET /apis/entando.org/v1/namespaces/test/entandoapps/test-app HTTP/1.1 and responded: HTTP/1.1 200 OK
Nov 18, 2020 5:33:23 AM okhttp3.mockwebserver.MockWebServer$3 processOneRequest
INFO: MockWebServer[54635] received request: GET /apis/entando.org/v1/namespaces/test/entandoapps/test-app HTTP/1.1 and responded: HTTP/1.1 200 OK
Nov 18, 2020 5:33:23 AM okhttp3.mockwebserver.MockWebServer$3 processOneRequest
INFO: MockWebServer[54635] received request: PATCH /apis/entando.org/v1/namespaces/test/entandoapps/test-app HTTP/1.1 and responded: HTTP/1.1 202 OK
Nov 18, 2020 5:33:23 AM io.fabric8.kubernetes.client.dsl.internal.WatchHTTPManager$1 onFailure
INFO: Watch connection failed. reason: e**cutor rejected
Nov 18, 2020 5:33:23 AM okhttp3.mockwebserver.MockWebServer$3 processOneRequest
INFO: MockWebServer[54635] received request: GET /apis/entando.org/v1/namespaces/test/entandoapps/test-app HTTP/1.1 and responded: HTTP/1.1 200 OK
Nov 18, 2020 5:33:23 AM io.fabric8.kubernetes.client.dsl.internal.WatchHTTPManager$1 onFailure
INFO: Watch connection failed. reason: e**cutor rejected
Nov 18, 2020 5:33:23 AM okhttp3.mockwebserver.MockWebServer$2 acceptConnections
INFO: MockWebServer[54635] done accepting connections: Socket closed
Nov 18, 2020 5:33:23 AM io.fabric8.kubernetes.client.dsl.internal.WatchHTTPManager$1 onFailure
INFO: Watch connection failed. reason: Canceled
Nov 18, 2020 5:33:23 AM io.fabric8.kubernetes.client.dsl.internal.WatchHTTPManager scheduleReconnect
WARN: Ignoring error for already closed/closing connection
[INFO] Tests run: 1, Failures: 0, Errors: 0, Skipped: 0, Time elapsed: 1.655 s - in org.entando.kubernetes.controller.coordinator.inprocesstests.DeploymentPhaseWatcherTest
[INFO] Running org.entando.kubernetes.controller.coordinator.inprocesstests.ControllerCoordinatorMockedTest
Nov 18, 2020 5:33:23 AM okhttp3.mockwebserver.MockWebServer$2 e**cute
INFO: MockWebServer[57165] starting to accept connections
Nov 18, 2020 5:33:23 AM okhttp3.mockwebserver.MockWebServer$3 processOneRequest
INFO: MockWebServer[57165] received request: GET /api/v1/namespaces/entando-k8s-controller-coordinator-carcms73 HTTP/1.1 and responded: HTTP/1.1 404 Client Error
Nov 18, 2020 5:33:23 AM okhttp3.mockwebserver.MockWebServer$3 processOneRequest
INFO: MockWebServer[57165] received request: GET /apis/entando.org/v1/namespaces/default/entandokeycloakservers HTTP/1.1 and responded: HTTP/1.1 200 OK
Nov 18, 2020 5:33:24 AM okhttp3.mockwebserver.MockWebServer$3 processOneRequest
INFO: MockWebServer[57165] received request: GET /api/v1/namespaces/entando-k8s-controller-coordinator-carcms73 HTTP/1.1 and responded: HTTP/1.1 404 Client Error
Nov 18, 2020 5:33:24 AM okhttp3.mockwebserver.MockWebServer$3 processOneRequest
INFO: MockWebServer[57165] received request: GET /apis/entando.org/v1/namespaces/default/entandokeycloakservers HTTP/1.1 and responded: HTTP/1.1 200 OK
Nov 18, 2020 5:33:24 AM io.fabric8.kubernetes.client.dsl.internal.WatchHTTPManager$1 onFailure
INFO: Watch connection failed. reason: e**cutor rejected
Nov 18, 2020 5:33:24 AM okhttp3.mockwebserver.MockWebServer$3 processOneRequest
INFO: MockWebServer[57165] received request: GET /apis/entando.org/v1/namespaces/entando-k8s-controller-coordinator-carcms73/entandokeycloakservers HTTP/1.1 and responded: HTTP/1.1 200 OK
Nov 18, 2020 5:33:24 AM okhttp3.mockwebserver.MockWebServer$3 processOneRequest
INFO: MockWebServer[57165] received request: GET /apis/entando.org/v1/namespaces/entando-k8s-controller-coordinator-carcms73/entandokeycloakservers?watch=true HTTP/1.1 and responded: HTTP/1.1 200 OK
Nov 18, 2020 5:33:24 AM okhttp3.mockwebserver.MockWebServer$3 processOneRequest
INFO: MockWebServer[57165] received request: GET /api/v1/namespaces/entando-k8s-controller-coordinator-carcms73 HTTP/1.1 and responded: HTTP/1.1 404 Client Error
Nov 18, 2020 5:33:24 AM okhttp3.mockwebserver.MockWebServer$3 processOneRequest
INFO: MockWebServer[57165] received request: GET /apis/entando.org/v1/namespaces/entando-k8s-controller-coordinator-carcms73/entandokeycloakservers?watch=true HTTP/1.1 and responded: HTTP/1.1 200 OK
Nov 18, 2020 5:33:24 AM io.fabric8.kubernetes.client.dsl.internal.WatchHTTPManager$1 onResponse
INFO: Watch terminated unexpectedly. reason: \n not found: limit=46 content=7b2261706956657273696f6e223a227631222c226b696e64223a224c69737422â€¦
Nov 18, 2020 5:33:24 AM okhttp3.mockwebserver.MockWebServer$3 processOneRequest
INFO: MockWebServer[57165] received request: GET /apis/entando.org/v1/namespaces/default/entandoclusterinfrastructures HTTP/1.1 and responded: HTTP/1.1 200 OK
Nov 18, 2020 5:33:24 AM okhttp3.mockwebserver.MockWebServer$3 processOneRequest
INFO: MockWebServer[57165] received request: GET /api/v1/namespaces/entando-k8s-controller-coordinator-carcms73 HTTP/1.1 and responded: HTTP/1.1 404 Client Error
Nov 18, 2020 5:33:24 AM io.fabric8.kubernetes.client.dsl.internal.WatchHTTPManager$1 onFailure
INFO: Watch connection failed. reason: e**cutor rejected
Nov 18, 2020 5:33:24 AM okhttp3.mockwebserver.MockWebServer$3 processOneRequest
INFO: MockWebServer[57165] received request: GET /apis/entando.org/v1/namespaces/default/entandoclusterinfrastructures HTTP/1.1 and responded: HTTP/1.1 200 OK
Nov 18, 2020 5:33:24 AM okhttp3.mockwebserver.MockWebServer$3 processOneRequest
INFO: MockWebServer[57165] received request: GET /apis/entando.org/v1/namespaces/entando-k8s-controller-coordinator-carcms73/entandoclusterinfrastructures HTTP/1.1 and responded: HTTP/1.1 200 OK
Nov 18, 2020 5:33:24 AM okhttp3.mockwebserver.MockWebServer$3 processOneRequest
INFO: MockWebServer[57165] received request: GET /apis/entando.org/v1/namespaces/entando-k8s-controller-coordinator-carcms73/entandoclusterinfrastructures?watch=true HTTP/1.1 and responded: HTTP/1.1 200 OK
Nov 18, 2020 5:33:24 AM okhttp3.mockwebserver.MockWebServer$3 processOneRequest
INFO: MockWebServer[57165] received request: GET /api/v1/namespaces/entando-k8s-controller-coordinator-carcms73 HTTP/1.1 and responded: HTTP/1.1 404 Client Error
Nov 18, 2020 5:33:24 AM okhttp3.mockwebserver.MockWebServer$3 processOneRequest
INFO: MockWebServer[57165] received request: GET /apis/entando.org/v1/namespaces/entando-k8s-controller-coordinator-carcms73/entandoclusterinfrastructures?watch=true HTTP/1.1 and responded: HTTP/1.1 200 OK
Nov 18, 2020 5:33:24 AM io.fabric8.kubernetes.client.dsl.internal.WatchHTTPManager$1 onResponse
INFO: Watch terminated unexpectedly. reason: \n not found: limit=46 content=7b2261706956657273696f6e223a227631222c226b696e64223a224c69737422â€¦
Nov 18, 2020 5:33:24 AM okhttp3.mockwebserver.MockWebServer$3 processOneRequest
INFO: MockWebServer[57165] received request: GET /apis/entando.org/v1/namespaces/default/entandoapps HTTP/1.1 and responded: HTTP/1.1 200 OK
Nov 18, 2020 5:33:25 AM io.fabric8.kubernetes.client.dsl.internal.WatchHTTPManager$1 onFailure
INFO: Watch connection failed. reason: e**cutor rejected
Nov 18, 2020 5:33:25 AM okhttp3.mockwebserver.MockWebServer$3 processOneRequest
INFO: MockWebServer[57165] received request: GET /api/v1/namespaces/entando-k8s-controller-coordinator-carcms73 HTTP/1.1 and responded: HTTP/1.1 404 Client Error
Nov 18, 2020 5:33:25 AM okhttp3.mockwebserver.MockWebServer$3 processOneRequest
INFO: MockWebServer[57165] received request: GET /apis/entando.org/v1/namespaces/default/entandoapps HTTP/1.1 and responded: HTTP/1.1 200 OK
Nov 18, 2020 5:33:25 AM okhttp3.mockwebserver.MockWebServer$3 processOneRequest
INFO: MockWebServer[57165] received request: GET /apis/entando.org/v1/namespaces/entando-k8s-controller-coordinator-carcms73/entandoapps HTTP/1.1 and responded: HTTP/1.1 200 OK
Nov 18, 2020 5:33:25 AM okhttp3.mockwebserver.MockWebServer$3 processOneRequest
INFO: MockWebServer[57165] received request: GET /apis/entando.org/v1/namespaces/entando-k8s-controller-coordinator-carcms73/entandoapps?watch=true HTTP/1.1 and responded: HTTP/1.1 200 OK
Nov 18, 2020 5:33:25 AM okhttp3.mockwebserver.MockWebServer$3 processOneRequest
INFO: MockWebServer[57165] received request: GET /api/v1/namespaces/entando-k8s-controller-coordinator-carcms73 HTTP/1.1 and responded: HTTP/1.1 404 Client Error
Nov 18, 2020 5:33:25 AM okhttp3.mockwebserver.MockWebServer$3 processOneRequest
INFO: MockWebServer[57165] received request: GET /apis/entando.org/v1/namespaces/entando-k8s-controller-coordinator-carcms73/entandoapps?watch=true HTTP/1.1 and responded: HTTP/1.1 200 OK
Nov 18, 2020 5:33:25 AM io.fabric8.kubernetes.client.dsl.internal.WatchHTTPManager$1 onResponse
INFO: Watch terminated unexpectedly. reason: \n not found: limit=46 content=7b2261706956657273696f6e223a227631222c226b696e64223a224c69737422â€¦
Nov 18, 2020 5:33:25 AM okhttp3.mockwebserver.MockWebServer$3 processOneRequest
INFO: MockWebServer[57165] received request: GET /apis/entando.org/v1/namespaces/default/entandoplugins HTTP/1.1 and responded: HTTP/1.1 200 OK
Nov 18, 2020 5:33:25 AM okhttp3.mockwebserver.MockWebServer$3 processOneRequest
INFO: MockWebServer[57165] received request: GET /api/v1/namespaces/entando-k8s-controller-coordinator-carcms73 HTTP/1.1 and responded: HTTP/1.1 404 Client Error
Nov 18, 2020 5:33:25 AM okhttp3.mockwebserver.MockWebServer$3 processOneRequest
INFO: MockWebServer[57165] received request: GET /apis/entando.org/v1/namespaces/entando-k8s-controller-coordinator-carcms73/entandokeycloakservers?watch=true HTTP/1.1 and responded: HTTP/1.1 200 OK
Nov 18, 2020 5:33:25 AM okhttp3.mockwebserver.MockWebServer$3 processOneRequest
INFO: MockWebServer[57165] received request: GET /apis/entando.org/v1/namespaces/default/entandoplugins HTTP/1.1 and responded: HTTP/1.1 200 OK
Nov 18, 2020 5:33:25 AM io.fabric8.kubernetes.client.dsl.internal.WatchHTTPManager$1 onResponse
INFO: Watch terminated unexpectedly. reason: \n not found: limit=46 content=7b2261706956657273696f6e223a227631222c226b696e64223a224c69737422â€¦
Nov 18, 2020 5:33:25 AM okhttp3.mockwebserver.MockWebServer$3 processOneRequest
INFO: MockWebServer[57165] received request: GET /apis/entando.org/v1/namespaces/entando-k8s-controller-coordinator-carcms73/entandoplugins HTTP/1.1 and responded: HTTP/1.1 200 OK
Nov 18, 2020 5:33:25 AM okhttp3.mockwebserver.MockWebServer$3 processOneRequest
INFO: MockWebServer[57165] received request: GET /apis/entando.org/v1/namespaces/entando-k8s-controller-coordinator-carcms73/entandoplugins?watch=true HTTP/1.1 and responded: HTTP/1.1 200 OK
Nov 18, 2020 5:33:25 AM okhttp3.mockwebserver.MockWebServer$3 processOneRequest
INFO: MockWebServer[57165] received request: GET /apis/entando.org/v1/namespaces/entando-k8s-controller-coordinator-carcms73/entandoplugins?watch=true HTTP/1.1 and responded: HTTP/1.1 200 OK
Nov 18, 2020 5:33:25 AM okhttp3.mockwebserver.MockWebServer$3 processOneRequest
INFO: MockWebServer[57165] received request: GET /api/v1/namespaces/entando-k8s-controller-coordinator-carcms73 HTTP/1.1 and responded: HTTP/1.1 404 Client Error
Nov 18, 2020 5:33:25 AM io.fabric8.kubernetes.client.dsl.internal.WatchHTTPManager$1 onResponse
INFO: Watch terminated unexpectedly. reason: \n not found: limit=46 content=7b2261706956657273696f6e223a227631222c226b696e64223a224c69737422â€¦
Nov 18, 2020 5:33:25 AM okhttp3.mockwebserver.MockWebServer$3 processOneRequest
INFO: MockWebServer[57165] received request: GET /apis/entando.org/v1/namespaces/default/entandoapppluginlinks HTTP/1.1 and responded: HTTP/1.1 200 OK
Nov 18, 2020 5:33:25 AM okhttp3.mockwebserver.MockWebServer$3 processOneRequest
INFO: MockWebServer[57165] received request: GET /api/v1/namespaces/entando-k8s-controller-coordinator-carcms73 HTTP/1.1 and responded: HTTP/1.1 404 Client Error
Nov 18, 2020 5:33:25 AM okhttp3.mockwebserver.MockWebServer$3 processOneRequest
INFO: MockWebServer[57165] received request: GET /apis/entando.org/v1/namespaces/default/entandoapppluginlinks HTTP/1.1 and responded: HTTP/1.1 200 OK
Nov 18, 2020 5:33:26 AM io.fabric8.kubernetes.client.dsl.internal.WatchHTTPManager$1 onFailure
INFO: Watch connection failed. reason: e**cutor rejected
Nov 18, 2020 5:33:26 AM okhttp3.mockwebserver.MockWebServer$3 processOneRequest
INFO: MockWebServer[57165] received request: GET /apis/entando.org/v1/namespaces/entando-k8s-controller-coordinator-carcms73/entandoclusterinfrastructures?watch=true HTTP/1.1 and responded: HTTP/1.1 200 OK
Nov 18, 2020 5:33:26 AM io.fabric8.kubernetes.client.dsl.internal.WatchHTTPManager$1 onResponse
INFO: Watch terminated unexpectedly. reason: \n not found: limit=46 content=7b2261706956657273696f6e223a227631222c226b696e64223a224c69737422â€¦
Nov 18, 2020 5:33:26 AM okhttp3.mockwebserver.MockWebServer$3 processOneRequest
INFO: MockWebServer[57165] received request: GET /apis/entando.org/v1/namespaces/entando-k8s-controller-coordinator-carcms73/entandoapppluginlinks HTTP/1.1 and responded: HTTP/1.1 200 OK
Nov 18, 2020 5:33:26 AM okhttp3.mockwebserver.MockWebServer$3 processOneRequest
INFO: MockWebServer[57165] received request: GET /apis/entando.org/v1/namespaces/entando-k8s-controller-coordinator-carcms73/entandoapppluginlinks?watch=true HTTP/1.1 and responded: HTTP/1.1 200 OK
Nov 18, 2020 5:33:26 AM okhttp3.mockwebserver.MockWebServer$3 processOneRequest
INFO: MockWebServer[57165] received request: GET /api/v1/namespaces/entando-k8s-controller-coordinator-carcms73 HTTP/1.1 and responded: HTTP/1.1 404 Client Error
Nov 18, 2020 5:33:26 AM okhttp3.mockwebserver.MockWebServer$3 processOneRequest
INFO: MockWebServer[57165] received request: GET /apis/entando.org/v1/namespaces/entando-k8s-controller-coordinator-carcms73/entandoapppluginlinks?watch=true HTTP/1.1 and responded: HTTP/1.1 200 OK
Nov 18, 2020 5:33:26 AM io.fabric8.kubernetes.client.dsl.internal.WatchHTTPManager$1 onResponse
INFO: Watch terminated unexpectedly. reason: \n not found: limit=46 content=7b2261706956657273696f6e223a227631222c226b696e64223a224c69737422â€¦
Nov 18, 2020 5:33:26 AM okhttp3.mockwebserver.MockWebServer$3 processOneRequest
INFO: MockWebServer[57165] received request: GET /apis/entando.org/v1/namespaces/default/entandocompositeapps HTTP/1.1 and responded: HTTP/1.1 200 OK
Nov 18, 2020 5:33:26 AM okhttp3.mockwebserver.MockWebServer$3 processOneRequest
INFO: MockWebServer[57165] received request: GET /api/v1/namespaces/entando-k8s-controller-coordinator-carcms73 HTTP/1.1 and responded: HTTP/1.1 404 Client Error
Nov 18, 2020 5:33:26 AM okhttp3.mockwebserver.MockWebServer$3 processOneRequest
INFO: MockWebServer[57165] received request: GET /apis/entando.org/v1/namespaces/default/entandocompositeapps HTTP/1.1 and responded: HTTP/1.1 200 OK
Nov 18, 2020 5:33:26 AM okhttp3.mockwebserver.MockWebServer$3 processOneRequest
INFO: MockWebServer[57165] received request: GET /apis/entando.org/v1/namespaces/entando-k8s-controller-coordinator-carcms73/entandoapps?watch=true HTTP/1.1 and responded: HTTP/1.1 200 OK
Nov 18, 2020 5:33:26 AM io.fabric8.kubernetes.client.dsl.internal.WatchHTTPManager$1 onResponse
INFO: Watch terminated unexpectedly. reason: \n not found: limit=46 content=7b2261706956657273696f6e223a227631222c226b696e64223a224c69737422â€¦
Nov 18, 2020 5:33:26 AM okhttp3.mockwebserver.MockWebServer$3 processOneRequest
INFO: MockWebServer[57165] received request: GET /apis/entando.org/v1/namespaces/entando-k8s-controller-coordinator-carcms73/entandocompositeapps HTTP/1.1 and responded: HTTP/1.1 200 OK
Nov 18, 2020 5:33:26 AM io.fabric8.kubernetes.client.dsl.internal.WatchHTTPManager$1 onFailure
INFO: Watch connection failed. reason: e**cutor rejected
Nov 18, 2020 5:33:26 AM okhttp3.mockwebserver.MockWebServer$3 processOneRequest
INFO: MockWebServer[57165] received request: GET /apis/entando.org/v1/namespaces/entando-k8s-controller-coordinator-carcms73/entandocompositeapps?watch=true HTTP/1.1 and responded: HTTP/1.1 200 OK
Nov 18, 2020 5:33:26 AM io.fabric8.kubernetes.client.dsl.internal.WatchHTTPManager$1 onFailure
INFO: Watch connection failed. reason: e**cutor rejected
Nov 18, 2020 5:33:26 AM okhttp3.mockwebserver.MockWebServer$3 processOneRequest
INFO: MockWebServer[57165] received request: GET /api/v1/namespaces/entando-k8s-controller-coordinator-carcms73 HTTP/1.1 and responded: HTTP/1.1 404 Client Error
Nov 18, 2020 5:33:26 AM okhttp3.mockwebserver.MockWebServer$3 processOneRequest
INFO: MockWebServer[57165] received request: GET /apis/entando.org/v1/namespaces/entando-k8s-controller-coordinator-carcms73/entandocompositeapps?watch=true HTTP/1.1 and responded: HTTP/1.1 200 OK
Nov 18, 2020 5:33:26 AM io.fabric8.kubernetes.client.dsl.internal.WatchHTTPManager$1 onResponse
INFO: Watch terminated unexpectedly. reason: \n not found: limit=46 content=7b2261706956657273696f6e223a227631222c226b696e64223a224c69737422â€¦
Nov 18, 2020 5:33:26 AM okhttp3.mockwebserver.MockWebServer$3 processOneRequest
INFO: MockWebServer[57165] received request: GET /apis/entando.org/v1/namespaces/default/entandodatabaseservices HTTP/1.1 and responded: HTTP/1.1 200 OK
Nov 18, 2020 5:33:26 AM okhttp3.mockwebserver.MockWebServer$3 processOneRequest
INFO: MockWebServer[57165] received request: GET /api/v1/namespaces/entando-k8s-controller-coordinator-carcms73 HTTP/1.1 and responded: HTTP/1.1 404 Client Error
Nov 18, 2020 5:33:26 AM okhttp3.mockwebserver.MockWebServer$3 processOneRequest
INFO: MockWebServer[57165] received request: GET /apis/entando.org/v1/namespaces/default/entandodatabaseservices HTTP/1.1 and responded: HTTP/1.1 200 OK
Nov 18, 2020 5:33:26 AM okhttp3.mockwebserver.MockWebServer$3 processOneRequest
INFO: MockWebServer[57165] received request: GET /apis/entando.org/v1/namespaces/entando-k8s-controller-coordinator-carcms73/entandoplugins?watch=true HTTP/1.1 and responded: HTTP/1.1 200 OK
Nov 18, 2020 5:33:26 AM io.fabric8.kubernetes.client.dsl.internal.WatchHTTPManager$1 onResponse
INFO: Watch terminated unexpectedly. reason: \n not found: limit=46 content=7b2261706956657273696f6e223a227631222c226b696e64223a224c69737422â€¦
Nov 18, 2020 5:33:26 AM okhttp3.mockwebserver.MockWebServer$3 processOneRequest
INFO: MockWebServer[57165] received request: GET /apis/entando.org/v1/namespaces/entando-k8s-controller-coordinator-carcms73/entandodatabaseservices HTTP/1.1 and responded: HTTP/1.1 200 OK
Nov 18, 2020 5:33:26 AM okhttp3.mockwebserver.MockWebServer$3 processOneRequest
INFO: MockWebServer[57165] received request: GET /apis/entando.org/v1/namespaces/entando-k8s-controller-coordinator-carcms73/entandodatabaseservices?watch=true HTTP/1.1 and responded: HTTP/1.1 200 OK
Nov 18, 2020 5:33:26 AM io.fabric8.kubernetes.client.dsl.internal.WatchHTTPManager$1 onFailure
INFO: Watch connection failed. reason: e**cutor rejected
Nov 18, 2020 5:33:27 AM okhttp3.mockwebserver.MockWebServer$3 processOneRequest
INFO: MockWebServer[57165] received request: GET /api/v1/namespaces/entando-k8s-controller-coordinator-carcms73 HTTP/1.1 and responded: HTTP/1.1 404 Client Error
Nov 18, 2020 5:33:27 AM okhttp3.mockwebserver.MockWebServer$3 processOneRequest
INFO: MockWebServer[57165] received request: GET /apis/entando.org/v1/namespaces/entando-k8s-controller-coordinator-carcms73/entandodatabaseservices?watch=true HTTP/1.1 and responded: HTTP/1.1 200 OK
Nov 18, 2020 5:33:27 AM io.fabric8.kubernetes.client.dsl.internal.WatchHTTPManager$1 onResponse
INFO: Watch terminated unexpectedly. reason: \n not found: limit=46 content=7b2261706956657273696f6e223a227631222c226b696e64223a224c69737422â€¦
Nov 18, 2020 5:33:27 AM okhttp3.mockwebserver.MockWebServer$3 processOneRequest
INFO: MockWebServer[57165] received request: POST /api/v1/namespaces HTTP/1.1 and responded: HTTP/1.1 202 OK
Nov 18, 2020 5:33:27 AM okhttp3.mockwebserver.MockWebServer$3 processOneRequest
INFO: MockWebServer[57165] received request: GET /api/v1/namespaces/entando/configmaps/entando-docker-image-info-v6.1 HTTP/1.1 and responded: HTTP/1.1 404 Client Error
Nov 18, 2020 5:33:27 AM okhttp3.mockwebserver.MockWebServer$3 processOneRequest
INFO: MockWebServer[57165] received request: POST /api/v1/namespaces/entando/configmaps HTTP/1.1 and responded: HTTP/1.1 202 OK
Nov 18, 2020 5:33:27 AM io.fabric8.kubernetes.client.dsl.internal.WatchHTTPManager$1 onFailure
INFO: Watch connection failed. reason: e**cutor rejected
Nov 18, 2020 5:33:27 AM okhttp3.mockwebserver.MockWebServer$3 processOneRequest
INFO: MockWebServer[57165] received request: GET /apis/entando.org/v1/namespaces/entando-k8s-controller-coordinator-carcms73/entandoapppluginlinks?watch=true HTTP/1.1 and responded: HTTP/1.1 200 OK
Nov 18, 2020 5:33:27 AM io.fabric8.kubernetes.client.dsl.internal.WatchHTTPManager$1 onResponse
INFO: Watch terminated unexpectedly. reason: \n not found: limit=46 content=7b2261706956657273696f6e223a227631222c226b696e64223a224c69737422â€¦
Nov 18, 2020 5:33:27 AM okhttp3.mockwebserver.MockWebServer$3 processOneRequest
INFO: MockWebServer[57165] received request: GET /api/v1/namespaces/entando-k8s-controller-coordinator-carcms73 HTTP/1.1 and responded: HTTP/1.1 200 OK
Nov 18, 2020 5:33:27 AM io.fabric8.kubernetes.client.dsl.internal.WatchHTTPManager$1 onFailure
INFO: Watch connection failed. reason: e**cutor rejected
Nov 18, 2020 5:33:27 AM okhttp3.mockwebserver.MockWebServer$3 processOneRequest
INFO: MockWebServer[57165] received request: GET /apis/entando.org/v1/namespaces/entando-k8s-controller-coordinator-carcms73/entandokeycloakservers HTTP/1.1 and responded: HTTP/1.1 200 OK
Nov 18, 2020 5:33:27 AM okhttp3.mockwebserver.MockWebServer$3 processOneRequest
INFO: MockWebServer[57165] received request: GET /api/v1/namespaces/entando-k8s-controller-coordinator-carcms73 HTTP/1.1 and responded: HTTP/1.1 200 OK
Nov 18, 2020 5:33:27 AM okhttp3.mockwebserver.MockWebServer$3 processOneRequest
INFO: MockWebServer[57165] received request: GET /apis/entando.org/v1/namespaces/entando-k8s-controller-coordinator-carcms73/entandokeycloakservers HTTP/1.1 and responded: HTTP/1.1 200 OK
Nov 18, 2020 5:33:27 AM okhttp3.mockwebserver.MockWebServer$3 processOneRequest
INFO: MockWebServer[57165] received request: GET /apis/entando.org/v1/namespaces/entando-k8s-controller-coordinator-carcms73/entandokeycloakservers?watch=true HTTP/1.1 and responded: HTTP/1.1 200 OK
Nov 18, 2020 5:33:27 AM io.fabric8.kubernetes.client.dsl.internal.WatchHTTPManager$1 onResponse
INFO: Watch terminated unexpectedly. reason: \n not found: limit=46 content=7b2261706956657273696f6e223a227631222c226b696e64223a224c69737422â€¦
Nov 18, 2020 5:33:27 AM okhttp3.mockwebserver.MockWebServer$3 processOneRequest
INFO: MockWebServer[57165] received request: POST /apis/entando.org/v1/namespaces/entando-k8s-controller-coordinator-carcms73/entandokeycloakservers HTTP/1.1 and responded: HTTP/1.1 202 OK
Nov 18, 2020 5:33:27 AM org.entando.kubernetes.controller.coordinator.EntandoResourceObserver logAction
INFO: Received ADDED for resource EntandoKeycloakServer entando-k8s-controller-coordinator-carcms73/test-keycloak
Nov 18, 2020 5:33:27 AM okhttp3.mockwebserver.MockWebServer$3 processOneRequest
INFO: MockWebServer[57165] received request: GET /apis/entando.org/v1/namespaces/entando-k8s-controller-coordinator-carcms73/entandocompositeapps?watch=true HTTP/1.1 and responded: HTTP/1.1 200 OK
Nov 18, 2020 5:33:27 AM io.fabric8.kubernetes.client.dsl.internal.WatchHTTPManager$1 onResponse
INFO: Watch terminated unexpectedly. reason: \n not found: limit=46 content=7b2261706956657273696f6e223a227631222c226b696e64223a224c69737422â€¦
Nov 18, 2020 5:33:27 AM okhttp3.mockwebserver.MockWebServer$3 processOneRequest
INFO: MockWebServer[57165] received request: GET /api/v1/namespaces/entando/configmaps/entando-docker-image-info-v6.1 HTTP/1.1 and responded: HTTP/1.1 200 OK
Nov 18, 2020 5:33:27 AM io.fabric8.kubernetes.client.dsl.internal.WatchHTTPManager$1 onFailure
INFO: Watch connection failed. reason: e**cutor rejected
Nov 18, 2020 5:33:27 AM okhttp3.mockwebserver.MockWebServer$3 processOneRequest
INFO: MockWebServer[57165] received request: GET /api/v1/namespaces/entando-k8s-controller-coordinator-carcms73/pods?labelSelector=EntandoResourceNamespace%3Dentando-k8s-controller-coordinator-carcms73%2CEntandoResourceKind%3DEntandoKeycloakServer%2CEntandoKeycloakServer%3Dtest-keycloak HTTP/1.1 and responded: HTTP/1.1 200 OK
Nov 18, 2020 5:33:27 AM okhttp3.mockwebserver.MockWebServer$3 processOneRequest
INFO: MockWebServer[57165] received request: GET /api/v1/namespaces/entando-k8s-controller-coordinator-carcms73/pods?labelSelector=EntandoResourceKind%3DEntandoKeycloakServer HTTP/1.1 and responded: HTTP/1.1 200 OK
Nov 18, 2020 5:33:27 AM okhttp3.mockwebserver.MockWebServer$3 processOneRequest
INFO: MockWebServer[57165] received request: GET /api/v1/namespaces/entando-k8s-controller-coordinator-carcms73/pods?labelSelector=EntandoResourceNamespace%3Dentando-k8s-controller-coordinator-carcms73%2CEntandoResourceKind%3DEntandoKeycloakServer%2CEntandoKeycloakServer%3Dtest-keycloak&watch=true HTTP/1.1 and responded: HTTP/1.1 200 OK
Nov 18, 2020 5:33:27 AM io.fabric8.kubernetes.client.dsl.internal.WatchHTTPManager$1 onFailure
INFO: Watch connection failed. reason: e**cutor rejected
Nov 18, 2020 5:33:27 AM okhttp3.mockwebserver.MockWebServer$3 processOneRequest
INFO: MockWebServer[57165] received request: GET /api/v1/namespaces/entando-k8s-controller-coordinator-carcms73/pods?labelSelector=EntandoResourceKind%3DEntandoKeycloakServer HTTP/1.1 and responded: HTTP/1.1 200 OK
Nov 18, 2020 5:33:27 AM okhttp3.mockwebserver.MockWebServer$3 processOneRequest
INFO: MockWebServer[57165] received request: GET /api/v1/namespaces/entando-k8s-controller-coordinator-carcms73/pods?labelSelector=EntandoResourceNamespace%3Dentando-k8s-controller-coordinator-carcms73%2CEntandoResourceKind%3DEntandoKeycloakServer%2CEntandoKeycloakServer%3Dtest-keycloak&watch=true HTTP/1.1 and responded: HTTP/1.1 200 OK
Nov 18, 2020 5:33:27 AM okhttp3.mockwebserver.MockWebServer$3 processOneRequest
INFO: MockWebServer[57165] received request: GET /api/v1/namespaces/entando-k8s-controller-coordinator-carcms73/pods?labelSelector=EntandoResourceNamespace%3Dentando-k8s-controller-coordinator-carcms73%2CEntandoResourceKind%3DEntandoKeycloakServer%2CEntandoKeycloakServer%3Dtest-keycloak HTTP/1.1 and responded: HTTP/1.1 200 OK
Nov 18, 2020 5:33:28 AM io.fabric8.kubernetes.client.dsl.internal.WatchHTTPManager$1 onResponse
INFO: Watch terminated unexpectedly. reason: \n not found: limit=46 content=7b2261706956657273696f6e223a227631222c226b696e64223a224c69737422â€¦
Nov 18, 2020 5:33:28 AM okhttp3.mockwebserver.MockWebServer$3 processOneRequest
INFO: MockWebServer[57165] received request: GET /apis/entando.org/v1/namespaces/entando-k8s-controller-coordinator-carcms73/entandoclusterinfrastructures?watch=true HTTP/1.1 and responded: HTTP/1.1 200 OK
Nov 18, 2020 5:33:28 AM okhttp3.mockwebserver.MockWebServer$3 processOneRequest
INFO: MockWebServer[57165] received request: GET /api/v1/namespaces/entando-k8s-controller-coordinator-carcms73/pods?labelSelector=EntandoResourceNamespace%3Dentando-k8s-controller-coordinator-carcms73%2CEntandoResourceKind%3DEntandoKeycloakServer%2CEntandoKeycloakServer%3Dtest-keycloak HTTP/1.1 and responded: HTTP/1.1 200 OK
Nov 18, 2020 5:33:28 AM io.fabric8.kubernetes.client.dsl.internal.WatchHTTPManager$1 onResponse
INFO: Watch terminated unexpectedly. reason: \n not found: limit=46 content=7b2261706956657273696f6e223a227631222c226b696e64223a224c69737422â€¦
Nov 18, 2020 5:33:28 AM okhttp3.mockwebserver.MockWebServer$3 processOneRequest
INFO: MockWebServer[57165] received request: GET /api/v1/namespaces/entando-k8s-controller-coordinator-carcms73/pods?labelSelector=EntandoResourceKind%3DEntandoKeycloakServer HTTP/1.1 and responded: HTTP/1.1 200 OK
Nov 18, 2020 5:33:28 AM okhttp3.mockwebserver.MockWebServer$3 processOneRequest
INFO: MockWebServer[57165] received request: GET /apis/entando.org/v1/namespaces/entando-k8s-controller-coordinator-carcms73/entandodatabaseservices?watch=true HTTP/1.1 and responded: HTTP/1.1 200 OK
Nov 18, 2020 5:33:28 AM io.fabric8.kubernetes.client.dsl.internal.WatchHTTPManager$1 onResponse
INFO: Watch terminated unexpectedly. reason: \n not found: limit=46 content=7b2261706956657273696f6e223a227631222c226b696e64223a224c69737422â€¦
Nov 18, 2020 5:33:28 AM io.fabric8.kubernetes.client.dsl.internal.WatchHTTPManager$1 onFailure
INFO: Watch connection failed. reason: e**cutor rejected
Nov 18, 2020 5:33:28 AM okhttp3.mockwebserver.MockWebServer$3 processOneRequest
INFO: MockWebServer[57165] received request: GET /api/v1/namespaces/entando-k8s-controller-coordinator-carcms73/pods?labelSelector=EntandoResourceKind%3DEntandoKeycloakServer HTTP/1.1 and responded: HTTP/1.1 200 OK
Nov 18, 2020 5:33:28 AM okhttp3.mockwebserver.MockWebServer$3 processOneRequest
INFO: MockWebServer[57165] received request: GET /api/v1/namespaces/entando-k8s-controller-coordinator-carcms73/pods?labelSelector=EntandoResourceKind%3DEntandoKeycloakServer HTTP/1.1 and responded: HTTP/1.1 200 OK
Nov 18, 2020 5:33:28 AM okhttp3.mockwebserver.MockWebServer$3 processOneRequest
INFO: MockWebServer[57165] received request: GET /apis/entando.org/v1/namespaces/entando-k8s-controller-coordinator-carcms73/entandoapps?watch=true HTTP/1.1 and responded: HTTP/1.1 200 OK
Nov 18, 2020 5:33:28 AM io.fabric8.kubernetes.client.dsl.internal.WatchHTTPManager$1 onResponse
INFO: Watch terminated unexpectedly. reason: \n not found: limit=46 content=7b2261706956657273696f6e223a227631222c226b696e64223a224c69737422â€¦
Nov 18, 2020 5:33:28 AM okhttp3.mockwebserver.MockWebServer$3 processOneRequest
INFO: MockWebServer[57165] received request: GET /api/v1/namespaces/entando-k8s-controller-coordinator-carcms73/pods?labelSelector=EntandoResourceKind%3DEntandoKeycloakServer HTTP/1.1 and responded: HTTP/1.1 200 OK
Nov 18, 2020 5:33:28 AM io.fabric8.kubernetes.client.dsl.internal.WatchHTTPManager$1 onFailure
INFO: Watch connection failed. reason: e**cutor rejected
Nov 18, 2020 5:33:28 AM io.fabric8.kubernetes.client.dsl.internal.WatchHTTPManager$1 onFailure
INFO: Watch connection failed. reason: e**cutor rejected
Nov 18, 2020 5:33:28 AM okhttp3.mockwebserver.MockWebServer$3 processOneRequest
INFO: MockWebServer[57165] received request: GET /api/v1/namespaces/entando-k8s-controller-coordinator-carcms73/pods?labelSelector=EntandoResourceKind%3DEntandoKeycloakServer HTTP/1.1 and responded: HTTP/1.1 200 OK
Nov 18, 2020 5:33:28 AM okhttp3.mockwebserver.MockWebServer$3 processOneRequest
INFO: MockWebServer[57165] received request: GET /apis/entando.org/v1/namespaces/entando-k8s-controller-coordinator-carcms73/entandoplugins?watch=true HTTP/1.1 and responded: HTTP/1.1 200 OK
Nov 18, 2020 5:33:28 AM okhttp3.mockwebserver.MockWebServer$3 processOneRequest
INFO: MockWebServer[57165] received request: GET /api/v1/namespaces/entando-k8s-controller-coordinator-carcms73/pods?labelSelector=EntandoResourceKind%3DEntandoKeycloakServer HTTP/1.1 and responded: HTTP/1.1 200 OK
Nov 18, 2020 5:33:28 AM io.fabric8.kubernetes.client.dsl.internal.WatchHTTPManager$1 onResponse
INFO: Watch terminated unexpectedly. reason: \n not found: limit=46 content=7b2261706956657273696f6e223a227631222c226b696e64223a224c69737422â€¦
Nov 18, 2020 5:33:29 AM io.fabric8.kubernetes.client.dsl.internal.WatchHTTPManager$1 onFailure
INFO: Watch connection failed. reason: e**cutor rejected
Nov 18, 2020 5:33:29 AM okhttp3.mockwebserver.MockWebServer$3 processOneRequest
INFO: MockWebServer[57165] received request: GET /api/v1/namespaces/entando-k8s-controller-coordinator-carcms73/pods?labelSelector=EntandoResourceKind%3DEntandoKeycloakServer HTTP/1.1 and responded: HTTP/1.1 200 OK
Nov 18, 2020 5:33:29 AM okhttp3.mockwebserver.MockWebServer$3 processOneRequest
INFO: MockWebServer[57165] received request: GET /api/v1/namespaces/entando-k8s-controller-coordinator-carcms73/pods?labelSelector=EntandoResourceNamespace%3Dentando-k8s-controller-coordinator-carcms73%2CEntandoResourceKind%3DEntandoKeycloakServer%2CEntandoKeycloakServer%3Dtest-keycloak&watch=true HTTP/1.1 and responded: HTTP/1.1 200 OK
Nov 18, 2020 5:33:29 AM io.fabric8.kubernetes.client.dsl.internal.WatchHTTPManager$1 onResponse
INFO: Watch terminated unexpectedly. reason: \n not found: limit=46 content=7b2261706956657273696f6e223a227631222c226b696e64223a224c69737422â€¦
Nov 18, 2020 5:33:29 AM io.fabric8.kubernetes.client.dsl.internal.WatchHTTPManager scheduleReconnect
WARN: Ignoring error for already closed/closing connection
Nov 18, 2020 5:33:29 AM okhttp3.mockwebserver.MockWebServer$3 processOneRequest
INFO: MockWebServer[57165] received request: GET /api/v1/namespaces/entando-k8s-controller-coordinator-carcms73/secrets/test-keycloak-controller-ca-cert-secret HTTP/1.1 and responded: HTTP/1.1 404 Client Error
Nov 18, 2020 5:33:29 AM okhttp3.mockwebserver.MockWebServer$3 processOneRequest
INFO: MockWebServer[57165] received request: POST /api/v1/namespaces/entando-k8s-controller-coordinator-carcms73/secrets HTTP/1.1 and responded: HTTP/1.1 202 OK
Nov 18, 2020 5:33:29 AM okhttp3.mockwebserver.MockWebServer$3 processOneRequest
INFO: MockWebServer[57165] received request: GET /api/v1/namespaces/entando-k8s-controller-coordinator-carcms73/pods?labelSelector=EntandoResourceKind%3DEntandoKeycloakServer HTTP/1.1 and responded: HTTP/1.1 200 OK
Nov 18, 2020 5:33:29 AM okhttp3.mockwebserver.MockWebServer$3 processOneRequest
INFO: MockWebServer[57165] received request: POST /api/v1/namespaces/entando-k8s-controller-coordinator-carcms73/pods HTTP/1.1 and responded: HTTP/1.1 202 OK
Nov 18, 2020 5:33:29 AM io.fabric8.kubernetes.client.dsl.internal.WatchHTTPManager$1 onFailure
INFO: Watch connection failed. reason: e**cutor rejected
Nov 18, 2020 5:33:29 AM okhttp3.mockwebserver.MockWebServer$3 processOneRequest
INFO: MockWebServer[57165] received request: GET /apis/entando.org/v1/namespaces/entando-k8s-controller-coordinator-carcms73/entandoapppluginlinks?watch=true HTTP/1.1 and responded: HTTP/1.1 200 OK
Nov 18, 2020 5:33:29 AM okhttp3.mockwebserver.MockWebServer$3 processOneRequest
INFO: MockWebServer[57165] received request: GET /api/v1/namespaces/entando-k8s-controller-coordinator-carcms73/pods?labelSelector=EntandoResourceKind%3DEntandoKeycloakServer HTTP/1.1 and responded: HTTP/1.1 200 OK
Nov 18, 2020 5:33:29 AM io.fabric8.kubernetes.client.dsl.internal.WatchHTTPManager$1 onResponse
INFO: Watch terminated unexpectedly. reason: \n not found: limit=46 content=7b2261706956657273696f6e223a227631222c226b696e64223a224c69737422â€¦
Nov 18, 2020 5:33:29 AM okhttp3.mockwebserver.MockWebServer$3 processOneRequest
INFO: MockWebServer[57165] received request: GET /api/v1/namespaces/entando-k8s-controller-coordinator-carcms73/pods?labelSelector=EntandoResourceKind%3DEntandoKeycloakServer HTTP/1.1 and responded: HTTP/1.1 200 OK
Nov 18, 2020 5:33:29 AM okhttp3.mockwebserver.MockWebServer$2 acceptConnections
INFO: MockWebServer[57165] done accepting connections: Socket closed
[INFO] Tests run: 1, Failures: 0, Errors: 0, Skipped: 0, Time elapsed: 5.615 s - in org.entando.kubernetes.controller.coordinator.inprocesstests.ControllerCoordinatorMockedTest
[INFO] 
[INFO] Results:
[INFO] 
[INFO] Tests run: 11, Failures: 0, Errors: 0, Skipped: 0
[INFO] 
[INFO] 
[INFO] --- maven-jar-plugin:3.2.0:jar (default-jar) @ entando-k8s-controller-coordinator ---
[INFO] Building jar: /workspace/source/target/entando-k8s-controller-coordinator-6.2.17.jar
[INFO] 
[INFO] --- maven-jar-plugin:3.2.0:test-jar (build-test-jar) @ entando-k8s-controller-coordinator ---
[INFO] Building jar: /workspace/source/target/entando-k8s-controller-coordinator-6.2.17-tests.jar
[INFO] 
[INFO] --- maven-source-plugin:3.2.1:jar-no-fork (attach-sources) @ entando-k8s-controller-coordinator ---
[INFO] Building jar: /workspace/source/target/entando-k8s-controller-coordinator-6.2.17-sources.jar
[INFO] 
[INFO] --- maven-javadoc-plugin:3.2.0:jar (attach-javadocs) @ entando-k8s-controller-coordinator ---
[INFO] No previous run data found, generating javadoc.
[INFO] 
Loading source files for package org.entando.kubernetes.controller.coordinator...
Constructing Javadoc information...
Standard Doclet version 11.0.6
Building tree for all the packages and classes...
Generating /workspace/source/target/apidocs/org/entando/kubernetes/controller/coordinator/EntandoControllerCoordinator.html...
Generating /workspace/source/target/apidocs/org/entando/kubernetes/controller/coordinator/EntandoDeploymentPhaseWatcher.html...
Generating /workspace/source/target/apidocs/org/entando/kubernetes/controller/coordinator/EntandoOperatorMatcher.html...
Generating /workspace/source/target/apidocs/org/entando/kubernetes/controller/coordinator/EntandoResourceObserver.html...
Generating /workspace/source/target/apidocs/org/entando/kubernetes/controller/coordinator/package-summary.html...
Generating /workspace/source/target/apidocs/org/entando/kubernetes/controller/coordinator/package-tree.html...
Generating /workspace/source/target/apidocs/constant-values.html...
Generating /workspace/source/target/apidocs/org/entando/kubernetes/controller/coordinator/class-use/EntandoControllerCoordinator.html...
Generating /workspace/source/target/apidocs/org/entando/kubernetes/controller/coordinator/class-use/EntandoOperatorMatcher.html...
Generating /workspace/source/target/apidocs/org/entando/kubernetes/controller/coordinator/class-use/EntandoResourceObserver.html...
Generating /workspace/source/target/apidocs/org/entando/kubernetes/controller/coordinator/class-use/EntandoDeploymentPhaseWatcher.html...
Generating /workspace/source/target/apidocs/org/entando/kubernetes/controller/coordinator/package-use.html...
Building index for all the packages and classes...
Generating /workspace/source/target/apidocs/overview-tree.html...
Generating /workspace/source/target/apidocs/index-all.html...
Building index for all classes...
Generating /workspace/source/target/apidocs/allclasses-index.html...
Generating /workspace/source/target/apidocs/allpackages-index.html...
Generating /workspace/source/target/apidocs/deprecated-list.html...
Building index for all classes...
Generating /workspace/source/target/apidocs/allclasses.html...
Generating /workspace/source/target/apidocs/allclasses.html...
Generating /workspace/source/target/apidocs/index.html...
Generating /workspace/source/target/apidocs/help-doc.html...
[INFO] Building jar: /workspace/source/target/entando-k8s-controller-coordinator-6.2.17-javadoc.jar
[INFO] 
[INFO] --- quarkus-maven-plugin:1.2.0.Final:build (default) @ entando-k8s-controller-coordinator ---
[WARNING] [io.quarkus.creator.curator.Curator] These dependencies are not recommended:
	- jakarta.xml.bind:jakarta.xml.bind-api should be replaced by org.jboss.spec.javax.xml.bind:jboss-jaxb-api_2.3_spec
	- javax.activation:activation should be replaced by com.sun.activation:jakarta.activation
You might end up with two different versions of the same classes or with an artifact you shouldn't have in your classpath.
[INFO] [org.jboss.threads] JBoss Threads version 3.0.0.Final
[WARNING] [io.quarkus.kubernetes.client.deployment.KubernetesClientProcessor] Watcher 'org.entando.kubernetes.controller.coordinator.EntandoDeploymentPhaseWatcher' will most likely not work correctly in native mode. Consider specifying the generic type of 'io.fabric8.kubernetes.client.Watcher' that this class handles. See https://quarkus.io/guides/kubernetes-client#note-on-implementing-the-watcher-interface for more details
[WARNING] [io.quarkus.kubernetes.client.deployment.KubernetesClientProcessor] Watcher 'org.entando.kubernetes.controller.coordinator.EntandoResourceObserver' will most likely not work correctly in native mode. Consider specifying the generic type of 'io.fabric8.kubernetes.client.Watcher' that this class handles. See https://quarkus.io/guides/kubernetes-client#note-on-implementing-the-watcher-interface for more details
[INFO] [io.quarkus.deployment.pkg.steps.JarResultBuildStep] Building thin jar: /workspace/source/target/entando-k8s-controller-coordinator-6.2.17-runner.jar
[INFO] [io.quarkus.deployment.QuarkusAugmentor] Quarkus augmentation completed in 1715ms
[INFO] 
[INFO] --- maven-surefire-report-plugin:3.0.0-M4:failsafe-report-only (integration-tests) @ entando-k8s-controller-coordinator ---
[INFO] 
[INFO] --- dependency-check-maven:5.3.2:aggregate (default) @ entando-k8s-controller-coordinator ---
[INFO] 

Dependency-Check is an open source tool performing a best effort analysis of 3rd party dependencies; ***** positives and ***** negatives may exist in the analysis performed by the tool. Use of the tool and the reporting provided constitutes acceptance for use in an AS IS condition, and there are NO warranties, implied or otherwise, with regard to the analysis or its use. Any use of the tool and the reporting provided is at the userâ€™s risk. In no event shall the copyright holder or OWASP be held liable for any damages whatsoever arising out of or in connection with the use of this tool, the analysis performed, or the resulting report.


[INFO] Analysis Started
[INFO] Finished Archive Analyzer (0 seconds)
[INFO] Finished File Name Analyzer (0 seconds)
[INFO] Finished Jar Analyzer (0 seconds)
[INFO] Finished Dependency Merging Analyzer (0 seconds)
[INFO] Finished Version Filter Analyzer (0 seconds)
[INFO] Finished Hint Analyzer (0 seconds)
[INFO] Created CPE Index (2 seconds)
[INFO] Finished CPE Analyzer (4 seconds)
[INFO] Finished False Positive Analyzer (0 seconds)
[INFO] Finished NVD CVE Analyzer (0 seconds)
[INFO] Finished Sonatype OSS Index Analyzer (1 seconds)
[INFO] Finished Vulnerability Suppression Analyzer (0 seconds)
[INFO] Finished Dependency Bundling Analyzer (0 seconds)
[INFO] Analysis Complete (7 seconds)
[INFO] 
[INFO] --- jacoco-maven-plugin:0.8.5:report (report) @ entando-k8s-controller-coordinator ---
[INFO] Loading e**cution data file /workspace/source/target/jacoco.e**c
[INFO] Analyzed bundle 'Entando K8S Controller Coordinator' with 4 classes
[INFO] 
[INFO] --- maven-gpg-plugin:1.6:sign (sign-artifacts) @ entando-k8s-controller-coordinator ---
gpg: WARNING: unsafe permissions on homedir `********************'
gpg: WARNING: unsafe permissions on homedir `********************'
gpg: WARNING: unsafe permissions on homedir `********************'
gpg: WARNING: unsafe permissions on homedir `********************'
gpg: WARNING: unsafe permissions on homedir `********************'
[INFO] 
[INFO] --- maven-surefire-report-plugin:3.0.0-M4:report-only (unit-tests) @ entando-k8s-controller-coordinator ---
[WARNING] Unable to locate Test Source XRef to link to - DISABLED
[INFO] 
[INFO] --- maven-install-plugin:2.4:install (default-install) @ entando-k8s-controller-coordinator ---
[INFO] Installing /workspace/source/target/entando-k8s-controller-coordinator-6.2.17.jar to /home/jenkins/.mvnrepository/org/entando/entando-k8s-controller-coordinator/6.2.17/entando-k8s-controller-coordinator-6.2.17.jar
[INFO] Installing /workspace/source/pom.xml to /home/jenkins/.mvnrepository/org/entando/entando-k8s-controller-coordinator/6.2.17/entando-k8s-controller-coordinator-6.2.17.pom
[INFO] Installing /workspace/source/target/entando-k8s-controller-coordinator-6.2.17-tests.jar to /home/jenkins/.mvnrepository/org/entando/entando-k8s-controller-coordinator/6.2.17/entando-k8s-controller-coordinator-6.2.17-tests.jar
[INFO] Installing /workspace/source/target/entando-k8s-controller-coordinator-6.2.17-sources.jar to /home/jenkins/.mvnrepository/org/entando/entando-k8s-controller-coordinator/6.2.17/entando-k8s-controller-coordinator-6.2.17-sources.jar
[INFO] Installing /workspace/source/target/entando-k8s-controller-coordinator-6.2.17-javadoc.jar to /home/jenkins/.mvnrepository/org/entando/entando-k8s-controller-coordinator/6.2.17/entando-k8s-controller-coordinator-6.2.17-javadoc.jar
[INFO] Installing /workspace/source/target/entando-k8s-controller-coordinator-6.2.17.jar.asc to /home/jenkins/.mvnrepository/org/entando/entando-k8s-controller-coordinator/6.2.17/entando-k8s-controller-coordinator-6.2.17.jar.asc
[INFO] Installing /workspace/source/target/entando-k8s-controller-coordinator-6.2.17.pom.asc to /home/jenkins/.mvnrepository/org/entando/entando-k8s-controller-coordinator/6.2.17/entando-k8s-controller-coordinator-6.2.17.pom.asc
[INFO] Installing /workspace/source/target/entando-k8s-controller-coordinator-6.2.17-tests.jar.asc to /home/jenkins/.mvnrepository/org/entando/entando-k8s-controller-coordinator/6.2.17/entando-k8s-controller-coordinator-6.2.17-tests.jar.asc
[INFO] Installing /workspace/source/target/entando-k8s-controller-coordinator-6.2.17-sources.jar.asc to /home/jenkins/.mvnrepository/org/entando/entando-k8s-controller-coordinator/6.2.17/entando-k8s-controller-coordinator-6.2.17-sources.jar.asc
[INFO] Installing /workspace/source/target/entando-k8s-controller-coordinator-6.2.17-javadoc.jar.asc to /home/jenkins/.mvnrepository/org/entando/entando-k8s-controller-coordinator/6.2.17/entando-k8s-controller-coordinator-6.2.17-javadoc.jar.asc
[INFO] 
[INFO] --- maven-deploy-plugin:2.8.2:deploy (default-deploy) @ entando-k8s-controller-coordinator ---
[INFO] Using alternate deployment repository local-nexus::default::http://nexus/repository/maven-releases/
[INFO] 
[INFO] --- maven-site-plugin:3.9.0:site (default-site) @ entando-k8s-controller-coordinator ---
[INFO] configuring report plugin org.apache.maven.plugins:maven-project-info-reports-plugin:3.0.0
[INFO] 9 reports configured for maven-project-info-reports-plugin:3.0.0: dependency-info, distribution-management, index, ci-management, issue-management, licenses, plugins, scm, summary
[INFO] Rendering site with default locale English (en)
[WARNING] Unable to find a URL to the parent project. The parent menu will NOT be added.
[INFO] Relativizing decoration links with respect to localized project URL: https://central.entando.com
[INFO] Rendering content with org.apache.maven.skins:maven-default-skin:jar:1.3 skin.
[INFO] Generating "Dependency Information" report --- maven-project-info-reports-plugin:3.0.0:dependency-info
[INFO] Generating "About" report         --- maven-project-info-reports-plugin:3.0.0:index
[INFO] Generating "Issue Management" report --- maven-project-info-reports-plugin:3.0.0:issue-management
[INFO] Generating "Licenses" report      --- maven-project-info-reports-plugin:3.0.0:licenses
[INFO] Generating "Plugins" report       --- maven-project-info-reports-plugin:3.0.0:plugins
[INFO] Generating "Source Code Management" report --- maven-project-info-reports-plugin:3.0.0:scm
[INFO] Generating "Summary" report       --- maven-project-info-reports-plugin:3.0.0:summary
[INFO] 
[INFO] -----------< org.entando:entando-k8s-controller-coordinator >-----------
[INFO] Building Entando K8S Controller Coordinator 6.2.17
[INFO] --------------------------------[ jar ]---------------------------------
[INFO] 
[INFO] --- sonar-maven-plugin:3.7.0.1746:sonar (default-cli) @ entando-k8s-controller-coordinator ---
[INFO] User cache: /****/.sonar/cache
[INFO] SonarQube version: 8.0.0
[INFO] Default locale: "en", source code encoding: "UTF-8"
[INFO] Load global settings
[INFO] Load global settings (done) | time=241ms
[INFO] Server id: 1BD809FA-AWHW8ct9-T_TB3XqouNu
[INFO] User cache: /****/.sonar/cache
[INFO] Load/download plugins
[INFO] Load plugins index
[INFO] Load plugins index (done) | time=81ms
[INFO] Load/download plugins (done) | time=21467ms
[INFO] Loaded core extensions: developer-scanner
[INFO] JavaScript/TypeScript frontend is enabled
[INFO] Load project settings for component key: 'entando-k8s_entando-k8s-controller-coordinator'
[INFO] Load project settings for component key: 'entando-k8s_entando-k8s-controller-coordinator' (done) | time=37ms
[INFO] Process project properties
[INFO] E**cute project builders
[INFO] E**cute project builders (done) | time=3ms
[INFO] Project key: entando-k8s_entando-k8s-controller-coordinator
[INFO] Base dir: /workspace/source
[INFO] Working dir: /workspace/source/target/sonar
[INFO] Load project branches
[INFO] Load project branches (done) | time=34ms
[INFO] Check ALM binding of project 'entando-k8s_entando-k8s-controller-coordinator'
[INFO] Detected project binding: BOUND
[INFO] Check ALM binding of project 'entando-k8s_entando-k8s-controller-coordinator' (done) | time=23ms
[INFO] Load project pull requests
[INFO] Load project pull requests (done) | time=38ms
[INFO] Load branch configuration
[INFO] Load branch configuration (done) | time=4ms
[INFO] Load quality profiles
[INFO] Load quality profiles (done) | time=67ms
[INFO] Load active rules
[INFO] Load active rules (done) | time=1248ms
[INFO] Organization key: entando-k8s
[INFO] Indexing files...
[INFO] Project configuration:
[WARNING] Exception caught during e**cution of command '[/usr/local/git/bin/git, config, --******, --edit]' in '/usr/local/git/bin', return code '128', error message 'fatal: Invalid path '/usr/local/git/etc': No such file or directory
'
[INFO] 12 files inde**d
[INFO] 0 files ignored because of scm ignore settings
[INFO] Quality profile for java: Sonar way
[INFO] Quality profile for xml: Sonar way
[INFO] ------------- Run sensors on module Entando K8S Controller Coordinator
[INFO] JavaScript/TypeScript frontend is enabled
[INFO] Load metrics repository
[INFO] Load metrics repository (done) | time=31ms
[INFO] Sensor JavaSquidSensor [java]
[INFO] Configured Java source version (sonar.java.source): 8
[INFO] JavaClasspath initialization
[INFO] JavaClasspath initialization (done) | time=15ms
[INFO] JavaTestClasspath initialization
[INFO] JavaTestClasspath initialization (done) | time=2ms
[INFO] Java Main Files AST scan
[INFO] 4 source files to be analyzed
[INFO] Load project repositories
[INFO] Load project repositories (done) | time=43ms
[INFO] 4/4 source files have been analyzed
[INFO] Java Main Files AST scan (done) | time=3647ms
[INFO] Java Test Files AST scan
[INFO] 7 source files to be analyzed
[INFO] Java Test Files AST scan (done) | time=777ms
[INFO] Java Generated Files AST scan
[INFO] 0 source files to be analyzed
[INFO] 7/7 source files have been analyzed
[INFO] Java Generated Files AST scan (done) | time=2ms
[INFO] 0/0 source files have been analyzed
[INFO] Sensor JavaSquidSensor [java] (done) | time=4651ms
[INFO] Sensor SonarCSS Rules [cssfamily]
[INFO] No CSS, PHP, HTML or VueJS files are found in the project. CSS analysis is skipped.
[INFO] Sensor SonarCSS Rules [cssfamily] (done) | time=1ms
[INFO] Sensor C# Properties [csharp]
[INFO] Sensor C# Properties [csharp] (done) | time=1ms
[INFO] Sensor Import of Checkstyle issues [java]
[INFO] Importing /workspace/source/target/checkstyle-result.xml
[INFO] Sensor Import of Checkstyle issues [java] (done) | time=77ms
[INFO] Sensor SurefireSensor [java]
[INFO] parsing [/workspace/source/target/surefire-reports]
[INFO] Sensor SurefireSensor [java] (done) | time=46ms
[INFO] Sensor JavaXmlSensor [java]
[INFO] 1 source files to be analyzed
[INFO] 1/1 source files have been analyzed
[INFO] Sensor JavaXmlSensor [java] (done) | time=215ms
[INFO] Sensor HTML [web]
[INFO] Sensor HTML [web] (done) | time=5ms
[INFO] Sensor XML Sensor [xml]
[INFO] 1 source files to be analyzed
[INFO] Sensor XML Sensor [xml] (done) | time=193ms
[INFO] 1/1 source files have been analyzed
[INFO] Sensor VB.NET Properties [vbnet]
[INFO] Sensor VB.NET Properties [vbnet] (done) | time=1ms
[INFO] Sensor JaCoCo XML Report Importer [jacoco]
[INFO] Importing 1 report(s). Turn your logs in debug mode in order to see the exhaustive list.
[INFO] Sensor JaCoCo XML Report Importer [jacoco] (done) | time=37ms
[INFO] Sensor ThymeLeaf template sensor [securityjavafrontend]
[INFO] Sensor ThymeLeaf template sensor [securityjavafrontend] (done) | time=3ms
[INFO] Sensor JavaSecuritySensor [security]
[INFO] Reading type hierarchy from: /workspace/source/target/sonar/ucfg2/java
[INFO] Read 100 type definitions
[INFO] Reading UCFGs from: /workspace/source/target/sonar/ucfg2/java
[INFO] 05:34:41.570594 Building Type propagation graph
[INFO] 05:34:41.580243 Running Tarjan on 85 nodes
[INFO] 05:34:41.582245 Tarjan found 85 components
[INFO] 05:34:41.585445 Variable type analysis: done
[INFO] 05:34:41.586099 Building Type propagation graph
[INFO] 05:34:41.590675 Running Tarjan on 85 nodes
[INFO] 05:34:41.591332 Tarjan found 85 components
[INFO] 05:34:41.591925 Variable type analysis: done
[INFO] Analyzing 28 ucfgs to detect vulnerabilities.
[INFO] All rules entrypoints : 0 Retained UCFGs : 0
[INFO] rule: S5131, entrypoints: 0
[INFO] rule: S5131 done
[INFO] rule: S3649, entrypoints: 0
[INFO] rule: S3649 done
[INFO] rule: S2076, entrypoints: 0
[INFO] rule: S2076 done
[INFO] rule: S2091, entrypoints: 0
[INFO] rule: S2091 done
[INFO] rule: S2078, entrypoints: 0
[INFO] rule: S2078 done
[INFO] rule: S2631, entrypoints: 0
[INFO] rule: S2631 done
[INFO] rule: S5135, entrypoints: 0
[INFO] rule: S5135 done
[INFO] rule: S2083, entrypoints: 0
[INFO] rule: S2083 done
[INFO] rule: S5167, entrypoints: 0
[INFO] rule: S5167 done
[INFO] rule: S5144, entrypoints: 0
[INFO] rule: S5144 done
[INFO] rule: S5145, entrypoints: 0
[INFO] rule: S5145 done
[INFO] rule: S5146, entrypoints: 0
[INFO] rule: S5146 done
[INFO] rule: S5334, entrypoints: 0
[INFO] rule: S5334 done
[INFO] Sensor JavaSecuritySensor [security] (done) | time=507ms
[INFO] Sensor CSharpSecuritySensor [security]
[INFO] Reading type hierarchy from: /workspace/source/target/ucfg_cs2
[INFO] Read 0 type definitions
[INFO] Reading UCFGs from: /workspace/source/target/ucfg_cs2
[INFO] No UCFGs have been included for analysis.
[INFO] Sensor CSharpSecuritySensor [security] (done) | time=1ms
[INFO] Sensor PhpSecuritySensor [security]
[INFO] Reading type hierarchy from: /workspace/source/target/sonar/ucfg2/php
[INFO] Read 0 type definitions
[INFO] Reading UCFGs from: /workspace/source/target/sonar/ucfg2/php
[INFO] No UCFGs have been included for analysis.
[INFO] Sensor PhpSecuritySensor [security] (done) | time=0ms
[INFO] Sensor PythonSecuritySensor [security]
[INFO] Reading type hierarchy from: /workspace/source/target/sonar/ucfg2/python
[INFO] Read 0 type definitions
[INFO] Reading UCFGs from: /workspace/source/target/sonar/ucfg2/python
[INFO] No UCFGs have been included for analysis.
[INFO] Sensor PythonSecuritySensor [security] (done) | time=1ms
[INFO] Sensor JsSecuritySensor [security]
[INFO] Reading type hierarchy from: /workspace/source/target/sonar/ucfg2/js
[INFO] Read 0 type definitions
[INFO] Reading UCFGs from: /workspace/source/target/sonar/ucfg2/js
[INFO] No UCFGs have been included for analysis.
[INFO] Sensor JsSecuritySensor [security] (done) | time=1ms
[INFO] ------------- Run sensors on project
[INFO] Sensor Zero Coverage Sensor
[INFO] Sensor Zero Coverage Sensor (done) | time=1ms
[INFO] Sensor Java CPD Block Inde**r
[INFO] Sensor Java CPD Block Inde**r (done) | time=54ms
[INFO] SCM Publisher SCM provider for this project is: git
[INFO] SCM Publisher 12 source files to be analyzed
[WARNING] Shallow clone detected, no blame information will be provided. You can convert to non-shallow with 'git fetch --unshallow'.
[INFO] SCM Publisher 0/12 source files have been analyzed (done) | time=3ms
[WARNING] Missing blame information for the following files:
[WARNING]   * src/test/java/org/entando/kubernetes/controller/coordinator/inprocesstests/EntandoOperatorMatcherTest.java
[WARNING]   * src/main/java/org/entando/kubernetes/controller/coordinator/EntandoOperatorMatcher.java
[WARNING]   * src/test/java/org/entando/kubernetes/controller/coordinator/interprocesstests/ControllerCoordinatorIntegratedTest.java
[WARNING]   * src/test/java/org/entando/kubernetes/controller/coordinator/inprocesstests/ControllerCoordinatorMockedTest.java
[WARNING]   * src/main/java/org/entando/kubernetes/controller/coordinator/EntandoResourceObserver.java
[WARNING]   * src/test/java/org/entando/kubernetes/controller/coordinator/ImageVersionPreparation.java
[WARNING]   * src/main/java/org/entando/kubernetes/controller/coordinator/EntandoDeploymentPhaseWatcher.java
[WARNING]   * src/main/java/org/entando/kubernetes/controller/coordinator/EntandoControllerCoordinator.java
[WARNING]   * src/test/java/org/entando/kubernetes/controller/coordinator/AbstractControllerCoordinatorTest.java
[WARNING]   * src/test/java/org/entando/kubernetes/controller/coordinator/inprocesstests/DeploymentPhaseWatcherTest.java
[WARNING]   * pom.xml
[WARNING]   * src/test/java/org/entando/kubernetes/controller/coordinator/inprocesstests/ControllerCoordinatorEdgeConditionsTest.java
[WARNING] This may lead to missing/broken features in SonarCloud
[INFO] CPD E**cutor Calculating CPD for 4 files
[INFO] CPD E**cutor CPD calculation finished (done) | time=23ms
[INFO] Analysis report generated in 208ms, dir size=274 KB
[INFO] Analysis report compressed in 47ms, zip size=78 KB
[INFO] Analysis report uploaded in 150ms
[INFO] ANALYSIS SUCCESSFUL, you can find the results at: https://sonarcloud.io/dashboard?id=entando-k8s_entando-k8s-controller-coordinator
[INFO] Note that you will be able to access the updated dashboard once the server has processed the submitted analysis report
[INFO] More about the report processing at https://sonarcloud.io/api/ce/task?id=AXXZ2Q6--542fvVonnLM
[INFO] Analysis total time: 11.950 s
[INFO] ------------------------------------------------------------------------
[INFO] BUILD SUCCESS
[INFO] ------------------------------------------------------------------------
[INFO] Total time:  02:20 min
[INFO] Finished at: 2020-11-18T05:34:42Z
[INFO] ------------------------------------------------------------------------
shallow cloning https://github.com/entando-k8s/devops-results.git branch gh-pages
ran git init in /tmp/jenkins-x-collect168523373
ran git add remote origin https://github.com/entando-k8s/devops-results.git in /tmp/jenkins-x-collect168523373
ran git fetch origin --depth=1 gh-pages in dir /tmp/jenkins-x-collect168523373
Publishing https://raw.githubusercontent.com/entando-k8s/devops-results/gh-pages/entando-k8s-controller-coordinator/master/checkstyle.html
Publishing https://raw.githubusercontent.com/entando-k8s/devops-results/gh-pages/entando-k8s-controller-coordinator/master/checkstyle.rss
Publishing https://raw.githubusercontent.com/entando-k8s/devops-results/gh-pages/entando-k8s-controller-coordinator/master/css/maven-base.css
Publishing https://raw.githubusercontent.com/entando-k8s/devops-results/gh-pages/entando-k8s-controller-coordinator/master/css/maven-theme.css
Publishing https://raw.githubusercontent.com/entando-k8s/devops-results/gh-pages/entando-k8s-controller-coordinator/master/css/print.css
Publishing https://raw.githubusercontent.com/entando-k8s/devops-results/gh-pages/entando-k8s-controller-coordinator/master/css/site.css
Publishing https://raw.githubusercontent.com/entando-k8s/devops-results/gh-pages/entando-k8s-controller-coordinator/master/dependency-check-junit.xml
Publishing https://raw.githubusercontent.com/entando-k8s/devops-results/gh-pages/entando-k8s-controller-coordinator/master/dependency-check-report.html
Publishing https://raw.githubusercontent.com/entando-k8s/devops-results/gh-pages/entando-k8s-controller-coordinator/master/dependency-check-report.xml
Publishing https://raw.githubusercontent.com/entando-k8s/devops-results/gh-pages/entando-k8s-controller-coordinator/master/dependency-info.html
Publishing https://raw.githubusercontent.com/entando-k8s/devops-results/gh-pages/entando-k8s-controller-coordinator/master/images/collapsed.gif
Publishing https://raw.githubusercontent.com/entando-k8s/devops-results/gh-pages/entando-k8s-controller-coordinator/master/images/expanded.gif
Publishing https://raw.githubusercontent.com/entando-k8s/devops-results/gh-pages/entando-k8s-controller-coordinator/master/images/external.png
Publishing https://raw.githubusercontent.com/entando-k8s/devops-results/gh-pages/entando-k8s-controller-coordinator/master/images/icon_error_sml.gif
Publishing https://raw.githubusercontent.com/entando-k8s/devops-results/gh-pages/entando-k8s-controller-coordinator/master/images/icon_info_sml.gif
Publishing https://raw.githubusercontent.com/entando-k8s/devops-results/gh-pages/entando-k8s-controller-coordinator/master/images/icon_success_sml.gif
Publishing https://raw.githubusercontent.com/entando-k8s/devops-results/gh-pages/entando-k8s-controller-coordinator/master/images/icon_warning_sml.gif
Publishing https://raw.githubusercontent.com/entando-k8s/devops-results/gh-pages/entando-k8s-controller-coordinator/master/images/logos/build-by-maven-black.png
Publishing https://raw.githubusercontent.com/entando-k8s/devops-results/gh-pages/entando-k8s-controller-coordinator/master/images/logos/build-by-maven-white.png
Publishing https://raw.githubusercontent.com/entando-k8s/devops-results/gh-pages/entando-k8s-controller-coordinator/master/images/logos/maven-feather.png
Publishing https://raw.githubusercontent.com/entando-k8s/devops-results/gh-pages/entando-k8s-controller-coordinator/master/images/newwindow.png
Publishing https://raw.githubusercontent.com/entando-k8s/devops-results/gh-pages/entando-k8s-controller-coordinator/master/images/rss.png
Publishing https://raw.githubusercontent.com/entando-k8s/devops-results/gh-pages/entando-k8s-controller-coordinator/master/index.html
Publishing https://raw.githubusercontent.com/entando-k8s/devops-results/gh-pages/entando-k8s-controller-coordinator/master/issue-management.html
Publishing https://raw.githubusercontent.com/entando-k8s/devops-results/gh-pages/entando-k8s-controller-coordinator/master/jacoco/index.html
Publishing https://raw.githubusercontent.com/entando-k8s/devops-results/gh-pages/entando-k8s-controller-coordinator/master/jacoco/jacoco-resources/branchfc.gif
Publishing https://raw.githubusercontent.com/entando-k8s/devops-results/gh-pages/entando-k8s-controller-coordinator/master/jacoco/jacoco-resources/branchnc.gif
Publishing https://raw.githubusercontent.com/entando-k8s/devops-results/gh-pages/entando-k8s-controller-coordinator/master/jacoco/jacoco-resources/branchpc.gif
Publishing https://raw.githubusercontent.com/entando-k8s/devops-results/gh-pages/entando-k8s-controller-coordinator/master/jacoco/jacoco-resources/bundle.gif
Publishing https://raw.githubusercontent.com/entando-k8s/devops-results/gh-pages/entando-k8s-controller-coordinator/master/jacoco/jacoco-resources/class.gif
Publishing https://raw.githubusercontent.com/entando-k8s/devops-results/gh-pages/entando-k8s-controller-coordinator/master/jacoco/jacoco-resources/down.gif
Publishing https://raw.githubusercontent.com/entando-k8s/devops-results/gh-pages/entando-k8s-controller-coordinator/master/jacoco/jacoco-resources/greenbar.gif
Publishing https://raw.githubusercontent.com/entando-k8s/devops-results/gh-pages/entando-k8s-controller-coordinator/master/jacoco/jacoco-resources/group.gif
Publishing https://raw.githubusercontent.com/entando-k8s/devops-results/gh-pages/entando-k8s-controller-coordinator/master/jacoco/jacoco-resources/method.gif
Publishing https://raw.githubusercontent.com/entando-k8s/devops-results/gh-pages/entando-k8s-controller-coordinator/master/jacoco/jacoco-resources/package.gif
Publishing https://raw.githubusercontent.com/entando-k8s/devops-results/gh-pages/entando-k8s-controller-coordinator/master/jacoco/jacoco-resources/prettify.css
Publishing https://raw.githubusercontent.com/entando-k8s/devops-results/gh-pages/entando-k8s-controller-coordinator/master/jacoco/jacoco-resources/prettify.js
Publishing https://raw.githubusercontent.com/entando-k8s/devops-results/gh-pages/entando-k8s-controller-coordinator/master/jacoco/jacoco-resources/redbar.gif
Publishing https://raw.githubusercontent.com/entando-k8s/devops-results/gh-pages/entando-k8s-controller-coordinator/master/jacoco/jacoco-resources/report.css
Publishing https://raw.githubusercontent.com/entando-k8s/devops-results/gh-pages/entando-k8s-controller-coordinator/master/jacoco/jacoco-resources/report.gif
Publishing https://raw.githubusercontent.com/entando-k8s/devops-results/gh-pages/entando-k8s-controller-coordinator/master/jacoco/jacoco-resources/session.gif
Publishing https://raw.githubusercontent.com/entando-k8s/devops-results/gh-pages/entando-k8s-controller-coordinator/master/jacoco/jacoco-resources/sort.gif
Publishing https://raw.githubusercontent.com/entando-k8s/devops-results/gh-pages/entando-k8s-controller-coordinator/master/jacoco/jacoco-resources/sort.js
Publishing https://raw.githubusercontent.com/entando-k8s/devops-results/gh-pages/entando-k8s-controller-coordinator/master/jacoco/jacoco-resources/source.gif
Publishing https://raw.githubusercontent.com/entando-k8s/devops-results/gh-pages/entando-k8s-controller-coordinator/master/jacoco/jacoco-resources/up.gif
Publishing https://raw.githubusercontent.com/entando-k8s/devops-results/gh-pages/entando-k8s-controller-coordinator/master/jacoco/jacoco-sessions.html
Publishing https://raw.githubusercontent.com/entando-k8s/devops-results/gh-pages/entando-k8s-controller-coordinator/master/jacoco/jacoco.csv
Publishing https://raw.githubusercontent.com/entando-k8s/devops-results/gh-pages/entando-k8s-controller-coordinator/master/jacoco/jacoco.xml
Publishing https://raw.githubusercontent.com/entando-k8s/devops-results/gh-pages/entando-k8s-controller-coordinator/master/jacoco/org.entando.kubernetes.controller.coordinator/EntandoControllerCoordinator.html
Publishing https://raw.githubusercontent.com/entando-k8s/devops-results/gh-pages/entando-k8s-controller-coordinator/master/jacoco/org.entando.kubernetes.controller.coordinator/EntandoControllerCoordinator.java.html
Publishing https://raw.githubusercontent.com/entando-k8s/devops-results/gh-pages/entando-k8s-controller-coordinator/master/jacoco/org.entando.kubernetes.controller.coordinator/EntandoDeploymentPhaseWatcher.html
Publishing https://raw.githubusercontent.com/entando-k8s/devops-results/gh-pages/entando-k8s-controller-coordinator/master/jacoco/org.entando.kubernetes.controller.coordinator/EntandoDeploymentPhaseWatcher.java.html
Publishing https://raw.githubusercontent.com/entando-k8s/devops-results/gh-pages/entando-k8s-controller-coordinator/master/jacoco/org.entando.kubernetes.controller.coordinator/EntandoOperatorMatcher.html
Publishing https://raw.githubusercontent.com/entando-k8s/devops-results/gh-pages/entando-k8s-controller-coordinator/master/jacoco/org.entando.kubernetes.controller.coordinator/EntandoOperatorMatcher.java.html
Publishing https://raw.githubusercontent.com/entando-k8s/devops-results/gh-pages/entando-k8s-controller-coordinator/master/jacoco/org.entando.kubernetes.controller.coordinator/EntandoResourceObserver.html
Publishing https://raw.githubusercontent.com/entando-k8s/devops-results/gh-pages/entando-k8s-controller-coordinator/master/jacoco/org.entando.kubernetes.controller.coordinator/EntandoResourceObserver.java.html
Publishing https://raw.githubusercontent.com/entando-k8s/devops-results/gh-pages/entando-k8s-controller-coordinator/master/jacoco/org.entando.kubernetes.controller.coordinator/index.html
Publishing https://raw.githubusercontent.com/entando-k8s/devops-results/gh-pages/entando-k8s-controller-coordinator/master/jacoco/org.entando.kubernetes.controller.coordinator/index.source.html
Publishing https://raw.githubusercontent.com/entando-k8s/devops-results/gh-pages/entando-k8s-controller-coordinator/master/licenses.html
Publishing https://raw.githubusercontent.com/entando-k8s/devops-results/gh-pages/entando-k8s-controller-coordinator/master/plugins.html
Publishing https://raw.githubusercontent.com/entando-k8s/devops-results/gh-pages/entando-k8s-controller-coordinator/master/project-info.html
Publishing https://raw.githubusercontent.com/entando-k8s/devops-results/gh-pages/entando-k8s-controller-coordinator/master/scm.html
Publishing https://raw.githubusercontent.com/entando-k8s/devops-results/gh-pages/entando-k8s-controller-coordinator/master/summary.html
Publishing https://raw.githubusercontent.com/entando-k8s/devops-results/gh-pages/entando-k8s-controller-coordinator/master/surefire-report.html
stashed: https://raw.githubusercontent.com/entando-k8s/devops-results/gh-pages/entando-k8s-controller-coordinator/master/checkstyle.html
stashed: https://raw.githubusercontent.com/entando-k8s/devops-results/gh-pages/entando-k8s-controller-coordinator/master/checkstyle.rss
stashed: https://raw.githubusercontent.com/entando-k8s/devops-results/gh-pages/entando-k8s-controller-coordinator/master/css/maven-base.css
stashed: https://raw.githubusercontent.com/entando-k8s/devops-results/gh-pages/entando-k8s-controller-coordinator/master/css/maven-theme.css
stashed: https://raw.githubusercontent.com/entando-k8s/devops-results/gh-pages/entando-k8s-controller-coordinator/master/css/print.css
stashed: https://raw.githubusercontent.com/entando-k8s/devops-results/gh-pages/entando-k8s-controller-coordinator/master/css/site.css
stashed: https://raw.githubusercontent.com/entando-k8s/devops-results/gh-pages/entando-k8s-controller-coordinator/master/dependency-check-junit.xml
stashed: https://raw.githubusercontent.com/entando-k8s/devops-results/gh-pages/entando-k8s-controller-coordinator/master/dependency-check-report.html
stashed: https://raw.githubusercontent.com/entando-k8s/devops-results/gh-pages/entando-k8s-controller-coordinator/master/dependency-check-report.xml
stashed: https://raw.githubusercontent.com/entando-k8s/devops-results/gh-pages/entando-k8s-controller-coordinator/master/dependency-info.html
stashed: https://raw.githubusercontent.com/entando-k8s/devops-results/gh-pages/entando-k8s-controller-coordinator/master/images/collapsed.gif
stashed: https://raw.githubusercontent.com/entando-k8s/devops-results/gh-pages/entando-k8s-controller-coordinator/master/images/expanded.gif
stashed: https://raw.githubusercontent.com/entando-k8s/devops-results/gh-pages/entando-k8s-controller-coordinator/master/images/external.png
stashed: https://raw.githubusercontent.com/entando-k8s/devops-results/gh-pages/entando-k8s-controller-coordinator/master/images/icon_error_sml.gif
stashed: https://raw.githubusercontent.com/entando-k8s/devops-results/gh-pages/entando-k8s-controller-coordinator/master/images/icon_info_sml.gif
stashed: https://raw.githubusercontent.com/entando-k8s/devops-results/gh-pages/entando-k8s-controller-coordinator/master/images/icon_success_sml.gif
stashed: https://raw.githubusercontent.com/entando-k8s/devops-results/gh-pages/entando-k8s-controller-coordinator/master/images/icon_warning_sml.gif
stashed: https://raw.githubusercontent.com/entando-k8s/devops-results/gh-pages/entando-k8s-controller-coordinator/master/images/logos/build-by-maven-black.png
stashed: https://raw.githubusercontent.com/entando-k8s/devops-results/gh-pages/entando-k8s-controller-coordinator/master/images/logos/build-by-maven-white.png
stashed: https://raw.githubusercontent.com/entando-k8s/devops-results/gh-pages/entando-k8s-controller-coordinator/master/images/logos/maven-feather.png
stashed: https://raw.githubusercontent.com/entando-k8s/devops-results/gh-pages/entando-k8s-controller-coordinator/master/images/newwindow.png
stashed: https://raw.githubusercontent.com/entando-k8s/devops-results/gh-pages/entando-k8s-controller-coordinator/master/images/rss.png
stashed: https://raw.githubusercontent.com/entando-k8s/devops-results/gh-pages/entando-k8s-controller-coordinator/master/index.html
stashed: https://raw.githubusercontent.com/entando-k8s/devops-results/gh-pages/entando-k8s-controller-coordinator/master/issue-management.html
stashed: https://raw.githubusercontent.com/entando-k8s/devops-results/gh-pages/entando-k8s-controller-coordinator/master/jacoco/index.html
stashed: https://raw.githubusercontent.com/entando-k8s/devops-results/gh-pages/entando-k8s-controller-coordinator/master/jacoco/jacoco-resources/branchfc.gif
stashed: https://raw.githubusercontent.com/entando-k8s/devops-results/gh-pages/entando-k8s-controller-coordinator/master/jacoco/jacoco-resources/branchnc.gif
stashed: https://raw.githubusercontent.com/entando-k8s/devops-results/gh-pages/entando-k8s-controller-coordinator/master/jacoco/jacoco-resources/branchpc.gif
stashed: https://raw.githubusercontent.com/entando-k8s/devops-results/gh-pages/entando-k8s-controller-coordinator/master/jacoco/jacoco-resources/bundle.gif
stashed: https://raw.githubusercontent.com/entando-k8s/devops-results/gh-pages/entando-k8s-controller-coordinator/master/jacoco/jacoco-resources/class.gif
stashed: https://raw.githubusercontent.com/entando-k8s/devops-results/gh-pages/entando-k8s-controller-coordinator/master/jacoco/jacoco-resources/down.gif
stashed: https://raw.githubusercontent.com/entando-k8s/devops-results/gh-pages/entando-k8s-controller-coordinator/master/jacoco/jacoco-resources/greenbar.gif
stashed: https://raw.githubusercontent.com/entando-k8s/devops-results/gh-pages/entando-k8s-controller-coordinator/master/jacoco/jacoco-resources/group.gif
stashed: https://raw.githubusercontent.com/entando-k8s/devops-results/gh-pages/entando-k8s-controller-coordinator/master/jacoco/jacoco-resources/method.gif
stashed: https://raw.githubusercontent.com/entando-k8s/devops-results/gh-pages/entando-k8s-controller-coordinator/master/jacoco/jacoco-resources/package.gif
stashed: https://raw.githubusercontent.com/entando-k8s/devops-results/gh-pages/entando-k8s-controller-coordinator/master/jacoco/jacoco-resources/prettify.css
stashed: https://raw.githubusercontent.com/entando-k8s/devops-results/gh-pages/entando-k8s-controller-coordinator/master/jacoco/jacoco-resources/prettify.js
stashed: https://raw.githubusercontent.com/entando-k8s/devops-results/gh-pages/entando-k8s-controller-coordinator/master/jacoco/jacoco-resources/redbar.gif
stashed: https://raw.githubusercontent.com/entando-k8s/devops-results/gh-pages/entando-k8s-controller-coordinator/master/jacoco/jacoco-resources/report.css
stashed: https://raw.githubusercontent.com/entando-k8s/devops-results/gh-pages/entando-k8s-controller-coordinator/master/jacoco/jacoco-resources/report.gif
stashed: https://raw.githubusercontent.com/entando-k8s/devops-results/gh-pages/entando-k8s-controller-coordinator/master/jacoco/jacoco-resources/session.gif
stashed: https://raw.githubusercontent.com/entando-k8s/devops-results/gh-pages/entando-k8s-controller-coordinator/master/jacoco/jacoco-resources/sort.gif
stashed: https://raw.githubusercontent.com/entando-k8s/devops-results/gh-pages/entando-k8s-controller-coordinator/master/jacoco/jacoco-resources/sort.js
stashed: https://raw.githubusercontent.com/entando-k8s/devops-results/gh-pages/entando-k8s-controller-coordinator/master/jacoco/jacoco-resources/source.gif
stashed: https://raw.githubusercontent.com/entando-k8s/devops-results/gh-pages/entando-k8s-controller-coordinator/master/jacoco/jacoco-resources/up.gif
stashed: https://raw.githubusercontent.com/entando-k8s/devops-results/gh-pages/entando-k8s-controller-coordinator/master/jacoco/jacoco-sessions.html
stashed: https://raw.githubusercontent.com/entando-k8s/devops-results/gh-pages/entando-k8s-controller-coordinator/master/jacoco/jacoco.csv
stashed: https://raw.githubusercontent.com/entando-k8s/devops-results/gh-pages/entando-k8s-controller-coordinator/master/jacoco/jacoco.xml
stashed: https://raw.githubusercontent.com/entando-k8s/devops-results/gh-pages/entando-k8s-controller-coordinator/master/jacoco/org.entando.kubernetes.controller.coordinator/EntandoControllerCoordinator.html
stashed: https://raw.githubusercontent.com/entando-k8s/devops-results/gh-pages/entando-k8s-controller-coordinator/master/jacoco/org.entando.kubernetes.controller.coordinator/EntandoControllerCoordinator.java.html
stashed: https://raw.githubusercontent.com/entando-k8s/devops-results/gh-pages/entando-k8s-controller-coordinator/master/jacoco/org.entando.kubernetes.controller.coordinator/EntandoDeploymentPhaseWatcher.html
stashed: https://raw.githubusercontent.com/entando-k8s/devops-results/gh-pages/entando-k8s-controller-coordinator/master/jacoco/org.entando.kubernetes.controller.coordinator/EntandoDeploymentPhaseWatcher.java.html
stashed: https://raw.githubusercontent.com/entando-k8s/devops-results/gh-pages/entando-k8s-controller-coordinator/master/jacoco/org.entando.kubernetes.controller.coordinator/EntandoOperatorMatcher.html
stashed: https://raw.githubusercontent.com/entando-k8s/devops-results/gh-pages/entando-k8s-controller-coordinator/master/jacoco/org.entando.kubernetes.controller.coordinator/EntandoOperatorMatcher.java.html
stashed: https://raw.githubusercontent.com/entando-k8s/devops-results/gh-pages/entando-k8s-controller-coordinator/master/jacoco/org.entando.kubernetes.controller.coordinator/EntandoResourceObserver.html
stashed: https://raw.githubusercontent.com/entando-k8s/devops-results/gh-pages/entando-k8s-controller-coordinator/master/jacoco/org.entando.kubernetes.controller.coordinator/EntandoResourceObserver.java.html
stashed: https://raw.githubusercontent.com/entando-k8s/devops-results/gh-pages/entando-k8s-controller-coordinator/master/jacoco/org.entando.kubernetes.controller.coordinator/index.html
stashed: https://raw.githubusercontent.com/entando-k8s/devops-results/gh-pages/entando-k8s-controller-coordinator/master/jacoco/org.entando.kubernetes.controller.coordinator/index.source.html
stashed: https://raw.githubusercontent.com/entando-k8s/devops-results/gh-pages/entando-k8s-controller-coordinator/master/licenses.html
stashed: https://raw.githubusercontent.com/entando-k8s/devops-results/gh-pages/entando-k8s-controller-coordinator/master/plugins.html
stashed: https://raw.githubusercontent.com/entando-k8s/devops-results/gh-pages/entando-k8s-controller-coordinator/master/project-info.html
stashed: https://raw.githubusercontent.com/entando-k8s/devops-results/gh-pages/entando-k8s-controller-coordinator/master/scm.html
stashed: https://raw.githubusercontent.com/entando-k8s/devops-results/gh-pages/entando-k8s-controller-coordinator/master/summary.html
stashed: https://raw.githubusercontent.com/entando-k8s/devops-results/gh-pages/entando-k8s-controller-coordinator/master/surefire-report.html
Congratulations! No build failures found for entando-k8s-controller-coordinator-master.

Showing logs for build [32mentando-k8s-entando-k8s-control-ldnlz-73[0m stage [32mfrom-build-pack[0m and container [32mstep-build-container-build[0m
Generating tags...
 - entando/entando-k8s-controller-coordinator -> docker.io/entando/entando-k8s-controller-coordinator:6.2.17
Checking cache...
 - entando/entando-k8s-controller-coordinator: Not found. Building
Building [entando/entando-k8s-controller-coordinator]...
Sending build context to Docker daemon  544.8kBSending build context to Docker daemon  8.796MBSending build context to Docker daemon  17.07MBSending build context to Docker daemon  25.43MBSending build context to Docker daemon  31.47MBSending build context to Docker daemon  38.06MBSending build context to Docker daemon  39.16MB
Step 1/6 : FROM fabric8/java-alpine-openjdk8-jre
 ---> 6383f0513235
Step 2/6 : ENV JAVA_OPTIONS "-Dquarkus.http.host=0.0.0.0 -Djava.util.logging.manager=org.jboss.logmanager.LogManager"
 ---> Using cache
 ---> 781f0699f0f0
Step 3/6 : ENV AB_ENABLED jmx_exporter
 ---> Using cache
 ---> 3d03a75b86f8
Step 4/6 : COPY target/lib/* /deployments/lib/
 ---> Using cache
 ---> 23bd58882bcd
Step 5/6 : COPY target/*-runner.jar /deployments/app.jar
 ---> ba7c1750209c
Step 6/6 : ENTRYPOINT /deployments/run-java.sh
 ---> Running in 778f295d6e68
 ---> 0d299e9d3e4d
Successfully built 0d299e9d3e4d
The push refers to a repository [docker.io/entando/entando-k8s-controller-coordinator]
71d862e7a684: Preparing
d440d97bbc4a: Preparing
a37d6baa8a5e: Preparing
4246c252be29: Preparing
bbc6d89e45a1: Preparing
6a8968c88953: Preparing
c11f0dd7f64f: Preparing
081a861c7ecd: Preparing
df5b415aa3df: Preparing
77cae8ab23bf: Preparing
6a8968c88953: Waiting
c11f0dd7f64f: Waiting
081a861c7ecd: Waiting
df5b415aa3df: Waiting
77cae8ab23bf: Waiting
4246c252be29: Layer already exists
bbc6d89e45a1: Layer already exists
a37d6baa8a5e: Layer already exists
d440d97bbc4a: Layer already exists
081a861c7ecd: Layer already exists
c11f0dd7f64f: Layer already exists
df5b415aa3df: Layer already exists
6a8968c88953: Layer already exists
77cae8ab23bf: Layer already exists
71d862e7a684: Pushed
6.2.17: digest: sha256:0e8557414ce4a12794353e6cefbbd72d2f9e43e93ba04b11aba995e1ec6473d5 size: 2410
There is a new version (1.16.0) of Skaffold available. Download it at https://storage.googleapis.com/skaffold/releases/latest/skaffold-linux-amd64


Showing logs for build [32mentando-k8s-entando-k8s-control-ldnlz-73[0m stage [32mfrom-build-pack[0m and container [32mstep-postbuild-post-build[0m
no CVE provider running in the current ** namespace so skip adding image to be analysed

Showing logs for build [32mentando-k8s-entando-k8s-control-ldnlz-73[0m stage [32mfrom-build-pack[0m and container [32mstep-promote-changelog[0m
Converted /workspace/source/charts/entando-k8s-controller-coordinator to an unshallow repository
Generating change log from git ref 7f9a506e3726c512e6012f9fb05262d8754e9405 => 3a7aa615dcd2f8850a85ad0698b70f590a452adc
Associating user ampie in users.jenkins.io with email ampie.private@gmail.com to git GitProvider user with login ampie-barnard as emails match
Adding label jenkins.io/git-github-userid=ampie-barnard to user ampie in users.jenkins.io
Associating user ampie in users.jenkins.io with email ampie.private@gmail.com to git GitProvider user with login ampie-barnard as emails match
Adding label jenkins.io/git-github-userid=ampie-barnard to user ampie in users.jenkins.io
Finding issues in commit messages using git format
WARNING: No release found for entando-k8s/entando-k8s-controller-coordinator and tag v6.2.17 so creating a new release
Updated the release information at https://github.com/entando-k8s/entando-k8s-controller-coordinator/releases/tag/v6.2.17
Created Release entando-k8s-controller-coordinator-6-2-17 resource in namespace **
Updating PipelineActivity entando-k8s-entando-k8s-controller-coordinator-master-73 with version 6.2.17
Updated PipelineActivities entando-k8s-entando-k8s-controller-coordinator-master-73 with release notes URL: https://github.com/entando-k8s/entando-k8s-controller-coordinator/releases/tag/v6.2.17

Showing logs for build [32mentando-k8s-entando-k8s-control-ldnlz-73[0m stage [32mfrom-build-pack[0m and container [32mstep-promote-helm-release[0m
WARNING: No $CHART_REPOSITORY defined so using the default value of: http://jenkins-x-chartmuseum:8080
Adding missing Helm repo: storage.googleapis.com https://storage.googleapis.com/chartmuseum.jenkins-x.io
Successfully added Helm repository storage.googleapis.com.
Adding missing Helm repo: jenkins-x-chartmuseum http://jenkins-x-chartmuseum:8080
Successfully added Helm repository jenkins-x-chartmuseum.
WARNING: No $CHART_REPOSITORY defined so using the default value of: http://jenkins-x-chartmuseum:8080
Uploading chart file entando-k8s-controller-coordinator-6.2.17.tgz to http://jenkins-x-chartmuseum:8080/api/charts
Received 201 response: {"saved":true}

Showing logs for build [32mentando-k8s-entando-k8s-control-ldnlz-73[0m stage [32mfrom-build-pack[0m and container [32mstep-promote-jx-promote[0m
WARNING: prow based install so skip waiting for the merge of Pull Requests to go green as currently there is an issue with gettingstatuses from the PR, see https://github.com/jenkins-x/**/issues/2410
WARNING: No $CHART_REPOSITORY defined so using the default value of: http://jenkins-x-chartmuseum:8080
Promoting app entando-k8s-controller-coordinator version 6.2.17 to namespace **-staging
Created Pull Request: https://github.com/entando-k8s/environment-**********-staging/pull/127
Added label updatebot to Pull Request https://github.com/entando-k8s/environment-entando-**-staging/pull/127
got git provider status pending from PR https://github.com/entando-k8s/environment-**********-staging/pull/127
got git provider status pending from PR https://github.com/entando-k8s/environment-entando-**-staging/pull/127
got git provider status pending from PR https://github.com/entando-k8s/environment-**********-staging/pull/127
got git provider status pending from PR https://github.com/entando-k8s/environment-**********-staging/pull/127
got git provider status pending from PR https://github.com/entando-k8s/environment-entando-**-staging/pull/127
got git provider status pending from PR https://github.com/entando-k8s/environment-entando-**-staging/pull/127
got git provider status pending from PR https://github.com/entando-k8s/environment-**********-staging/pull/127
got git provider status pending from PR https://github.com/entando-k8s/environment-**********-staging/pull/127
got git provider status pending from PR https://github.com/entando-k8s/environment-**********-staging/pull/127
got git provider status pending from PR https://github.com/entando-k8s/environment-**********-staging/pull/127
got git provider status pending from PR https://github.com/entando-k8s/environment-entando-**-staging/pull/127
got git provider status pending from PR https://github.com/entando-k8s/environment-**********-staging/pull/127
got git provider status pending from PR https://github.com/entando-k8s/environment-entando-**-staging/pull/127
got git provider status pending from PR https://github.com/entando-k8s/environment-**********-staging/pull/127
got git provider status pending from PR https://github.com/entando-k8s/environment-**********-staging/pull/127
Pull Request https://github.com/entando-k8s/environment-**********-staging/pull/127 is merged at sha 3500715b43085c07cce83fd411895ce6273e24a5
Pull Request merged but we are not waiting for the update pipeline to complete!
WARNING: Could not find the service URL in namespace **-staging for names entando-k8s-controller-coordinator, **-entando-k8s-controller-coordinator, **-staging-entando-k8s-controller-coordinator

Showing logs for build [32mentando-k8s-entando-k8s-control-ldnlz-73[0m stage [32mfrom-build-pack[0m and container [32mstep-promote-update-image-map[0m
Publishing image info for entando-k8s-controller-coordinator
configmap/entando-docker-image-info-v6.1 patched
