
Showing logs for build [32mentando-k8s-entando-k8s-control-jp7m9-80[0m stage [32mfrom-build-pack[0m and container [32mstep-credential-initializer-b4d6m[0m
Unable to retrieve container logs for docker://2be8a94110817c2865129572bb5cf522638e7fcc5436a1350a09fb1ef1b08215

Showing logs for build [32mentando-k8s-entando-k8s-control-jp7m9-80[0m stage [32mfrom-build-pack[0m and container [32mstep-working-dir-initializer-wxhtw[0m
Unable to retrieve container logs for docker://b24d30bad24f5b4124d4d7046580696aff5bfa6cc4f0700646103e364028dc02

Showing logs for build [32mentando-k8s-entando-k8s-control-jp7m9-80[0m stage [32mfrom-build-pack[0m and container [32mstep-place-tools[0m
Unable to retrieve container logs for docker://aa5c73abd3f82e29a9dfd5c90937b13d706119f6355dc539ac9c791d49affa5b

Showing logs for build [32mentando-k8s-entando-k8s-control-jp7m9-80[0m stage [32mfrom-build-pack[0m and container [32mstep-git-source-entando-k8s-entando-k8s-control-snj59[0m
{"level":"warn","ts":1609860523.6173785,"logger":"fallback-logger","caller":"logging/config.go:69","msg":"Fetch GitHub commit ID from kodata failed: \"ref: refs/heads/0.8.0-**-support-backwards-incompats\" is not a valid GitHub commit ID"}
{"level":"info","ts":1609860525.091278,"logger":"fallback-logger","caller":"git/git.go:103","msg":"Successfully cloned https://github.com/entando-k8s/entando-k8s-controller-coordinator.git @ v6.2.24 in path /workspace/source"}

Showing logs for build [32mentando-k8s-entando-k8s-control-jp7m9-80[0m stage [32mfrom-build-pack[0m and container [32mstep-git-merge[0m
Using SHAs from PULL_REFS=master:faf8ea3a17e45dbee2073ccfb115c1cf342d011f
WARNING: no SHAs to merge, falling back to initial cloned commit

Showing logs for build [32mentando-k8s-entando-k8s-control-jp7m9-80[0m stage [32mfrom-build-pack[0m and container [32mstep-setup-jx-git-credentials[0m
Generated Git credentials file /workspace/xdg_config/git/credentials

Showing logs for build [32mentando-k8s-entando-k8s-control-jp7m9-80[0m stage [32mfrom-build-pack[0m and container [32mstep-build-fetch-history-for-sonar[0m
From https://github.com/entando-k8s/entando-k8s-controller-coordinator
 * [new branch]      ENG-1020_keycloak_11    -> origin/ENG-1020_keycloak_11
 * [new branch]      ENG-872_bumped_to_latest -> origin/ENG-872_bumped_to_latest
 * [new branch]      Sprint-rc-update        -> origin/Sprint-rc-update
 * [new branch]      ecr-patch-it-validation -> origin/ecr-patch-it-validation
 * [new branch]      exp-8f7e8b16            -> origin/exp-8f7e8b16
 * [new branch]      fix-chart-roles-for-minikube -> origin/fix-chart-roles-for-minikube
 * [new branch]      master                  -> origin/master
 * [new branch]      poste                   -> origin/poste
 * [new branch]      pr-test                 -> origin/pr-test
 * [new branch]      release-6.2.0-sprint-6-rc -> origin/release-6.2.0-sprint-6-rc
 * [new branch]      sprint-5-rc             -> origin/sprint-5-rc
 * [new branch]      sprint-rc-image-update  -> origin/sprint-rc-image-update
 * [new branch]      sprint3-rc              -> origin/sprint3-rc
 * [new branch]      v6.2.0-sprint4-rc       -> origin/v6.2.0-sprint4-rc
 * [new branch]      v6.3.0-pr6              -> origin/v6.3.0-pr6
 * [new tag]         v6.2.24                 -> v6.2.24
 * [new tag]         Entando6.2.1-pre-test01 -> Entando6.2.1-pre-test01

Showing logs for build [32mentando-k8s-entando-k8s-control-jp7m9-80[0m stage [32mfrom-build-pack[0m and container [32mstep-build-mvn-deploy-release[0m
Picked up _JAVA_OPTIONS: -XX:+UnlockExperimentalVMOptions -Dsun.zip.disableMemoryMapping=**** -XX:+UseParallelGC -XX:MinHeapFreeRatio=5 -XX:MaxHeapFreeRatio=10 -XX:GCTimeRatio=4 -XX:AdaptiveSizePolicyWeight=90 -Xms1000m -Xmx12000m
[INFO] Scanning for projects...
[INFO] 
[INFO] -----------< org.entando:entando-k8s-controller-coordinator >-----------
[INFO] Building Entando K8S Controller Coordinator 6.2.24
[INFO] --------------------------------[ jar ]---------------------------------
[INFO] 
[INFO] --- maven-clean-plugin:2.5:clean (default-clean) @ entando-k8s-controller-coordinator ---
[INFO] 
[INFO] --- maven-checkstyle-plugin:3.1.1:check (validate) @ entando-k8s-controller-coordinator ---
[INFO] Starting audit...
Audit done.
[INFO] You have 0 Checkstyle violations.
[INFO] 
[INFO] --- maven-checkstyle-plugin:3.1.1:checkstyle (validate) @ entando-k8s-controller-coordinator ---
[INFO] Starting audit...
Audit done.
[INFO] 
[INFO] --- jacoco-maven-plugin:0.8.5:prepare-agent (prepare-agent) @ entando-k8s-controller-coordinator ---
[INFO] argLine set to -javaagent:/home/jenkins/.mvnrepository/org/jacoco/org.jacoco.agent/0.8.5/org.jacoco.agent-0.8.5-runtime.jar=destfile=/workspace/source/target/jacoco.e**c
[INFO] 
[INFO] --- maven-resources-plugin:2.6:resources (default-resources) @ entando-k8s-controller-coordinator ---
[INFO] Using 'UTF-8' encoding to copy filtered resources.
[INFO] Copying 3 resources
[INFO] 
[INFO] --- maven-compiler-plugin:3.8.1:compile (default-compile) @ entando-k8s-controller-coordinator ---
[INFO] Changes detected - recompiling the module!
[INFO] Compiling 4 source files to /workspace/source/target/classes
[INFO] 
[INFO] --- maven-resources-plugin:2.6:testResources (default-testResources) @ entando-k8s-controller-coordinator ---
[INFO] Using 'UTF-8' encoding to copy filtered resources.
[INFO] Copying 6 resources
[INFO] 
[INFO] --- maven-compiler-plugin:3.8.1:testCompile (default-testCompile) @ entando-k8s-controller-coordinator ---
[INFO] Changes detected - recompiling the module!
[INFO] Compiling 7 source files to /workspace/source/target/test-classes
[INFO] 
[INFO] --- maven-surefire-plugin:3.0.0-M1:test (default-test) @ entando-k8s-controller-coordinator ---
[INFO] 
[INFO] -------------------------------------------------------
[INFO]  T E S T S
[INFO] -------------------------------------------------------
[INFO] Running org.entando.kubernetes.controller.coordinator.inprocesstests.EntandoOperatorMatcherTest
Jan 05, 2021 3:29:33 PM org.entando.kubernetes.controller.coordinator.EntandoOperatorMatcher matchesThisOperator
WARNING: Operator ID mismatch. Ignoring resource EntandoApp:null/null
Jan 05, 2021 3:29:33 PM org.entando.kubernetes.controller.coordinator.EntandoOperatorMatcher matchesThisOperator
WARNING: Operator version mismatch. Ignoring resource EntandoApp:null/null
Jan 05, 2021 3:29:33 PM org.entando.kubernetes.controller.coordinator.EntandoOperatorMatcher matchesThisOperator
WARNING: Operator ID mismatch. Ignoring resource EntandoApp:null/null
Jan 05, 2021 3:29:33 PM org.entando.kubernetes.controller.coordinator.EntandoOperatorMatcher matchesThisOperator
WARNING: Operator ID mismatch. Ignoring resource EntandoApp:null/null
[INFO] Tests run: 7, Failures: 0, Errors: 0, Skipped: 0, Time elapsed: 0.149 s - in org.entando.kubernetes.controller.coordinator.inprocesstests.EntandoOperatorMatcherTest
[INFO] Running org.entando.kubernetes.controller.coordinator.inprocesstests.ControllerCoordinatorEdgeConditionsTest
Jan 05, 2021 3:29:35 PM okhttp3.mockwebserver.MockWebServer$2 e**cute
INFO: MockWebServer[56412] starting to accept connections
Jan 05, 2021 3:29:35 PM okhttp3.mockwebserver.MockWebServer$3 processOneRequest
INFO: MockWebServer[56412] received request: GET /api/v1/namespaces/entando-k8s-controller-coordinator-carcms80 HTTP/1.1 and responded: HTTP/1.1 404 Client Error
Jan 05, 2021 3:29:36 PM okhttp3.mockwebserver.MockWebServer$3 processOneRequest
INFO: MockWebServer[56412] received request: POST /api/v1/namespaces HTTP/1.1 and responded: HTTP/1.1 202 OK
Jan 05, 2021 3:29:36 PM okhttp3.mockwebserver.MockWebServer$3 processOneRequest
INFO: MockWebServer[56412] received request: GET /apis/apiextensions.k8s.io/v1beta1/customresourcedefinitions/entandokeycloakservers.entando.org HTTP/1.1 and responded: HTTP/1.1 404 Client Error
Jan 05, 2021 3:29:36 PM okhttp3.mockwebserver.MockWebServer$3 processOneRequest
INFO: MockWebServer[56412] received request: POST /apis/apiextensions.k8s.io/v1beta1/customresourcedefinitions HTTP/1.1 and responded: HTTP/1.1 202 OK
Jan 05, 2021 3:29:36 PM okhttp3.mockwebserver.MockWebServer$3 processOneRequest
INFO: MockWebServer[56412] received request: GET /api/v1/namespaces/entando-k8s-controller-coordinator-carcms80 HTTP/1.1 and responded: HTTP/1.1 200 OK
Jan 05, 2021 3:29:36 PM okhttp3.mockwebserver.MockWebServer$3 processOneRequest
INFO: MockWebServer[56412] received request: GET /apis/entando.org/v1/namespaces/entando-k8s-controller-coordinator-carcms80/entandokeycloakservers HTTP/1.1 and responded: HTTP/1.1 200 OK
Jan 05, 2021 3:29:36 PM okhttp3.mockwebserver.MockWebServer$3 processOneRequest
INFO: MockWebServer[56412] received request: GET /api/v1/namespaces/entando-k8s-controller-coordinator-carcms80 HTTP/1.1 and responded: HTTP/1.1 200 OK
Jan 05, 2021 3:29:36 PM okhttp3.mockwebserver.MockWebServer$3 processOneRequest
INFO: MockWebServer[56412] received request: GET /apis/entando.org/v1/namespaces/entando-k8s-controller-coordinator-carcms80/entandokeycloakservers HTTP/1.1 and responded: HTTP/1.1 200 OK
Jan 05, 2021 3:29:36 PM okhttp3.mockwebserver.MockWebServer$3 processOneRequest
INFO: MockWebServer[56412] received request: GET /apis/entando.org/v1/namespaces/entando-k8s-controller-coordinator-carcms80/entandokeycloakservers HTTP/1.1 and responded: HTTP/1.1 200 OK
Jan 05, 2021 3:29:37 PM okhttp3.mockwebserver.MockWebServer$3 processOneRequest
INFO: MockWebServer[56412] received request: GET /apis/entando.org/v1/namespaces/entando-k8s-controller-coordinator-carcms80/entandokeycloakservers?watch=**** HTTP/1.1 and responded: HTTP/1.1 200 OK
Jan 05, 2021 3:29:37 PM okhttp3.mockwebserver.MockWebServer$3 processOneRequest
INFO: MockWebServer[56412] received request: GET /apis/entando.org/v1/namespaces/entando-k8s-controller-coordinator-carcms80/entandokeycloakservers?watch=**** HTTP/1.1 and responded: HTTP/1.1 200 OK
Jan 05, 2021 3:29:37 PM okhttp3.mockwebserver.MockWebServer$3 processOneRequest
INFO: MockWebServer[56412] received request: GET /apis/apiextensions.k8s.io/v1beta1/customresourcedefinitions/entandoclusterinfrastructures.entando.org HTTP/1.1 and responded: HTTP/1.1 404 Client Error
Jan 05, 2021 3:29:37 PM io.fabric8.kubernetes.client.dsl.internal.WatchHTTPManager$1 onResponse
INFO: Watch terminated unexpectedly. reason: \n not found: limit=46 content=7b2261706956657273696f6e223a227631222c226b696e64223a224c69737422â€¦
Jan 05, 2021 3:29:37 PM okhttp3.mockwebserver.MockWebServer$3 processOneRequest
INFO: MockWebServer[56412] received request: POST /apis/apiextensions.k8s.io/v1beta1/customresourcedefinitions HTTP/1.1 and responded: HTTP/1.1 202 OK
Jan 05, 2021 3:29:37 PM okhttp3.mockwebserver.MockWebServer$3 processOneRequest
INFO: MockWebServer[56412] received request: GET /api/v1/namespaces/entando-k8s-controller-coordinator-carcms80 HTTP/1.1 and responded: HTTP/1.1 200 OK
Jan 05, 2021 3:29:37 PM okhttp3.mockwebserver.MockWebServer$3 processOneRequest
INFO: MockWebServer[56412] received request: GET /apis/entando.org/v1/namespaces/entando-k8s-controller-coordinator-carcms80/entandoclusterinfrastructures HTTP/1.1 and responded: HTTP/1.1 200 OK
Jan 05, 2021 3:29:37 PM okhttp3.mockwebserver.MockWebServer$3 processOneRequest
INFO: MockWebServer[56412] received request: GET /api/v1/namespaces/entando-k8s-controller-coordinator-carcms80 HTTP/1.1 and responded: HTTP/1.1 200 OK
Jan 05, 2021 3:29:37 PM okhttp3.mockwebserver.MockWebServer$3 processOneRequest
INFO: MockWebServer[56412] received request: GET /apis/entando.org/v1/namespaces/entando-k8s-controller-coordinator-carcms80/entandoclusterinfrastructures HTTP/1.1 and responded: HTTP/1.1 200 OK
Jan 05, 2021 3:29:37 PM okhttp3.mockwebserver.MockWebServer$3 processOneRequest
INFO: MockWebServer[56412] received request: GET /apis/entando.org/v1/namespaces/entando-k8s-controller-coordinator-carcms80/entandoclusterinfrastructures HTTP/1.1 and responded: HTTP/1.1 200 OK
Jan 05, 2021 3:29:37 PM okhttp3.mockwebserver.MockWebServer$3 processOneRequest
INFO: MockWebServer[56412] received request: GET /apis/entando.org/v1/namespaces/entando-k8s-controller-coordinator-carcms80/entandoclusterinfrastructures?watch=**** HTTP/1.1 and responded: HTTP/1.1 200 OK
Jan 05, 2021 3:29:37 PM okhttp3.mockwebserver.MockWebServer$3 processOneRequest
INFO: MockWebServer[56412] received request: GET /apis/apiextensions.k8s.io/v1beta1/customresourcedefinitions/entandoapps.entando.org HTTP/1.1 and responded: HTTP/1.1 404 Client Error
Jan 05, 2021 3:29:37 PM okhttp3.mockwebserver.MockWebServer$3 processOneRequest
INFO: MockWebServer[56412] received request: GET /apis/entando.org/v1/namespaces/entando-k8s-controller-coordinator-carcms80/entandoclusterinfrastructures?watch=**** HTTP/1.1 and responded: HTTP/1.1 200 OK
Jan 05, 2021 3:29:37 PM io.fabric8.kubernetes.client.dsl.internal.WatchHTTPManager$1 onResponse
INFO: Watch terminated unexpectedly. reason: \n not found: limit=46 content=7b2261706956657273696f6e223a227631222c226b696e64223a224c69737422â€¦
Jan 05, 2021 3:29:38 PM okhttp3.mockwebserver.MockWebServer$3 processOneRequest
INFO: MockWebServer[56412] received request: POST /apis/apiextensions.k8s.io/v1beta1/customresourcedefinitions HTTP/1.1 and responded: HTTP/1.1 202 OK
Jan 05, 2021 3:29:38 PM okhttp3.mockwebserver.MockWebServer$3 processOneRequest
INFO: MockWebServer[56412] received request: GET /api/v1/namespaces/entando-k8s-controller-coordinator-carcms80 HTTP/1.1 and responded: HTTP/1.1 200 OK
Jan 05, 2021 3:29:38 PM okhttp3.mockwebserver.MockWebServer$3 processOneRequest
INFO: MockWebServer[56412] received request: GET /apis/entando.org/v1/namespaces/entando-k8s-controller-coordinator-carcms80/entandoapps HTTP/1.1 and responded: HTTP/1.1 200 OK
Jan 05, 2021 3:29:38 PM okhttp3.mockwebserver.MockWebServer$3 processOneRequest
INFO: MockWebServer[56412] received request: GET /apis/entando.org/v1/namespaces/entando-k8s-controller-coordinator-carcms80/entandokeycloakservers?watch=**** HTTP/1.1 and responded: HTTP/1.1 200 OK
Jan 05, 2021 3:29:38 PM io.fabric8.kubernetes.client.dsl.internal.WatchHTTPManager$1 onResponse
INFO: Watch terminated unexpectedly. reason: \n not found: limit=46 content=7b2261706956657273696f6e223a227631222c226b696e64223a224c69737422â€¦
Jan 05, 2021 3:29:38 PM okhttp3.mockwebserver.MockWebServer$3 processOneRequest
INFO: MockWebServer[56412] received request: GET /api/v1/namespaces/entando-k8s-controller-coordinator-carcms80 HTTP/1.1 and responded: HTTP/1.1 200 OK
Jan 05, 2021 3:29:38 PM okhttp3.mockwebserver.MockWebServer$3 processOneRequest
INFO: MockWebServer[56412] received request: GET /apis/entando.org/v1/namespaces/entando-k8s-controller-coordinator-carcms80/entandoapps HTTP/1.1 and responded: HTTP/1.1 200 OK
Jan 05, 2021 3:29:38 PM okhttp3.mockwebserver.MockWebServer$3 processOneRequest
INFO: MockWebServer[56412] received request: GET /apis/entando.org/v1/namespaces/entando-k8s-controller-coordinator-carcms80/entandoapps HTTP/1.1 and responded: HTTP/1.1 200 OK
Jan 05, 2021 3:29:38 PM okhttp3.mockwebserver.MockWebServer$3 processOneRequest
INFO: MockWebServer[56412] received request: GET /apis/entando.org/v1/namespaces/entando-k8s-controller-coordinator-carcms80/entandoapps?watch=**** HTTP/1.1 and responded: HTTP/1.1 200 OK
Jan 05, 2021 3:29:38 PM okhttp3.mockwebserver.MockWebServer$3 processOneRequest
INFO: MockWebServer[56412] received request: GET /apis/entando.org/v1/namespaces/entando-k8s-controller-coordinator-carcms80/entandoapps?watch=**** HTTP/1.1 and responded: HTTP/1.1 200 OK
Jan 05, 2021 3:29:38 PM okhttp3.mockwebserver.MockWebServer$3 processOneRequest
INFO: MockWebServer[56412] received request: GET /apis/apiextensions.k8s.io/v1beta1/customresourcedefinitions/entandoplugins.entando.org HTTP/1.1 and responded: HTTP/1.1 404 Client Error
Jan 05, 2021 3:29:38 PM io.fabric8.kubernetes.client.dsl.internal.WatchHTTPManager$1 onResponse
INFO: Watch terminated unexpectedly. reason: \n not found: limit=46 content=7b2261706956657273696f6e223a227631222c226b696e64223a224c69737422â€¦
Jan 05, 2021 3:29:38 PM okhttp3.mockwebserver.MockWebServer$3 processOneRequest
INFO: MockWebServer[56412] received request: POST /apis/apiextensions.k8s.io/v1beta1/customresourcedefinitions HTTP/1.1 and responded: HTTP/1.1 202 OK
Jan 05, 2021 3:29:38 PM okhttp3.mockwebserver.MockWebServer$3 processOneRequest
INFO: MockWebServer[56412] received request: GET /api/v1/namespaces/entando-k8s-controller-coordinator-carcms80 HTTP/1.1 and responded: HTTP/1.1 200 OK
Jan 05, 2021 3:29:38 PM okhttp3.mockwebserver.MockWebServer$3 processOneRequest
INFO: MockWebServer[56412] received request: GET /apis/entando.org/v1/namespaces/entando-k8s-controller-coordinator-carcms80/entandoplugins HTTP/1.1 and responded: HTTP/1.1 200 OK
Jan 05, 2021 3:29:38 PM okhttp3.mockwebserver.MockWebServer$3 processOneRequest
INFO: MockWebServer[56412] received request: GET /apis/entando.org/v1/namespaces/entando-k8s-controller-coordinator-carcms80/entandoclusterinfrastructures?watch=**** HTTP/1.1 and responded: HTTP/1.1 200 OK
Jan 05, 2021 3:29:38 PM okhttp3.mockwebserver.MockWebServer$3 processOneRequest
INFO: MockWebServer[56412] received request: GET /api/v1/namespaces/entando-k8s-controller-coordinator-carcms80 HTTP/1.1 and responded: HTTP/1.1 200 OK
Jan 05, 2021 3:29:39 PM io.fabric8.kubernetes.client.dsl.internal.WatchHTTPManager$1 onResponse
INFO: Watch terminated unexpectedly. reason: \n not found: limit=46 content=7b2261706956657273696f6e223a227631222c226b696e64223a224c69737422â€¦
Jan 05, 2021 3:29:39 PM okhttp3.mockwebserver.MockWebServer$3 processOneRequest
INFO: MockWebServer[56412] received request: GET /apis/entando.org/v1/namespaces/entando-k8s-controller-coordinator-carcms80/entandoplugins HTTP/1.1 and responded: HTTP/1.1 200 OK
Jan 05, 2021 3:29:39 PM okhttp3.mockwebserver.MockWebServer$3 processOneRequest
INFO: MockWebServer[56412] received request: GET /apis/entando.org/v1/namespaces/entando-k8s-controller-coordinator-carcms80/entandoplugins HTTP/1.1 and responded: HTTP/1.1 200 OK
Jan 05, 2021 3:29:39 PM okhttp3.mockwebserver.MockWebServer$3 processOneRequest
INFO: MockWebServer[56412] received request: GET /apis/entando.org/v1/namespaces/entando-k8s-controller-coordinator-carcms80/entandoplugins?watch=**** HTTP/1.1 and responded: HTTP/1.1 200 OK
Jan 05, 2021 3:29:39 PM okhttp3.mockwebserver.MockWebServer$3 processOneRequest
INFO: MockWebServer[56412] received request: GET /apis/entando.org/v1/namespaces/entando-k8s-controller-coordinator-carcms80/entandoplugins?watch=**** HTTP/1.1 and responded: HTTP/1.1 200 OK
Jan 05, 2021 3:29:39 PM okhttp3.mockwebserver.MockWebServer$3 processOneRequest
INFO: MockWebServer[56412] received request: GET /apis/apiextensions.k8s.io/v1beta1/customresourcedefinitions/entandoapppluginlinks.entando.org HTTP/1.1 and responded: HTTP/1.1 404 Client Error
Jan 05, 2021 3:29:39 PM io.fabric8.kubernetes.client.dsl.internal.WatchHTTPManager$1 onResponse
INFO: Watch terminated unexpectedly. reason: \n not found: limit=46 content=7b2261706956657273696f6e223a227631222c226b696e64223a224c69737422â€¦
Jan 05, 2021 3:29:39 PM okhttp3.mockwebserver.MockWebServer$3 processOneRequest
INFO: MockWebServer[56412] received request: POST /apis/apiextensions.k8s.io/v1beta1/customresourcedefinitions HTTP/1.1 and responded: HTTP/1.1 202 OK
Jan 05, 2021 3:29:39 PM okhttp3.mockwebserver.MockWebServer$3 processOneRequest
INFO: MockWebServer[56412] received request: GET /api/v1/namespaces/entando-k8s-controller-coordinator-carcms80 HTTP/1.1 and responded: HTTP/1.1 200 OK
Jan 05, 2021 3:29:39 PM okhttp3.mockwebserver.MockWebServer$3 processOneRequest
INFO: MockWebServer[56412] received request: GET /apis/entando.org/v1/namespaces/entando-k8s-controller-coordinator-carcms80/entandoapppluginlinks HTTP/1.1 and responded: HTTP/1.1 200 OK
Jan 05, 2021 3:29:39 PM okhttp3.mockwebserver.MockWebServer$3 processOneRequest
INFO: MockWebServer[56412] received request: GET /api/v1/namespaces/entando-k8s-controller-coordinator-carcms80 HTTP/1.1 and responded: HTTP/1.1 200 OK
Jan 05, 2021 3:29:39 PM okhttp3.mockwebserver.MockWebServer$3 processOneRequest
INFO: MockWebServer[56412] received request: GET /apis/entando.org/v1/namespaces/entando-k8s-controller-coordinator-carcms80/entandoapppluginlinks HTTP/1.1 and responded: HTTP/1.1 200 OK
Jan 05, 2021 3:29:39 PM okhttp3.mockwebserver.MockWebServer$3 processOneRequest
INFO: MockWebServer[56412] received request: GET /apis/entando.org/v1/namespaces/entando-k8s-controller-coordinator-carcms80/entandoapppluginlinks HTTP/1.1 and responded: HTTP/1.1 200 OK
Jan 05, 2021 3:29:39 PM okhttp3.mockwebserver.MockWebServer$3 processOneRequest
INFO: MockWebServer[56412] received request: GET /apis/entando.org/v1/namespaces/entando-k8s-controller-coordinator-carcms80/entandoapps?watch=**** HTTP/1.1 and responded: HTTP/1.1 200 OK
Jan 05, 2021 3:29:39 PM io.fabric8.kubernetes.client.dsl.internal.WatchHTTPManager$1 onResponse
INFO: Watch terminated unexpectedly. reason: \n not found: limit=46 content=7b2261706956657273696f6e223a227631222c226b696e64223a224c69737422â€¦
Jan 05, 2021 3:29:39 PM okhttp3.mockwebserver.MockWebServer$3 processOneRequest
INFO: MockWebServer[56412] received request: GET /apis/entando.org/v1/namespaces/entando-k8s-controller-coordinator-carcms80/entandoapppluginlinks?watch=**** HTTP/1.1 and responded: HTTP/1.1 200 OK
Jan 05, 2021 3:29:39 PM okhttp3.mockwebserver.MockWebServer$3 processOneRequest
INFO: MockWebServer[56412] received request: GET /apis/entando.org/v1/namespaces/entando-k8s-controller-coordinator-carcms80/entandoapppluginlinks?watch=**** HTTP/1.1 and responded: HTTP/1.1 200 OK
Jan 05, 2021 3:29:39 PM okhttp3.mockwebserver.MockWebServer$3 processOneRequest
INFO: MockWebServer[56412] received request: GET /apis/apiextensions.k8s.io/v1beta1/customresourcedefinitions/entandocompositeapps.entando.org HTTP/1.1 and responded: HTTP/1.1 404 Client Error
Jan 05, 2021 3:29:39 PM io.fabric8.kubernetes.client.dsl.internal.WatchHTTPManager$1 onResponse
INFO: Watch terminated unexpectedly. reason: \n not found: limit=46 content=7b2261706956657273696f6e223a227631222c226b696e64223a224c69737422â€¦
Jan 05, 2021 3:29:39 PM okhttp3.mockwebserver.MockWebServer$3 processOneRequest
INFO: MockWebServer[56412] received request: POST /apis/apiextensions.k8s.io/v1beta1/customresourcedefinitions HTTP/1.1 and responded: HTTP/1.1 202 OK
Jan 05, 2021 3:29:40 PM okhttp3.mockwebserver.MockWebServer$3 processOneRequest
INFO: MockWebServer[56412] received request: GET /api/v1/namespaces/entando-k8s-controller-coordinator-carcms80 HTTP/1.1 and responded: HTTP/1.1 200 OK
Jan 05, 2021 3:29:40 PM okhttp3.mockwebserver.MockWebServer$3 processOneRequest
INFO: MockWebServer[56412] received request: GET /apis/entando.org/v1/namespaces/entando-k8s-controller-coordinator-carcms80/entandocompositeapps HTTP/1.1 and responded: HTTP/1.1 200 OK
Jan 05, 2021 3:29:40 PM okhttp3.mockwebserver.MockWebServer$3 processOneRequest
INFO: MockWebServer[56412] received request: GET /api/v1/namespaces/entando-k8s-controller-coordinator-carcms80 HTTP/1.1 and responded: HTTP/1.1 200 OK
Jan 05, 2021 3:29:40 PM okhttp3.mockwebserver.MockWebServer$3 processOneRequest
INFO: MockWebServer[56412] received request: GET /apis/entando.org/v1/namespaces/entando-k8s-controller-coordinator-carcms80/entandocompositeapps HTTP/1.1 and responded: HTTP/1.1 200 OK
Jan 05, 2021 3:29:40 PM okhttp3.mockwebserver.MockWebServer$3 processOneRequest
INFO: MockWebServer[56412] received request: GET /apis/entando.org/v1/namespaces/entando-k8s-controller-coordinator-carcms80/entandocompositeapps HTTP/1.1 and responded: HTTP/1.1 200 OK
Jan 05, 2021 3:29:40 PM okhttp3.mockwebserver.MockWebServer$3 processOneRequest
INFO: MockWebServer[56412] received request: GET /apis/entando.org/v1/namespaces/entando-k8s-controller-coordinator-carcms80/entandokeycloakservers?watch=**** HTTP/1.1 and responded: HTTP/1.1 200 OK
Jan 05, 2021 3:29:40 PM io.fabric8.kubernetes.client.dsl.internal.WatchHTTPManager$1 onResponse
INFO: Watch terminated unexpectedly. reason: \n not found: limit=46 content=7b2261706956657273696f6e223a227631222c226b696e64223a224c69737422â€¦
Jan 05, 2021 3:29:40 PM okhttp3.mockwebserver.MockWebServer$3 processOneRequest
INFO: MockWebServer[56412] received request: GET /apis/entando.org/v1/namespaces/entando-k8s-controller-coordinator-carcms80/entandoplugins?watch=**** HTTP/1.1 and responded: HTTP/1.1 200 OK
Jan 05, 2021 3:29:40 PM io.fabric8.kubernetes.client.dsl.internal.WatchHTTPManager$1 onResponse
INFO: Watch terminated unexpectedly. reason: \n not found: limit=46 content=7b2261706956657273696f6e223a227631222c226b696e64223a224c69737422â€¦
Jan 05, 2021 3:29:40 PM okhttp3.mockwebserver.MockWebServer$3 processOneRequest
INFO: MockWebServer[56412] received request: GET /apis/entando.org/v1/namespaces/entando-k8s-controller-coordinator-carcms80/entandocompositeapps?watch=**** HTTP/1.1 and responded: HTTP/1.1 200 OK
Jan 05, 2021 3:29:40 PM okhttp3.mockwebserver.MockWebServer$3 processOneRequest
INFO: MockWebServer[56412] received request: GET /apis/entando.org/v1/namespaces/entando-k8s-controller-coordinator-carcms80/entandocompositeapps?watch=**** HTTP/1.1 and responded: HTTP/1.1 200 OK
Jan 05, 2021 3:29:40 PM okhttp3.mockwebserver.MockWebServer$3 processOneRequest
INFO: MockWebServer[56412] received request: GET /apis/apiextensions.k8s.io/v1beta1/customresourcedefinitions/entandodatabaseservices.entando.org HTTP/1.1 and responded: HTTP/1.1 404 Client Error
Jan 05, 2021 3:29:40 PM io.fabric8.kubernetes.client.dsl.internal.WatchHTTPManager$1 onResponse
INFO: Watch terminated unexpectedly. reason: \n not found: limit=46 content=7b2261706956657273696f6e223a227631222c226b696e64223a224c69737422â€¦
Jan 05, 2021 3:29:40 PM okhttp3.mockwebserver.MockWebServer$3 processOneRequest
INFO: MockWebServer[56412] received request: POST /apis/apiextensions.k8s.io/v1beta1/customresourcedefinitions HTTP/1.1 and responded: HTTP/1.1 202 OK
Jan 05, 2021 3:29:40 PM okhttp3.mockwebserver.MockWebServer$3 processOneRequest
INFO: MockWebServer[56412] received request: GET /api/v1/namespaces/entando-k8s-controller-coordinator-carcms80 HTTP/1.1 and responded: HTTP/1.1 200 OK
Jan 05, 2021 3:29:40 PM okhttp3.mockwebserver.MockWebServer$3 processOneRequest
INFO: MockWebServer[56412] received request: GET /apis/entando.org/v1/namespaces/entando-k8s-controller-coordinator-carcms80/entandodatabaseservices HTTP/1.1 and responded: HTTP/1.1 200 OK
Jan 05, 2021 3:29:40 PM okhttp3.mockwebserver.MockWebServer$3 processOneRequest
INFO: MockWebServer[56412] received request: GET /api/v1/namespaces/entando-k8s-controller-coordinator-carcms80 HTTP/1.1 and responded: HTTP/1.1 200 OK
Jan 05, 2021 3:29:40 PM okhttp3.mockwebserver.MockWebServer$3 processOneRequest
INFO: MockWebServer[56412] received request: GET /apis/entando.org/v1/namespaces/entando-k8s-controller-coordinator-carcms80/entandodatabaseservices HTTP/1.1 and responded: HTTP/1.1 200 OK
Jan 05, 2021 3:29:40 PM okhttp3.mockwebserver.MockWebServer$3 processOneRequest
INFO: MockWebServer[56412] received request: GET /apis/entando.org/v1/namespaces/entando-k8s-controller-coordinator-carcms80/entandodatabaseservices HTTP/1.1 and responded: HTTP/1.1 200 OK
Jan 05, 2021 3:29:40 PM okhttp3.mockwebserver.MockWebServer$3 processOneRequest
INFO: MockWebServer[56412] received request: GET /apis/entando.org/v1/namespaces/entando-k8s-controller-coordinator-carcms80/entandoapppluginlinks?watch=**** HTTP/1.1 and responded: HTTP/1.1 200 OK
Jan 05, 2021 3:29:40 PM io.fabric8.kubernetes.client.dsl.internal.WatchHTTPManager$1 onResponse
INFO: Watch terminated unexpectedly. reason: \n not found: limit=46 content=7b2261706956657273696f6e223a227631222c226b696e64223a224c69737422â€¦
Jan 05, 2021 3:29:41 PM okhttp3.mockwebserver.MockWebServer$3 processOneRequest
INFO: MockWebServer[56412] received request: GET /apis/entando.org/v1/namespaces/entando-k8s-controller-coordinator-carcms80/entandodatabaseservices?watch=**** HTTP/1.1 and responded: HTTP/1.1 200 OK
Jan 05, 2021 3:29:41 PM okhttp3.mockwebserver.MockWebServer$3 processOneRequest
INFO: MockWebServer[56412] received request: GET /apis/entando.org/v1/namespaces/entando-k8s-controller-coordinator-carcms80/entandoclusterinfrastructures?watch=**** HTTP/1.1 and responded: HTTP/1.1 200 OK
Jan 05, 2021 3:29:41 PM io.fabric8.kubernetes.client.dsl.internal.WatchHTTPManager$1 onResponse
INFO: Watch terminated unexpectedly. reason: \n not found: limit=46 content=7b2261706956657273696f6e223a227631222c226b696e64223a224c69737422â€¦
Jan 05, 2021 3:29:41 PM okhttp3.mockwebserver.MockWebServer$3 processOneRequest
INFO: MockWebServer[56412] received request: GET /apis/entando.org/v1/namespaces/entando-k8s-controller-coordinator-carcms80/entandodatabaseservices?watch=**** HTTP/1.1 and responded: HTTP/1.1 200 OK
Jan 05, 2021 3:29:41 PM io.fabric8.kubernetes.client.dsl.internal.WatchHTTPManager$1 onResponse
INFO: Watch terminated unexpectedly. reason: \n not found: limit=46 content=7b2261706956657273696f6e223a227631222c226b696e64223a224c69737422â€¦
Jan 05, 2021 3:29:41 PM okhttp3.mockwebserver.MockWebServer$3 processOneRequest
INFO: MockWebServer[56412] received request: POST /api/v1/namespaces/entando/configmaps HTTP/1.1 and responded: HTTP/1.1 202 OK
Jan 05, 2021 3:29:41 PM okhttp3.mockwebserver.MockWebServer$3 processOneRequest
INFO: MockWebServer[56412] received request: GET /api/v1/namespaces/entando-k8s-controller-coordinator-carcms80 HTTP/1.1 and responded: HTTP/1.1 200 OK
Jan 05, 2021 3:29:41 PM okhttp3.mockwebserver.MockWebServer$3 processOneRequest
INFO: MockWebServer[56412] received request: GET /apis/entando.org/v1/namespaces/entando-k8s-controller-coordinator-carcms80/entandokeycloakservers HTTP/1.1 and responded: HTTP/1.1 200 OK
Jan 05, 2021 3:29:41 PM okhttp3.mockwebserver.MockWebServer$3 processOneRequest
INFO: MockWebServer[56412] received request: GET /api/v1/namespaces/entando-k8s-controller-coordinator-carcms80 HTTP/1.1 and responded: HTTP/1.1 200 OK
Jan 05, 2021 3:29:41 PM okhttp3.mockwebserver.MockWebServer$3 processOneRequest
INFO: MockWebServer[56412] received request: GET /apis/entando.org/v1/namespaces/entando-k8s-controller-coordinator-carcms80/entandokeycloakservers HTTP/1.1 and responded: HTTP/1.1 200 OK
Jan 05, 2021 3:29:41 PM okhttp3.mockwebserver.MockWebServer$3 processOneRequest
INFO: MockWebServer[56412] received request: POST /apis/entando.org/v1/namespaces/entando-k8s-controller-coordinator-carcms80/entandokeycloakservers HTTP/1.1 and responded: HTTP/1.1 202 OK
Jan 05, 2021 3:29:41 PM io.fabric8.kubernetes.client.dsl.internal.WatchHTTPManager$1 onResponse
INFO: Watch terminated unexpectedly. reason: \n not found: limit=46 content=7b2261706956657273696f6e223a227631222c226b696e64223a224c69737422â€¦
Jan 05, 2021 3:29:41 PM okhttp3.mockwebserver.MockWebServer$3 processOneRequest
INFO: MockWebServer[56412] received request: GET /apis/entando.org/v1/namespaces/entando-k8s-controller-coordinator-carcms80/entandocompositeapps?watch=**** HTTP/1.1 and responded: HTTP/1.1 200 OK
Jan 05, 2021 3:29:41 PM org.entando.kubernetes.controller.coordinator.EntandoResourceObserver logAction
INFO: Received ADDED for resource EntandoKeycloakServer entando-k8s-controller-coordinator-carcms80/test-keycloak
Jan 05, 2021 3:29:41 PM okhttp3.mockwebserver.MockWebServer$3 processOneRequest
INFO: MockWebServer[56412] received request: GET /api/v1/namespaces/entando/configmaps/entando-docker-image-info-v6.1 HTTP/1.1 and responded: HTTP/1.1 200 OK
Jan 05, 2021 3:29:41 PM okhttp3.mockwebserver.MockWebServer$3 processOneRequest
INFO: MockWebServer[56412] received request: GET /api/v1/namespaces/entando-k8s-controller-coordinator-carcms80/pods?labelSelector=EntandoResourceNamespace%3Dentando-k8s-controller-coordinator-carcms80%2CEntandoResourceKind%3DEntandoKeycloakServer%2CEntandoKeycloakServer%3Dtest-keycloak HTTP/1.1 and responded: HTTP/1.1 200 OK
Jan 05, 2021 3:29:41 PM okhttp3.mockwebserver.MockWebServer$3 processOneRequest
INFO: MockWebServer[56412] received request: GET /api/v1/namespaces/entando-k8s-controller-coordinator-carcms80/pods?labelSelector=EntandoResourceKind%3DEntandoKeycloakServer HTTP/1.1 and responded: HTTP/1.1 200 OK
Jan 05, 2021 3:29:41 PM okhttp3.mockwebserver.MockWebServer$3 processOneRequest
INFO: MockWebServer[56412] received request: GET /apis/entando.org/v1/namespaces/entando-k8s-controller-coordinator-carcms80/entandoapps?watch=**** HTTP/1.1 and responded: HTTP/1.1 200 OK
Jan 05, 2021 3:29:41 PM io.fabric8.kubernetes.client.dsl.internal.WatchHTTPManager$1 onResponse
INFO: Watch terminated unexpectedly. reason: \n not found: limit=46 content=7b2261706956657273696f6e223a227631222c226b696e64223a224c69737422â€¦
Jan 05, 2021 3:29:42 PM okhttp3.mockwebserver.MockWebServer$3 processOneRequest
INFO: MockWebServer[56412] received request: GET /api/v1/namespaces/entando-k8s-controller-coordinator-carcms80/pods?labelSelector=EntandoResourceNamespace%3Dentando-k8s-controller-coordinator-carcms80%2CEntandoResourceKind%3DEntandoKeycloakServer%2CEntandoKeycloakServer%3Dtest-keycloak&watch=**** HTTP/1.1 and responded: HTTP/1.1 200 OK
Jan 05, 2021 3:29:42 PM io.fabric8.kubernetes.client.dsl.internal.WatchHTTPManager$1 onResponse
INFO: Watch terminated unexpectedly. reason: \n not found: limit=46 content=7b2261706956657273696f6e223a227631222c226b696e64223a224c69737422â€¦
Jan 05, 2021 3:29:42 PM okhttp3.mockwebserver.MockWebServer$3 processOneRequest
INFO: MockWebServer[56412] received request: GET /apis/entando.org/v1/namespaces/entando-k8s-controller-coordinator-carcms80/entandodatabaseservices?watch=**** HTTP/1.1 and responded: HTTP/1.1 200 OK
Jan 05, 2021 3:29:42 PM okhttp3.mockwebserver.MockWebServer$3 processOneRequest
INFO: MockWebServer[56412] received request: GET /api/v1/namespaces/entando-k8s-controller-coordinator-carcms80/pods?labelSelector=EntandoResourceNamespace%3Dentando-k8s-controller-coordinator-carcms80%2CEntandoResourceKind%3DEntandoKeycloakServer%2CEntandoKeycloakServer%3Dtest-keycloak HTTP/1.1 and responded: HTTP/1.1 200 OK
Jan 05, 2021 3:29:42 PM okhttp3.mockwebserver.MockWebServer$3 processOneRequest
INFO: MockWebServer[56412] received request: GET /api/v1/namespaces/entando-k8s-controller-coordinator-carcms80/pods?labelSelector=EntandoResourceNamespace%3Dentando-k8s-controller-coordinator-carcms80%2CEntandoResourceKind%3DEntandoKeycloakServer%2CEntandoKeycloakServer%3Dtest-keycloak&watch=**** HTTP/1.1 and responded: HTTP/1.1 200 OK
Jan 05, 2021 3:29:42 PM io.fabric8.kubernetes.client.dsl.internal.WatchHTTPManager$1 onResponse
INFO: Watch terminated unexpectedly. reason: \n not found: limit=46 content=7b2261706956657273696f6e223a227631222c226b696e64223a224c69737422â€¦
Jan 05, 2021 3:29:42 PM okhttp3.mockwebserver.MockWebServer$3 processOneRequest
INFO: MockWebServer[56412] received request: GET /api/v1/namespaces/entando-k8s-controller-coordinator-carcms80/pods?labelSelector=EntandoResourceKind%3DEntandoKeycloakServer HTTP/1.1 and responded: HTTP/1.1 200 OK
Jan 05, 2021 3:29:42 PM okhttp3.mockwebserver.MockWebServer$3 processOneRequest
INFO: MockWebServer[56412] received request: GET /api/v1/namespaces/entando-k8s-controller-coordinator-carcms80/pods?labelSelector=EntandoResourceNamespace%3Dentando-k8s-controller-coordinator-carcms80%2CEntandoResourceKind%3DEntandoKeycloakServer%2CEntandoKeycloakServer%3Dtest-keycloak HTTP/1.1 and responded: HTTP/1.1 200 OK
Jan 05, 2021 3:29:42 PM okhttp3.mockwebserver.MockWebServer$3 processOneRequest
INFO: MockWebServer[56412] received request: GET /apis/entando.org/v1/namespaces/entando-k8s-controller-coordinator-carcms80/entandoplugins?watch=**** HTTP/1.1 and responded: HTTP/1.1 200 OK
Jan 05, 2021 3:29:42 PM okhttp3.mockwebserver.MockWebServer$3 processOneRequest
INFO: MockWebServer[56412] received request: GET /api/v1/namespaces/entando-k8s-controller-coordinator-carcms80/pods?labelSelector=EntandoResourceKind%3DEntandoKeycloakServer HTTP/1.1 and responded: HTTP/1.1 200 OK
Jan 05, 2021 3:29:42 PM io.fabric8.kubernetes.client.dsl.internal.WatchHTTPManager$1 onResponse
INFO: Watch terminated unexpectedly. reason: \n not found: limit=46 content=7b2261706956657273696f6e223a227631222c226b696e64223a224c69737422â€¦
Jan 05, 2021 3:29:42 PM okhttp3.mockwebserver.MockWebServer$3 processOneRequest
INFO: MockWebServer[56412] received request: GET /api/v1/namespaces/entando-k8s-controller-coordinator-carcms80/pods?labelSelector=EntandoResourceKind%3DEntandoKeycloakServer HTTP/1.1 and responded: HTTP/1.1 200 OK
Jan 05, 2021 3:29:42 PM okhttp3.mockwebserver.MockWebServer$3 processOneRequest
INFO: MockWebServer[56412] received request: GET /api/v1/namespaces/entando-k8s-controller-coordinator-carcms80/pods?labelSelector=EntandoResourceKind%3DEntandoKeycloakServer HTTP/1.1 and responded: HTTP/1.1 200 OK
Jan 05, 2021 3:29:42 PM okhttp3.mockwebserver.MockWebServer$3 processOneRequest
INFO: MockWebServer[56412] received request: GET /api/v1/namespaces/entando-k8s-controller-coordinator-carcms80/pods?labelSelector=EntandoResourceKind%3DEntandoKeycloakServer HTTP/1.1 and responded: HTTP/1.1 200 OK
Jan 05, 2021 3:29:43 PM io.fabric8.kubernetes.client.dsl.internal.WatchHTTPManager$1 onResponse
INFO: Watch terminated unexpectedly. reason: \n not found: limit=46 content=7b2261706956657273696f6e223a227631222c226b696e64223a224c69737422â€¦
Jan 05, 2021 3:29:43 PM okhttp3.mockwebserver.MockWebServer$3 processOneRequest
INFO: MockWebServer[56412] received request: GET /apis/entando.org/v1/namespaces/entando-k8s-controller-coordinator-carcms80/entandoapppluginlinks?watch=**** HTTP/1.1 and responded: HTTP/1.1 200 OK
Jan 05, 2021 3:29:43 PM okhttp3.mockwebserver.MockWebServer$3 processOneRequest
INFO: MockWebServer[56412] received request: GET /api/v1/namespaces/entando-k8s-controller-coordinator-carcms80/pods?labelSelector=EntandoResourceKind%3DEntandoKeycloakServer HTTP/1.1 and responded: HTTP/1.1 200 OK
Jan 05, 2021 3:29:43 PM okhttp3.mockwebserver.MockWebServer$3 processOneRequest
INFO: MockWebServer[56412] received request: GET /api/v1/namespaces/entando-k8s-controller-coordinator-carcms80/pods?labelSelector=EntandoResourceKind%3DEntandoKeycloakServer HTTP/1.1 and responded: HTTP/1.1 200 OK
Jan 05, 2021 3:29:43 PM okhttp3.mockwebserver.MockWebServer$3 processOneRequest
INFO: MockWebServer[56412] received request: GET /api/v1/namespaces/entando-k8s-controller-coordinator-carcms80/pods?labelSelector=EntandoResourceKind%3DEntandoKeycloakServer HTTP/1.1 and responded: HTTP/1.1 200 OK
Jan 05, 2021 3:29:43 PM io.fabric8.kubernetes.client.dsl.internal.WatchHTTPManager$1 onResponse
INFO: Watch terminated unexpectedly. reason: \n not found: limit=46 content=7b2261706956657273696f6e223a227631222c226b696e64223a224c69737422â€¦
Jan 05, 2021 3:29:43 PM io.fabric8.kubernetes.client.dsl.internal.WatchHTTPManager scheduleReconnect
WARN: Ignoring error for already closed/closing connection
Jan 05, 2021 3:29:43 PM okhttp3.mockwebserver.MockWebServer$3 processOneRequest
INFO: MockWebServer[56412] received request: GET /api/v1/namespaces/entando-k8s-controller-coordinator-carcms80/pods?labelSelector=EntandoResourceNamespace%3Dentando-k8s-controller-coordinator-carcms80%2CEntandoResourceKind%3DEntandoKeycloakServer%2CEntandoKeycloakServer%3Dtest-keycloak&watch=**** HTTP/1.1 and responded: HTTP/1.1 200 OK
Jan 05, 2021 3:29:43 PM okhttp3.mockwebserver.MockWebServer$3 processOneRequest
INFO: MockWebServer[56412] received request: GET /api/v1/namespaces/entando-k8s-controller-coordinator-carcms80/secrets/test-keycloak-controller-ca-cert-secret HTTP/1.1 and responded: HTTP/1.1 404 Client Error
Jan 05, 2021 3:29:43 PM okhttp3.mockwebserver.MockWebServer$3 processOneRequest
INFO: MockWebServer[56412] received request: GET /api/v1/namespaces/entando-k8s-controller-coordinator-carcms80/pods?labelSelector=EntandoResourceKind%3DEntandoKeycloakServer HTTP/1.1 and responded: HTTP/1.1 200 OK
Jan 05, 2021 3:29:43 PM okhttp3.mockwebserver.MockWebServer$3 processOneRequest
INFO: MockWebServer[56412] received request: POST /api/v1/namespaces/entando-k8s-controller-coordinator-carcms80/secrets HTTP/1.1 and responded: HTTP/1.1 202 OK
Jan 05, 2021 3:29:43 PM io.fabric8.kubernetes.client.dsl.internal.WatchHTTPManager$1 onResponse
INFO: Watch terminated unexpectedly. reason: \n not found: limit=46 content=7b2261706956657273696f6e223a227631222c226b696e64223a224c69737422â€¦
Jan 05, 2021 3:29:43 PM okhttp3.mockwebserver.MockWebServer$3 processOneRequest
INFO: MockWebServer[56412] received request: GET /apis/entando.org/v1/namespaces/entando-k8s-controller-coordinator-carcms80/entandocompositeapps?watch=**** HTTP/1.1 and responded: HTTP/1.1 200 OK
Jan 05, 2021 3:29:43 PM okhttp3.mockwebserver.MockWebServer$3 processOneRequest
INFO: MockWebServer[56412] received request: GET /api/v1/namespaces/entando-k8s-controller-coordinator-carcms80/pods?labelSelector=EntandoResourceKind%3DEntandoKeycloakServer HTTP/1.1 and responded: HTTP/1.1 200 OK
Jan 05, 2021 3:29:43 PM okhttp3.mockwebserver.MockWebServer$3 processOneRequest
INFO: MockWebServer[56412] received request: POST /api/v1/namespaces/entando-k8s-controller-coordinator-carcms80/pods HTTP/1.1 and responded: HTTP/1.1 202 OK
Jan 05, 2021 3:29:43 PM okhttp3.mockwebserver.MockWebServer$3 processOneRequest
INFO: MockWebServer[56412] received request: GET /api/v1/namespaces/entando-k8s-controller-coordinator-carcms80/pods?labelSelector=EntandoResourceKind%3DEntandoKeycloakServer HTTP/1.1 and responded: HTTP/1.1 200 OK
Jan 05, 2021 3:29:43 PM okhttp3.mockwebserver.MockWebServer$3 processOneRequest
INFO: MockWebServer[56412] received request: GET /api/v1/namespaces/entando-k8s-controller-coordinator-carcms80 HTTP/1.1 and responded: HTTP/1.1 200 OK
Jan 05, 2021 3:29:43 PM okhttp3.mockwebserver.MockWebServer$3 processOneRequest
INFO: MockWebServer[56412] received request: GET /apis/entando.org/v1/namespaces/entando-k8s-controller-coordinator-carcms80/entandokeycloakservers HTTP/1.1 and responded: HTTP/1.1 200 OK
Jan 05, 2021 3:29:44 PM okhttp3.mockwebserver.MockWebServer$3 processOneRequest
INFO: MockWebServer[56412] received request: GET /api/v1/namespaces/entando-k8s-controller-coordinator-carcms80 HTTP/1.1 and responded: HTTP/1.1 200 OK
Jan 05, 2021 3:29:44 PM okhttp3.mockwebserver.MockWebServer$3 processOneRequest
INFO: MockWebServer[56412] received request: GET /apis/entando.org/v1/namespaces/entando-k8s-controller-coordinator-carcms80/entandokeycloakservers HTTP/1.1 and responded: HTTP/1.1 200 OK
Jan 05, 2021 3:29:44 PM io.fabric8.kubernetes.client.dsl.internal.WatchHTTPManager$1 onResponse
INFO: Watch terminated unexpectedly. reason: \n not found: limit=46 content=7b2261706956657273696f6e223a227631222c226b696e64223a224c69737422â€¦
Jan 05, 2021 3:29:44 PM okhttp3.mockwebserver.MockWebServer$3 processOneRequest
INFO: MockWebServer[56412] received request: GET /apis/entando.org/v1/namespaces/entando-k8s-controller-coordinator-carcms80/entandodatabaseservices?watch=**** HTTP/1.1 and responded: HTTP/1.1 200 OK
Jan 05, 2021 3:29:44 PM okhttp3.mockwebserver.MockWebServer$3 processOneRequest
INFO: MockWebServer[56412] received request: GET /apis/entando.org/v1/namespaces/entando-k8s-controller-coordinator-carcms80/entandokeycloakservers/test-keycloak HTTP/1.1 and responded: HTTP/1.1 200 OK
Jan 05, 2021 3:29:44 PM io.fabric8.kubernetes.client.dsl.internal.WatchHTTPManager$1 onResponse
INFO: Watch terminated unexpectedly. reason: \n not found: limit=325 content=7b2261706956657273696f6e223a227631222c226b696e64223a224c69737422â€¦
Jan 05, 2021 3:29:44 PM okhttp3.mockwebserver.MockWebServer$3 processOneRequest
INFO: MockWebServer[56412] received request: GET /apis/entando.org/v1/namespaces/entando-k8s-controller-coordinator-carcms80/entandokeycloakservers?watch=**** HTTP/1.1 and responded: HTTP/1.1 200 OK
Jan 05, 2021 3:29:44 PM okhttp3.mockwebserver.MockWebServer$3 processOneRequest
INFO: MockWebServer[56412] received request: GET /api/v1/namespaces/entando-k8s-controller-coordinator-carcms80/pods?labelSelector=EntandoResourceKind%3DEntandoKeycloakServer HTTP/1.1 and responded: HTTP/1.1 200 OK
Jan 05, 2021 3:29:44 PM okhttp3.mockwebserver.MockWebServer$3 processOneRequest
INFO: MockWebServer[56412] received request: GET /api/v1/namespaces/entando-k8s-controller-coordinator-carcms80/pods?labelSelector=EntandoResourceKind%3DEntandoKeycloakServer HTTP/1.1 and responded: HTTP/1.1 200 OK
Jan 05, 2021 3:29:44 PM okhttp3.mockwebserver.MockWebServer$3 processOneRequest
INFO: MockWebServer[56412] received request: GET /api/v1/namespaces/entando-k8s-controller-coordinator-carcms80/pods?labelSelector=EntandoResourceKind%3DEntandoKeycloakServer HTTP/1.1 and responded: HTTP/1.1 200 OK
Jan 05, 2021 3:29:44 PM okhttp3.mockwebserver.MockWebServer$3 processOneRequest
INFO: MockWebServer[56412] received request: GET /api/v1/namespaces/entando-k8s-controller-coordinator-carcms80/pods?labelSelector=EntandoResourceKind%3DEntandoKeycloakServer HTTP/1.1 and responded: HTTP/1.1 200 OK
Jan 05, 2021 3:29:45 PM okhttp3.mockwebserver.MockWebServer$3 processOneRequest
INFO: MockWebServer[56412] received request: GET /api/v1/namespaces/entando-k8s-controller-coordinator-carcms80/pods?labelSelector=EntandoResourceKind%3DEntandoKeycloakServer HTTP/1.1 and responded: HTTP/1.1 200 OK
Jan 05, 2021 3:29:45 PM okhttp3.mockwebserver.MockWebServer$3 processOneRequest
INFO: MockWebServer[56412] received request: GET /apis/entando.org/v1/namespaces/entando-k8s-controller-coordinator-carcms80/entandoclusterinfrastructures?watch=**** HTTP/1.1 and responded: HTTP/1.1 200 OK
Jan 05, 2021 3:29:45 PM io.fabric8.kubernetes.client.dsl.internal.WatchHTTPManager$1 onResponse
INFO: Watch terminated unexpectedly. reason: \n not found: limit=46 content=7b2261706956657273696f6e223a227631222c226b696e64223a224c69737422â€¦
Jan 05, 2021 3:29:45 PM okhttp3.mockwebserver.MockWebServer$3 processOneRequest
INFO: MockWebServer[56412] received request: GET /api/v1/namespaces/entando-k8s-controller-coordinator-carcms80/pods?labelSelector=EntandoResourceKind%3DEntandoKeycloakServer HTTP/1.1 and responded: HTTP/1.1 200 OK
Jan 05, 2021 3:29:45 PM okhttp3.mockwebserver.MockWebServer$3 processOneRequest
INFO: MockWebServer[56412] received request: GET /api/v1/namespaces/entando-k8s-controller-coordinator-carcms80/pods?labelSelector=EntandoResourceKind%3DEntandoKeycloakServer HTTP/1.1 and responded: HTTP/1.1 200 OK
Jan 05, 2021 3:29:45 PM okhttp3.mockwebserver.MockWebServer$3 processOneRequest
INFO: MockWebServer[56412] received request: GET /api/v1/namespaces/entando-k8s-controller-coordinator-carcms80/pods?labelSelector=EntandoResourceKind%3DEntandoKeycloakServer HTTP/1.1 and responded: HTTP/1.1 200 OK
Jan 05, 2021 3:29:45 PM okhttp3.mockwebserver.MockWebServer$3 processOneRequest
INFO: MockWebServer[56412] received request: GET /api/v1/namespaces/entando-k8s-controller-coordinator-carcms80/pods?labelSelector=EntandoResourceKind%3DEntandoKeycloakServer HTTP/1.1 and responded: HTTP/1.1 200 OK
Jan 05, 2021 3:29:45 PM okhttp3.mockwebserver.MockWebServer$3 processOneRequest
INFO: MockWebServer[56412] received request: GET /api/v1/namespaces/entando-k8s-controller-coordinator-carcms80/pods?labelSelector=EntandoResourceKind%3DEntandoKeycloakServer HTTP/1.1 and responded: HTTP/1.1 200 OK
Jan 05, 2021 3:29:45 PM okhttp3.mockwebserver.MockWebServer$3 processOneRequest
INFO: MockWebServer[56412] received request: GET /apis/entando.org/v1/namespaces/entando-k8s-controller-coordinator-carcms80/entandoapps?watch=**** HTTP/1.1 and responded: HTTP/1.1 200 OK
Jan 05, 2021 3:29:45 PM io.fabric8.kubernetes.client.dsl.internal.WatchHTTPManager$1 onResponse
INFO: Watch terminated unexpectedly. reason: \n not found: limit=46 content=7b2261706956657273696f6e223a227631222c226b696e64223a224c69737422â€¦
Jan 05, 2021 3:29:45 PM okhttp3.mockwebserver.MockWebServer$3 processOneRequest
INFO: MockWebServer[56412] received request: GET /api/v1/namespaces/entando-k8s-controller-coordinator-carcms80/pods?labelSelector=EntandoResourceKind%3DEntandoKeycloakServer HTTP/1.1 and responded: HTTP/1.1 200 OK
Jan 05, 2021 3:29:46 PM okhttp3.mockwebserver.MockWebServer$3 processOneRequest
INFO: MockWebServer[56412] received request: GET /api/v1/namespaces/entando-k8s-controller-coordinator-carcms80/pods?labelSelector=EntandoResourceKind%3DEntandoKeycloakServer HTTP/1.1 and responded: HTTP/1.1 200 OK
Jan 05, 2021 3:29:46 PM okhttp3.mockwebserver.MockWebServer$3 processOneRequest
INFO: MockWebServer[56412] received request: GET /api/v1/namespaces/entando-k8s-controller-coordinator-carcms80/pods?labelSelector=EntandoResourceKind%3DEntandoKeycloakServer HTTP/1.1 and responded: HTTP/1.1 200 OK
Jan 05, 2021 3:29:46 PM okhttp3.mockwebserver.MockWebServer$3 processOneRequest
INFO: MockWebServer[56412] received request: GET /api/v1/namespaces/entando-k8s-controller-coordinator-carcms80/pods?labelSelector=EntandoResourceKind%3DEntandoKeycloakServer HTTP/1.1 and responded: HTTP/1.1 200 OK
Jan 05, 2021 3:29:46 PM io.fabric8.kubernetes.client.dsl.internal.WatchHTTPManager$1 onResponse
INFO: Watch terminated unexpectedly. reason: \n not found: limit=46 content=7b2261706956657273696f6e223a227631222c226b696e64223a224c69737422â€¦
Jan 05, 2021 3:29:46 PM okhttp3.mockwebserver.MockWebServer$3 processOneRequest
INFO: MockWebServer[56412] received request: GET /apis/entando.org/v1/namespaces/entando-k8s-controller-coordinator-carcms80/entandoplugins?watch=**** HTTP/1.1 and responded: HTTP/1.1 200 OK
Jan 05, 2021 3:29:46 PM okhttp3.mockwebserver.MockWebServer$3 processOneRequest
INFO: MockWebServer[56412] received request: GET /api/v1/namespaces/entando-k8s-controller-coordinator-carcms80/pods?labelSelector=EntandoResourceKind%3DEntandoKeycloakServer HTTP/1.1 and responded: HTTP/1.1 200 OK
Jan 05, 2021 3:29:46 PM okhttp3.mockwebserver.MockWebServer$3 processOneRequest
INFO: MockWebServer[56412] received request: GET /api/v1/namespaces/entando-k8s-controller-coordinator-carcms80/pods?labelSelector=EntandoResourceKind%3DEntandoKeycloakServer HTTP/1.1 and responded: HTTP/1.1 200 OK
Jan 05, 2021 3:29:46 PM okhttp3.mockwebserver.MockWebServer$3 processOneRequest
INFO: MockWebServer[56412] received request: GET /api/v1/namespaces/entando-k8s-controller-coordinator-carcms80/pods?labelSelector=EntandoResourceKind%3DEntandoKeycloakServer HTTP/1.1 and responded: HTTP/1.1 200 OK
Jan 05, 2021 3:29:47 PM okhttp3.mockwebserver.MockWebServer$3 processOneRequest
INFO: MockWebServer[56412] received request: GET /api/v1/namespaces/entando-k8s-controller-coordinator-carcms80/pods?labelSelector=EntandoResourceKind%3DEntandoKeycloakServer HTTP/1.1 and responded: HTTP/1.1 200 OK
Jan 05, 2021 3:29:47 PM okhttp3.mockwebserver.MockWebServer$3 processOneRequest
INFO: MockWebServer[56412] received request: GET /apis/entando.org/v1/namespaces/entando-k8s-controller-coordinator-carcms80/entandoapppluginlinks?watch=**** HTTP/1.1 and responded: HTTP/1.1 200 OK
Jan 05, 2021 3:29:47 PM io.fabric8.kubernetes.client.dsl.internal.WatchHTTPManager$1 onResponse
INFO: Watch terminated unexpectedly. reason: \n not found: limit=46 content=7b2261706956657273696f6e223a227631222c226b696e64223a224c69737422â€¦
Jan 05, 2021 3:29:47 PM okhttp3.mockwebserver.MockWebServer$3 processOneRequest
INFO: MockWebServer[56412] received request: GET /api/v1/namespaces/entando-k8s-controller-coordinator-carcms80/pods?labelSelector=EntandoResourceKind%3DEntandoKeycloakServer HTTP/1.1 and responded: HTTP/1.1 200 OK
Jan 05, 2021 3:29:47 PM okhttp3.mockwebserver.MockWebServer$3 processOneRequest
INFO: MockWebServer[56412] received request: GET /api/v1/namespaces/entando-k8s-controller-coordinator-carcms80/pods?labelSelector=EntandoResourceKind%3DEntandoKeycloakServer HTTP/1.1 and responded: HTTP/1.1 200 OK
Jan 05, 2021 3:29:47 PM okhttp3.mockwebserver.MockWebServer$3 processOneRequest
INFO: MockWebServer[56412] received request: GET /api/v1/namespaces/entando-k8s-controller-coordinator-carcms80/pods?labelSelector=EntandoResourceKind%3DEntandoKeycloakServer HTTP/1.1 and responded: HTTP/1.1 200 OK
Jan 05, 2021 3:29:47 PM okhttp3.mockwebserver.MockWebServer$3 processOneRequest
INFO: MockWebServer[56412] received request: GET /api/v1/namespaces/entando-k8s-controller-coordinator-carcms80/pods?labelSelector=EntandoResourceKind%3DEntandoKeycloakServer HTTP/1.1 and responded: HTTP/1.1 200 OK
Jan 05, 2021 3:29:47 PM okhttp3.mockwebserver.MockWebServer$3 processOneRequest
INFO: MockWebServer[56412] received request: GET /apis/entando.org/v1/namespaces/entando-k8s-controller-coordinator-carcms80/entandocompositeapps?watch=**** HTTP/1.1 and responded: HTTP/1.1 200 OK
Jan 05, 2021 3:29:47 PM io.fabric8.kubernetes.client.dsl.internal.WatchHTTPManager$1 onResponse
INFO: Watch terminated unexpectedly. reason: \n not found: limit=46 content=7b2261706956657273696f6e223a227631222c226b696e64223a224c69737422â€¦
Jan 05, 2021 3:29:47 PM okhttp3.mockwebserver.MockWebServer$3 processOneRequest
INFO: MockWebServer[56412] received request: GET /api/v1/namespaces/entando-k8s-controller-coordinator-carcms80/pods?labelSelector=EntandoResourceKind%3DEntandoKeycloakServer HTTP/1.1 and responded: HTTP/1.1 200 OK
Jan 05, 2021 3:29:47 PM okhttp3.mockwebserver.MockWebServer$3 processOneRequest
INFO: MockWebServer[56412] received request: GET /api/v1/namespaces/entando-k8s-controller-coordinator-carcms80/pods?labelSelector=EntandoResourceKind%3DEntandoKeycloakServer HTTP/1.1 and responded: HTTP/1.1 200 OK
Jan 05, 2021 3:29:48 PM okhttp3.mockwebserver.MockWebServer$3 processOneRequest
INFO: MockWebServer[56412] received request: GET /api/v1/namespaces/entando-k8s-controller-coordinator-carcms80/pods?labelSelector=EntandoResourceKind%3DEntandoKeycloakServer HTTP/1.1 and responded: HTTP/1.1 200 OK
Jan 05, 2021 3:29:48 PM okhttp3.mockwebserver.MockWebServer$3 processOneRequest
INFO: MockWebServer[56412] received request: GET /api/v1/namespaces/entando-k8s-controller-coordinator-carcms80/pods?labelSelector=EntandoResourceKind%3DEntandoKeycloakServer HTTP/1.1 and responded: HTTP/1.1 200 OK
Jan 05, 2021 3:29:48 PM okhttp3.mockwebserver.MockWebServer$3 processOneRequest
INFO: MockWebServer[56412] received request: GET /apis/entando.org/v1/namespaces/entando-k8s-controller-coordinator-carcms80/entandodatabaseservices?watch=**** HTTP/1.1 and responded: HTTP/1.1 200 OK
Jan 05, 2021 3:29:48 PM io.fabric8.kubernetes.client.dsl.internal.WatchHTTPManager$1 onResponse
INFO: Watch terminated unexpectedly. reason: \n not found: limit=46 content=7b2261706956657273696f6e223a227631222c226b696e64223a224c69737422â€¦
Jan 05, 2021 3:29:48 PM okhttp3.mockwebserver.MockWebServer$3 processOneRequest
INFO: MockWebServer[56412] received request: GET /api/v1/namespaces/entando-k8s-controller-coordinator-carcms80/pods?labelSelector=EntandoResourceKind%3DEntandoKeycloakServer HTTP/1.1 and responded: HTTP/1.1 200 OK
Jan 05, 2021 3:29:48 PM okhttp3.mockwebserver.MockWebServer$3 processOneRequest
INFO: MockWebServer[56412] received request: GET /api/v1/namespaces/entando-k8s-controller-coordinator-carcms80/pods?labelSelector=EntandoResourceKind%3DEntandoKeycloakServer HTTP/1.1 and responded: HTTP/1.1 200 OK
Jan 05, 2021 3:29:48 PM okhttp3.mockwebserver.MockWebServer$3 processOneRequest
INFO: MockWebServer[56412] received request: GET /api/v1/namespaces/entando-k8s-controller-coordinator-carcms80/pods?labelSelector=EntandoResourceKind%3DEntandoKeycloakServer HTTP/1.1 and responded: HTTP/1.1 200 OK
Jan 05, 2021 3:29:48 PM okhttp3.mockwebserver.MockWebServer$3 processOneRequest
INFO: MockWebServer[56412] received request: GET /api/v1/namespaces/entando-k8s-controller-coordinator-carcms80/pods?labelSelector=EntandoResourceKind%3DEntandoKeycloakServer HTTP/1.1 and responded: HTTP/1.1 200 OK
Jan 05, 2021 3:29:49 PM okhttp3.mockwebserver.MockWebServer$3 processOneRequest
INFO: MockWebServer[56412] received request: GET /api/v1/namespaces/entando-k8s-controller-coordinator-carcms80/pods?labelSelector=EntandoResourceKind%3DEntandoKeycloakServer HTTP/1.1 and responded: HTTP/1.1 200 OK
Jan 05, 2021 3:29:49 PM okhttp3.mockwebserver.MockWebServer$3 processOneRequest
INFO: MockWebServer[56412] received request: GET /api/v1/namespaces/entando-k8s-controller-coordinator-carcms80/pods?labelSelector=EntandoResourceKind%3DEntandoKeycloakServer HTTP/1.1 and responded: HTTP/1.1 200 OK
Jan 05, 2021 3:29:49 PM okhttp3.mockwebserver.MockWebServer$3 processOneRequest
INFO: MockWebServer[56412] received request: GET /api/v1/namespaces/entando-k8s-controller-coordinator-carcms80/pods?labelSelector=EntandoResourceKind%3DEntandoKeycloakServer HTTP/1.1 and responded: HTTP/1.1 200 OK
Jan 05, 2021 3:29:49 PM okhttp3.mockwebserver.MockWebServer$3 processOneRequest
INFO: MockWebServer[56412] received request: GET /api/v1/namespaces/entando-k8s-controller-coordinator-carcms80/pods?labelSelector=EntandoResourceKind%3DEntandoKeycloakServer HTTP/1.1 and responded: HTTP/1.1 200 OK
Jan 05, 2021 3:29:49 PM okhttp3.mockwebserver.MockWebServer$2 acceptConnections
INFO: MockWebServer[56412] done accepting connections: Socket closed
Jan 05, 2021 3:29:49 PM okhttp3.mockwebserver.MockWebServer$2 e**cute
INFO: MockWebServer[50471] starting to accept connections
Jan 05, 2021 3:29:49 PM okhttp3.mockwebserver.MockWebServer$3 processOneRequest
INFO: MockWebServer[50471] received request: GET /api/v1/namespaces/entando-k8s-controller-coordinator-carcms80 HTTP/1.1 and responded: HTTP/1.1 404 Client Error
Jan 05, 2021 3:29:49 PM okhttp3.mockwebserver.MockWebServer$3 processOneRequest
INFO: MockWebServer[50471] received request: POST /api/v1/namespaces HTTP/1.1 and responded: HTTP/1.1 202 OK
Jan 05, 2021 3:29:49 PM okhttp3.mockwebserver.MockWebServer$3 processOneRequest
INFO: MockWebServer[50471] received request: POST /api/v1/namespaces/entando/configmaps HTTP/1.1 and responded: HTTP/1.1 202 OK
Jan 05, 2021 3:29:49 PM okhttp3.mockwebserver.MockWebServer$3 processOneRequest
INFO: MockWebServer[50471] received request: GET /api/v1/namespaces/entando-k8s-controller-coordinator-carcms80 HTTP/1.1 and responded: HTTP/1.1 200 OK
Jan 05, 2021 3:29:49 PM okhttp3.mockwebserver.MockWebServer$3 processOneRequest
INFO: MockWebServer[50471] received request: GET /apis/entando.org/v1/namespaces/entando-k8s-controller-coordinator-carcms80/entandokeycloakservers HTTP/1.1 and responded: HTTP/1.1 200 OK
Jan 05, 2021 3:29:50 PM okhttp3.mockwebserver.MockWebServer$3 processOneRequest
INFO: MockWebServer[50471] received request: GET /api/v1/namespaces/entando-k8s-controller-coordinator-carcms80 HTTP/1.1 and responded: HTTP/1.1 200 OK
Jan 05, 2021 3:29:50 PM okhttp3.mockwebserver.MockWebServer$3 processOneRequest
INFO: MockWebServer[50471] received request: GET /apis/entando.org/v1/namespaces/entando-k8s-controller-coordinator-carcms80/entandokeycloakservers HTTP/1.1 and responded: HTTP/1.1 200 OK
Jan 05, 2021 3:29:50 PM okhttp3.mockwebserver.MockWebServer$3 processOneRequest
INFO: MockWebServer[50471] received request: POST /apis/entando.org/v1/namespaces/entando-k8s-controller-coordinator-carcms80/entandokeycloakservers HTTP/1.1 and responded: HTTP/1.1 202 OK
Jan 05, 2021 3:29:50 PM okhttp3.mockwebserver.MockWebServer$3 processOneRequest
INFO: MockWebServer[50471] received request: GET /api/v1/namespaces/entando-k8s-controller-coordinator-carcms80/pods?labelSelector=EntandoResourceKind%3DEntandoKeycloakServer HTTP/1.1 and responded: HTTP/1.1 200 OK
Jan 05, 2021 3:29:50 PM okhttp3.mockwebserver.MockWebServer$3 processOneRequest
INFO: MockWebServer[50471] received request: GET /api/v1/namespaces/entando-k8s-controller-coordinator-carcms80/pods?labelSelector=EntandoResourceKind%3DEntandoKeycloakServer HTTP/1.1 and responded: HTTP/1.1 200 OK
Jan 05, 2021 3:29:50 PM okhttp3.mockwebserver.MockWebServer$3 processOneRequest
INFO: MockWebServer[50471] received request: GET /api/v1/namespaces/entando-k8s-controller-coordinator-carcms80/pods?labelSelector=EntandoResourceKind%3DEntandoKeycloakServer HTTP/1.1 and responded: HTTP/1.1 200 OK
Jan 05, 2021 3:29:50 PM okhttp3.mockwebserver.MockWebServer$3 processOneRequest
INFO: MockWebServer[50471] received request: GET /api/v1/namespaces/entando-k8s-controller-coordinator-carcms80/pods?labelSelector=EntandoResourceKind%3DEntandoKeycloakServer HTTP/1.1 and responded: HTTP/1.1 200 OK
Jan 05, 2021 3:29:50 PM okhttp3.mockwebserver.MockWebServer$3 processOneRequest
INFO: MockWebServer[50471] received request: GET /api/v1/namespaces/entando-k8s-controller-coordinator-carcms80/pods?labelSelector=EntandoResourceKind%3DEntandoKeycloakServer HTTP/1.1 and responded: HTTP/1.1 200 OK
Jan 05, 2021 3:29:51 PM okhttp3.mockwebserver.MockWebServer$3 processOneRequest
INFO: MockWebServer[50471] received request: GET /api/v1/namespaces/entando-k8s-controller-coordinator-carcms80/pods?labelSelector=EntandoResourceKind%3DEntandoKeycloakServer HTTP/1.1 and responded: HTTP/1.1 200 OK
Jan 05, 2021 3:29:51 PM okhttp3.mockwebserver.MockWebServer$3 processOneRequest
INFO: MockWebServer[50471] received request: GET /api/v1/namespaces/entando-k8s-controller-coordinator-carcms80/pods?labelSelector=EntandoResourceKind%3DEntandoKeycloakServer HTTP/1.1 and responded: HTTP/1.1 200 OK
Jan 05, 2021 3:29:51 PM okhttp3.mockwebserver.MockWebServer$3 processOneRequest
INFO: MockWebServer[50471] received request: GET /api/v1/namespaces/entando-k8s-controller-coordinator-carcms80/pods?labelSelector=EntandoResourceKind%3DEntandoKeycloakServer HTTP/1.1 and responded: HTTP/1.1 200 OK
Jan 05, 2021 3:29:51 PM okhttp3.mockwebserver.MockWebServer$3 processOneRequest
INFO: MockWebServer[50471] received request: GET /api/v1/namespaces/entando-k8s-controller-coordinator-carcms80/pods?labelSelector=EntandoResourceKind%3DEntandoKeycloakServer HTTP/1.1 and responded: HTTP/1.1 200 OK
Jan 05, 2021 3:29:52 PM okhttp3.mockwebserver.MockWebServer$3 processOneRequest
INFO: MockWebServer[50471] received request: GET /api/v1/namespaces/entando-k8s-controller-coordinator-carcms80/pods?labelSelector=EntandoResourceKind%3DEntandoKeycloakServer HTTP/1.1 and responded: HTTP/1.1 200 OK
Jan 05, 2021 3:29:52 PM okhttp3.mockwebserver.MockWebServer$3 processOneRequest
INFO: MockWebServer[50471] received request: GET /api/v1/namespaces/entando-k8s-controller-coordinator-carcms80/pods?labelSelector=EntandoResourceKind%3DEntandoKeycloakServer HTTP/1.1 and responded: HTTP/1.1 200 OK
Jan 05, 2021 3:29:52 PM io.fabric8.kubernetes.client.dsl.internal.WatchHTTPManager$1 onFailure
INFO: Watch connection failed. reason: e**cutor rejected
Jan 05, 2021 3:29:52 PM okhttp3.mockwebserver.MockWebServer$3 processOneRequest
INFO: MockWebServer[50471] received request: GET /api/v1/namespaces/entando-k8s-controller-coordinator-carcms80/pods?labelSelector=EntandoResourceKind%3DEntandoKeycloakServer HTTP/1.1 and responded: HTTP/1.1 200 OK
Jan 05, 2021 3:29:52 PM okhttp3.mockwebserver.MockWebServer$3 processOneRequest
INFO: MockWebServer[50471] received request: GET /api/v1/namespaces/entando-k8s-controller-coordinator-carcms80/pods?labelSelector=EntandoResourceKind%3DEntandoKeycloakServer HTTP/1.1 and responded: HTTP/1.1 200 OK
Jan 05, 2021 3:29:52 PM okhttp3.mockwebserver.MockWebServer$3 processOneRequest
INFO: MockWebServer[50471] received request: GET /api/v1/namespaces/entando-k8s-controller-coordinator-carcms80/pods?labelSelector=EntandoResourceKind%3DEntandoKeycloakServer HTTP/1.1 and responded: HTTP/1.1 200 OK
Jan 05, 2021 3:29:52 PM okhttp3.mockwebserver.MockWebServer$3 processOneRequest
INFO: MockWebServer[50471] received request: GET /api/v1/namespaces/entando-k8s-controller-coordinator-carcms80/pods?labelSelector=EntandoResourceKind%3DEntandoKeycloakServer HTTP/1.1 and responded: HTTP/1.1 200 OK
Jan 05, 2021 3:29:53 PM okhttp3.mockwebserver.MockWebServer$3 processOneRequest
INFO: MockWebServer[50471] received request: GET /api/v1/namespaces/entando-k8s-controller-coordinator-carcms80/pods?labelSelector=EntandoResourceKind%3DEntandoKeycloakServer HTTP/1.1 and responded: HTTP/1.1 200 OK
Jan 05, 2021 3:29:53 PM io.fabric8.kubernetes.client.dsl.internal.WatchHTTPManager$1 onFailure
INFO: Watch connection failed. reason: e**cutor rejected
Jan 05, 2021 3:29:53 PM okhttp3.mockwebserver.MockWebServer$3 processOneRequest
INFO: MockWebServer[50471] received request: GET /api/v1/namespaces/entando-k8s-controller-coordinator-carcms80/pods?labelSelector=EntandoResourceKind%3DEntandoKeycloakServer HTTP/1.1 and responded: HTTP/1.1 200 OK
Jan 05, 2021 3:29:53 PM okhttp3.mockwebserver.MockWebServer$3 processOneRequest
INFO: MockWebServer[50471] received request: GET /api/v1/namespaces/entando-k8s-controller-coordinator-carcms80/pods?labelSelector=EntandoResourceKind%3DEntandoKeycloakServer HTTP/1.1 and responded: HTTP/1.1 200 OK
Jan 05, 2021 3:29:53 PM okhttp3.mockwebserver.MockWebServer$3 processOneRequest
INFO: MockWebServer[50471] received request: GET /api/v1/namespaces/entando-k8s-controller-coordinator-carcms80/pods?labelSelector=EntandoResourceKind%3DEntandoKeycloakServer HTTP/1.1 and responded: HTTP/1.1 200 OK
Jan 05, 2021 3:29:53 PM okhttp3.mockwebserver.MockWebServer$3 processOneRequest
INFO: MockWebServer[50471] received request: GET /api/v1/namespaces/entando-k8s-controller-coordinator-carcms80/pods?labelSelector=EntandoResourceKind%3DEntandoKeycloakServer HTTP/1.1 and responded: HTTP/1.1 200 OK
Jan 05, 2021 3:29:53 PM okhttp3.mockwebserver.MockWebServer$3 processOneRequest
INFO: MockWebServer[50471] received request: GET /api/v1/namespaces/entando-k8s-controller-coordinator-carcms80/pods?labelSelector=EntandoResourceKind%3DEntandoKeycloakServer HTTP/1.1 and responded: HTTP/1.1 200 OK
Jan 05, 2021 3:29:53 PM okhttp3.mockwebserver.MockWebServer$3 processOneRequest
INFO: MockWebServer[50471] received request: GET /api/v1/namespaces/entando-k8s-controller-coordinator-carcms80/pods?labelSelector=EntandoResourceKind%3DEntandoKeycloakServer HTTP/1.1 and responded: HTTP/1.1 200 OK
Jan 05, 2021 3:29:53 PM io.fabric8.kubernetes.client.dsl.internal.WatchHTTPManager$1 onFailure
INFO: Watch connection failed. reason: e**cutor rejected
Jan 05, 2021 3:29:54 PM okhttp3.mockwebserver.MockWebServer$3 processOneRequest
INFO: MockWebServer[50471] received request: GET /api/v1/namespaces/entando-k8s-controller-coordinator-carcms80/pods?labelSelector=EntandoResourceKind%3DEntandoKeycloakServer HTTP/1.1 and responded: HTTP/1.1 200 OK
Jan 05, 2021 3:29:54 PM okhttp3.mockwebserver.MockWebServer$3 processOneRequest
INFO: MockWebServer[50471] received request: GET /api/v1/namespaces/entando-k8s-controller-coordinator-carcms80/pods?labelSelector=EntandoResourceKind%3DEntandoKeycloakServer HTTP/1.1 and responded: HTTP/1.1 200 OK
Jan 05, 2021 3:29:54 PM okhttp3.mockwebserver.MockWebServer$3 processOneRequest
INFO: MockWebServer[50471] received request: GET /api/v1/namespaces/entando-k8s-controller-coordinator-carcms80/pods?labelSelector=EntandoResourceKind%3DEntandoKeycloakServer HTTP/1.1 and responded: HTTP/1.1 200 OK
Jan 05, 2021 3:29:54 PM io.fabric8.kubernetes.client.dsl.internal.WatchHTTPManager$1 onFailure
INFO: Watch connection failed. reason: e**cutor rejected
Jan 05, 2021 3:29:54 PM okhttp3.mockwebserver.MockWebServer$3 processOneRequest
INFO: MockWebServer[50471] received request: GET /api/v1/namespaces/entando-k8s-controller-coordinator-carcms80/pods?labelSelector=EntandoResourceKind%3DEntandoKeycloakServer HTTP/1.1 and responded: HTTP/1.1 200 OK
Jan 05, 2021 3:29:54 PM okhttp3.mockwebserver.MockWebServer$3 processOneRequest
INFO: MockWebServer[50471] received request: GET /api/v1/namespaces/entando-k8s-controller-coordinator-carcms80/pods?labelSelector=EntandoResourceKind%3DEntandoKeycloakServer HTTP/1.1 and responded: HTTP/1.1 200 OK
Jan 05, 2021 3:29:54 PM okhttp3.mockwebserver.MockWebServer$3 processOneRequest
INFO: MockWebServer[50471] received request: GET /api/v1/namespaces/entando-k8s-controller-coordinator-carcms80/pods?labelSelector=EntandoResourceKind%3DEntandoKeycloakServer HTTP/1.1 and responded: HTTP/1.1 200 OK
Jan 05, 2021 3:29:55 PM okhttp3.mockwebserver.MockWebServer$3 processOneRequest
INFO: MockWebServer[50471] received request: GET /api/v1/namespaces/entando-k8s-controller-coordinator-carcms80/pods?labelSelector=EntandoResourceKind%3DEntandoKeycloakServer HTTP/1.1 and responded: HTTP/1.1 200 OK
Jan 05, 2021 3:29:55 PM io.fabric8.kubernetes.client.dsl.internal.WatchHTTPManager$1 onFailure
INFO: Watch connection failed. reason: e**cutor rejected
Jan 05, 2021 3:29:55 PM okhttp3.mockwebserver.MockWebServer$3 processOneRequest
INFO: MockWebServer[50471] received request: GET /api/v1/namespaces/entando-k8s-controller-coordinator-carcms80/pods?labelSelector=EntandoResourceKind%3DEntandoKeycloakServer HTTP/1.1 and responded: HTTP/1.1 200 OK
Jan 05, 2021 3:29:55 PM okhttp3.mockwebserver.MockWebServer$3 processOneRequest
INFO: MockWebServer[50471] received request: GET /api/v1/namespaces/entando-k8s-controller-coordinator-carcms80/pods?labelSelector=EntandoResourceKind%3DEntandoKeycloakServer HTTP/1.1 and responded: HTTP/1.1 200 OK
Jan 05, 2021 3:29:55 PM okhttp3.mockwebserver.MockWebServer$3 processOneRequest
INFO: MockWebServer[50471] received request: GET /api/v1/namespaces/entando-k8s-controller-coordinator-carcms80 HTTP/1.1 and responded: HTTP/1.1 200 OK
Jan 05, 2021 3:29:55 PM okhttp3.mockwebserver.MockWebServer$3 processOneRequest
INFO: MockWebServer[50471] received request: GET /apis/entando.org/v1/namespaces/entando-k8s-controller-coordinator-carcms80/entandokeycloakservers HTTP/1.1 and responded: HTTP/1.1 200 OK
Jan 05, 2021 3:29:55 PM okhttp3.mockwebserver.MockWebServer$3 processOneRequest
INFO: MockWebServer[50471] received request: GET /api/v1/namespaces/entando-k8s-controller-coordinator-carcms80 HTTP/1.1 and responded: HTTP/1.1 200 OK
Jan 05, 2021 3:29:55 PM okhttp3.mockwebserver.MockWebServer$3 processOneRequest
INFO: MockWebServer[50471] received request: GET /apis/entando.org/v1/namespaces/entando-k8s-controller-coordinator-carcms80/entandokeycloakservers HTTP/1.1 and responded: HTTP/1.1 200 OK
Jan 05, 2021 3:29:55 PM io.fabric8.kubernetes.client.dsl.internal.WatchHTTPManager$1 onFailure
INFO: Watch connection failed. reason: e**cutor rejected
Jan 05, 2021 3:29:55 PM okhttp3.mockwebserver.MockWebServer$3 processOneRequest
INFO: MockWebServer[50471] received request: GET /apis/entando.org/v1/namespaces/entando-k8s-controller-coordinator-carcms80/entandokeycloakservers HTTP/1.1 and responded: HTTP/1.1 200 OK
Jan 05, 2021 3:29:55 PM org.entando.kubernetes.controller.coordinator.EntandoResourceObserver logAction
INFO: Received ADDED for resource EntandoKeycloakServer entando-k8s-controller-coordinator-carcms80/test-keycloak
Jan 05, 2021 3:29:55 PM okhttp3.mockwebserver.MockWebServer$3 processOneRequest
INFO: MockWebServer[50471] received request: GET /api/v1/namespaces/entando/configmaps/entando-docker-image-info-v6.1 HTTP/1.1 and responded: HTTP/1.1 200 OK
Jan 05, 2021 3:29:55 PM okhttp3.mockwebserver.MockWebServer$3 processOneRequest
INFO: MockWebServer[50471] received request: GET /apis/entando.org/v1/namespaces/entando-k8s-controller-coordinator-carcms80/entandokeycloakservers/test-keycloak?watch=**** HTTP/1.1 and responded: HTTP/1.1 200 OK
Jan 05, 2021 3:29:55 PM okhttp3.mockwebserver.MockWebServer$3 processOneRequest
INFO: MockWebServer[50471] received request: GET /apis/entando.org/v1/namespaces/entando-k8s-controller-coordinator-carcms80/entandokeycloakservers/test-keycloak?watch=**** HTTP/1.1 and responded: HTTP/1.1 200 OK
Jan 05, 2021 3:29:55 PM okhttp3.mockwebserver.MockWebServer$3 processOneRequest
INFO: MockWebServer[50471] received request: GET /apis/entando.org/v1/namespaces/entando-k8s-controller-coordinator-carcms80/entandokeycloakservers/test-keycloak HTTP/1.1 and responded: HTTP/1.1 200 OK
Jan 05, 2021 3:29:55 PM okhttp3.mockwebserver.MockWebServer$3 processOneRequest
INFO: MockWebServer[50471] received request: GET /api/v1/namespaces/entando-k8s-controller-coordinator-carcms80/pods?labelSelector=EntandoResourceNamespace%3Dentando-k8s-controller-coordinator-carcms80%2CEntandoResourceKind%3DEntandoKeycloakServer%2CEntandoKeycloakServer%3Dtest-keycloak HTTP/1.1 and responded: HTTP/1.1 200 OK
Jan 05, 2021 3:29:55 PM io.fabric8.kubernetes.client.dsl.internal.WatchHTTPManager$1 onResponse
INFO: Watch terminated unexpectedly. reason: \n not found: limit=279 content=7b226b696e64223a22456e74616e646f4b6579636c6f616b536572766572222câ€¦
Jan 05, 2021 3:29:55 PM okhttp3.mockwebserver.MockWebServer$3 processOneRequest
INFO: MockWebServer[50471] received request: GET /api/v1/namespaces/entando-k8s-controller-coordinator-carcms80 HTTP/1.1 and responded: HTTP/1.1 200 OK
Jan 05, 2021 3:29:56 PM okhttp3.mockwebserver.MockWebServer$3 processOneRequest
INFO: MockWebServer[50471] received request: GET /api/v1/namespaces/entando-k8s-controller-coordinator-carcms80/pods?labelSelector=EntandoResourceNamespace%3Dentando-k8s-controller-coordinator-carcms80%2CEntandoResourceKind%3DEntandoKeycloakServer%2CEntandoKeycloakServer%3Dtest-keycloak&watch=**** HTTP/1.1 and responded: HTTP/1.1 200 OK
Jan 05, 2021 3:29:56 PM okhttp3.mockwebserver.MockWebServer$3 processOneRequest
INFO: MockWebServer[50471] received request: GET /apis/entando.org/v1/namespaces/entando-k8s-controller-coordinator-carcms80/entandokeycloakservers HTTP/1.1 and responded: HTTP/1.1 200 OK
Jan 05, 2021 3:29:56 PM okhttp3.mockwebserver.MockWebServer$3 processOneRequest
INFO: MockWebServer[50471] received request: GET /api/v1/namespaces/entando-k8s-controller-coordinator-carcms80/pods?labelSelector=EntandoResourceNamespace%3Dentando-k8s-controller-coordinator-carcms80%2CEntandoResourceKind%3DEntandoKeycloakServer%2CEntandoKeycloakServer%3Dtest-keycloak&watch=**** HTTP/1.1 and responded: HTTP/1.1 200 OK
Jan 05, 2021 3:29:56 PM okhttp3.mockwebserver.MockWebServer$3 processOneRequest
INFO: MockWebServer[50471] received request: GET /api/v1/namespaces/entando-k8s-controller-coordinator-carcms80/pods?labelSelector=EntandoResourceNamespace%3Dentando-k8s-controller-coordinator-carcms80%2CEntandoResourceKind%3DEntandoKeycloakServer%2CEntandoKeycloakServer%3Dtest-keycloak HTTP/1.1 and responded: HTTP/1.1 200 OK
Jan 05, 2021 3:29:56 PM io.fabric8.kubernetes.client.dsl.internal.WatchHTTPManager$1 onResponse
INFO: Watch terminated unexpectedly. reason: \n not found: limit=46 content=7b2261706956657273696f6e223a227631222c226b696e64223a224c69737422â€¦
Jan 05, 2021 3:29:56 PM okhttp3.mockwebserver.MockWebServer$3 processOneRequest
INFO: MockWebServer[50471] received request: GET /api/v1/namespaces/entando-k8s-controller-coordinator-carcms80/pods?labelSelector=EntandoResourceNamespace%3Dentando-k8s-controller-coordinator-carcms80%2CEntandoResourceKind%3DEntandoKeycloakServer%2CEntandoKeycloakServer%3Dtest-keycloak HTTP/1.1 and responded: HTTP/1.1 200 OK
Jan 05, 2021 3:29:56 PM okhttp3.mockwebserver.MockWebServer$3 processOneRequest
INFO: MockWebServer[50471] received request: GET /api/v1/namespaces/entando-k8s-controller-coordinator-carcms80 HTTP/1.1 and responded: HTTP/1.1 200 OK
Jan 05, 2021 3:29:56 PM okhttp3.mockwebserver.MockWebServer$3 processOneRequest
INFO: MockWebServer[50471] received request: GET /apis/entando.org/v1/namespaces/entando-k8s-controller-coordinator-carcms80/entandokeycloakservers HTTP/1.1 and responded: HTTP/1.1 200 OK
Jan 05, 2021 3:29:56 PM okhttp3.mockwebserver.MockWebServer$3 processOneRequest
INFO: MockWebServer[50471] received request: GET /apis/entando.org/v1/namespaces/entando-k8s-controller-coordinator-carcms80/entandokeycloakservers/test-keycloak HTTP/1.1 and responded: HTTP/1.1 200 OK
Jan 05, 2021 3:29:56 PM io.fabric8.kubernetes.client.dsl.internal.WatchHTTPManager$1 onFailure
INFO: Watch connection failed. reason: e**cutor rejected
Jan 05, 2021 3:29:56 PM okhttp3.mockwebserver.MockWebServer$3 processOneRequest
INFO: MockWebServer[50471] received request: GET /apis/entando.org/v1/namespaces/entando-k8s-controller-coordinator-carcms80/entandokeycloakservers/test-keycloak HTTP/1.1 and responded: HTTP/1.1 200 OK
Jan 05, 2021 3:29:56 PM okhttp3.mockwebserver.MockWebServer$3 processOneRequest
INFO: MockWebServer[50471] received request: PATCH /apis/entando.org/v1/namespaces/entando-k8s-controller-coordinator-carcms80/entandokeycloakservers/test-keycloak HTTP/1.1 and responded: HTTP/1.1 202 OK
Jan 05, 2021 3:29:57 PM io.fabric8.kubernetes.client.dsl.internal.WatchHTTPManager$1 onResponse
INFO: Watch terminated unexpectedly. reason: \n not found: limit=332 content=7b226b696e64223a22456e74616e646f4b6579636c6f616b536572766572222câ€¦
Jan 05, 2021 3:29:57 PM okhttp3.mockwebserver.MockWebServer$3 processOneRequest
INFO: MockWebServer[50471] received request: GET /apis/entando.org/v1/namespaces/entando-k8s-controller-coordinator-carcms80/entandokeycloakservers/test-keycloak?watch=**** HTTP/1.1 and responded: HTTP/1.1 200 OK
Jan 05, 2021 3:29:57 PM io.fabric8.kubernetes.client.dsl.internal.WatchHTTPManager$1 onResponse
INFO: Watch terminated unexpectedly. reason: \n not found: limit=46 content=7b2261706956657273696f6e223a227631222c226b696e64223a224c69737422â€¦
Jan 05, 2021 3:29:57 PM io.fabric8.kubernetes.client.dsl.internal.WatchHTTPManager scheduleReconnect
WARN: Ignoring error for already closed/closing connection
Jan 05, 2021 3:29:57 PM okhttp3.mockwebserver.MockWebServer$3 processOneRequest
INFO: MockWebServer[50471] received request: GET /api/v1/namespaces/entando-k8s-controller-coordinator-carcms80/pods?labelSelector=EntandoResourceNamespace%3Dentando-k8s-controller-coordinator-carcms80%2CEntandoResourceKind%3DEntandoKeycloakServer%2CEntandoKeycloakServer%3Dtest-keycloak&watch=**** HTTP/1.1 and responded: HTTP/1.1 200 OK
Jan 05, 2021 3:29:57 PM okhttp3.mockwebserver.MockWebServer$3 processOneRequest
INFO: MockWebServer[50471] received request: GET /api/v1/namespaces/entando-k8s-controller-coordinator-carcms80/secrets/test-keycloak-controller-ca-cert-secret HTTP/1.1 and responded: HTTP/1.1 404 Client Error
Jan 05, 2021 3:29:57 PM okhttp3.mockwebserver.MockWebServer$3 processOneRequest
INFO: MockWebServer[50471] received request: POST /api/v1/namespaces/entando-k8s-controller-coordinator-carcms80/secrets HTTP/1.1 and responded: HTTP/1.1 202 OK
Jan 05, 2021 3:29:57 PM okhttp3.mockwebserver.MockWebServer$3 processOneRequest
INFO: MockWebServer[50471] received request: POST /api/v1/namespaces/entando-k8s-controller-coordinator-carcms80/pods HTTP/1.1 and responded: HTTP/1.1 202 OK
Jan 05, 2021 3:29:59 PM io.fabric8.kubernetes.client.dsl.internal.WatchHTTPManager$1 onResponse
INFO: Watch terminated unexpectedly. reason: \n not found: limit=332 content=7b226b696e64223a22456e74616e646f4b6579636c6f616b536572766572222câ€¦
Jan 05, 2021 3:29:59 PM okhttp3.mockwebserver.MockWebServer$3 processOneRequest
INFO: MockWebServer[50471] received request: GET /apis/entando.org/v1/namespaces/entando-k8s-controller-coordinator-carcms80/entandokeycloakservers/test-keycloak?watch=**** HTTP/1.1 and responded: HTTP/1.1 200 OK
Jan 05, 2021 3:30:01 PM okhttp3.mockwebserver.MockWebServer$3 processOneRequest
INFO: MockWebServer[50471] received request: GET /apis/entando.org/v1/namespaces/entando-k8s-controller-coordinator-carcms80/entandokeycloakservers/test-keycloak HTTP/1.1 and responded: HTTP/1.1 200 OK
Jan 05, 2021 3:30:02 PM io.fabric8.kubernetes.client.dsl.internal.WatchHTTPManager close
WARN: E**cutor didn't terminate in time after shutdown in close(), killing it in: io.fabric8.kubernetes.client.dsl.internal.WatchHTTPManager@48955465
Jan 05, 2021 3:30:02 PM okhttp3.mockwebserver.MockWebServer$3 processOneRequest
INFO: MockWebServer[50471] received request: GET /apis/entando.org/v1/namespaces/entando-k8s-controller-coordinator-carcms80/entandokeycloakservers?watch=**** HTTP/1.1 and responded: HTTP/1.1 200 OK
Jan 05, 2021 3:30:02 PM okhttp3.mockwebserver.MockWebServer$3 processOneRequest
INFO: MockWebServer[50471] received request: GET /apis/entando.org/v1/namespaces/entando-k8s-controller-coordinator-carcms80/entandokeycloakservers?watch=**** HTTP/1.1 and responded: HTTP/1.1 200 OK
Jan 05, 2021 3:30:02 PM io.fabric8.kubernetes.client.dsl.internal.WatchHTTPManager$1 onResponse
INFO: Watch terminated unexpectedly. reason: \n not found: limit=378 content=7b2261706956657273696f6e223a227631222c226b696e64223a224c69737422â€¦
Jan 05, 2021 3:30:02 PM okhttp3.mockwebserver.MockWebServer$3 processOneRequest
INFO: MockWebServer[50471] received request: GET /api/v1/namespaces/entando-k8s-controller-coordinator-carcms80 HTTP/1.1 and responded: HTTP/1.1 200 OK
Jan 05, 2021 3:30:02 PM okhttp3.mockwebserver.MockWebServer$3 processOneRequest
INFO: MockWebServer[50471] received request: GET /apis/entando.org/v1/namespaces/entando-k8s-controller-coordinator-carcms80/entandoclusterinfrastructures HTTP/1.1 and responded: HTTP/1.1 200 OK
Jan 05, 2021 3:30:02 PM okhttp3.mockwebserver.MockWebServer$3 processOneRequest
INFO: MockWebServer[50471] received request: GET /api/v1/namespaces/entando-k8s-controller-coordinator-carcms80 HTTP/1.1 and responded: HTTP/1.1 200 OK
Jan 05, 2021 3:30:02 PM okhttp3.mockwebserver.MockWebServer$3 processOneRequest
INFO: MockWebServer[50471] received request: GET /apis/entando.org/v1/namespaces/entando-k8s-controller-coordinator-carcms80/entandoclusterinfrastructures HTTP/1.1 and responded: HTTP/1.1 200 OK
Jan 05, 2021 3:30:02 PM okhttp3.mockwebserver.MockWebServer$3 processOneRequest
INFO: MockWebServer[50471] received request: GET /apis/entando.org/v1/namespaces/entando-k8s-controller-coordinator-carcms80/entandoclusterinfrastructures HTTP/1.1 and responded: HTTP/1.1 200 OK
Jan 05, 2021 3:30:02 PM okhttp3.mockwebserver.MockWebServer$3 processOneRequest
INFO: MockWebServer[50471] received request: GET /apis/entando.org/v1/namespaces/entando-k8s-controller-coordinator-carcms80/entandoclusterinfrastructures?watch=**** HTTP/1.1 and responded: HTTP/1.1 200 OK
Jan 05, 2021 3:30:02 PM okhttp3.mockwebserver.MockWebServer$3 processOneRequest
INFO: MockWebServer[50471] received request: GET /api/v1/namespaces/entando-k8s-controller-coordinator-carcms80 HTTP/1.1 and responded: HTTP/1.1 200 OK
Jan 05, 2021 3:30:02 PM okhttp3.mockwebserver.MockWebServer$3 processOneRequest
INFO: MockWebServer[50471] received request: GET /apis/entando.org/v1/namespaces/entando-k8s-controller-coordinator-carcms80/entandoclusterinfrastructures?watch=**** HTTP/1.1 and responded: HTTP/1.1 200 OK
Jan 05, 2021 3:30:02 PM io.fabric8.kubernetes.client.dsl.internal.WatchHTTPManager$1 onResponse
INFO: Watch terminated unexpectedly. reason: \n not found: limit=46 content=7b2261706956657273696f6e223a227631222c226b696e64223a224c69737422â€¦
Jan 05, 2021 3:30:02 PM okhttp3.mockwebserver.MockWebServer$3 processOneRequest
INFO: MockWebServer[50471] received request: GET /apis/entando.org/v1/namespaces/entando-k8s-controller-coordinator-carcms80/entandoapps HTTP/1.1 and responded: HTTP/1.1 200 OK
Jan 05, 2021 3:30:02 PM okhttp3.mockwebserver.MockWebServer$3 processOneRequest
INFO: MockWebServer[50471] received request: GET /api/v1/namespaces/entando-k8s-controller-coordinator-carcms80 HTTP/1.1 and responded: HTTP/1.1 200 OK
Jan 05, 2021 3:30:02 PM okhttp3.mockwebserver.MockWebServer$3 processOneRequest
INFO: MockWebServer[50471] received request: GET /apis/entando.org/v1/namespaces/entando-k8s-controller-coordinator-carcms80/entandoapps HTTP/1.1 and responded: HTTP/1.1 200 OK
Jan 05, 2021 3:30:02 PM okhttp3.mockwebserver.MockWebServer$3 processOneRequest
INFO: MockWebServer[50471] received request: GET /apis/entando.org/v1/namespaces/entando-k8s-controller-coordinator-carcms80/entandoapps HTTP/1.1 and responded: HTTP/1.1 200 OK
Jan 05, 2021 3:30:02 PM okhttp3.mockwebserver.MockWebServer$3 processOneRequest
INFO: MockWebServer[50471] received request: GET /apis/entando.org/v1/namespaces/entando-k8s-controller-coordinator-carcms80/entandoapps?watch=**** HTTP/1.1 and responded: HTTP/1.1 200 OK
Jan 05, 2021 3:30:03 PM okhttp3.mockwebserver.MockWebServer$3 processOneRequest
INFO: MockWebServer[50471] received request: GET /apis/entando.org/v1/namespaces/entando-k8s-controller-coordinator-carcms80/entandoapps?watch=**** HTTP/1.1 and responded: HTTP/1.1 200 OK
Jan 05, 2021 3:30:03 PM okhttp3.mockwebserver.MockWebServer$3 processOneRequest
INFO: MockWebServer[50471] received request: GET /api/v1/namespaces/entando-k8s-controller-coordinator-carcms80 HTTP/1.1 and responded: HTTP/1.1 200 OK
Jan 05, 2021 3:30:03 PM io.fabric8.kubernetes.client.dsl.internal.WatchHTTPManager$1 onResponse
INFO: Watch terminated unexpectedly. reason: \n not found: limit=46 content=7b2261706956657273696f6e223a227631222c226b696e64223a224c69737422â€¦
Jan 05, 2021 3:30:03 PM okhttp3.mockwebserver.MockWebServer$3 processOneRequest
INFO: MockWebServer[50471] received request: GET /apis/entando.org/v1/namespaces/entando-k8s-controller-coordinator-carcms80/entandoplugins HTTP/1.1 and responded: HTTP/1.1 200 OK
Jan 05, 2021 3:30:03 PM okhttp3.mockwebserver.MockWebServer$3 processOneRequest
INFO: MockWebServer[50471] received request: GET /apis/entando.org/v1/namespaces/entando-k8s-controller-coordinator-carcms80/entandokeycloakservers?watch=**** HTTP/1.1 and responded: HTTP/1.1 200 OK
Jan 05, 2021 3:30:03 PM okhttp3.mockwebserver.MockWebServer$3 processOneRequest
INFO: MockWebServer[50471] received request: GET /api/v1/namespaces/entando-k8s-controller-coordinator-carcms80 HTTP/1.1 and responded: HTTP/1.1 200 OK
Jan 05, 2021 3:30:03 PM io.fabric8.kubernetes.client.dsl.internal.WatchHTTPManager$1 onResponse
INFO: Watch terminated unexpectedly. reason: \n not found: limit=378 content=7b2261706956657273696f6e223a227631222c226b696e64223a224c69737422â€¦
Jan 05, 2021 3:30:03 PM okhttp3.mockwebserver.MockWebServer$3 processOneRequest
INFO: MockWebServer[50471] received request: GET /apis/entando.org/v1/namespaces/entando-k8s-controller-coordinator-carcms80/entandoplugins HTTP/1.1 and responded: HTTP/1.1 200 OK
Jan 05, 2021 3:30:03 PM okhttp3.mockwebserver.MockWebServer$3 processOneRequest
INFO: MockWebServer[50471] received request: GET /apis/entando.org/v1/namespaces/entando-k8s-controller-coordinator-carcms80/entandoplugins HTTP/1.1 and responded: HTTP/1.1 200 OK
Jan 05, 2021 3:30:03 PM okhttp3.mockwebserver.MockWebServer$3 processOneRequest
INFO: MockWebServer[50471] received request: GET /apis/entando.org/v1/namespaces/entando-k8s-controller-coordinator-carcms80/entandoplugins?watch=**** HTTP/1.1 and responded: HTTP/1.1 200 OK
Jan 05, 2021 3:30:03 PM okhttp3.mockwebserver.MockWebServer$3 processOneRequest
INFO: MockWebServer[50471] received request: GET /api/v1/namespaces/entando-k8s-controller-coordinator-carcms80 HTTP/1.1 and responded: HTTP/1.1 200 OK
Jan 05, 2021 3:30:03 PM okhttp3.mockwebserver.MockWebServer$3 processOneRequest
INFO: MockWebServer[50471] received request: GET /apis/entando.org/v1/namespaces/entando-k8s-controller-coordinator-carcms80/entandoplugins?watch=**** HTTP/1.1 and responded: HTTP/1.1 200 OK
Jan 05, 2021 3:30:03 PM io.fabric8.kubernetes.client.dsl.internal.WatchHTTPManager$1 onResponse
INFO: Watch terminated unexpectedly. reason: \n not found: limit=46 content=7b2261706956657273696f6e223a227631222c226b696e64223a224c69737422â€¦
Jan 05, 2021 3:30:03 PM okhttp3.mockwebserver.MockWebServer$3 processOneRequest
INFO: MockWebServer[50471] received request: GET /apis/entando.org/v1/namespaces/entando-k8s-controller-coordinator-carcms80/entandoapppluginlinks HTTP/1.1 and responded: HTTP/1.1 200 OK
Jan 05, 2021 3:30:03 PM okhttp3.mockwebserver.MockWebServer$3 processOneRequest
INFO: MockWebServer[50471] received request: GET /api/v1/namespaces/entando-k8s-controller-coordinator-carcms80 HTTP/1.1 and responded: HTTP/1.1 200 OK
Jan 05, 2021 3:30:03 PM okhttp3.mockwebserver.MockWebServer$3 processOneRequest
INFO: MockWebServer[50471] received request: GET /apis/entando.org/v1/namespaces/entando-k8s-controller-coordinator-carcms80/entandoapppluginlinks HTTP/1.1 and responded: HTTP/1.1 200 OK
Jan 05, 2021 3:30:03 PM okhttp3.mockwebserver.MockWebServer$3 processOneRequest
INFO: MockWebServer[50471] received request: GET /apis/entando.org/v1/namespaces/entando-k8s-controller-coordinator-carcms80/entandoclusterinfrastructures?watch=**** HTTP/1.1 and responded: HTTP/1.1 200 OK
Jan 05, 2021 3:30:03 PM io.fabric8.kubernetes.client.dsl.internal.WatchHTTPManager$1 onResponse
INFO: Watch terminated unexpectedly. reason: \n not found: limit=46 content=7b2261706956657273696f6e223a227631222c226b696e64223a224c69737422â€¦
Jan 05, 2021 3:30:03 PM okhttp3.mockwebserver.MockWebServer$3 processOneRequest
INFO: MockWebServer[50471] received request: GET /apis/entando.org/v1/namespaces/entando-k8s-controller-coordinator-carcms80/entandoapppluginlinks HTTP/1.1 and responded: HTTP/1.1 200 OK
Jan 05, 2021 3:30:03 PM okhttp3.mockwebserver.MockWebServer$3 processOneRequest
INFO: MockWebServer[50471] received request: GET /apis/entando.org/v1/namespaces/entando-k8s-controller-coordinator-carcms80/entandoapppluginlinks?watch=**** HTTP/1.1 and responded: HTTP/1.1 200 OK
Jan 05, 2021 3:30:03 PM okhttp3.mockwebserver.MockWebServer$3 processOneRequest
INFO: MockWebServer[50471] received request: GET /apis/entando.org/v1/namespaces/entando-k8s-controller-coordinator-carcms80/entandoapppluginlinks?watch=**** HTTP/1.1 and responded: HTTP/1.1 200 OK
Jan 05, 2021 3:30:03 PM okhttp3.mockwebserver.MockWebServer$3 processOneRequest
INFO: MockWebServer[50471] received request: GET /api/v1/namespaces/entando-k8s-controller-coordinator-carcms80 HTTP/1.1 and responded: HTTP/1.1 200 OK
Jan 05, 2021 3:30:03 PM io.fabric8.kubernetes.client.dsl.internal.WatchHTTPManager$1 onResponse
INFO: Watch terminated unexpectedly. reason: \n not found: limit=46 content=7b2261706956657273696f6e223a227631222c226b696e64223a224c69737422â€¦
Jan 05, 2021 3:30:03 PM okhttp3.mockwebserver.MockWebServer$3 processOneRequest
INFO: MockWebServer[50471] received request: GET /apis/entando.org/v1/namespaces/entando-k8s-controller-coordinator-carcms80/entandocompositeapps HTTP/1.1 and responded: HTTP/1.1 200 OK
Jan 05, 2021 3:30:04 PM okhttp3.mockwebserver.MockWebServer$3 processOneRequest
INFO: MockWebServer[50471] received request: GET /api/v1/namespaces/entando-k8s-controller-coordinator-carcms80 HTTP/1.1 and responded: HTTP/1.1 200 OK
Jan 05, 2021 3:30:04 PM okhttp3.mockwebserver.MockWebServer$3 processOneRequest
INFO: MockWebServer[50471] received request: GET /apis/entando.org/v1/namespaces/entando-k8s-controller-coordinator-carcms80/entandocompositeapps HTTP/1.1 and responded: HTTP/1.1 200 OK
Jan 05, 2021 3:30:04 PM io.fabric8.kubernetes.client.dsl.internal.WatchHTTPManager$1 onResponse
INFO: Watch terminated unexpectedly. reason: \n not found: limit=46 content=7b2261706956657273696f6e223a227631222c226b696e64223a224c69737422â€¦
Jan 05, 2021 3:30:04 PM okhttp3.mockwebserver.MockWebServer$3 processOneRequest
INFO: MockWebServer[50471] received request: GET /apis/entando.org/v1/namespaces/entando-k8s-controller-coordinator-carcms80/entandoapps?watch=**** HTTP/1.1 and responded: HTTP/1.1 200 OK
Jan 05, 2021 3:30:04 PM okhttp3.mockwebserver.MockWebServer$3 processOneRequest
INFO: MockWebServer[50471] received request: GET /apis/entando.org/v1/namespaces/entando-k8s-controller-coordinator-carcms80/entandocompositeapps HTTP/1.1 and responded: HTTP/1.1 200 OK
Jan 05, 2021 3:30:04 PM okhttp3.mockwebserver.MockWebServer$3 processOneRequest
INFO: MockWebServer[50471] received request: GET /apis/entando.org/v1/namespaces/entando-k8s-controller-coordinator-carcms80/entandocompositeapps?watch=**** HTTP/1.1 and responded: HTTP/1.1 200 OK
Jan 05, 2021 3:30:04 PM okhttp3.mockwebserver.MockWebServer$3 processOneRequest
INFO: MockWebServer[50471] received request: GET /apis/entando.org/v1/namespaces/entando-k8s-controller-coordinator-carcms80/entandocompositeapps?watch=**** HTTP/1.1 and responded: HTTP/1.1 200 OK
Jan 05, 2021 3:30:04 PM okhttp3.mockwebserver.MockWebServer$3 processOneRequest
INFO: MockWebServer[50471] received request: GET /api/v1/namespaces/entando-k8s-controller-coordinator-carcms80 HTTP/1.1 and responded: HTTP/1.1 200 OK
Jan 05, 2021 3:30:04 PM io.fabric8.kubernetes.client.dsl.internal.WatchHTTPManager$1 onResponse
INFO: Watch terminated unexpectedly. reason: \n not found: limit=46 content=7b2261706956657273696f6e223a227631222c226b696e64223a224c69737422â€¦
Jan 05, 2021 3:30:04 PM okhttp3.mockwebserver.MockWebServer$3 processOneRequest
INFO: MockWebServer[50471] received request: GET /apis/entando.org/v1/namespaces/entando-k8s-controller-coordinator-carcms80/entandodatabaseservices HTTP/1.1 and responded: HTTP/1.1 200 OK
Jan 05, 2021 3:30:04 PM okhttp3.mockwebserver.MockWebServer$3 processOneRequest
INFO: MockWebServer[50471] received request: GET /api/v1/namespaces/entando-k8s-controller-coordinator-carcms80 HTTP/1.1 and responded: HTTP/1.1 200 OK
Jan 05, 2021 3:30:04 PM okhttp3.mockwebserver.MockWebServer$3 processOneRequest
INFO: MockWebServer[50471] received request: GET /apis/entando.org/v1/namespaces/entando-k8s-controller-coordinator-carcms80/entandodatabaseservices HTTP/1.1 and responded: HTTP/1.1 200 OK
Jan 05, 2021 3:30:04 PM okhttp3.mockwebserver.MockWebServer$3 processOneRequest
INFO: MockWebServer[50471] received request: GET /apis/entando.org/v1/namespaces/entando-k8s-controller-coordinator-carcms80/entandoplugins?watch=**** HTTP/1.1 and responded: HTTP/1.1 200 OK
Jan 05, 2021 3:30:04 PM io.fabric8.kubernetes.client.dsl.internal.WatchHTTPManager$1 onResponse
INFO: Watch terminated unexpectedly. reason: \n not found: limit=46 content=7b2261706956657273696f6e223a227631222c226b696e64223a224c69737422â€¦
Jan 05, 2021 3:30:04 PM okhttp3.mockwebserver.MockWebServer$3 processOneRequest
INFO: MockWebServer[50471] received request: GET /apis/entando.org/v1/namespaces/entando-k8s-controller-coordinator-carcms80/entandodatabaseservices HTTP/1.1 and responded: HTTP/1.1 200 OK
Jan 05, 2021 3:30:04 PM okhttp3.mockwebserver.MockWebServer$3 processOneRequest
INFO: MockWebServer[50471] received request: GET /apis/entando.org/v1/namespaces/entando-k8s-controller-coordinator-carcms80/entandodatabaseservices?watch=**** HTTP/1.1 and responded: HTTP/1.1 200 OK
Jan 05, 2021 3:30:04 PM okhttp3.mockwebserver.MockWebServer$3 processOneRequest
INFO: MockWebServer[50471] received request: GET /apis/entando.org/v1/namespaces/entando-k8s-controller-coordinator-carcms80/entandodatabaseservices?watch=**** HTTP/1.1 and responded: HTTP/1.1 200 OK
Jan 05, 2021 3:30:04 PM io.fabric8.kubernetes.client.dsl.internal.WatchHTTPManager$1 onResponse
INFO: Watch terminated unexpectedly. reason: \n not found: limit=46 content=7b2261706956657273696f6e223a227631222c226b696e64223a224c69737422â€¦
Jan 05, 2021 3:30:04 PM okhttp3.mockwebserver.MockWebServer$3 processOneRequest
INFO: MockWebServer[50471] received request: GET /api/v1/namespaces/entando-k8s-controller-coordinator-carcms80/pods?labelSelector=EntandoResourceKind%3DEntandoKeycloakServer HTTP/1.1 and responded: HTTP/1.1 200 OK
Jan 05, 2021 3:30:04 PM okhttp3.mockwebserver.MockWebServer$2 acceptConnections
INFO: MockWebServer[50471] done accepting connections: Socket closed
Jan 05, 2021 3:30:04 PM okhttp3.mockwebserver.MockWebServer$2 e**cute
INFO: MockWebServer[40072] starting to accept connections
Jan 05, 2021 3:30:04 PM io.fabric8.kubernetes.client.dsl.internal.WatchHTTPManager$1 onFailure
INFO: Watch connection failed. reason: e**cutor rejected
[INFO] Tests run: 2, Failures: 0, Errors: 0, Skipped: 0, Time elapsed: 30.938 s - in org.entando.kubernetes.controller.coordinator.inprocesstests.ControllerCoordinatorEdgeConditionsTest
[INFO] Running org.entando.kubernetes.controller.coordinator.inprocesstests.DeploymentPhaseWatcherTest
Jan 05, 2021 3:30:05 PM okhttp3.mockwebserver.MockWebServer$3 processOneRequest
INFO: MockWebServer[40072] received request: GET /api/v1/namespaces/test HTTP/1.1 and responded: HTTP/1.1 404 Client Error
Jan 05, 2021 3:30:05 PM okhttp3.mockwebserver.MockWebServer$3 processOneRequest
INFO: MockWebServer[40072] received request: GET /apis/entando.org/v1/namespaces/default/entandoapps HTTP/1.1 and responded: HTTP/1.1 200 OK
Jan 05, 2021 3:30:05 PM okhttp3.mockwebserver.MockWebServer$3 processOneRequest
INFO: MockWebServer[40072] received request: GET /api/v1/namespaces/test HTTP/1.1 and responded: HTTP/1.1 404 Client Error
Jan 05, 2021 3:30:05 PM io.fabric8.kubernetes.client.dsl.internal.WatchHTTPManager$1 onFailure
INFO: Watch connection failed. reason: e**cutor rejected
Jan 05, 2021 3:30:05 PM okhttp3.mockwebserver.MockWebServer$3 processOneRequest
INFO: MockWebServer[40072] received request: GET /apis/entando.org/v1/namespaces/default/entandoapps HTTP/1.1 and responded: HTTP/1.1 200 OK
Jan 05, 2021 3:30:05 PM okhttp3.mockwebserver.MockWebServer$3 processOneRequest
INFO: MockWebServer[40072] received request: POST /apis/entando.org/v1/namespaces/test/entandoapps HTTP/1.1 and responded: HTTP/1.1 202 OK
Jan 05, 2021 3:30:05 PM io.fabric8.kubernetes.client.dsl.internal.WatchHTTPManager$1 onFailure
INFO: Watch connection failed. reason: e**cutor rejected
Jan 05, 2021 3:30:05 PM okhttp3.mockwebserver.MockWebServer$3 processOneRequest
INFO: MockWebServer[40072] received request: GET /apis/entando.org/v1/namespaces/test/entandoapps/test-app?watch=**** HTTP/1.1 and responded: HTTP/1.1 200 OK
Jan 05, 2021 3:30:05 PM okhttp3.mockwebserver.MockWebServer$3 processOneRequest
INFO: MockWebServer[40072] received request: GET /apis/entando.org/v1/namespaces/test/entandoapps/test-app?watch=**** HTTP/1.1 and responded: HTTP/1.1 200 OK
Jan 05, 2021 3:30:05 PM okhttp3.mockwebserver.MockWebServer$3 processOneRequest
INFO: MockWebServer[40072] received request: GET /apis/entando.org/v1/namespaces/test/entandoapps/test-app HTTP/1.1 and responded: HTTP/1.1 200 OK
Jan 05, 2021 3:30:05 PM io.fabric8.kubernetes.client.dsl.internal.WatchHTTPManager$1 onResponse
INFO: Watch terminated unexpectedly. reason: \n not found: limit=220 content=7b226b696e64223a22456e74616e646f417070222c2261706956657273696f6eâ€¦
Jan 05, 2021 3:30:05 PM io.fabric8.kubernetes.client.dsl.internal.WatchHTTPManager$1 onFailure
INFO: Watch connection failed. reason: e**cutor rejected
Jan 05, 2021 3:30:05 PM io.fabric8.kubernetes.client.dsl.internal.WatchHTTPManager$1 onFailure
INFO: Watch connection failed. reason: e**cutor rejected
Jan 05, 2021 3:30:05 PM okhttp3.mockwebserver.MockWebServer$3 processOneRequest
INFO: MockWebServer[40072] received request: GET /apis/entando.org/v1/namespaces/test/entandoapps/test-app HTTP/1.1 and responded: HTTP/1.1 200 OK
Jan 05, 2021 3:30:05 PM okhttp3.mockwebserver.MockWebServer$3 processOneRequest
INFO: MockWebServer[40072] received request: GET /apis/entando.org/v1/namespaces/test/entandoapps/test-app HTTP/1.1 and responded: HTTP/1.1 200 OK
Jan 05, 2021 3:30:06 PM okhttp3.mockwebserver.MockWebServer$3 processOneRequest
INFO: MockWebServer[40072] received request: PATCH /apis/entando.org/v1/namespaces/test/entandoapps/test-app HTTP/1.1 and responded: HTTP/1.1 202 OK
Jan 05, 2021 3:30:06 PM io.fabric8.kubernetes.client.dsl.internal.WatchHTTPManager$1 onFailure
INFO: Watch connection failed. reason: e**cutor rejected
Jan 05, 2021 3:30:06 PM okhttp3.mockwebserver.MockWebServer$3 processOneRequest
INFO: MockWebServer[40072] received request: GET /apis/entando.org/v1/namespaces/test/entandoapps/test-app HTTP/1.1 and responded: HTTP/1.1 200 OK
Jan 05, 2021 3:30:06 PM okhttp3.mockwebserver.MockWebServer$2 acceptConnections
INFO: MockWebServer[40072] done accepting connections: Socket closed
Jan 05, 2021 3:30:06 PM io.fabric8.kubernetes.client.dsl.internal.WatchHTTPManager$1 onFailure
INFO: Watch connection failed. reason: e**cutor rejected
Jan 05, 2021 3:30:06 PM okhttp3.mockwebserver.MockWebServer$3 e**cute
INFO: MockWebServer[40072] connection from /127.0.0.1 failed: java.net.SocketException: Connection or outbound has closed
Jan 05, 2021 3:30:06 PM io.fabric8.kubernetes.client.dsl.internal.WatchHTTPManager$1 onFailure
INFO: Watch connection failed. reason: Canceled
Jan 05, 2021 3:30:06 PM io.fabric8.kubernetes.client.dsl.internal.WatchHTTPManager scheduleReconnect
WARN: Ignoring error for already closed/closing connection
[INFO] Tests run: 1, Failures: 0, Errors: 0, Skipped: 0, Time elapsed: 1.617 s - in org.entando.kubernetes.controller.coordinator.inprocesstests.DeploymentPhaseWatcherTest
[INFO] Running org.entando.kubernetes.controller.coordinator.inprocesstests.ControllerCoordinatorMockedTest
Jan 05, 2021 3:30:06 PM okhttp3.mockwebserver.MockWebServer$2 e**cute
INFO: MockWebServer[54308] starting to accept connections
Jan 05, 2021 3:30:06 PM okhttp3.mockwebserver.MockWebServer$3 processOneRequest
INFO: MockWebServer[54308] received request: GET /api/v1/namespaces/entando-k8s-controller-coordinator-carcms80 HTTP/1.1 and responded: HTTP/1.1 404 Client Error
Jan 05, 2021 3:30:06 PM okhttp3.mockwebserver.MockWebServer$3 processOneRequest
INFO: MockWebServer[54308] received request: GET /apis/entando.org/v1/namespaces/default/entandokeycloakservers HTTP/1.1 and responded: HTTP/1.1 200 OK
Jan 05, 2021 3:30:06 PM okhttp3.mockwebserver.MockWebServer$3 processOneRequest
INFO: MockWebServer[54308] received request: GET /api/v1/namespaces/entando-k8s-controller-coordinator-carcms80 HTTP/1.1 and responded: HTTP/1.1 404 Client Error
Jan 05, 2021 3:30:06 PM okhttp3.mockwebserver.MockWebServer$3 processOneRequest
INFO: MockWebServer[54308] received request: GET /apis/entando.org/v1/namespaces/default/entandokeycloakservers HTTP/1.1 and responded: HTTP/1.1 200 OK
Jan 05, 2021 3:30:06 PM io.fabric8.kubernetes.client.dsl.internal.WatchHTTPManager$1 onFailure
INFO: Watch connection failed. reason: e**cutor rejected
Jan 05, 2021 3:30:07 PM okhttp3.mockwebserver.MockWebServer$3 processOneRequest
INFO: MockWebServer[54308] received request: GET /apis/entando.org/v1/namespaces/entando-k8s-controller-coordinator-carcms80/entandokeycloakservers HTTP/1.1 and responded: HTTP/1.1 200 OK
Jan 05, 2021 3:30:07 PM okhttp3.mockwebserver.MockWebServer$3 processOneRequest
INFO: MockWebServer[54308] received request: GET /apis/entando.org/v1/namespaces/entando-k8s-controller-coordinator-carcms80/entandokeycloakservers?watch=**** HTTP/1.1 and responded: HTTP/1.1 200 OK
Jan 05, 2021 3:30:07 PM okhttp3.mockwebserver.MockWebServer$3 processOneRequest
INFO: MockWebServer[54308] received request: GET /api/v1/namespaces/entando-k8s-controller-coordinator-carcms80 HTTP/1.1 and responded: HTTP/1.1 404 Client Error
Jan 05, 2021 3:30:07 PM okhttp3.mockwebserver.MockWebServer$3 processOneRequest
INFO: MockWebServer[54308] received request: GET /apis/entando.org/v1/namespaces/entando-k8s-controller-coordinator-carcms80/entandokeycloakservers?watch=**** HTTP/1.1 and responded: HTTP/1.1 200 OK
Jan 05, 2021 3:30:07 PM io.fabric8.kubernetes.client.dsl.internal.WatchHTTPManager$1 onResponse
INFO: Watch terminated unexpectedly. reason: \n not found: limit=46 content=7b2261706956657273696f6e223a227631222c226b696e64223a224c69737422â€¦
Jan 05, 2021 3:30:07 PM okhttp3.mockwebserver.MockWebServer$3 processOneRequest
INFO: MockWebServer[54308] received request: GET /apis/entando.org/v1/namespaces/default/entandoclusterinfrastructures HTTP/1.1 and responded: HTTP/1.1 200 OK
Jan 05, 2021 3:30:07 PM okhttp3.mockwebserver.MockWebServer$3 processOneRequest
INFO: MockWebServer[54308] received request: GET /api/v1/namespaces/entando-k8s-controller-coordinator-carcms80 HTTP/1.1 and responded: HTTP/1.1 404 Client Error
Jan 05, 2021 3:30:07 PM io.fabric8.kubernetes.client.dsl.internal.WatchHTTPManager$1 onFailure
INFO: Watch connection failed. reason: e**cutor rejected
Jan 05, 2021 3:30:07 PM okhttp3.mockwebserver.MockWebServer$3 processOneRequest
INFO: MockWebServer[54308] received request: GET /apis/entando.org/v1/namespaces/default/entandoclusterinfrastructures HTTP/1.1 and responded: HTTP/1.1 200 OK
Jan 05, 2021 3:30:07 PM okhttp3.mockwebserver.MockWebServer$3 processOneRequest
INFO: MockWebServer[54308] received request: GET /apis/entando.org/v1/namespaces/entando-k8s-controller-coordinator-carcms80/entandoclusterinfrastructures HTTP/1.1 and responded: HTTP/1.1 200 OK
Jan 05, 2021 3:30:07 PM okhttp3.mockwebserver.MockWebServer$3 processOneRequest
INFO: MockWebServer[54308] received request: GET /apis/entando.org/v1/namespaces/entando-k8s-controller-coordinator-carcms80/entandoclusterinfrastructures?watch=**** HTTP/1.1 and responded: HTTP/1.1 200 OK
Jan 05, 2021 3:30:07 PM okhttp3.mockwebserver.MockWebServer$3 processOneRequest
INFO: MockWebServer[54308] received request: GET /apis/entando.org/v1/namespaces/entando-k8s-controller-coordinator-carcms80/entandoclusterinfrastructures?watch=**** HTTP/1.1 and responded: HTTP/1.1 200 OK
Jan 05, 2021 3:30:07 PM okhttp3.mockwebserver.MockWebServer$3 processOneRequest
INFO: MockWebServer[54308] received request: GET /api/v1/namespaces/entando-k8s-controller-coordinator-carcms80 HTTP/1.1 and responded: HTTP/1.1 404 Client Error
Jan 05, 2021 3:30:07 PM io.fabric8.kubernetes.client.dsl.internal.WatchHTTPManager$1 onResponse
INFO: Watch terminated unexpectedly. reason: \n not found: limit=46 content=7b2261706956657273696f6e223a227631222c226b696e64223a224c69737422â€¦
Jan 05, 2021 3:30:07 PM okhttp3.mockwebserver.MockWebServer$3 processOneRequest
INFO: MockWebServer[54308] received request: GET /apis/entando.org/v1/namespaces/default/entandoapps HTTP/1.1 and responded: HTTP/1.1 200 OK
Jan 05, 2021 3:30:07 PM io.fabric8.kubernetes.client.dsl.internal.WatchHTTPManager$1 onFailure
INFO: Watch connection failed. reason: e**cutor rejected
Jan 05, 2021 3:30:07 PM okhttp3.mockwebserver.MockWebServer$3 processOneRequest
INFO: MockWebServer[54308] received request: GET /api/v1/namespaces/entando-k8s-controller-coordinator-carcms80 HTTP/1.1 and responded: HTTP/1.1 404 Client Error
Jan 05, 2021 3:30:07 PM okhttp3.mockwebserver.MockWebServer$3 processOneRequest
INFO: MockWebServer[54308] received request: GET /apis/entando.org/v1/namespaces/default/entandoapps HTTP/1.1 and responded: HTTP/1.1 200 OK
Jan 05, 2021 3:30:07 PM okhttp3.mockwebserver.MockWebServer$3 processOneRequest
INFO: MockWebServer[54308] received request: GET /apis/entando.org/v1/namespaces/entando-k8s-controller-coordinator-carcms80/entandoapps HTTP/1.1 and responded: HTTP/1.1 200 OK
Jan 05, 2021 3:30:08 PM okhttp3.mockwebserver.MockWebServer$3 processOneRequest
INFO: MockWebServer[54308] received request: GET /apis/entando.org/v1/namespaces/entando-k8s-controller-coordinator-carcms80/entandoapps?watch=**** HTTP/1.1 and responded: HTTP/1.1 200 OK
Jan 05, 2021 3:30:08 PM okhttp3.mockwebserver.MockWebServer$3 processOneRequest
INFO: MockWebServer[54308] received request: GET /apis/entando.org/v1/namespaces/entando-k8s-controller-coordinator-carcms80/entandoapps?watch=**** HTTP/1.1 and responded: HTTP/1.1 200 OK
Jan 05, 2021 3:30:08 PM okhttp3.mockwebserver.MockWebServer$3 processOneRequest
INFO: MockWebServer[54308] received request: GET /api/v1/namespaces/entando-k8s-controller-coordinator-carcms80 HTTP/1.1 and responded: HTTP/1.1 404 Client Error
Jan 05, 2021 3:30:08 PM io.fabric8.kubernetes.client.dsl.internal.WatchHTTPManager$1 onResponse
INFO: Watch terminated unexpectedly. reason: \n not found: limit=46 content=7b2261706956657273696f6e223a227631222c226b696e64223a224c69737422â€¦
Jan 05, 2021 3:30:08 PM okhttp3.mockwebserver.MockWebServer$3 processOneRequest
INFO: MockWebServer[54308] received request: GET /apis/entando.org/v1/namespaces/default/entandoplugins HTTP/1.1 and responded: HTTP/1.1 200 OK
Jan 05, 2021 3:30:08 PM okhttp3.mockwebserver.MockWebServer$3 processOneRequest
INFO: MockWebServer[54308] received request: GET /api/v1/namespaces/entando-k8s-controller-coordinator-carcms80 HTTP/1.1 and responded: HTTP/1.1 404 Client Error
Jan 05, 2021 3:30:08 PM okhttp3.mockwebserver.MockWebServer$3 processOneRequest
INFO: MockWebServer[54308] received request: GET /apis/entando.org/v1/namespaces/entando-k8s-controller-coordinator-carcms80/entandokeycloakservers?watch=**** HTTP/1.1 and responded: HTTP/1.1 200 OK
Jan 05, 2021 3:30:08 PM okhttp3.mockwebserver.MockWebServer$3 processOneRequest
INFO: MockWebServer[54308] received request: GET /apis/entando.org/v1/namespaces/default/entandoplugins HTTP/1.1 and responded: HTTP/1.1 200 OK
Jan 05, 2021 3:30:08 PM io.fabric8.kubernetes.client.dsl.internal.WatchHTTPManager$1 onResponse
INFO: Watch terminated unexpectedly. reason: \n not found: limit=46 content=7b2261706956657273696f6e223a227631222c226b696e64223a224c69737422â€¦
Jan 05, 2021 3:30:08 PM io.fabric8.kubernetes.client.dsl.internal.WatchHTTPManager$1 onFailure
INFO: Watch connection failed. reason: e**cutor rejected
Jan 05, 2021 3:30:08 PM okhttp3.mockwebserver.MockWebServer$3 processOneRequest
INFO: MockWebServer[54308] received request: GET /apis/entando.org/v1/namespaces/entando-k8s-controller-coordinator-carcms80/entandoplugins HTTP/1.1 and responded: HTTP/1.1 200 OK
Jan 05, 2021 3:30:08 PM okhttp3.mockwebserver.MockWebServer$3 processOneRequest
INFO: MockWebServer[54308] received request: GET /apis/entando.org/v1/namespaces/entando-k8s-controller-coordinator-carcms80/entandoplugins?watch=**** HTTP/1.1 and responded: HTTP/1.1 200 OK
Jan 05, 2021 3:30:08 PM okhttp3.mockwebserver.MockWebServer$3 processOneRequest
INFO: MockWebServer[54308] received request: GET /api/v1/namespaces/entando-k8s-controller-coordinator-carcms80 HTTP/1.1 and responded: HTTP/1.1 404 Client Error
Jan 05, 2021 3:30:08 PM okhttp3.mockwebserver.MockWebServer$3 processOneRequest
INFO: MockWebServer[54308] received request: GET /apis/entando.org/v1/namespaces/entando-k8s-controller-coordinator-carcms80/entandoplugins?watch=**** HTTP/1.1 and responded: HTTP/1.1 200 OK
Jan 05, 2021 3:30:08 PM io.fabric8.kubernetes.client.dsl.internal.WatchHTTPManager$1 onResponse
INFO: Watch terminated unexpectedly. reason: \n not found: limit=46 content=7b2261706956657273696f6e223a227631222c226b696e64223a224c69737422â€¦
Jan 05, 2021 3:30:08 PM okhttp3.mockwebserver.MockWebServer$3 processOneRequest
INFO: MockWebServer[54308] received request: GET /apis/entando.org/v1/namespaces/default/entandoapppluginlinks HTTP/1.1 and responded: HTTP/1.1 200 OK
Jan 05, 2021 3:30:08 PM okhttp3.mockwebserver.MockWebServer$3 processOneRequest
INFO: MockWebServer[54308] received request: GET /api/v1/namespaces/entando-k8s-controller-coordinator-carcms80 HTTP/1.1 and responded: HTTP/1.1 404 Client Error
Jan 05, 2021 3:30:08 PM okhttp3.mockwebserver.MockWebServer$3 processOneRequest
INFO: MockWebServer[54308] received request: GET /apis/entando.org/v1/namespaces/default/entandoapppluginlinks HTTP/1.1 and responded: HTTP/1.1 200 OK
Jan 05, 2021 3:30:08 PM okhttp3.mockwebserver.MockWebServer$3 processOneRequest
INFO: MockWebServer[54308] received request: GET /apis/entando.org/v1/namespaces/entando-k8s-controller-coordinator-carcms80/entandoclusterinfrastructures?watch=**** HTTP/1.1 and responded: HTTP/1.1 200 OK
Jan 05, 2021 3:30:08 PM io.fabric8.kubernetes.client.dsl.internal.WatchHTTPManager$1 onResponse
INFO: Watch terminated unexpectedly. reason: \n not found: limit=46 content=7b2261706956657273696f6e223a227631222c226b696e64223a224c69737422â€¦
Jan 05, 2021 3:30:08 PM okhttp3.mockwebserver.MockWebServer$3 processOneRequest
INFO: MockWebServer[54308] received request: GET /apis/entando.org/v1/namespaces/entando-k8s-controller-coordinator-carcms80/entandoapppluginlinks HTTP/1.1 and responded: HTTP/1.1 200 OK
Jan 05, 2021 3:30:08 PM okhttp3.mockwebserver.MockWebServer$3 processOneRequest
INFO: MockWebServer[54308] received request: GET /apis/entando.org/v1/namespaces/entando-k8s-controller-coordinator-carcms80/entandoapppluginlinks?watch=**** HTTP/1.1 and responded: HTTP/1.1 200 OK
Jan 05, 2021 3:30:08 PM okhttp3.mockwebserver.MockWebServer$3 processOneRequest
INFO: MockWebServer[54308] received request: GET /api/v1/namespaces/entando-k8s-controller-coordinator-carcms80 HTTP/1.1 and responded: HTTP/1.1 404 Client Error
Jan 05, 2021 3:30:08 PM okhttp3.mockwebserver.MockWebServer$3 processOneRequest
INFO: MockWebServer[54308] received request: GET /apis/entando.org/v1/namespaces/entando-k8s-controller-coordinator-carcms80/entandoapppluginlinks?watch=**** HTTP/1.1 and responded: HTTP/1.1 200 OK
Jan 05, 2021 3:30:09 PM io.fabric8.kubernetes.client.dsl.internal.WatchHTTPManager$1 onResponse
INFO: Watch terminated unexpectedly. reason: \n not found: limit=46 content=7b2261706956657273696f6e223a227631222c226b696e64223a224c69737422â€¦
Jan 05, 2021 3:30:09 PM okhttp3.mockwebserver.MockWebServer$3 processOneRequest
INFO: MockWebServer[54308] received request: GET /apis/entando.org/v1/namespaces/default/entandocompositeapps HTTP/1.1 and responded: HTTP/1.1 200 OK
Jan 05, 2021 3:30:09 PM okhttp3.mockwebserver.MockWebServer$3 processOneRequest
INFO: MockWebServer[54308] received request: GET /api/v1/namespaces/entando-k8s-controller-coordinator-carcms80 HTTP/1.1 and responded: HTTP/1.1 404 Client Error
Jan 05, 2021 3:30:09 PM io.fabric8.kubernetes.client.dsl.internal.WatchHTTPManager$1 onFailure
INFO: Watch connection failed. reason: e**cutor rejected
Jan 05, 2021 3:30:09 PM okhttp3.mockwebserver.MockWebServer$3 processOneRequest
INFO: MockWebServer[54308] received request: GET /apis/entando.org/v1/namespaces/default/entandocompositeapps HTTP/1.1 and responded: HTTP/1.1 200 OK
Jan 05, 2021 3:30:09 PM io.fabric8.kubernetes.client.dsl.internal.WatchHTTPManager$1 onFailure
INFO: Watch connection failed. reason: e**cutor rejected
Jan 05, 2021 3:30:09 PM okhttp3.mockwebserver.MockWebServer$3 processOneRequest
INFO: MockWebServer[54308] received request: GET /apis/entando.org/v1/namespaces/entando-k8s-controller-coordinator-carcms80/entandoapps?watch=**** HTTP/1.1 and responded: HTTP/1.1 200 OK
Jan 05, 2021 3:30:09 PM io.fabric8.kubernetes.client.dsl.internal.WatchHTTPManager$1 onResponse
INFO: Watch terminated unexpectedly. reason: \n not found: limit=46 content=7b2261706956657273696f6e223a227631222c226b696e64223a224c69737422â€¦
Jan 05, 2021 3:30:09 PM okhttp3.mockwebserver.MockWebServer$3 processOneRequest
INFO: MockWebServer[54308] received request: GET /apis/entando.org/v1/namespaces/entando-k8s-controller-coordinator-carcms80/entandocompositeapps HTTP/1.1 and responded: HTTP/1.1 200 OK
Jan 05, 2021 3:30:09 PM okhttp3.mockwebserver.MockWebServer$3 processOneRequest
INFO: MockWebServer[54308] received request: GET /apis/entando.org/v1/namespaces/entando-k8s-controller-coordinator-carcms80/entandocompositeapps?watch=**** HTTP/1.1 and responded: HTTP/1.1 200 OK
Jan 05, 2021 3:30:09 PM okhttp3.mockwebserver.MockWebServer$3 processOneRequest
INFO: MockWebServer[54308] received request: GET /api/v1/namespaces/entando-k8s-controller-coordinator-carcms80 HTTP/1.1 and responded: HTTP/1.1 404 Client Error
Jan 05, 2021 3:30:09 PM okhttp3.mockwebserver.MockWebServer$3 processOneRequest
INFO: MockWebServer[54308] received request: GET /apis/entando.org/v1/namespaces/entando-k8s-controller-coordinator-carcms80/entandocompositeapps?watch=**** HTTP/1.1 and responded: HTTP/1.1 200 OK
Jan 05, 2021 3:30:09 PM io.fabric8.kubernetes.client.dsl.internal.WatchHTTPManager$1 onResponse
INFO: Watch terminated unexpectedly. reason: \n not found: limit=46 content=7b2261706956657273696f6e223a227631222c226b696e64223a224c69737422â€¦
Jan 05, 2021 3:30:09 PM okhttp3.mockwebserver.MockWebServer$3 processOneRequest
INFO: MockWebServer[54308] received request: GET /apis/entando.org/v1/namespaces/default/entandodatabaseservices HTTP/1.1 and responded: HTTP/1.1 200 OK
Jan 05, 2021 3:30:09 PM okhttp3.mockwebserver.MockWebServer$3 processOneRequest
INFO: MockWebServer[54308] received request: GET /api/v1/namespaces/entando-k8s-controller-coordinator-carcms80 HTTP/1.1 and responded: HTTP/1.1 404 Client Error
Jan 05, 2021 3:30:09 PM okhttp3.mockwebserver.MockWebServer$3 processOneRequest
INFO: MockWebServer[54308] received request: GET /apis/entando.org/v1/namespaces/default/entandodatabaseservices HTTP/1.1 and responded: HTTP/1.1 200 OK
Jan 05, 2021 3:30:09 PM okhttp3.mockwebserver.MockWebServer$3 processOneRequest
INFO: MockWebServer[54308] received request: GET /apis/entando.org/v1/namespaces/entando-k8s-controller-coordinator-carcms80/entandoplugins?watch=**** HTTP/1.1 and responded: HTTP/1.1 200 OK
Jan 05, 2021 3:30:09 PM io.fabric8.kubernetes.client.dsl.internal.WatchHTTPManager$1 onResponse
INFO: Watch terminated unexpectedly. reason: \n not found: limit=46 content=7b2261706956657273696f6e223a227631222c226b696e64223a224c69737422â€¦
Jan 05, 2021 3:30:09 PM okhttp3.mockwebserver.MockWebServer$3 processOneRequest
INFO: MockWebServer[54308] received request: GET /apis/entando.org/v1/namespaces/entando-k8s-controller-coordinator-carcms80/entandodatabaseservices HTTP/1.1 and responded: HTTP/1.1 200 OK
Jan 05, 2021 3:30:09 PM io.fabric8.kubernetes.client.dsl.internal.WatchHTTPManager$1 onFailure
INFO: Watch connection failed. reason: e**cutor rejected
Jan 05, 2021 3:30:09 PM okhttp3.mockwebserver.MockWebServer$3 processOneRequest
INFO: MockWebServer[54308] received request: GET /apis/entando.org/v1/namespaces/entando-k8s-controller-coordinator-carcms80/entandodatabaseservices?watch=**** HTTP/1.1 and responded: HTTP/1.1 200 OK
Jan 05, 2021 3:30:09 PM okhttp3.mockwebserver.MockWebServer$3 processOneRequest
INFO: MockWebServer[54308] received request: GET /apis/entando.org/v1/namespaces/entando-k8s-controller-coordinator-carcms80/entandodatabaseservices?watch=**** HTTP/1.1 and responded: HTTP/1.1 200 OK
Jan 05, 2021 3:30:09 PM io.fabric8.kubernetes.client.dsl.internal.WatchHTTPManager$1 onResponse
INFO: Watch terminated unexpectedly. reason: \n not found: limit=46 content=7b2261706956657273696f6e223a227631222c226b696e64223a224c69737422â€¦
Jan 05, 2021 3:30:09 PM okhttp3.mockwebserver.MockWebServer$3 processOneRequest
INFO: MockWebServer[54308] received request: GET /api/v1/namespaces/entando-k8s-controller-coordinator-carcms80 HTTP/1.1 and responded: HTTP/1.1 404 Client Error
Jan 05, 2021 3:30:09 PM io.fabric8.kubernetes.client.dsl.internal.WatchHTTPManager$1 onFailure
INFO: Watch connection failed. reason: e**cutor rejected
Jan 05, 2021 3:30:09 PM okhttp3.mockwebserver.MockWebServer$3 processOneRequest
INFO: MockWebServer[54308] received request: POST /api/v1/namespaces HTTP/1.1 and responded: HTTP/1.1 202 OK
Jan 05, 2021 3:30:10 PM okhttp3.mockwebserver.MockWebServer$3 processOneRequest
INFO: MockWebServer[54308] received request: GET /api/v1/namespaces/entando/configmaps/entando-docker-image-info-v6.1 HTTP/1.1 and responded: HTTP/1.1 404 Client Error
Jan 05, 2021 3:30:10 PM okhttp3.mockwebserver.MockWebServer$3 processOneRequest
INFO: MockWebServer[54308] received request: GET /apis/entando.org/v1/namespaces/entando-k8s-controller-coordinator-carcms80/entandoapppluginlinks?watch=**** HTTP/1.1 and responded: HTTP/1.1 200 OK
Jan 05, 2021 3:30:10 PM io.fabric8.kubernetes.client.dsl.internal.WatchHTTPManager$1 onResponse
INFO: Watch terminated unexpectedly. reason: \n not found: limit=46 content=7b2261706956657273696f6e223a227631222c226b696e64223a224c69737422â€¦
Jan 05, 2021 3:30:10 PM okhttp3.mockwebserver.MockWebServer$3 processOneRequest
INFO: MockWebServer[54308] received request: POST /api/v1/namespaces/entando/configmaps HTTP/1.1 and responded: HTTP/1.1 202 OK
Jan 05, 2021 3:30:10 PM io.fabric8.kubernetes.client.dsl.internal.WatchHTTPManager$1 onFailure
INFO: Watch connection failed. reason: e**cutor rejected
Jan 05, 2021 3:30:10 PM okhttp3.mockwebserver.MockWebServer$3 processOneRequest
INFO: MockWebServer[54308] received request: GET /api/v1/namespaces/entando-k8s-controller-coordinator-carcms80 HTTP/1.1 and responded: HTTP/1.1 200 OK
Jan 05, 2021 3:30:10 PM okhttp3.mockwebserver.MockWebServer$3 processOneRequest
INFO: MockWebServer[54308] received request: GET /apis/entando.org/v1/namespaces/entando-k8s-controller-coordinator-carcms80/entandokeycloakservers HTTP/1.1 and responded: HTTP/1.1 200 OK
Jan 05, 2021 3:30:10 PM okhttp3.mockwebserver.MockWebServer$3 processOneRequest
INFO: MockWebServer[54308] received request: GET /api/v1/namespaces/entando-k8s-controller-coordinator-carcms80 HTTP/1.1 and responded: HTTP/1.1 200 OK
Jan 05, 2021 3:30:10 PM okhttp3.mockwebserver.MockWebServer$3 processOneRequest
INFO: MockWebServer[54308] received request: GET /apis/entando.org/v1/namespaces/entando-k8s-controller-coordinator-carcms80/entandokeycloakservers?watch=**** HTTP/1.1 and responded: HTTP/1.1 200 OK
Jan 05, 2021 3:30:10 PM io.fabric8.kubernetes.client.dsl.internal.WatchHTTPManager$1 onResponse
INFO: Watch terminated unexpectedly. reason: \n not found: limit=46 content=7b2261706956657273696f6e223a227631222c226b696e64223a224c69737422â€¦
Jan 05, 2021 3:30:10 PM okhttp3.mockwebserver.MockWebServer$3 processOneRequest
INFO: MockWebServer[54308] received request: GET /apis/entando.org/v1/namespaces/entando-k8s-controller-coordinator-carcms80/entandokeycloakservers HTTP/1.1 and responded: HTTP/1.1 200 OK
Jan 05, 2021 3:30:10 PM okhttp3.mockwebserver.MockWebServer$3 processOneRequest
INFO: MockWebServer[54308] received request: GET /apis/entando.org/v1/namespaces/entando-k8s-controller-coordinator-carcms80/entandocompositeapps?watch=**** HTTP/1.1 and responded: HTTP/1.1 200 OK
Jan 05, 2021 3:30:10 PM io.fabric8.kubernetes.client.dsl.internal.WatchHTTPManager$1 onResponse
INFO: Watch terminated unexpectedly. reason: \n not found: limit=46 content=7b2261706956657273696f6e223a227631222c226b696e64223a224c69737422â€¦
Jan 05, 2021 3:30:10 PM okhttp3.mockwebserver.MockWebServer$3 processOneRequest
INFO: MockWebServer[54308] received request: POST /apis/entando.org/v1/namespaces/entando-k8s-controller-coordinator-carcms80/entandokeycloakservers HTTP/1.1 and responded: HTTP/1.1 202 OK
Jan 05, 2021 3:30:10 PM io.fabric8.kubernetes.client.dsl.internal.WatchHTTPManager$1 onFailure
INFO: Watch connection failed. reason: e**cutor rejected
Jan 05, 2021 3:30:10 PM org.entando.kubernetes.controller.coordinator.EntandoResourceObserver logAction
INFO: Received ADDED for resource EntandoKeycloakServer entando-k8s-controller-coordinator-carcms80/test-keycloak
Jan 05, 2021 3:30:10 PM io.fabric8.kubernetes.client.dsl.internal.WatchHTTPManager$1 onFailure
INFO: Watch connection failed. reason: e**cutor rejected
Jan 05, 2021 3:30:10 PM okhttp3.mockwebserver.MockWebServer$3 processOneRequest
INFO: MockWebServer[54308] received request: GET /api/v1/namespaces/entando/configmaps/entando-docker-image-info-v6.1 HTTP/1.1 and responded: HTTP/1.1 200 OK
Jan 05, 2021 3:30:10 PM okhttp3.mockwebserver.MockWebServer$3 processOneRequest
INFO: MockWebServer[54308] received request: GET /api/v1/namespaces/entando-k8s-controller-coordinator-carcms80/pods?labelSelector=EntandoResourceNamespace%3Dentando-k8s-controller-coordinator-carcms80%2CEntandoResourceKind%3DEntandoKeycloakServer%2CEntandoKeycloakServer%3Dtest-keycloak HTTP/1.1 and responded: HTTP/1.1 200 OK
Jan 05, 2021 3:30:10 PM okhttp3.mockwebserver.MockWebServer$3 processOneRequest
INFO: MockWebServer[54308] received request: GET /api/v1/namespaces/entando-k8s-controller-coordinator-carcms80/pods?labelSelector=EntandoResourceKind%3DEntandoKeycloakServer HTTP/1.1 and responded: HTTP/1.1 200 OK
Jan 05, 2021 3:30:10 PM okhttp3.mockwebserver.MockWebServer$3 processOneRequest
INFO: MockWebServer[54308] received request: GET /api/v1/namespaces/entando-k8s-controller-coordinator-carcms80/pods?labelSelector=EntandoResourceNamespace%3Dentando-k8s-controller-coordinator-carcms80%2CEntandoResourceKind%3DEntandoKeycloakServer%2CEntandoKeycloakServer%3Dtest-keycloak&watch=**** HTTP/1.1 and responded: HTTP/1.1 200 OK
Jan 05, 2021 3:30:10 PM okhttp3.mockwebserver.MockWebServer$3 processOneRequest
INFO: MockWebServer[54308] received request: GET /apis/entando.org/v1/namespaces/entando-k8s-controller-coordinator-carcms80/entandoclusterinfrastructures?watch=**** HTTP/1.1 and responded: HTTP/1.1 200 OK
Jan 05, 2021 3:30:10 PM io.fabric8.kubernetes.client.dsl.internal.WatchHTTPManager$1 onResponse
INFO: Watch terminated unexpectedly. reason: \n not found: limit=46 content=7b2261706956657273696f6e223a227631222c226b696e64223a224c69737422â€¦
Jan 05, 2021 3:30:10 PM okhttp3.mockwebserver.MockWebServer$3 processOneRequest
INFO: MockWebServer[54308] received request: GET /api/v1/namespaces/entando-k8s-controller-coordinator-carcms80/pods?labelSelector=EntandoResourceNamespace%3Dentando-k8s-controller-coordinator-carcms80%2CEntandoResourceKind%3DEntandoKeycloakServer%2CEntandoKeycloakServer%3Dtest-keycloak&watch=**** HTTP/1.1 and responded: HTTP/1.1 200 OK
Jan 05, 2021 3:30:10 PM okhttp3.mockwebserver.MockWebServer$3 processOneRequest
INFO: MockWebServer[54308] received request: GET /api/v1/namespaces/entando-k8s-controller-coordinator-carcms80/pods?labelSelector=EntandoResourceNamespace%3Dentando-k8s-controller-coordinator-carcms80%2CEntandoResourceKind%3DEntandoKeycloakServer%2CEntandoKeycloakServer%3Dtest-keycloak HTTP/1.1 and responded: HTTP/1.1 200 OK
Jan 05, 2021 3:30:10 PM okhttp3.mockwebserver.MockWebServer$3 processOneRequest
INFO: MockWebServer[54308] received request: GET /api/v1/namespaces/entando-k8s-controller-coordinator-carcms80/pods?labelSelector=EntandoResourceKind%3DEntandoKeycloakServer HTTP/1.1 and responded: HTTP/1.1 200 OK
Jan 05, 2021 3:30:10 PM okhttp3.mockwebserver.MockWebServer$3 processOneRequest
INFO: MockWebServer[54308] received request: GET /apis/entando.org/v1/namespaces/entando-k8s-controller-coordinator-carcms80/entandodatabaseservices?watch=**** HTTP/1.1 and responded: HTTP/1.1 200 OK
Jan 05, 2021 3:30:10 PM io.fabric8.kubernetes.client.dsl.internal.WatchHTTPManager$1 onResponse
INFO: Watch terminated unexpectedly. reason: \n not found: limit=46 content=7b2261706956657273696f6e223a227631222c226b696e64223a224c69737422â€¦
Jan 05, 2021 3:30:10 PM io.fabric8.kubernetes.client.dsl.internal.WatchHTTPManager$1 onResponse
INFO: Watch terminated unexpectedly. reason: \n not found: limit=46 content=7b2261706956657273696f6e223a227631222c226b696e64223a224c69737422â€¦
Jan 05, 2021 3:30:10 PM okhttp3.mockwebserver.MockWebServer$3 processOneRequest
INFO: MockWebServer[54308] received request: GET /api/v1/namespaces/entando-k8s-controller-coordinator-carcms80/pods?labelSelector=EntandoResourceNamespace%3Dentando-k8s-controller-coordinator-carcms80%2CEntandoResourceKind%3DEntandoKeycloakServer%2CEntandoKeycloakServer%3Dtest-keycloak HTTP/1.1 and responded: HTTP/1.1 200 OK
Jan 05, 2021 3:30:10 PM io.fabric8.kubernetes.client.dsl.internal.WatchHTTPManager$1 onFailure
INFO: Watch connection failed. reason: e**cutor rejected
Jan 05, 2021 3:30:11 PM io.fabric8.kubernetes.client.dsl.internal.WatchHTTPManager$1 onFailure
INFO: Watch connection failed. reason: e**cutor rejected
Jan 05, 2021 3:30:11 PM okhttp3.mockwebserver.MockWebServer$3 processOneRequest
INFO: MockWebServer[54308] received request: GET /api/v1/namespaces/entando-k8s-controller-coordinator-carcms80/pods?labelSelector=EntandoResourceKind%3DEntandoKeycloakServer HTTP/1.1 and responded: HTTP/1.1 200 OK
Jan 05, 2021 3:30:11 PM okhttp3.mockwebserver.MockWebServer$3 processOneRequest
INFO: MockWebServer[54308] received request: GET /api/v1/namespaces/entando-k8s-controller-coordinator-carcms80/pods?labelSelector=EntandoResourceKind%3DEntandoKeycloakServer HTTP/1.1 and responded: HTTP/1.1 200 OK
Jan 05, 2021 3:30:11 PM okhttp3.mockwebserver.MockWebServer$3 processOneRequest
INFO: MockWebServer[54308] received request: GET /apis/entando.org/v1/namespaces/entando-k8s-controller-coordinator-carcms80/entandoapps?watch=**** HTTP/1.1 and responded: HTTP/1.1 200 OK
Jan 05, 2021 3:30:11 PM io.fabric8.kubernetes.client.dsl.internal.WatchHTTPManager$1 onResponse
INFO: Watch terminated unexpectedly. reason: \n not found: limit=46 content=7b2261706956657273696f6e223a227631222c226b696e64223a224c69737422â€¦
Jan 05, 2021 3:30:11 PM okhttp3.mockwebserver.MockWebServer$3 processOneRequest
INFO: MockWebServer[54308] received request: GET /api/v1/namespaces/entando-k8s-controller-coordinator-carcms80/pods?labelSelector=EntandoResourceKind%3DEntandoKeycloakServer HTTP/1.1 and responded: HTTP/1.1 200 OK
Jan 05, 2021 3:30:11 PM io.fabric8.kubernetes.client.dsl.internal.WatchHTTPManager$1 onFailure
INFO: Watch connection failed. reason: e**cutor rejected
Jan 05, 2021 3:30:11 PM okhttp3.mockwebserver.MockWebServer$3 processOneRequest
INFO: MockWebServer[54308] received request: GET /api/v1/namespaces/entando-k8s-controller-coordinator-carcms80/pods?labelSelector=EntandoResourceKind%3DEntandoKeycloakServer HTTP/1.1 and responded: HTTP/1.1 200 OK
Jan 05, 2021 3:30:11 PM io.fabric8.kubernetes.client.dsl.internal.WatchHTTPManager$1 onFailure
INFO: Watch connection failed. reason: e**cutor rejected
Jan 05, 2021 3:30:11 PM okhttp3.mockwebserver.MockWebServer$3 processOneRequest
INFO: MockWebServer[54308] received request: GET /api/v1/namespaces/entando-k8s-controller-coordinator-carcms80/pods?labelSelector=EntandoResourceKind%3DEntandoKeycloakServer HTTP/1.1 and responded: HTTP/1.1 200 OK
Jan 05, 2021 3:30:11 PM okhttp3.mockwebserver.MockWebServer$3 processOneRequest
INFO: MockWebServer[54308] received request: GET /apis/entando.org/v1/namespaces/entando-k8s-controller-coordinator-carcms80/entandoplugins?watch=**** HTTP/1.1 and responded: HTTP/1.1 200 OK
Jan 05, 2021 3:30:11 PM io.fabric8.kubernetes.client.dsl.internal.WatchHTTPManager$1 onResponse
INFO: Watch terminated unexpectedly. reason: \n not found: limit=46 content=7b2261706956657273696f6e223a227631222c226b696e64223a224c69737422â€¦
Jan 05, 2021 3:30:11 PM io.fabric8.kubernetes.client.dsl.internal.WatchHTTPManager$1 onFailure
INFO: Watch connection failed. reason: e**cutor rejected
Jan 05, 2021 3:30:11 PM okhttp3.mockwebserver.MockWebServer$3 processOneRequest
INFO: MockWebServer[54308] received request: GET /api/v1/namespaces/entando-k8s-controller-coordinator-carcms80/pods?labelSelector=EntandoResourceKind%3DEntandoKeycloakServer HTTP/1.1 and responded: HTTP/1.1 200 OK
Jan 05, 2021 3:30:11 PM okhttp3.mockwebserver.MockWebServer$3 processOneRequest
INFO: MockWebServer[54308] received request: GET /api/v1/namespaces/entando-k8s-controller-coordinator-carcms80/pods?labelSelector=EntandoResourceNamespace%3Dentando-k8s-controller-coordinator-carcms80%2CEntandoResourceKind%3DEntandoKeycloakServer%2CEntandoKeycloakServer%3Dtest-keycloak&watch=**** HTTP/1.1 and responded: HTTP/1.1 200 OK
Jan 05, 2021 3:30:11 PM io.fabric8.kubernetes.client.dsl.internal.WatchHTTPManager$1 onResponse
INFO: Watch terminated unexpectedly. reason: \n not found: limit=46 content=7b2261706956657273696f6e223a227631222c226b696e64223a224c69737422â€¦
Jan 05, 2021 3:30:11 PM io.fabric8.kubernetes.client.dsl.internal.WatchHTTPManager scheduleReconnect
WARN: Ignoring error for already closed/closing connection
Jan 05, 2021 3:30:11 PM okhttp3.mockwebserver.MockWebServer$3 processOneRequest
INFO: MockWebServer[54308] received request: GET /api/v1/namespaces/entando-k8s-controller-coordinator-carcms80/pods?labelSelector=EntandoResourceKind%3DEntandoKeycloakServer HTTP/1.1 and responded: HTTP/1.1 200 OK
Jan 05, 2021 3:30:11 PM okhttp3.mockwebserver.MockWebServer$3 processOneRequest
INFO: MockWebServer[54308] received request: GET /api/v1/namespaces/entando-k8s-controller-coordinator-carcms80/secrets/test-keycloak-controller-ca-cert-secret HTTP/1.1 and responded: HTTP/1.1 404 Client Error
Jan 05, 2021 3:30:12 PM okhttp3.mockwebserver.MockWebServer$3 processOneRequest
INFO: MockWebServer[54308] received request: POST /api/v1/namespaces/entando-k8s-controller-coordinator-carcms80/secrets HTTP/1.1 and responded: HTTP/1.1 202 OK
Jan 05, 2021 3:30:12 PM okhttp3.mockwebserver.MockWebServer$3 processOneRequest
INFO: MockWebServer[54308] received request: POST /api/v1/namespaces/entando-k8s-controller-coordinator-carcms80/pods HTTP/1.1 and responded: HTTP/1.1 202 OK
Jan 05, 2021 3:30:12 PM okhttp3.mockwebserver.MockWebServer$3 processOneRequest
INFO: MockWebServer[54308] received request: GET /apis/entando.org/v1/namespaces/entando-k8s-controller-coordinator-carcms80/entandoapppluginlinks?watch=**** HTTP/1.1 and responded: HTTP/1.1 200 OK
Jan 05, 2021 3:30:12 PM io.fabric8.kubernetes.client.dsl.internal.WatchHTTPManager$1 onResponse
INFO: Watch terminated unexpectedly. reason: \n not found: limit=46 content=7b2261706956657273696f6e223a227631222c226b696e64223a224c69737422â€¦
Jan 05, 2021 3:30:12 PM okhttp3.mockwebserver.MockWebServer$3 processOneRequest
INFO: MockWebServer[54308] received request: GET /api/v1/namespaces/entando-k8s-controller-coordinator-carcms80/pods?labelSelector=EntandoResourceKind%3DEntandoKeycloakServer HTTP/1.1 and responded: HTTP/1.1 200 OK
Jan 05, 2021 3:30:12 PM okhttp3.mockwebserver.MockWebServer$3 processOneRequest
INFO: MockWebServer[54308] received request: GET /api/v1/namespaces/entando-k8s-controller-coordinator-carcms80/pods?labelSelector=EntandoResourceKind%3DEntandoKeycloakServer HTTP/1.1 and responded: HTTP/1.1 200 OK
Jan 05, 2021 3:30:12 PM okhttp3.mockwebserver.MockWebServer$2 acceptConnections
INFO: MockWebServer[54308] done accepting connections: Socket closed
[INFO] Tests run: 1, Failures: 0, Errors: 0, Skipped: 0, Time elapsed: 5.619 s - in org.entando.kubernetes.controller.coordinator.inprocesstests.ControllerCoordinatorMockedTest
[INFO] 
[INFO] Results:
[INFO] 
[INFO] Tests run: 11, Failures: 0, Errors: 0, Skipped: 0
[INFO] 
[INFO] 
[INFO] --- maven-jar-plugin:3.2.0:jar (default-jar) @ entando-k8s-controller-coordinator ---
[INFO] Building jar: /workspace/source/target/entando-k8s-controller-coordinator-6.2.24.jar
[INFO] 
[INFO] --- maven-jar-plugin:3.2.0:test-jar (build-test-jar) @ entando-k8s-controller-coordinator ---
[INFO] Building jar: /workspace/source/target/entando-k8s-controller-coordinator-6.2.24-tests.jar
[INFO] 
[INFO] --- maven-source-plugin:3.2.1:jar-no-fork (attach-sources) @ entando-k8s-controller-coordinator ---
[INFO] Building jar: /workspace/source/target/entando-k8s-controller-coordinator-6.2.24-sources.jar
[INFO] 
[INFO] >>> maven-source-plugin:3.2.1:test-jar (attach-sources) > generate-sources @ entando-k8s-controller-coordinator >>>
[INFO] 
[INFO] --- maven-checkstyle-plugin:3.1.1:check (validate) @ entando-k8s-controller-coordinator ---
[INFO] Starting audit...
Audit done.
[INFO] You have 0 Checkstyle violations.
[INFO] 
[INFO] --- maven-checkstyle-plugin:3.1.1:checkstyle (validate) @ entando-k8s-controller-coordinator ---
[INFO] Starting audit...
Audit done.
[INFO] 
[INFO] --- jacoco-maven-plugin:0.8.5:prepare-agent (prepare-agent) @ entando-k8s-controller-coordinator ---
[INFO] argLine set to -javaagent:/home/jenkins/.mvnrepository/org/jacoco/org.jacoco.agent/0.8.5/org.jacoco.agent-0.8.5-runtime.jar=destfile=/workspace/source/target/jacoco.e**c
[INFO] 
[INFO] <<< maven-source-plugin:3.2.1:test-jar (attach-sources) < generate-sources @ entando-k8s-controller-coordinator <<<
[INFO] 
[INFO] 
[INFO] --- maven-source-plugin:3.2.1:test-jar (attach-sources) @ entando-k8s-controller-coordinator ---
[INFO] Building jar: /workspace/source/target/entando-k8s-controller-coordinator-6.2.24-test-sources.jar
[INFO] 
[INFO] --- maven-javadoc-plugin:3.2.0:jar (attach-javadocs) @ entando-k8s-controller-coordinator ---
[INFO] No previous run data found, generating javadoc.
[INFO] 
Loading source files for package org.entando.kubernetes.controller.coordinator...
Constructing Javadoc information...
Standard Doclet version 11.0.6
Building tree for all the packages and classes...
Generating /workspace/source/target/apidocs/org/entando/kubernetes/controller/coordinator/EntandoControllerCoordinator.html...
Generating /workspace/source/target/apidocs/org/entando/kubernetes/controller/coordinator/EntandoDeploymentPhaseWatcher.html...
Generating /workspace/source/target/apidocs/org/entando/kubernetes/controller/coordinator/EntandoOperatorMatcher.html...
Generating /workspace/source/target/apidocs/org/entando/kubernetes/controller/coordinator/EntandoResourceObserver.html...
Generating /workspace/source/target/apidocs/org/entando/kubernetes/controller/coordinator/package-summary.html...
Generating /workspace/source/target/apidocs/org/entando/kubernetes/controller/coordinator/package-tree.html...
Generating /workspace/source/target/apidocs/constant-values.html...
Generating /workspace/source/target/apidocs/org/entando/kubernetes/controller/coordinator/class-use/EntandoControllerCoordinator.html...
Generating /workspace/source/target/apidocs/org/entando/kubernetes/controller/coordinator/class-use/EntandoOperatorMatcher.html...
Generating /workspace/source/target/apidocs/org/entando/kubernetes/controller/coordinator/class-use/EntandoResourceObserver.html...
Generating /workspace/source/target/apidocs/org/entando/kubernetes/controller/coordinator/class-use/EntandoDeploymentPhaseWatcher.html...
Generating /workspace/source/target/apidocs/org/entando/kubernetes/controller/coordinator/package-use.html...
Building index for all the packages and classes...
Generating /workspace/source/target/apidocs/overview-tree.html...
Generating /workspace/source/target/apidocs/index-all.html...
Building index for all classes...
Generating /workspace/source/target/apidocs/allclasses-index.html...
Generating /workspace/source/target/apidocs/allpackages-index.html...
Generating /workspace/source/target/apidocs/deprecated-list.html...
Building index for all classes...
Generating /workspace/source/target/apidocs/allclasses.html...
Generating /workspace/source/target/apidocs/allclasses.html...
Generating /workspace/source/target/apidocs/index.html...
Generating /workspace/source/target/apidocs/help-doc.html...
[INFO] Building jar: /workspace/source/target/entando-k8s-controller-coordinator-6.2.24-javadoc.jar
[INFO] 
[INFO] --- quarkus-maven-plugin:1.2.0.Final:build (default) @ entando-k8s-controller-coordinator ---
[INFO] [org.jboss.threads] JBoss Threads version 3.0.0.Final
[WARNING] [io.quarkus.kubernetes.client.deployment.KubernetesClientProcessor] Watcher 'org.entando.kubernetes.controller.coordinator.EntandoDeploymentPhaseWatcher' will most likely not work correctly in native mode. Consider specifying the generic type of 'io.fabric8.kubernetes.client.Watcher' that this class handles. See https://quarkus.io/guides/kubernetes-client#note-on-implementing-the-watcher-interface for more details
[WARNING] [io.quarkus.kubernetes.client.deployment.KubernetesClientProcessor] Watcher 'org.entando.kubernetes.controller.coordinator.EntandoResourceObserver' will most likely not work correctly in native mode. Consider specifying the generic type of 'io.fabric8.kubernetes.client.Watcher' that this class handles. See https://quarkus.io/guides/kubernetes-client#note-on-implementing-the-watcher-interface for more details
[INFO] [io.quarkus.deployment.pkg.steps.JarResultBuildStep] Building thin jar: /workspace/source/target/entando-k8s-controller-coordinator-6.2.24-runner.jar
[INFO] [io.quarkus.deployment.QuarkusAugmentor] Quarkus augmentation completed in 2363ms
[INFO] 
[INFO] --- maven-surefire-report-plugin:3.0.0-M4:failsafe-report-only (integration-tests) @ entando-k8s-controller-coordinator ---
[INFO] 
[INFO] --- dependency-check-maven:6.0.3:aggregate (default) @ entando-k8s-controller-coordinator ---
[INFO] Skipping National Vulnerability Database Report
[INFO] 
[INFO] --- jacoco-maven-plugin:0.8.5:report (report) @ entando-k8s-controller-coordinator ---
[INFO] Loading e**cution data file /workspace/source/target/jacoco.e**c
[INFO] Analyzed bundle 'Entando K8S Controller Coordinator' with 4 classes
[INFO] 
[INFO] --- maven-gpg-plugin:1.6:sign (sign-artifacts) @ entando-k8s-controller-coordinator ---
gpg: WARNING: unsafe permissions on homedir `********************'
gpg: WARNING: unsafe permissions on homedir `********************'
gpg: WARNING: unsafe permissions on homedir `********************'
gpg: WARNING: unsafe permissions on homedir `********************'
gpg: WARNING: unsafe permissions on homedir `********************'
gpg: WARNING: unsafe permissions on homedir `********************'
[INFO] 
[INFO] --- maven-surefire-report-plugin:3.0.0-M4:report-only (unit-tests) @ entando-k8s-controller-coordinator ---
[WARNING] Unable to locate Test Source XRef to link to - DISABLED
[INFO] 
[INFO] --- maven-install-plugin:2.4:install (default-install) @ entando-k8s-controller-coordinator ---
[INFO] Installing /workspace/source/target/entando-k8s-controller-coordinator-6.2.24.jar to /home/jenkins/.mvnrepository/org/entando/entando-k8s-controller-coordinator/6.2.24/entando-k8s-controller-coordinator-6.2.24.jar
[INFO] Installing /workspace/source/pom.xml to /home/jenkins/.mvnrepository/org/entando/entando-k8s-controller-coordinator/6.2.24/entando-k8s-controller-coordinator-6.2.24.pom
[INFO] Installing /workspace/source/target/entando-k8s-controller-coordinator-6.2.24-tests.jar to /home/jenkins/.mvnrepository/org/entando/entando-k8s-controller-coordinator/6.2.24/entando-k8s-controller-coordinator-6.2.24-tests.jar
[INFO] Installing /workspace/source/target/entando-k8s-controller-coordinator-6.2.24-sources.jar to /home/jenkins/.mvnrepository/org/entando/entando-k8s-controller-coordinator/6.2.24/entando-k8s-controller-coordinator-6.2.24-sources.jar
[INFO] Installing /workspace/source/target/entando-k8s-controller-coordinator-6.2.24-test-sources.jar to /home/jenkins/.mvnrepository/org/entando/entando-k8s-controller-coordinator/6.2.24/entando-k8s-controller-coordinator-6.2.24-test-sources.jar
[INFO] Installing /workspace/source/target/entando-k8s-controller-coordinator-6.2.24-javadoc.jar to /home/jenkins/.mvnrepository/org/entando/entando-k8s-controller-coordinator/6.2.24/entando-k8s-controller-coordinator-6.2.24-javadoc.jar
[INFO] Installing /workspace/source/target/entando-k8s-controller-coordinator-6.2.24.jar.asc to /home/jenkins/.mvnrepository/org/entando/entando-k8s-controller-coordinator/6.2.24/entando-k8s-controller-coordinator-6.2.24.jar.asc
[INFO] Installing /workspace/source/target/entando-k8s-controller-coordinator-6.2.24.pom.asc to /home/jenkins/.mvnrepository/org/entando/entando-k8s-controller-coordinator/6.2.24/entando-k8s-controller-coordinator-6.2.24.pom.asc
[INFO] Installing /workspace/source/target/entando-k8s-controller-coordinator-6.2.24-tests.jar.asc to /home/jenkins/.mvnrepository/org/entando/entando-k8s-controller-coordinator/6.2.24/entando-k8s-controller-coordinator-6.2.24-tests.jar.asc
[INFO] Installing /workspace/source/target/entando-k8s-controller-coordinator-6.2.24-sources.jar.asc to /home/jenkins/.mvnrepository/org/entando/entando-k8s-controller-coordinator/6.2.24/entando-k8s-controller-coordinator-6.2.24-sources.jar.asc
[INFO] Installing /workspace/source/target/entando-k8s-controller-coordinator-6.2.24-test-sources.jar.asc to /home/jenkins/.mvnrepository/org/entando/entando-k8s-controller-coordinator/6.2.24/entando-k8s-controller-coordinator-6.2.24-test-sources.jar.asc
[INFO] Installing /workspace/source/target/entando-k8s-controller-coordinator-6.2.24-javadoc.jar.asc to /home/jenkins/.mvnrepository/org/entando/entando-k8s-controller-coordinator/6.2.24/entando-k8s-controller-coordinator-6.2.24-javadoc.jar.asc
[INFO] 
[INFO] --- maven-deploy-plugin:2.8.2:deploy (default-deploy) @ entando-k8s-controller-coordinator ---
[INFO] Using alternate deployment repository local-nexus::default::http://nexus/repository/maven-releases/
[INFO] 
[INFO] --- maven-site-plugin:3.9.0:site (default-site) @ entando-k8s-controller-coordinator ---
[INFO] configuring report plugin org.apache.maven.plugins:maven-project-info-reports-plugin:3.0.0
[INFO] 9 reports configured for maven-project-info-reports-plugin:3.0.0: dependency-info, distribution-management, index, ci-management, issue-management, licenses, plugins, scm, summary
[INFO] Rendering site with default locale English (en)
[WARNING] Unable to find a URL to the parent project. The parent menu will NOT be added.
[INFO] Relativizing decoration links with respect to localized project URL: https://central.entando.com
[INFO] Rendering content with org.apache.maven.skins:maven-default-skin:jar:1.3 skin.
[INFO] Generating "Dependency Information" report --- maven-project-info-reports-plugin:3.0.0:dependency-info
[INFO] Generating "About" report         --- maven-project-info-reports-plugin:3.0.0:index
[INFO] Generating "Issue Management" report --- maven-project-info-reports-plugin:3.0.0:issue-management
[INFO] Generating "Licenses" report      --- maven-project-info-reports-plugin:3.0.0:licenses
[INFO] Generating "Plugins" report       --- maven-project-info-reports-plugin:3.0.0:plugins
[INFO] Generating "Source Code Management" report --- maven-project-info-reports-plugin:3.0.0:scm
[INFO] Generating "Summary" report       --- maven-project-info-reports-plugin:3.0.0:summary
[INFO] 
[INFO] -----------< org.entando:entando-k8s-controller-coordinator >-----------
[INFO] Building Entando K8S Controller Coordinator 6.2.24
[INFO] --------------------------------[ jar ]---------------------------------
[INFO] 
[INFO] --- sonar-maven-plugin:3.7.0.1746:sonar (default-cli) @ entando-k8s-controller-coordinator ---
[INFO] User cache: /****/.sonar/cache
[INFO] SonarQube version: 8.5.0
[INFO] Default locale: "en", source code encoding: "UTF-8"
[INFO] Load global settings
[INFO] Load global settings (done) | time=212ms
[INFO] Server id: 1BD809FA-AWHW8ct9-T_TB3XqouNu
[INFO] User cache: /****/.sonar/cache
[INFO] Load/download plugins
[INFO] Load plugins index
[INFO] Load plugins index (done) | time=335ms
[INFO] Load/download plugins (done) | time=26276ms
[INFO] Loaded core extensions: developer-scanner
[INFO] JavaScript/TypeScript frontend is enabled
[INFO] Load project settings for component key: 'entando-k8s_entando-k8s-controller-coordinator'
[INFO] Load project settings for component key: 'entando-k8s_entando-k8s-controller-coordinator' (done) | time=37ms
[INFO] Process project properties
[INFO] E**cute project builders
[INFO] E**cute project builders (done) | time=2ms
[INFO] Project key: entando-k8s_entando-k8s-controller-coordinator
[INFO] Base dir: /workspace/source
[INFO] Working dir: /workspace/source/target/sonar
[INFO] Load project branches
[INFO] Load project branches (done) | time=45ms
[INFO] Check ALM binding of project 'entando-k8s_entando-k8s-controller-coordinator'
[INFO] Detected project binding: BOUND
[INFO] Check ALM binding of project 'entando-k8s_entando-k8s-controller-coordinator' (done) | time=49ms
[INFO] Load project pull requests
[INFO] Load project pull requests (done) | time=34ms
[INFO] Load branch configuration
[INFO] Load branch configuration (done) | time=3ms
[INFO] Load quality profiles
[INFO] Load quality profiles (done) | time=89ms
[INFO] Load active rules
[INFO] Load active rules (done) | time=1464ms
[INFO] Organization key: entando-k8s
[INFO] Indexing files...
[INFO] Project configuration:
[WARNING] Exception caught during e**cution of command '[/usr/local/git/bin/git, config, --******, --edit]' in '/usr/local/git/bin', return code '128', error message 'fatal: Invalid path '/usr/local/git/etc': No such file or directory
'
[INFO] 12 files inde**d
[INFO] 0 files ignored because of scm ignore settings
[INFO] Quality profile for java: Sonar way
[INFO] Quality profile for xml: Sonar way
[INFO] ------------- Run sensors on module Entando K8S Controller Coordinator
[INFO] JavaScript/TypeScript frontend is enabled
[INFO] Load metrics repository
[INFO] Load metrics repository (done) | time=34ms
[INFO] Sensor JavaSquidSensor [java]
[INFO] Configured Java source version (sonar.java.source): 8
[INFO] JavaClasspath initialization
[INFO] JavaClasspath initialization (done) | time=15ms
[INFO] JavaTestClasspath initialization
[INFO] JavaTestClasspath initialization (done) | time=2ms
[INFO] Java Main Files AST scan
[INFO] 4 source files to be analyzed
[INFO] Load project repositories
[INFO] Load project repositories (done) | time=34ms
[INFO] Java Main Files AST scan (done) | time=3675ms
[INFO] Java Test Files AST scan
[INFO] 7 source files to be analyzed
[INFO] 4/4 source files have been analyzed
[INFO] Java Test Files AST scan (done) | time=989ms
[INFO] 7/7 source files have been analyzed
[INFO] Java Generated Files AST scan
[INFO] 0 source files to be analyzed
[INFO] Java Generated Files AST scan (done) | time=2ms
[INFO] Sensor JavaSquidSensor [java] (done) | time=5151ms
[INFO] Sensor SonarCSS Rules [cssfamily]
[INFO] 0/0 source files have been analyzed
[INFO] No CSS, PHP, HTML or VueJS files are found in the project. CSS analysis is skipped.
[INFO] Sensor SonarCSS Rules [cssfamily] (done) | time=1ms
[INFO] Sensor C# Properties [csharp]
[INFO] Sensor C# Properties [csharp] (done) | time=1ms
[INFO] Sensor Import of Checkstyle issues [java]
[INFO] Importing /workspace/source/target/checkstyle-result.xml
[INFO] Sensor Import of Checkstyle issues [java] (done) | time=86ms
[INFO] Sensor SurefireSensor [java]
[INFO] parsing [/workspace/source/target/surefire-reports]
[INFO] Sensor SurefireSensor [java] (done) | time=63ms
[INFO] Sensor JavaXmlSensor [java]
[INFO] 1 source files to be analyzed
[INFO] Sensor JavaXmlSensor [java] (done) | time=247ms
[INFO] Sensor HTML [web]
[INFO] 1/1 source files have been analyzed
[INFO] Sensor HTML [web] (done) | time=5ms
[INFO] Sensor XML Sensor [xml]
[INFO] 1 source files to be analyzed
[INFO] Sensor XML Sensor [xml] (done) | time=676ms
[INFO] Sensor VB.NET Properties [vbnet]
[INFO] Sensor VB.NET Properties [vbnet] (done) | time=1ms
[INFO] Sensor JaCoCo XML Report Importer [jacoco]
[INFO] 1/1 source files have been analyzed
[INFO] Importing 1 report(s). Turn your logs in debug mode in order to see the exhaustive list.
[INFO] Sensor JaCoCo XML Report Importer [jacoco] (done) | time=63ms
[INFO] Sensor ThymeLeaf template sensor [securityjavafrontend]
[INFO] Sensor ThymeLeaf template sensor [securityjavafrontend] (done) | time=3ms
[INFO] Sensor JavaSecuritySensor [security]
[INFO] Reading type hierarchy from: /workspace/source/target/sonar/ucfg2/java
[INFO] Read 100 type definitions
[INFO] Reading UCFGs from: /workspace/source/target/sonar/ucfg2/java
[INFO] 15:31:25.379968 Building Runtime Type propagation graph
[INFO] 15:31:25.393788 Running Tarjan on 85 nodes
[INFO] 15:31:25.396806 Tarjan found 85 components
[INFO] 15:31:25.40066 Variable type analysis: done
[INFO] 15:31:25.422663 Building Runtime Type propagation graph
[INFO] 15:31:25.429078 Running Tarjan on 85 nodes
[INFO] 15:31:25.430038 Tarjan found 85 components
[INFO] 15:31:25.430756 Variable type analysis: done
[INFO] Analyzing 28 ucfgs to detect vulnerabilities.
[INFO] All rules entrypoints : 0 Retained UCFGs : 0
[INFO] rule: S5131, entrypoints: 0
[INFO] rule: S5131 done
[INFO] rule: S3649, entrypoints: 0
[INFO] rule: S3649 done
[INFO] rule: S2076, entrypoints: 0
[INFO] rule: S2076 done
[INFO] rule: S2091, entrypoints: 0
[INFO] rule: S2091 done
[INFO] rule: S2078, entrypoints: 0
[INFO] rule: S2078 done
[INFO] rule: S2631, entrypoints: 0
[INFO] rule: S2631 done
[INFO] rule: S5135, entrypoints: 0
[INFO] rule: S5135 done
[INFO] rule: S2083, entrypoints: 0
[INFO] rule: S2083 done
[INFO] rule: S5167, entrypoints: 0
[INFO] rule: S5167 done
[INFO] rule: S5144, entrypoints: 0
[INFO] rule: S5144 done
[INFO] rule: S5145, entrypoints: 0
[INFO] rule: S5145 done
[INFO] rule: S5146, entrypoints: 0
[INFO] rule: S5146 done
[INFO] rule: S5334, entrypoints: 0
[INFO] rule: S5334 done
[INFO] Sensor JavaSecuritySensor [security] (done) | time=665ms
[INFO] Sensor CSharpSecuritySensor [security]
[INFO] Reading type hierarchy from: /workspace/source/target/ucfg_cs2
[INFO] Read 0 type definitions
[INFO] Reading UCFGs from: /workspace/source/target/ucfg_cs2
[INFO] No UCFGs have been included for analysis.
[INFO] Sensor CSharpSecuritySensor [security] (done) | time=1ms
[INFO] Sensor PhpSecuritySensor [security]
[INFO] Reading type hierarchy from: /workspace/source/target/sonar/ucfg2/php
[INFO] Read 0 type definitions
[INFO] Reading UCFGs from: /workspace/source/target/sonar/ucfg2/php
[INFO] No UCFGs have been included for analysis.
[INFO] Sensor PhpSecuritySensor [security] (done) | time=1ms
[INFO] Sensor PythonSecuritySensor [security]
[INFO] Reading type hierarchy from: /workspace/source/target/sonar/ucfg2/python
[INFO] Read 0 type definitions
[INFO] Reading UCFGs from: /workspace/source/target/sonar/ucfg2/python
[INFO] No UCFGs have been included for analysis.
[INFO] Sensor PythonSecuritySensor [security] (done) | time=1ms
[INFO] Sensor JsSecuritySensor [security]
[INFO] Reading type hierarchy from: /workspace/source/target/sonar/ucfg2/js
[INFO] Read 0 type definitions
[INFO] Reading UCFGs from: /workspace/source/target/sonar/ucfg2/js
[INFO] No UCFGs have been included for analysis.
[INFO] Sensor JsSecuritySensor [security] (done) | time=2ms
[INFO] ------------- Run sensors on project
[INFO] Sensor Zero Coverage Sensor
[INFO] Sensor Zero Coverage Sensor (done) | time=1ms
[INFO] Sensor Java CPD Block Inde**r
[INFO] Sensor Java CPD Block Inde**r (done) | time=50ms
[INFO] SCM Publisher SCM provider for this project is: git
[INFO] SCM Publisher 12 source files to be analyzed
[WARNING] Shallow clone detected, no blame information will be provided. You can convert to non-shallow with 'git fetch --unshallow'.
[INFO] SCM Publisher 0/12 source files have been analyzed (done) | time=4ms
[WARNING] Missing blame information for the following files:
[WARNING]   * src/test/java/org/entando/kubernetes/controller/coordinator/inprocesstests/EntandoOperatorMatcherTest.java
[WARNING]   * src/main/java/org/entando/kubernetes/controller/coordinator/EntandoOperatorMatcher.java
[WARNING]   * src/test/java/org/entando/kubernetes/controller/coordinator/interprocesstests/ControllerCoordinatorIntegratedTest.java
[WARNING]   * src/test/java/org/entando/kubernetes/controller/coordinator/inprocesstests/ControllerCoordinatorMockedTest.java
[WARNING]   * src/main/java/org/entando/kubernetes/controller/coordinator/EntandoResourceObserver.java
[WARNING]   * src/test/java/org/entando/kubernetes/controller/coordinator/ImageVersionPreparation.java
[WARNING]   * src/main/java/org/entando/kubernetes/controller/coordinator/EntandoDeploymentPhaseWatcher.java
[WARNING]   * src/main/java/org/entando/kubernetes/controller/coordinator/EntandoControllerCoordinator.java
[WARNING]   * src/test/java/org/entando/kubernetes/controller/coordinator/AbstractControllerCoordinatorTest.java
[WARNING]   * src/test/java/org/entando/kubernetes/controller/coordinator/inprocesstests/DeploymentPhaseWatcherTest.java
[WARNING]   * pom.xml
[WARNING]   * src/test/java/org/entando/kubernetes/controller/coordinator/inprocesstests/ControllerCoordinatorEdgeConditionsTest.java
[WARNING] This may lead to missing/broken features in SonarCloud
[INFO] CPD E**cutor Calculating CPD for 4 files
[INFO] CPD E**cutor CPD calculation finished (done) | time=64ms
[INFO] Analysis report generated in 247ms, dir size=277 KB
[INFO] Analysis report compressed in 38ms, zip size=79 KB
[INFO] Analysis report uploaded in 187ms
[INFO] ANALYSIS SUCCESSFUL, you can find the results at: https://sonarcloud.io/dashboard?id=entando-k8s_entando-k8s-controller-coordinator
[INFO] Note that you will be able to access the updated dashboard once the server has processed the submitted analysis report
[INFO] More about the report processing at https://sonarcloud.io/api/ce/task?id=AXbTLKIHnUD-5QMMGYjH
[INFO] Analysis total time: 13.501 s
[INFO] ------------------------------------------------------------------------
[INFO] BUILD SUCCESS
[INFO] ------------------------------------------------------------------------
[INFO] Total time:  02:33 min
[INFO] Finished at: 2021-01-05T15:31:26Z
[INFO] ------------------------------------------------------------------------
shallow cloning https://github.com/entando-k8s/devops-results.git branch gh-pages
ran git init in /tmp/jenkins-x-collect876949091
ran git add remote origin https://github.com/entando-k8s/devops-results.git in /tmp/jenkins-x-collect876949091
ran git fetch origin --depth=1 gh-pages in dir /tmp/jenkins-x-collect876949091
Publishing https://raw.githubusercontent.com/entando-k8s/devops-results/gh-pages/entando-k8s-controller-coordinator/master/checkstyle.html
Publishing https://raw.githubusercontent.com/entando-k8s/devops-results/gh-pages/entando-k8s-controller-coordinator/master/checkstyle.rss
Publishing https://raw.githubusercontent.com/entando-k8s/devops-results/gh-pages/entando-k8s-controller-coordinator/master/css/maven-base.css
Publishing https://raw.githubusercontent.com/entando-k8s/devops-results/gh-pages/entando-k8s-controller-coordinator/master/css/maven-theme.css
Publishing https://raw.githubusercontent.com/entando-k8s/devops-results/gh-pages/entando-k8s-controller-coordinator/master/css/print.css
Publishing https://raw.githubusercontent.com/entando-k8s/devops-results/gh-pages/entando-k8s-controller-coordinator/master/css/site.css
Publishing https://raw.githubusercontent.com/entando-k8s/devops-results/gh-pages/entando-k8s-controller-coordinator/master/dependency-info.html
Publishing https://raw.githubusercontent.com/entando-k8s/devops-results/gh-pages/entando-k8s-controller-coordinator/master/images/collapsed.gif
Publishing https://raw.githubusercontent.com/entando-k8s/devops-results/gh-pages/entando-k8s-controller-coordinator/master/images/expanded.gif
Publishing https://raw.githubusercontent.com/entando-k8s/devops-results/gh-pages/entando-k8s-controller-coordinator/master/images/external.png
Publishing https://raw.githubusercontent.com/entando-k8s/devops-results/gh-pages/entando-k8s-controller-coordinator/master/images/icon_error_sml.gif
Publishing https://raw.githubusercontent.com/entando-k8s/devops-results/gh-pages/entando-k8s-controller-coordinator/master/images/icon_info_sml.gif
Publishing https://raw.githubusercontent.com/entando-k8s/devops-results/gh-pages/entando-k8s-controller-coordinator/master/images/icon_success_sml.gif
Publishing https://raw.githubusercontent.com/entando-k8s/devops-results/gh-pages/entando-k8s-controller-coordinator/master/images/icon_warning_sml.gif
Publishing https://raw.githubusercontent.com/entando-k8s/devops-results/gh-pages/entando-k8s-controller-coordinator/master/images/logos/build-by-maven-black.png
Publishing https://raw.githubusercontent.com/entando-k8s/devops-results/gh-pages/entando-k8s-controller-coordinator/master/images/logos/build-by-maven-white.png
Publishing https://raw.githubusercontent.com/entando-k8s/devops-results/gh-pages/entando-k8s-controller-coordinator/master/images/logos/maven-feather.png
Publishing https://raw.githubusercontent.com/entando-k8s/devops-results/gh-pages/entando-k8s-controller-coordinator/master/images/newwindow.png
Publishing https://raw.githubusercontent.com/entando-k8s/devops-results/gh-pages/entando-k8s-controller-coordinator/master/images/rss.png
Publishing https://raw.githubusercontent.com/entando-k8s/devops-results/gh-pages/entando-k8s-controller-coordinator/master/index.html
Publishing https://raw.githubusercontent.com/entando-k8s/devops-results/gh-pages/entando-k8s-controller-coordinator/master/issue-management.html
Publishing https://raw.githubusercontent.com/entando-k8s/devops-results/gh-pages/entando-k8s-controller-coordinator/master/jacoco/index.html
Publishing https://raw.githubusercontent.com/entando-k8s/devops-results/gh-pages/entando-k8s-controller-coordinator/master/jacoco/jacoco-resources/branchfc.gif
Publishing https://raw.githubusercontent.com/entando-k8s/devops-results/gh-pages/entando-k8s-controller-coordinator/master/jacoco/jacoco-resources/branchnc.gif
Publishing https://raw.githubusercontent.com/entando-k8s/devops-results/gh-pages/entando-k8s-controller-coordinator/master/jacoco/jacoco-resources/branchpc.gif
Publishing https://raw.githubusercontent.com/entando-k8s/devops-results/gh-pages/entando-k8s-controller-coordinator/master/jacoco/jacoco-resources/bundle.gif
Publishing https://raw.githubusercontent.com/entando-k8s/devops-results/gh-pages/entando-k8s-controller-coordinator/master/jacoco/jacoco-resources/class.gif
Publishing https://raw.githubusercontent.com/entando-k8s/devops-results/gh-pages/entando-k8s-controller-coordinator/master/jacoco/jacoco-resources/down.gif
Publishing https://raw.githubusercontent.com/entando-k8s/devops-results/gh-pages/entando-k8s-controller-coordinator/master/jacoco/jacoco-resources/greenbar.gif
Publishing https://raw.githubusercontent.com/entando-k8s/devops-results/gh-pages/entando-k8s-controller-coordinator/master/jacoco/jacoco-resources/group.gif
Publishing https://raw.githubusercontent.com/entando-k8s/devops-results/gh-pages/entando-k8s-controller-coordinator/master/jacoco/jacoco-resources/method.gif
Publishing https://raw.githubusercontent.com/entando-k8s/devops-results/gh-pages/entando-k8s-controller-coordinator/master/jacoco/jacoco-resources/package.gif
Publishing https://raw.githubusercontent.com/entando-k8s/devops-results/gh-pages/entando-k8s-controller-coordinator/master/jacoco/jacoco-resources/prettify.css
Publishing https://raw.githubusercontent.com/entando-k8s/devops-results/gh-pages/entando-k8s-controller-coordinator/master/jacoco/jacoco-resources/prettify.js
Publishing https://raw.githubusercontent.com/entando-k8s/devops-results/gh-pages/entando-k8s-controller-coordinator/master/jacoco/jacoco-resources/redbar.gif
Publishing https://raw.githubusercontent.com/entando-k8s/devops-results/gh-pages/entando-k8s-controller-coordinator/master/jacoco/jacoco-resources/report.css
Publishing https://raw.githubusercontent.com/entando-k8s/devops-results/gh-pages/entando-k8s-controller-coordinator/master/jacoco/jacoco-resources/report.gif
Publishing https://raw.githubusercontent.com/entando-k8s/devops-results/gh-pages/entando-k8s-controller-coordinator/master/jacoco/jacoco-resources/session.gif
Publishing https://raw.githubusercontent.com/entando-k8s/devops-results/gh-pages/entando-k8s-controller-coordinator/master/jacoco/jacoco-resources/sort.gif
Publishing https://raw.githubusercontent.com/entando-k8s/devops-results/gh-pages/entando-k8s-controller-coordinator/master/jacoco/jacoco-resources/sort.js
Publishing https://raw.githubusercontent.com/entando-k8s/devops-results/gh-pages/entando-k8s-controller-coordinator/master/jacoco/jacoco-resources/source.gif
Publishing https://raw.githubusercontent.com/entando-k8s/devops-results/gh-pages/entando-k8s-controller-coordinator/master/jacoco/jacoco-resources/up.gif
Publishing https://raw.githubusercontent.com/entando-k8s/devops-results/gh-pages/entando-k8s-controller-coordinator/master/jacoco/jacoco-sessions.html
Publishing https://raw.githubusercontent.com/entando-k8s/devops-results/gh-pages/entando-k8s-controller-coordinator/master/jacoco/jacoco.csv
Publishing https://raw.githubusercontent.com/entando-k8s/devops-results/gh-pages/entando-k8s-controller-coordinator/master/jacoco/jacoco.xml
Publishing https://raw.githubusercontent.com/entando-k8s/devops-results/gh-pages/entando-k8s-controller-coordinator/master/jacoco/org.entando.kubernetes.controller.coordinator/EntandoControllerCoordinator.html
Publishing https://raw.githubusercontent.com/entando-k8s/devops-results/gh-pages/entando-k8s-controller-coordinator/master/jacoco/org.entando.kubernetes.controller.coordinator/EntandoControllerCoordinator.java.html
Publishing https://raw.githubusercontent.com/entando-k8s/devops-results/gh-pages/entando-k8s-controller-coordinator/master/jacoco/org.entando.kubernetes.controller.coordinator/EntandoDeploymentPhaseWatcher.html
Publishing https://raw.githubusercontent.com/entando-k8s/devops-results/gh-pages/entando-k8s-controller-coordinator/master/jacoco/org.entando.kubernetes.controller.coordinator/EntandoDeploymentPhaseWatcher.java.html
Publishing https://raw.githubusercontent.com/entando-k8s/devops-results/gh-pages/entando-k8s-controller-coordinator/master/jacoco/org.entando.kubernetes.controller.coordinator/EntandoOperatorMatcher.html
Publishing https://raw.githubusercontent.com/entando-k8s/devops-results/gh-pages/entando-k8s-controller-coordinator/master/jacoco/org.entando.kubernetes.controller.coordinator/EntandoOperatorMatcher.java.html
Publishing https://raw.githubusercontent.com/entando-k8s/devops-results/gh-pages/entando-k8s-controller-coordinator/master/jacoco/org.entando.kubernetes.controller.coordinator/EntandoResourceObserver.html
Publishing https://raw.githubusercontent.com/entando-k8s/devops-results/gh-pages/entando-k8s-controller-coordinator/master/jacoco/org.entando.kubernetes.controller.coordinator/EntandoResourceObserver.java.html
Publishing https://raw.githubusercontent.com/entando-k8s/devops-results/gh-pages/entando-k8s-controller-coordinator/master/jacoco/org.entando.kubernetes.controller.coordinator/index.html
Publishing https://raw.githubusercontent.com/entando-k8s/devops-results/gh-pages/entando-k8s-controller-coordinator/master/jacoco/org.entando.kubernetes.controller.coordinator/index.source.html
Publishing https://raw.githubusercontent.com/entando-k8s/devops-results/gh-pages/entando-k8s-controller-coordinator/master/licenses.html
Publishing https://raw.githubusercontent.com/entando-k8s/devops-results/gh-pages/entando-k8s-controller-coordinator/master/plugins.html
Publishing https://raw.githubusercontent.com/entando-k8s/devops-results/gh-pages/entando-k8s-controller-coordinator/master/project-info.html
Publishing https://raw.githubusercontent.com/entando-k8s/devops-results/gh-pages/entando-k8s-controller-coordinator/master/scm.html
Publishing https://raw.githubusercontent.com/entando-k8s/devops-results/gh-pages/entando-k8s-controller-coordinator/master/summary.html
Publishing https://raw.githubusercontent.com/entando-k8s/devops-results/gh-pages/entando-k8s-controller-coordinator/master/surefire-report.html
stashed: https://raw.githubusercontent.com/entando-k8s/devops-results/gh-pages/entando-k8s-controller-coordinator/master/checkstyle.html
stashed: https://raw.githubusercontent.com/entando-k8s/devops-results/gh-pages/entando-k8s-controller-coordinator/master/checkstyle.rss
stashed: https://raw.githubusercontent.com/entando-k8s/devops-results/gh-pages/entando-k8s-controller-coordinator/master/css/maven-base.css
stashed: https://raw.githubusercontent.com/entando-k8s/devops-results/gh-pages/entando-k8s-controller-coordinator/master/css/maven-theme.css
stashed: https://raw.githubusercontent.com/entando-k8s/devops-results/gh-pages/entando-k8s-controller-coordinator/master/css/print.css
stashed: https://raw.githubusercontent.com/entando-k8s/devops-results/gh-pages/entando-k8s-controller-coordinator/master/css/site.css
stashed: https://raw.githubusercontent.com/entando-k8s/devops-results/gh-pages/entando-k8s-controller-coordinator/master/dependency-info.html
stashed: https://raw.githubusercontent.com/entando-k8s/devops-results/gh-pages/entando-k8s-controller-coordinator/master/images/collapsed.gif
stashed: https://raw.githubusercontent.com/entando-k8s/devops-results/gh-pages/entando-k8s-controller-coordinator/master/images/expanded.gif
stashed: https://raw.githubusercontent.com/entando-k8s/devops-results/gh-pages/entando-k8s-controller-coordinator/master/images/external.png
stashed: https://raw.githubusercontent.com/entando-k8s/devops-results/gh-pages/entando-k8s-controller-coordinator/master/images/icon_error_sml.gif
stashed: https://raw.githubusercontent.com/entando-k8s/devops-results/gh-pages/entando-k8s-controller-coordinator/master/images/icon_info_sml.gif
stashed: https://raw.githubusercontent.com/entando-k8s/devops-results/gh-pages/entando-k8s-controller-coordinator/master/images/icon_success_sml.gif
stashed: https://raw.githubusercontent.com/entando-k8s/devops-results/gh-pages/entando-k8s-controller-coordinator/master/images/icon_warning_sml.gif
stashed: https://raw.githubusercontent.com/entando-k8s/devops-results/gh-pages/entando-k8s-controller-coordinator/master/images/logos/build-by-maven-black.png
stashed: https://raw.githubusercontent.com/entando-k8s/devops-results/gh-pages/entando-k8s-controller-coordinator/master/images/logos/build-by-maven-white.png
stashed: https://raw.githubusercontent.com/entando-k8s/devops-results/gh-pages/entando-k8s-controller-coordinator/master/images/logos/maven-feather.png
stashed: https://raw.githubusercontent.com/entando-k8s/devops-results/gh-pages/entando-k8s-controller-coordinator/master/images/newwindow.png
stashed: https://raw.githubusercontent.com/entando-k8s/devops-results/gh-pages/entando-k8s-controller-coordinator/master/images/rss.png
stashed: https://raw.githubusercontent.com/entando-k8s/devops-results/gh-pages/entando-k8s-controller-coordinator/master/index.html
stashed: https://raw.githubusercontent.com/entando-k8s/devops-results/gh-pages/entando-k8s-controller-coordinator/master/issue-management.html
stashed: https://raw.githubusercontent.com/entando-k8s/devops-results/gh-pages/entando-k8s-controller-coordinator/master/jacoco/index.html
stashed: https://raw.githubusercontent.com/entando-k8s/devops-results/gh-pages/entando-k8s-controller-coordinator/master/jacoco/jacoco-resources/branchfc.gif
stashed: https://raw.githubusercontent.com/entando-k8s/devops-results/gh-pages/entando-k8s-controller-coordinator/master/jacoco/jacoco-resources/branchnc.gif
stashed: https://raw.githubusercontent.com/entando-k8s/devops-results/gh-pages/entando-k8s-controller-coordinator/master/jacoco/jacoco-resources/branchpc.gif
stashed: https://raw.githubusercontent.com/entando-k8s/devops-results/gh-pages/entando-k8s-controller-coordinator/master/jacoco/jacoco-resources/bundle.gif
stashed: https://raw.githubusercontent.com/entando-k8s/devops-results/gh-pages/entando-k8s-controller-coordinator/master/jacoco/jacoco-resources/class.gif
stashed: https://raw.githubusercontent.com/entando-k8s/devops-results/gh-pages/entando-k8s-controller-coordinator/master/jacoco/jacoco-resources/down.gif
stashed: https://raw.githubusercontent.com/entando-k8s/devops-results/gh-pages/entando-k8s-controller-coordinator/master/jacoco/jacoco-resources/greenbar.gif
stashed: https://raw.githubusercontent.com/entando-k8s/devops-results/gh-pages/entando-k8s-controller-coordinator/master/jacoco/jacoco-resources/group.gif
stashed: https://raw.githubusercontent.com/entando-k8s/devops-results/gh-pages/entando-k8s-controller-coordinator/master/jacoco/jacoco-resources/method.gif
stashed: https://raw.githubusercontent.com/entando-k8s/devops-results/gh-pages/entando-k8s-controller-coordinator/master/jacoco/jacoco-resources/package.gif
stashed: https://raw.githubusercontent.com/entando-k8s/devops-results/gh-pages/entando-k8s-controller-coordinator/master/jacoco/jacoco-resources/prettify.css
stashed: https://raw.githubusercontent.com/entando-k8s/devops-results/gh-pages/entando-k8s-controller-coordinator/master/jacoco/jacoco-resources/prettify.js
stashed: https://raw.githubusercontent.com/entando-k8s/devops-results/gh-pages/entando-k8s-controller-coordinator/master/jacoco/jacoco-resources/redbar.gif
stashed: https://raw.githubusercontent.com/entando-k8s/devops-results/gh-pages/entando-k8s-controller-coordinator/master/jacoco/jacoco-resources/report.css
stashed: https://raw.githubusercontent.com/entando-k8s/devops-results/gh-pages/entando-k8s-controller-coordinator/master/jacoco/jacoco-resources/report.gif
stashed: https://raw.githubusercontent.com/entando-k8s/devops-results/gh-pages/entando-k8s-controller-coordinator/master/jacoco/jacoco-resources/session.gif
stashed: https://raw.githubusercontent.com/entando-k8s/devops-results/gh-pages/entando-k8s-controller-coordinator/master/jacoco/jacoco-resources/sort.gif
stashed: https://raw.githubusercontent.com/entando-k8s/devops-results/gh-pages/entando-k8s-controller-coordinator/master/jacoco/jacoco-resources/sort.js
stashed: https://raw.githubusercontent.com/entando-k8s/devops-results/gh-pages/entando-k8s-controller-coordinator/master/jacoco/jacoco-resources/source.gif
stashed: https://raw.githubusercontent.com/entando-k8s/devops-results/gh-pages/entando-k8s-controller-coordinator/master/jacoco/jacoco-resources/up.gif
stashed: https://raw.githubusercontent.com/entando-k8s/devops-results/gh-pages/entando-k8s-controller-coordinator/master/jacoco/jacoco-sessions.html
stashed: https://raw.githubusercontent.com/entando-k8s/devops-results/gh-pages/entando-k8s-controller-coordinator/master/jacoco/jacoco.csv
stashed: https://raw.githubusercontent.com/entando-k8s/devops-results/gh-pages/entando-k8s-controller-coordinator/master/jacoco/jacoco.xml
stashed: https://raw.githubusercontent.com/entando-k8s/devops-results/gh-pages/entando-k8s-controller-coordinator/master/jacoco/org.entando.kubernetes.controller.coordinator/EntandoControllerCoordinator.html
stashed: https://raw.githubusercontent.com/entando-k8s/devops-results/gh-pages/entando-k8s-controller-coordinator/master/jacoco/org.entando.kubernetes.controller.coordinator/EntandoControllerCoordinator.java.html
stashed: https://raw.githubusercontent.com/entando-k8s/devops-results/gh-pages/entando-k8s-controller-coordinator/master/jacoco/org.entando.kubernetes.controller.coordinator/EntandoDeploymentPhaseWatcher.html
stashed: https://raw.githubusercontent.com/entando-k8s/devops-results/gh-pages/entando-k8s-controller-coordinator/master/jacoco/org.entando.kubernetes.controller.coordinator/EntandoDeploymentPhaseWatcher.java.html
stashed: https://raw.githubusercontent.com/entando-k8s/devops-results/gh-pages/entando-k8s-controller-coordinator/master/jacoco/org.entando.kubernetes.controller.coordinator/EntandoOperatorMatcher.html
stashed: https://raw.githubusercontent.com/entando-k8s/devops-results/gh-pages/entando-k8s-controller-coordinator/master/jacoco/org.entando.kubernetes.controller.coordinator/EntandoOperatorMatcher.java.html
stashed: https://raw.githubusercontent.com/entando-k8s/devops-results/gh-pages/entando-k8s-controller-coordinator/master/jacoco/org.entando.kubernetes.controller.coordinator/EntandoResourceObserver.html
stashed: https://raw.githubusercontent.com/entando-k8s/devops-results/gh-pages/entando-k8s-controller-coordinator/master/jacoco/org.entando.kubernetes.controller.coordinator/EntandoResourceObserver.java.html
stashed: https://raw.githubusercontent.com/entando-k8s/devops-results/gh-pages/entando-k8s-controller-coordinator/master/jacoco/org.entando.kubernetes.controller.coordinator/index.html
stashed: https://raw.githubusercontent.com/entando-k8s/devops-results/gh-pages/entando-k8s-controller-coordinator/master/jacoco/org.entando.kubernetes.controller.coordinator/index.source.html
stashed: https://raw.githubusercontent.com/entando-k8s/devops-results/gh-pages/entando-k8s-controller-coordinator/master/licenses.html
stashed: https://raw.githubusercontent.com/entando-k8s/devops-results/gh-pages/entando-k8s-controller-coordinator/master/plugins.html
stashed: https://raw.githubusercontent.com/entando-k8s/devops-results/gh-pages/entando-k8s-controller-coordinator/master/project-info.html
stashed: https://raw.githubusercontent.com/entando-k8s/devops-results/gh-pages/entando-k8s-controller-coordinator/master/scm.html
stashed: https://raw.githubusercontent.com/entando-k8s/devops-results/gh-pages/entando-k8s-controller-coordinator/master/summary.html
stashed: https://raw.githubusercontent.com/entando-k8s/devops-results/gh-pages/entando-k8s-controller-coordinator/master/surefire-report.html
Congratulations! No build failures found for entando-k8s-controller-coordinator-master.

Showing logs for build [32mentando-k8s-entando-k8s-control-jp7m9-80[0m stage [32mfrom-build-pack[0m and container [32mstep-build-container-build[0m
Generating tags...
 - entando/entando-k8s-controller-coordinator -> docker.io/entando/entando-k8s-controller-coordinator:6.2.24
Checking cache...
 - entando/entando-k8s-controller-coordinator: Not found. Building
Building [entando/entando-k8s-controller-coordinator]...
Sending build context to Docker daemon  552.4kBSending build context to Docker daemon  5.487MBSending build context to Docker daemon  9.914MBSending build context to Docker daemon  17.11MBSending build context to Docker daemon  22.12MBSending build context to Docker daemon  27.62MBSending build context to Docker daemon  33.14MBSending build context to Docker daemon  35.87MBSending build context to Docker daemon  39.12MBSending build context to Docker daemon  39.21MB
Step 1/6 : FROM fabric8/java-alpine-openjdk8-jre
 ---> 6383f0513235
Step 2/6 : ENV JAVA_OPTIONS "-Dquarkus.http.host=0.0.0.0 -Djava.util.logging.manager=org.jboss.logmanager.LogManager"
 ---> Using cache
 ---> 781f0699f0f0
Step 3/6 : ENV AB_ENABLED jmx_exporter
 ---> Using cache
 ---> 3d03a75b86f8
Step 4/6 : COPY target/lib/* /deployments/lib/
 ---> Using cache
 ---> 403571009696
Step 5/6 : COPY target/*-runner.jar /deployments/app.jar
 ---> c50efae0bbc7
Step 6/6 : ENTRYPOINT /deployments/run-java.sh
 ---> Running in e5393ee683f3
 ---> ca74922a8c19
Successfully built ca74922a8c19
The push refers to a repository [docker.io/entando/entando-k8s-controller-coordinator]
786d5a574e90: Preparing
ead0e0f326d2: Preparing
a37d6baa8a5e: Preparing
4246c252be29: Preparing
bbc6d89e45a1: Preparing
6a8968c88953: Preparing
c11f0dd7f64f: Preparing
081a861c7ecd: Preparing
df5b415aa3df: Preparing
77cae8ab23bf: Preparing
6a8968c88953: Waiting
c11f0dd7f64f: Waiting
081a861c7ecd: Waiting
df5b415aa3df: Waiting
a37d6baa8a5e: Layer already exists
bbc6d89e45a1: Layer already exists
ead0e0f326d2: Layer already exists
4246c252be29: Layer already exists
6a8968c88953: Layer already exists
c11f0dd7f64f: Layer already exists
df5b415aa3df: Layer already exists
081a861c7ecd: Layer already exists
77cae8ab23bf: Layer already exists
786d5a574e90: Pushed
6.2.24: digest: sha256:e58f8a30bd006a947214043a3b7a0f4ba449482810b4e680404b85d19a6dc2a9 size: 2410
There is a new version (1.17.2) of Skaffold available. Download it at https://storage.googleapis.com/skaffold/releases/latest/skaffold-linux-amd64


Showing logs for build [32mentando-k8s-entando-k8s-control-jp7m9-80[0m stage [32mfrom-build-pack[0m and container [32mstep-postbuild-post-build[0m
no CVE provider running in the current ** namespace so skip adding image to be analysed

Showing logs for build [32mentando-k8s-entando-k8s-control-jp7m9-80[0m stage [32mfrom-build-pack[0m and container [32mstep-promote-changelog[0m
Creating /builder/home/.helm 
Creating /builder/home/.helm/repository 
Creating /builder/home/.helm/repository/cache 
Creating /builder/home/.helm/repository/local 
Creating /builder/home/.helm/plugins 
Creating /builder/home/.helm/starters 
Creating /builder/home/.helm/cache/archive 
Creating /builder/home/.helm/repository/repositories.yaml 
Adding stable repo with URL: https://charts.helm.sh/stable 
Adding local repo with URL: http://127.0.0.1:8879/charts 
$HELM_HOME has been configured at /builder/home/.helm.
Not installing Tiller due to 'client-only' flag having been set
Converted /workspace/source/charts/entando-k8s-controller-coordinator to an unshallow repository
Generating change log from git ref 8c6874c49872bbe5216b0343c1c0b0ae0d6ff7aa => ded397588b0a38adb5f4501276f537f414144627
WARNING: No release found for entando-k8s/entando-k8s-controller-coordinator and tag v6.2.24 so creating a new release
Updated the release information at https://github.com/entando-k8s/entando-k8s-controller-coordinator/releases/tag/v6.2.24
Created Release entando-k8s-controller-coordinator-6-2-24 resource in namespace **
Updating PipelineActivity entando-k8s-entando-k8s-controller-coordinator-master-80 with version 6.2.24
Updated PipelineActivities entando-k8s-entando-k8s-controller-coordinator-master-80 with release notes URL: https://github.com/entando-k8s/entando-k8s-controller-coordinator/releases/tag/v6.2.24

Showing logs for build [32mentando-k8s-entando-k8s-control-jp7m9-80[0m stage [32mfrom-build-pack[0m and container [32mstep-promote-helm-release[0m
WARNING: No $CHART_REPOSITORY defined so using the default value of: http://jenkins-x-chartmuseum:8080
Adding missing Helm repo: storage.googleapis.com https://storage.googleapis.com/chartmuseum.jenkins-x.io
Successfully added Helm repository storage.googleapis.com.
Adding missing Helm repo: jenkins-x-chartmuseum http://jenkins-x-chartmuseum:8080
Successfully added Helm repository jenkins-x-chartmuseum.
WARNING: No $CHART_REPOSITORY defined so using the default value of: http://jenkins-x-chartmuseum:8080
Uploading chart file entando-k8s-controller-coordinator-6.2.24.tgz to http://jenkins-x-chartmuseum:8080/api/charts
Received 201 response: {"saved":****}

Showing logs for build [32mentando-k8s-entando-k8s-control-jp7m9-80[0m stage [32mfrom-build-pack[0m and container [32mstep-promote-jx-promote[0m
WARNING: prow based install so skip waiting for the merge of Pull Requests to go green as currently there is an issue with gettingstatuses from the PR, see https://github.com/jenkins-x/**/issues/2410
WARNING: No $CHART_REPOSITORY defined so using the default value of: http://jenkins-x-chartmuseum:8080
Promoting app entando-k8s-controller-coordinator version 6.2.24 to namespace **-staging
Created Pull Request: https://github.com/entando-k8s/environment-**********-staging/pull/133
Added label updatebot to Pull Request https://github.com/entando-k8s/environment-entando-**-staging/pull/133
got git provider status pending from PR https://github.com/entando-k8s/environment-**********-staging/pull/133
got git provider status pending from PR https://github.com/entando-k8s/environment-**********-staging/pull/133
got git provider status pending from PR https://github.com/entando-k8s/environment-**********-staging/pull/133
got git provider status pending from PR https://github.com/entando-k8s/environment-**********-staging/pull/133
got git provider status pending from PR https://github.com/entando-k8s/environment-**********-staging/pull/133
got git provider status pending from PR https://github.com/entando-k8s/environment-**********-staging/pull/133
got git provider status pending from PR https://github.com/entando-k8s/environment-**********-staging/pull/133
got git provider status pending from PR https://github.com/entando-k8s/environment-**********-staging/pull/133
got git provider status pending from PR https://github.com/entando-k8s/environment-**********-staging/pull/133
got git provider status pending from PR https://github.com/entando-k8s/environment-**********-staging/pull/133
got git provider status pending from PR https://github.com/entando-k8s/environment-**********-staging/pull/133
got git provider status pending from PR https://github.com/entando-k8s/environment-**********-staging/pull/133
got git provider status pending from PR https://github.com/entando-k8s/environment-**********-staging/pull/133

Showing logs for build [32mentando-k8s-entando-k8s-control-jp7m9-80[0m stage [32mfrom-build-pack[0m and container [32mstep-promote-update-image-map[0m
Publishing image info for entando-k8s-controller-coordinator
configmap/entando-docker-image-info-v6.1 patched
